Wed Feb 21 12:15:36 UTC 2024 - Executing "{openroad -exit -no_init -python /openlane/scripts/odbpy/lefutil.py get_metal_layers -o /openlane/designs/ram/runs/first_turn/tmp/layers.list /home/arham/.volare/sky130A/libs.ref/sky130_fd_sc_hd/techlef/sky130_fd_sc_hd__nom.tlef}"

Wed Feb 21 12:15:37 UTC 2024 - Executing "{/openlane/scripts/mergeLef.py -o /openlane/designs/ram/runs/first_turn/tmp/merged.nom.lef -i /home/arham/.volare/sky130A/libs.ref/sky130_fd_sc_hd/techlef/sky130_fd_sc_hd__nom.tlef {/home/arham/.volare/sky130A/libs.ref/sky130_fd_sc_hd/lef/sky130_ef_sc_hd.lef /home/arham/.volare/sky130A/libs.ref/sky130_fd_sc_hd/lef/sky130_fd_sc_hd.lef} |& tee /dev/null}"

Wed Feb 21 12:15:37 UTC 2024 - Executing "{/openlane/scripts/mergeLef.py -o /openlane/designs/ram/runs/first_turn/tmp/merged.min.lef -i /home/arham/.volare/sky130A/libs.ref/sky130_fd_sc_hd/techlef/sky130_fd_sc_hd__min.tlef {/home/arham/.volare/sky130A/libs.ref/sky130_fd_sc_hd/lef/sky130_ef_sc_hd.lef /home/arham/.volare/sky130A/libs.ref/sky130_fd_sc_hd/lef/sky130_fd_sc_hd.lef} |& tee /dev/null}"

Wed Feb 21 12:15:37 UTC 2024 - Executing "{/openlane/scripts/mergeLef.py -o /openlane/designs/ram/runs/first_turn/tmp/merged.max.lef -i /home/arham/.volare/sky130A/libs.ref/sky130_fd_sc_hd/techlef/sky130_fd_sc_hd__max.tlef {/home/arham/.volare/sky130A/libs.ref/sky130_fd_sc_hd/lef/sky130_ef_sc_hd.lef /home/arham/.volare/sky130A/libs.ref/sky130_fd_sc_hd/lef/sky130_fd_sc_hd.lef} |& tee /dev/null}"

Wed Feb 21 12:15:37 UTC 2024 - Executing "{python3 /openlane/scripts/mergeLib.py --output /openlane/designs/ram/runs/first_turn/tmp/synthesis/merged.lib --name sky130A_merged /home/arham/.volare/sky130A/libs.ref/sky130_fd_sc_hd/lib/sky130_fd_sc_hd__tt_025C_1v80.lib}"

Wed Feb 21 12:15:37 UTC 2024 - Executing "{python3 /openlane/scripts/libtrim.py --cell-file /openlane/designs/ram/runs/first_turn/tmp/synthesis/trimmed.lib.exclude.list --output /openlane/designs/ram/runs/first_turn/tmp/synthesis/trimmed.lib /openlane/designs/ram/runs/first_turn/tmp/synthesis/merged.lib}"

Wed Feb 21 12:15:38 UTC 2024 - Executing "{python3 /openlane/scripts/libtrim.py --cell-file /openlane/designs/ram/runs/first_turn/tmp/cts/cts.lib.exclude.list --output /openlane/designs/ram/runs/first_turn/tmp/cts/cts.lib /home/arham/.volare/sky130A/libs.ref/sky130_fd_sc_hd/lib/sky130_fd_sc_hd__tt_025C_1v80.lib}"

Wed Feb 21 12:15:38 UTC 2024 - Executing "{python3 /openlane/scripts/libtrim.py --cell-file /openlane/designs/ram/runs/first_turn/tmp/cts/cts-fastest.lib.exclude.list --output /openlane/designs/ram/runs/first_turn/tmp/cts/cts-fastest.lib /home/arham/.volare/sky130A/libs.ref/sky130_fd_sc_hd/lib/sky130_fd_sc_hd__ff_n40C_1v95.lib}"

Wed Feb 21 12:15:39 UTC 2024 - Executing "{python3 /openlane/scripts/libtrim.py --cell-file /openlane/designs/ram/runs/first_turn/tmp/cts/cts-slowest.lib.exclude.list --output /openlane/designs/ram/runs/first_turn/tmp/cts/cts-slowest.lib /home/arham/.volare/sky130A/libs.ref/sky130_fd_sc_hd/lib/sky130_fd_sc_hd__ss_100C_1v60.lib}"

Wed Feb 21 12:15:39 UTC 2024 - Executing "{python3 /openlane/scripts/new_tracks.py -i /home/arham/.volare/sky130A/libs.tech/openlane/sky130_fd_sc_hd/tracks.info -o /openlane/designs/ram/runs/first_turn/tmp/routing/config.tracks}"

Wed Feb 21 12:15:39 UTC 2024 - Executing "{echo {OpenLane 9dbd8b5ea2bd891bed4dcc97df5c7439083f0368} > /openlane/designs/ram/runs/first_turn/OPENLANE_VERSION}"

Wed Feb 21 12:15:40 UTC 2024 - Executing "{yosys -c /openlane/scripts/yosys/blackbox.tcl}"

Wed Feb 21 12:15:40 UTC 2024 - Executing "{verilator -Wall --lint-only --Wno-DECLFILENAME --top-module dff_ram_8x72 /openlane/designs/ram/runs/first_turn/tmp/synthesis/blackbox/sky130_fd_sc_hd__blackbox.v /openlane/designs/ram/src/dff_ram.v /openlane/designs/ram/src/dff_ram8x72.v -Wno-fatal --relative-includes |& tee /openlane/designs/ram/runs/first_turn/logs/synthesis/linter.log /dev/null}"

Wed Feb 21 12:15:42 UTC 2024 - Executing "{sed -E {s/^([[:space:]]+)pg_pin(.*)/\1pin\2\n\1    direction : "inout";/g} /home/arham/.volare/sky130A/libs.ref/sky130_fd_sc_hd/lib/sky130_fd_sc_hd__tt_025C_1v80.lib > /openlane/designs/ram/runs/first_turn/tmp/synthesis/1-sky130_fd_sc_hd__tt_025C_1v80.no_pg.lib}"

Wed Feb 21 12:15:42 UTC 2024 - Executing "{sed -E {s/^([[:space:]]+)pg_pin(.*)/\1pin\2\n\1    direction : "inout";/g} /openlane/designs/ram/runs/first_turn/tmp/synthesis/trimmed.lib > /openlane/designs/ram/runs/first_turn/tmp/synthesis/1-trimmed.no_pg.lib}"

Wed Feb 21 12:15:43 UTC 2024 - Executing "yosys -c /openlane/scripts/yosys/synth.tcl |& tee /dev/null /openlane/designs/ram/runs/first_turn/logs/synthesis/1-synthesis.log"

Wed Feb 21 12:15:43 UTC 2024 - Executing "{yosys -c /openlane/scripts/yosys/synth.tcl |& tee /dev/null /openlane/designs/ram/runs/first_turn/logs/synthesis/1-synthesis.log}"

Wed Feb 21 12:15:47 UTC 2024 - Executing "{sed -i.bak -e {s/\(set ::env(CURRENT_NETLIST)\).*/\1 \/openlane\/designs\/ram\/runs\/first_turn\/results\/synthesis\/dff_ram_8x72.v/} /openlane/designs/ram/runs/first_turn/config.tcl}"

Wed Feb 21 12:15:47 UTC 2024 - Executing "{sed -i.bak /defparam/d /openlane/designs/ram/runs/first_turn/results/synthesis/dff_ram_8x72.v}"

Wed Feb 21 12:15:47 UTC 2024 - Executing "sta -exit -no_init /openlane/scripts/openroad/sta/multi_corner.tcl |& tee /dev/null /openlane/designs/ram/runs/first_turn/logs/synthesis/2-sta.log"

Wed Feb 21 12:15:47 UTC 2024 - Executing "{sta -exit -no_init /openlane/scripts/openroad/sta/multi_corner.tcl |& tee /dev/null /openlane/designs/ram/runs/first_turn/logs/synthesis/2-sta.log}"

Wed Feb 21 12:15:49 UTC 2024 - Executing "openroad -exit /openlane/scripts/openroad/floorplan.tcl |& tee /dev/null /openlane/designs/ram/runs/first_turn/logs/floorplan/3-initial_fp.log"

Wed Feb 21 12:15:49 UTC 2024 - Executing "{openroad -exit /openlane/scripts/openroad/floorplan.tcl |& tee /dev/null /openlane/designs/ram/runs/first_turn/logs/floorplan/3-initial_fp.log}"

Wed Feb 21 12:15:50 UTC 2024 - Executing "{openroad -exit -no_init -python /openlane/scripts/odbpy/defutil.py extract_core_dims --output-data /openlane/designs/ram/runs/first_turn/tmp/dimensions.txt --input-lef /openlane/designs/ram/runs/first_turn/tmp/merged.nom.lef /openlane/designs/ram/runs/first_turn/tmp/floorplan/3-initial_fp.def}"

Wed Feb 21 12:15:50 UTC 2024 - Executing "openroad -exit /openlane/scripts/openroad/ioplacer.tcl |& tee /dev/null /openlane/designs/ram/runs/first_turn/logs/floorplan/4-io.log"

Wed Feb 21 12:15:50 UTC 2024 - Executing "{openroad -exit /openlane/scripts/openroad/ioplacer.tcl |& tee /dev/null /openlane/designs/ram/runs/first_turn/logs/floorplan/4-io.log}"

Wed Feb 21 12:15:51 UTC 2024 - Executing "openroad -exit /openlane/scripts/openroad/tapcell.tcl |& tee /dev/null /openlane/designs/ram/runs/first_turn/logs/floorplan/5-tap.log"

Wed Feb 21 12:15:51 UTC 2024 - Executing "{openroad -exit /openlane/scripts/openroad/tapcell.tcl |& tee /dev/null /openlane/designs/ram/runs/first_turn/logs/floorplan/5-tap.log}"

Wed Feb 21 12:15:51 UTC 2024 - Executing "openroad -exit /openlane/scripts/openroad/pdn.tcl |& tee /dev/null /openlane/designs/ram/runs/first_turn/logs/floorplan/6-pdn.log"

Wed Feb 21 12:15:51 UTC 2024 - Executing "{openroad -exit /openlane/scripts/openroad/pdn.tcl |& tee /dev/null /openlane/designs/ram/runs/first_turn/logs/floorplan/6-pdn.log}"

Wed Feb 21 12:15:52 UTC 2024 - Executing "openroad -exit /openlane/scripts/openroad/gpl.tcl |& tee /dev/null /openlane/designs/ram/runs/first_turn/logs/placement/6-global_skip_io.log"

Wed Feb 21 12:15:52 UTC 2024 - Executing "{openroad -exit /openlane/scripts/openroad/gpl.tcl |& tee /dev/null /openlane/designs/ram/runs/first_turn/logs/placement/6-global_skip_io.log}"

Wed Feb 21 12:15:54 UTC 2024 - Executing "{sed -i.bak -e {s/\(set ::env(CURRENT_NETLIST)\).*/\1 \/openlane\/designs\/ram\/runs\/first_turn\/tmp\/placement\/7-global_skip_io.nl.v/} /openlane/designs/ram/runs/first_turn/config.tcl}"

Wed Feb 21 12:15:54 UTC 2024 - Executing "openroad -exit /openlane/scripts/openroad/sta/multi_corner.tcl |& tee /dev/null /openlane/designs/ram/runs/first_turn/logs/placement/8-gpl_sta.log"

Wed Feb 21 12:15:54 UTC 2024 - Executing "{openroad -exit /openlane/scripts/openroad/sta/multi_corner.tcl |& tee /dev/null /openlane/designs/ram/runs/first_turn/logs/placement/8-gpl_sta.log}"

Wed Feb 21 12:15:55 UTC 2024 - Executing "openroad -exit /openlane/scripts/openroad/ioplacer.tcl |& tee /dev/null /openlane/designs/ram/runs/first_turn/logs/placement/9-io.log"

Wed Feb 21 12:15:55 UTC 2024 - Executing "{openroad -exit /openlane/scripts/openroad/ioplacer.tcl |& tee /dev/null /openlane/designs/ram/runs/first_turn/logs/placement/9-io.log}"

Wed Feb 21 12:15:56 UTC 2024 - Executing "openroad -exit /openlane/scripts/openroad/gpl.tcl |& tee /dev/null /openlane/designs/ram/runs/first_turn/logs/placement/9-global.log"

Wed Feb 21 12:15:56 UTC 2024 - Executing "{openroad -exit /openlane/scripts/openroad/gpl.tcl |& tee /dev/null /openlane/designs/ram/runs/first_turn/logs/placement/9-global.log}"

Wed Feb 21 12:15:57 UTC 2024 - Executing "{sed -i.bak -e {s/\(set ::env(CURRENT_NETLIST)\).*/\1 \/openlane\/designs\/ram\/runs\/first_turn\/tmp\/placement\/10-global.nl.v/} /openlane/designs/ram/runs/first_turn/config.tcl}"

Wed Feb 21 12:15:57 UTC 2024 - Executing "openroad -exit /openlane/scripts/openroad/sta/multi_corner.tcl |& tee /dev/null /openlane/designs/ram/runs/first_turn/logs/placement/11-gpl_sta.log"

Wed Feb 21 12:15:57 UTC 2024 - Executing "{openroad -exit /openlane/scripts/openroad/sta/multi_corner.tcl |& tee /dev/null /openlane/designs/ram/runs/first_turn/logs/placement/11-gpl_sta.log}"

Wed Feb 21 12:15:59 UTC 2024 - Executing "openroad -exit /openlane/scripts/openroad/resizer.tcl |& tee /dev/null /openlane/designs/ram/runs/first_turn/logs/placement/12-resizer.log"

Wed Feb 21 12:15:59 UTC 2024 - Executing "{openroad -exit /openlane/scripts/openroad/resizer.tcl |& tee /dev/null /openlane/designs/ram/runs/first_turn/logs/placement/12-resizer.log}"

Wed Feb 21 12:16:03 UTC 2024 - Executing "{sed -i.bak -e {s/\(set ::env(CURRENT_NETLIST)\).*/\1 \/openlane\/designs\/ram\/runs\/first_turn\/tmp\/placement\/12-resizer.nl.v/} /openlane/designs/ram/runs/first_turn/config.tcl}"

Wed Feb 21 12:16:03 UTC 2024 - Executing "openroad -exit /openlane/scripts/openroad/dpl.tcl |& tee /dev/null /openlane/designs/ram/runs/first_turn/logs/placement/13-detailed.log"

Wed Feb 21 12:16:03 UTC 2024 - Executing "{openroad -exit /openlane/scripts/openroad/dpl.tcl |& tee /dev/null /openlane/designs/ram/runs/first_turn/logs/placement/13-detailed.log}"

Wed Feb 21 12:16:03 UTC 2024 - Executing "{sed -i.bak -e {s/\(set ::env(CURRENT_NETLIST)\).*/\1 \/openlane\/designs\/ram\/runs\/first_turn\/results\/placement\/dff_ram_8x72.nl.v/} /openlane/designs/ram/runs/first_turn/config.tcl}"

Wed Feb 21 12:16:04 UTC 2024 - Executing "openroad -exit /openlane/scripts/openroad/sta/multi_corner.tcl |& tee /dev/null /openlane/designs/ram/runs/first_turn/logs/placement/14-dpl_sta.log"

Wed Feb 21 12:16:04 UTC 2024 - Executing "{openroad -exit /openlane/scripts/openroad/sta/multi_corner.tcl |& tee /dev/null /openlane/designs/ram/runs/first_turn/logs/placement/14-dpl_sta.log}"

Wed Feb 21 12:16:05 UTC 2024 - Executing "openroad -exit /openlane/scripts/openroad/cts.tcl |& tee /dev/null /openlane/designs/ram/runs/first_turn/logs/cts/15-cts.log"

Wed Feb 21 12:16:05 UTC 2024 - Executing "{openroad -exit /openlane/scripts/openroad/cts.tcl |& tee /dev/null /openlane/designs/ram/runs/first_turn/logs/cts/15-cts.log}"

Wed Feb 21 12:16:15 UTC 2024 - Executing "openroad -exit /openlane/scripts/openroad/sta/multi_corner.tcl |& tee /dev/null /openlane/designs/ram/runs/first_turn/logs/cts/16-cts_sta.log"

Wed Feb 21 12:16:15 UTC 2024 - Executing "{openroad -exit /openlane/scripts/openroad/sta/multi_corner.tcl |& tee /dev/null /openlane/designs/ram/runs/first_turn/logs/cts/16-cts_sta.log}"

Wed Feb 21 12:16:17 UTC 2024 - Executing "openroad -exit /openlane/scripts/openroad/resizer_timing.tcl |& tee /dev/null /openlane/designs/ram/runs/first_turn/logs/cts/17-resizer.log"

Wed Feb 21 12:16:17 UTC 2024 - Executing "{openroad -exit /openlane/scripts/openroad/resizer_timing.tcl |& tee /dev/null /openlane/designs/ram/runs/first_turn/logs/cts/17-resizer.log}"

Wed Feb 21 12:16:21 UTC 2024 - Executing "{sed -i.bak -e {s/\(set ::env(CURRENT_NETLIST)\).*/\1 \/openlane\/designs\/ram\/runs\/first_turn\/tmp\/cts\/17-dff_ram_8x72.resized.nl.v/} /openlane/designs/ram/runs/first_turn/config.tcl}"

Wed Feb 21 12:16:21 UTC 2024 - Executing "openroad -exit /openlane/scripts/openroad/resizer_routing_design.tcl |& tee /dev/null /openlane/designs/ram/runs/first_turn/logs/routing/18-resizer_design.log"

Wed Feb 21 12:16:21 UTC 2024 - Executing "{openroad -exit /openlane/scripts/openroad/resizer_routing_design.tcl |& tee /dev/null /openlane/designs/ram/runs/first_turn/logs/routing/18-resizer_design.log}"

Wed Feb 21 12:16:25 UTC 2024 - Executing "{sed -i.bak -e {s/\(set ::env(CURRENT_NETLIST)\).*/\1 \/openlane\/designs\/ram\/runs\/first_turn\/tmp\/18-dff_ram_8x72.nl.v/} /openlane/designs/ram/runs/first_turn/config.tcl}"

Wed Feb 21 12:16:25 UTC 2024 - Executing "openroad -exit /openlane/scripts/openroad/sta/multi_corner.tcl |& tee /dev/null /openlane/designs/ram/runs/first_turn/logs/routing/19-rsz_design_sta.log"

Wed Feb 21 12:16:25 UTC 2024 - Executing "{openroad -exit /openlane/scripts/openroad/sta/multi_corner.tcl |& tee /dev/null /openlane/designs/ram/runs/first_turn/logs/routing/19-rsz_design_sta.log}"

Wed Feb 21 12:16:27 UTC 2024 - Executing "openroad -exit /openlane/scripts/openroad/resizer_routing_timing.tcl |& tee /dev/null /openlane/designs/ram/runs/first_turn/logs/routing/20-resizer_timing.log"

Wed Feb 21 12:16:27 UTC 2024 - Executing "{openroad -exit /openlane/scripts/openroad/resizer_routing_timing.tcl |& tee /dev/null /openlane/designs/ram/runs/first_turn/logs/routing/20-resizer_timing.log}"

Wed Feb 21 12:16:31 UTC 2024 - Executing "{sed -i.bak -e {s/\(set ::env(CURRENT_NETLIST)\).*/\1 \/openlane\/designs\/ram\/runs\/first_turn\/tmp\/20-dff_ram_8x72.nl.v/} /openlane/designs/ram/runs/first_turn/config.tcl}"

Wed Feb 21 12:16:31 UTC 2024 - Executing "openroad -exit /openlane/scripts/openroad/sta/multi_corner.tcl |& tee /dev/null /openlane/designs/ram/runs/first_turn/logs/routing/21-rsz_timing_sta.log"

Wed Feb 21 12:16:31 UTC 2024 - Executing "{openroad -exit /openlane/scripts/openroad/sta/multi_corner.tcl |& tee /dev/null /openlane/designs/ram/runs/first_turn/logs/routing/21-rsz_timing_sta.log}"

Wed Feb 21 12:16:33 UTC 2024 - Executing "openroad -exit /openlane/scripts/openroad/repair_antennas.tcl |& tee /dev/null /openlane/designs/ram/runs/first_turn/logs/routing/22-global.log"

Wed Feb 21 12:16:33 UTC 2024 - Executing "{openroad -exit /openlane/scripts/openroad/repair_antennas.tcl |& tee /dev/null /openlane/designs/ram/runs/first_turn/logs/routing/22-global.log}"

Wed Feb 21 12:16:35 UTC 2024 - Executing "openroad -exit /openlane/scripts/openroad/write_views.tcl |& tee /dev/null /openlane/designs/ram/runs/first_turn/logs/routing/22-global_write_netlist.log"

Wed Feb 21 12:16:35 UTC 2024 - Executing "{openroad -exit /openlane/scripts/openroad/write_views.tcl |& tee /dev/null /openlane/designs/ram/runs/first_turn/logs/routing/22-global_write_netlist.log}"

Wed Feb 21 12:16:35 UTC 2024 - Executing "{sed -i.bak -e {s/\(set ::env(CURRENT_NETLIST)\).*/\1 \/openlane\/designs\/ram\/runs\/first_turn\/tmp\/routing\/global.nl.v/} /openlane/designs/ram/runs/first_turn/config.tcl}"

Wed Feb 21 12:16:36 UTC 2024 - Executing "openroad -exit /openlane/scripts/openroad/sta/multi_corner.tcl |& tee /dev/null /openlane/designs/ram/runs/first_turn/logs/routing/24-grt_sta.log"

Wed Feb 21 12:16:36 UTC 2024 - Executing "{openroad -exit /openlane/scripts/openroad/sta/multi_corner.tcl |& tee /dev/null /openlane/designs/ram/runs/first_turn/logs/routing/24-grt_sta.log}"

Wed Feb 21 12:16:37 UTC 2024 - Executing "openroad -exit /openlane/scripts/openroad/fill.tcl |& tee /dev/null /openlane/designs/ram/runs/first_turn/logs/routing/25-fill.log"

Wed Feb 21 12:16:37 UTC 2024 - Executing "{openroad -exit /openlane/scripts/openroad/fill.tcl |& tee /dev/null /openlane/designs/ram/runs/first_turn/logs/routing/25-fill.log}"

Wed Feb 21 12:16:38 UTC 2024 - Executing "{sed -i.bak -e {s/\(set ::env(CURRENT_NETLIST)\).*/\1 \/openlane\/designs\/ram\/runs\/first_turn\/tmp\/routing\/25-fill.nl.v/} /openlane/designs/ram/runs/first_turn/config.tcl}"

Wed Feb 21 12:16:38 UTC 2024 - Executing "openroad -exit -metrics /openlane/designs/ram/runs/first_turn/reports/routing/26-drt_metrics.json /openlane/scripts/openroad/droute.tcl |& tee /dev/null /openlane/designs/ram/runs/first_turn/logs/routing/26-detailed.log"

Wed Feb 21 12:16:38 UTC 2024 - Executing "{openroad -exit -metrics /openlane/designs/ram/runs/first_turn/reports/routing/26-drt_metrics.json /openlane/scripts/openroad/droute.tcl |& tee /dev/null /openlane/designs/ram/runs/first_turn/logs/routing/26-detailed.log}"

Wed Feb 21 12:19:02 UTC 2024 - Executing "{sed -i.bak -e {s/\(set ::env(CURRENT_NETLIST)\).*/\1 \/openlane\/designs\/ram\/runs\/first_turn\/results\/routing\/dff_ram_8x72.nl.v/} /openlane/designs/ram/runs/first_turn/config.tcl}"

Wed Feb 21 12:19:02 UTC 2024 - Executing "{python3 /openlane/scripts/drc_rosetta.py tr to_klayout -o /openlane/designs/ram/runs/first_turn/reports/routing/drt.klayout.xml --design-name dff_ram_8x72 /openlane/designs/ram/runs/first_turn/reports/routing/drt.drc}"

Wed Feb 21 12:19:02 UTC 2024 - Executing "{openroad -exit -no_init -python /openlane/scripts/odbpy/wire_lengths.py --report-out /openlane/designs/ram/runs/first_turn/reports/routing/27-wire_lengths.csv --input-lef /openlane/designs/ram/runs/first_turn/tmp/merged.nom.lef --output-def /dev/null --output /openlane/designs/ram/runs/first_turn/results/routing/dff_ram_8x72.odb /openlane/designs/ram/runs/first_turn/results/routing/dff_ram_8x72.odb |& tee /dev/null /openlane/designs/ram/runs/first_turn/logs/routing/27-wire_lengths.log}"

Wed Feb 21 12:19:03 UTC 2024 - Executing "openroad -exit /openlane/scripts/openroad/rcx.tcl |& tee /dev/null /openlane/designs/ram/runs/first_turn/logs/signoff/28-parasitics_extraction.min.log"

Wed Feb 21 12:19:03 UTC 2024 - Executing "{openroad -exit /openlane/scripts/openroad/rcx.tcl |& tee /dev/null /openlane/designs/ram/runs/first_turn/logs/signoff/28-parasitics_extraction.min.log}"

Wed Feb 21 12:19:05 UTC 2024 - Executing "sta -exit -no_init /openlane/scripts/openroad/sta/multi_corner.tcl |& tee /dev/null /openlane/designs/ram/runs/first_turn/logs/signoff/29-rcx_mcsta.min.log"

Wed Feb 21 12:19:05 UTC 2024 - Executing "{sta -exit -no_init /openlane/scripts/openroad/sta/multi_corner.tcl |& tee /dev/null /openlane/designs/ram/runs/first_turn/logs/signoff/29-rcx_mcsta.min.log}"

Wed Feb 21 12:19:14 UTC 2024 - Executing "openroad -exit /openlane/scripts/openroad/rcx.tcl |& tee /dev/null /openlane/designs/ram/runs/first_turn/logs/signoff/30-parasitics_extraction.max.log"

Wed Feb 21 12:19:14 UTC 2024 - Executing "{openroad -exit /openlane/scripts/openroad/rcx.tcl |& tee /dev/null /openlane/designs/ram/runs/first_turn/logs/signoff/30-parasitics_extraction.max.log}"

Wed Feb 21 12:19:16 UTC 2024 - Executing "sta -exit -no_init /openlane/scripts/openroad/sta/multi_corner.tcl |& tee /dev/null /openlane/designs/ram/runs/first_turn/logs/signoff/31-rcx_mcsta.max.log"

Wed Feb 21 12:19:16 UTC 2024 - Executing "{sta -exit -no_init /openlane/scripts/openroad/sta/multi_corner.tcl |& tee /dev/null /openlane/designs/ram/runs/first_turn/logs/signoff/31-rcx_mcsta.max.log}"

Wed Feb 21 12:19:26 UTC 2024 - Executing "openroad -exit /openlane/scripts/openroad/rcx.tcl |& tee /dev/null /openlane/designs/ram/runs/first_turn/logs/signoff/32-parasitics_extraction.nom.log"

Wed Feb 21 12:19:26 UTC 2024 - Executing "{openroad -exit /openlane/scripts/openroad/rcx.tcl |& tee /dev/null /openlane/designs/ram/runs/first_turn/logs/signoff/32-parasitics_extraction.nom.log}"

Wed Feb 21 12:19:28 UTC 2024 - Executing "sta -exit -no_init /openlane/scripts/openroad/sta/multi_corner.tcl |& tee /dev/null /openlane/designs/ram/runs/first_turn/logs/signoff/33-rcx_mcsta.nom.log"

Wed Feb 21 12:19:28 UTC 2024 - Executing "{sta -exit -no_init /openlane/scripts/openroad/sta/multi_corner.tcl |& tee /dev/null /openlane/designs/ram/runs/first_turn/logs/signoff/33-rcx_mcsta.nom.log}"

Wed Feb 21 12:19:37 UTC 2024 - Executing "openroad -exit /openlane/scripts/openroad/irdrop.tcl |& tee /dev/null /openlane/designs/ram/runs/first_turn/logs/signoff/34-irdrop.log"

Wed Feb 21 12:19:37 UTC 2024 - Executing "{openroad -exit /openlane/scripts/openroad/irdrop.tcl |& tee /dev/null /openlane/designs/ram/runs/first_turn/logs/signoff/34-irdrop.log}"

Wed Feb 21 12:19:40 UTC 2024 - Executing "magic -noconsole -dnull -rcfile /home/arham/.volare/sky130A/libs.tech/magic/sky130A.magicrc < /openlane/scripts/magic/wrapper.tcl |& tee /dev/null /openlane/designs/ram/runs/first_turn/logs/signoff/35-gdsii.log"

Wed Feb 21 12:19:40 UTC 2024 - Executing "{magic -noconsole -dnull -rcfile /home/arham/.volare/sky130A/libs.tech/magic/sky130A.magicrc < /openlane/scripts/magic/wrapper.tcl |& tee /dev/null /openlane/designs/ram/runs/first_turn/logs/signoff/35-gdsii.log}"

Wed Feb 21 12:19:45 UTC 2024 - Executing "magic -noconsole -dnull -rcfile /home/arham/.volare/sky130A/libs.tech/magic/sky130A.magicrc < /openlane/scripts/magic/wrapper.tcl |& tee /dev/null /openlane/designs/ram/runs/first_turn/logs/signoff/35-gds_ptrs.log"

Wed Feb 21 12:19:45 UTC 2024 - Executing "{magic -noconsole -dnull -rcfile /home/arham/.volare/sky130A/libs.tech/magic/sky130A.magicrc < /openlane/scripts/magic/wrapper.tcl |& tee /dev/null /openlane/designs/ram/runs/first_turn/logs/signoff/35-gds_ptrs.log}"

Wed Feb 21 12:19:46 UTC 2024 - Executing "{sed -i.bak -n {/^<< properties >>/,/^<< end >>/p} /openlane/designs/ram/runs/first_turn/tmp/signoff/gds_ptrs.mag}"

Wed Feb 21 12:19:46 UTC 2024 - Executing "magic -noconsole -dnull -rcfile /home/arham/.volare/sky130A/libs.tech/magic/sky130A.magicrc < /openlane/scripts/magic/wrapper.tcl |& tee /dev/null /openlane/designs/ram/runs/first_turn/logs/signoff/35-lef.log"

Wed Feb 21 12:19:46 UTC 2024 - Executing "{magic -noconsole -dnull -rcfile /home/arham/.volare/sky130A/libs.tech/magic/sky130A.magicrc < /openlane/scripts/magic/wrapper.tcl |& tee /dev/null /openlane/designs/ram/runs/first_turn/logs/signoff/35-lef.log}"

Wed Feb 21 12:19:49 UTC 2024 - Executing "magic -noconsole -dnull -rcfile /home/arham/.volare/sky130A/libs.tech/magic/sky130A.magicrc < /openlane/scripts/magic/wrapper.tcl |& tee /dev/null /openlane/designs/ram/runs/first_turn/logs/signoff/35-maglef.log"

Wed Feb 21 12:19:50 UTC 2024 - Executing "{magic -noconsole -dnull -rcfile /home/arham/.volare/sky130A/libs.tech/magic/sky130A.magicrc < /openlane/scripts/magic/wrapper.tcl |& tee /dev/null /openlane/designs/ram/runs/first_turn/logs/signoff/35-maglef.log}"

Wed Feb 21 12:19:50 UTC 2024 - Executing "{python3 /openlane/scripts/klayout/stream_out.py --output /openlane/designs/ram/runs/first_turn/results/signoff/dff_ram_8x72.klayout.gds --lyt /home/arham/.volare/sky130A/libs.tech/klayout/tech/sky130A.lyt --lym /home/arham/.volare/sky130A/libs.tech/klayout/tech/sky130A.map --lyp /home/arham/.volare/sky130A/libs.tech/klayout/tech/sky130A.lyp --top dff_ram_8x72 --with-gds-file /home/arham/.volare/sky130A/libs.ref/sky130_fd_sc_hd/gds/sky130_fd_sc_hd.gds --input-lef /openlane/designs/ram/runs/first_turn/tmp/merged.nom.lef /openlane/designs/ram/runs/first_turn/results/routing/dff_ram_8x72.def |& tee /dev/null /openlane/designs/ram/runs/first_turn/logs/signoff/36-gdsii-klayout.log}"

Wed Feb 21 12:19:56 UTC 2024 - Executing "{klayout -b -r /openlane/scripts/klayout/xor.drc -rd a=/openlane/designs/ram/runs/first_turn/results/signoff/dff_ram_8x72.gds -rd b=/openlane/designs/ram/runs/first_turn/results/signoff/dff_ram_8x72.klayout.gds -rd jobs=1 -rd rdb_out=/openlane/designs/ram/runs/first_turn/reports/signoff/37-xor.xml -rd ignore=81/14 -rd rpt_out=/openlane/designs/ram/runs/first_turn/reports/signoff/37-xor.rpt |& tee /dev/null /openlane/designs/ram/runs/first_turn/logs/signoff/37-xor.log}"

Wed Feb 21 12:20:03 UTC 2024 - Executing "magic -noconsole -dnull -rcfile /home/arham/.volare/sky130A/libs.tech/magic/sky130A.magicrc < /openlane/scripts/magic/wrapper.tcl |& tee /dev/null /openlane/designs/ram/runs/first_turn/logs/signoff/38-spice.log"

Wed Feb 21 12:20:03 UTC 2024 - Executing "{magic -noconsole -dnull -rcfile /home/arham/.volare/sky130A/libs.tech/magic/sky130A.magicrc < /openlane/scripts/magic/wrapper.tcl |& tee /dev/null /openlane/designs/ram/runs/first_turn/logs/signoff/38-spice.log}"

Wed Feb 21 12:20:10 UTC 2024 - Executing "{openroad -exit -no_init -python /openlane/scripts/odbpy/power_utils.py write_powered_def --output /openlane/designs/ram/runs/first_turn/tmp/signoff/38-dff_ram_8x72.p.def --input-lef /openlane/designs/ram/runs/first_turn/tmp/merged.nom.lef --power-port VPWR --ground-port VGND --powered-netlist {} /openlane/designs/ram/runs/first_turn/results/routing/dff_ram_8x72.def |& tee /dev/null /openlane/designs/ram/runs/first_turn/logs/signoff/39-write_powered_def.log}"

Wed Feb 21 12:20:11 UTC 2024 - Executing "openroad -exit /openlane/scripts/openroad/write_views.tcl |& tee /dev/null /openlane/designs/ram/runs/first_turn/logs/signoff/39-write_powered_verilog.log"

Wed Feb 21 12:20:11 UTC 2024 - Executing "{openroad -exit /openlane/scripts/openroad/write_views.tcl |& tee /dev/null /openlane/designs/ram/runs/first_turn/logs/signoff/39-write_powered_verilog.log}"

Wed Feb 21 12:20:12 UTC 2024 - Executing "{sed -i.bak -e {s/\(set ::env(CURRENT_NETLIST)\).*/\1 \/openlane\/designs\/ram\/runs\/first_turn\/tmp\/signoff\/38-dff_ram_8x72.nl.v/} /openlane/designs/ram/runs/first_turn/config.tcl}"

Wed Feb 21 12:20:12 UTC 2024 - Executing "{netgen -batch source /openlane/designs/ram/runs/first_turn/tmp/signoff/41-setup_file.lef.lvs |& tee /dev/null /openlane/designs/ram/runs/first_turn/logs/signoff/41-lvs.lef.log}"

Wed Feb 21 12:20:13 UTC 2024 - Executing "magic -noconsole -dnull -rcfile /home/arham/.volare/sky130A/libs.tech/magic/sky130A.magicrc < /openlane/scripts/magic/wrapper.tcl |& tee /dev/null /openlane/designs/ram/runs/first_turn/logs/signoff/42-drc.log"

Wed Feb 21 12:20:13 UTC 2024 - Executing "{magic -noconsole -dnull -rcfile /home/arham/.volare/sky130A/libs.tech/magic/sky130A.magicrc < /openlane/scripts/magic/wrapper.tcl |& tee /dev/null /openlane/designs/ram/runs/first_turn/logs/signoff/42-drc.log}"

Wed Feb 21 12:20:35 UTC 2024 - Executing "{python3 /openlane/scripts/drc_rosetta.py magic to_tcl -o /openlane/designs/ram/runs/first_turn/reports/signoff/drc.tcl /openlane/designs/ram/runs/first_turn/reports/signoff/drc.rpt}"

Wed Feb 21 12:20:35 UTC 2024 - Executing "{python3 /openlane/scripts/drc_rosetta.py magic to_tr -o /openlane/designs/ram/runs/first_turn/reports/signoff/drc.tr /openlane/designs/ram/runs/first_turn/reports/signoff/drc.rpt}"

Wed Feb 21 12:20:35 UTC 2024 - Executing "{python3 /openlane/scripts/drc_rosetta.py tr to_klayout -o /openlane/designs/ram/runs/first_turn/reports/signoff/drc.klayout.xml --design-name dff_ram_8x72 /openlane/designs/ram/runs/first_turn/reports/signoff/drc.tr}"

Wed Feb 21 12:20:35 UTC 2024 - Executing "{python3 /openlane/scripts/drc_rosetta.py magic to_rdb -o /openlane/designs/ram/runs/first_turn/reports/signoff/drc.rdb /openlane/designs/ram/runs/first_turn/reports/signoff/drc.rpt}"

Wed Feb 21 12:20:35 UTC 2024 - Executing "{klayout -b -zz -r /home/arham/.volare/sky130A/libs.tech/klayout/drc/sky130A_mr.drc -rd topcell=dff_ram_8x72 -rd input=/openlane/designs/ram/runs/first_turn/results/signoff/dff_ram_8x72.gds -rd report=/openlane/designs/ram/runs/first_turn/reports/signoff/violations.xml -rd feol=true -rd beol=true -rd floating_metal=false -rd seal=true -rd thread=1 |& tee /dev/null /openlane/designs/ram/runs/first_turn/logs/signoff/43-drc-klayout.log}"

Wed Feb 21 12:20:55 UTC 2024 - Executing "{python3 /openlane/scripts/klayout/xml_drc_report_to_json.py --xml-file /openlane/designs/ram/runs/first_turn/reports/signoff/violations.xml --json-file /openlane/designs/ram/runs/first_turn/reports/signoff/violations.json}"

Wed Feb 21 12:20:55 UTC 2024 - Executing "openroad -exit /openlane/scripts/openroad/antenna_check.tcl |& tee /dev/null /openlane/designs/ram/runs/first_turn/logs/signoff/44-arc.log"

Wed Feb 21 12:20:55 UTC 2024 - Executing "{openroad -exit /openlane/scripts/openroad/antenna_check.tcl |& tee /dev/null /openlane/designs/ram/runs/first_turn/logs/signoff/44-arc.log}"

Wed Feb 21 12:20:56 UTC 2024 - Executing "{python3 /openlane/scripts/extract_antenna_violators.py --output /openlane/designs/ram/runs/first_turn/reports/signoff/44-antenna_violators.rpt --plain-out /openlane/designs/ram/runs/first_turn/reports/signoff/44-antenna_violators_pins.txt /openlane/designs/ram/runs/first_turn/logs/signoff/44-arc.log}"

Wed Feb 21 12:20:57 UTC 2024 - Executing "{python3 /openlane/scripts/write_runtime.py --conclude --seconds --time-in 1708518057 {flow completed}}"

Wed Feb 21 12:20:57 UTC 2024 - Executing "{python3 /openlane/scripts/generate_reports.py -d /openlane/designs/ram --design_name dff_ram_8x72 --tag first_turn --output_file /openlane/designs/ram/runs/first_turn/reports/metrics.csv --man_report /openlane/designs/ram/runs/first_turn/reports/manufacturability.rpt --run_path /openlane/designs/ram/runs/first_turn}"

