Instance name, X location, Y location, Voltage
FILLER_0_62_361, 175.44, 182.24, 1.79996
FILLER_0_62_365, 175.44, 182.24, 1.79996
PHY_EDGE_ROW_61_Right_61, 175.44, 176.8, 1.79986
PHY_EDGE_ROW_62_Right_62, 175.44, 176.8, 1.79986
output126, 175.44, 176.8, 1.79986
ANTENNA_1, 175.44, 176.8, 1.79986
FILLER_0_60_357, 175.44, 176.8, 1.79986
FILLER_0_61_361, 175.44, 176.8, 1.79986
PHY_EDGE_ROW_59_Right_59, 175.44, 171.36, 1.79991
PHY_EDGE_ROW_60_Right_60, 175.44, 171.36, 1.79991
input62, 175.44, 171.36, 1.79991
input68, 175.44, 171.36, 1.79991
output133, 175.44, 171.36, 1.79991
FILLER_0_58_357, 175.44, 171.36, 1.79991
FILLER_0_59_361, 175.44, 171.36, 1.79991
_1775_, 175.44, 165.92, 1.79987
PHY_EDGE_ROW_57_Right_57, 175.44, 165.92, 1.79987
PHY_EDGE_ROW_58_Right_58, 175.44, 165.92, 1.79987
output135, 175.44, 165.92, 1.79987
output141, 175.44, 165.92, 1.79987
hold329, 175.44, 165.92, 1.79987
PHY_EDGE_ROW_55_Right_55, 175.44, 160.48, 1.79978
PHY_EDGE_ROW_56_Right_56, 175.44, 160.48, 1.79978
hold4, 175.44, 160.48, 1.79978
FILLER_0_54_365, 175.44, 160.48, 1.79978
PHY_EDGE_ROW_53_Right_53, 175.44, 155.04, 1.79983
PHY_EDGE_ROW_54_Right_54, 175.44, 155.04, 1.79983
output134, 175.44, 155.04, 1.79983
hold171, 175.44, 155.04, 1.79983
_1042_, 175.44, 149.6, 1.79974
_1776_, 175.44, 149.6, 1.79974
PHY_EDGE_ROW_51_Right_51, 175.44, 149.6, 1.79974
PHY_EDGE_ROW_52_Right_52, 175.44, 149.6, 1.79974
input66, 175.44, 149.6, 1.79974
output139, 175.44, 149.6, 1.79974
PHY_EDGE_ROW_49_Right_49, 175.44, 144.16, 1.79979
PHY_EDGE_ROW_50_Right_50, 175.44, 144.16, 1.79979
output136, 175.44, 144.16, 1.79979
hold223, 175.44, 144.16, 1.79979
PHY_EDGE_ROW_47_Right_47, 175.44, 138.72, 1.79981
PHY_EDGE_ROW_48_Right_48, 175.44, 138.72, 1.79981
output137, 175.44, 138.72, 1.79981
PHY_EDGE_ROW_45_Right_45, 175.44, 133.28, 1.79969
PHY_EDGE_ROW_46_Right_46, 175.44, 133.28, 1.79969
input65, 175.44, 133.28, 1.79969
hold7, 175.44, 133.28, 1.79969
_1769_, 175.44, 127.84, 1.79983
PHY_EDGE_ROW_43_Right_43, 175.44, 127.84, 1.79983
PHY_EDGE_ROW_44_Right_44, 175.44, 127.84, 1.79983
input64, 175.44, 127.84, 1.79983
output128, 175.44, 127.84, 1.79983
_1044_, 175.44, 122.4, 1.79982
PHY_EDGE_ROW_41_Right_41, 175.44, 122.4, 1.79982
PHY_EDGE_ROW_42_Right_42, 175.44, 122.4, 1.79982
input55, 175.44, 122.4, 1.79982
_1779_, 175.44, 116.96, 1.79978
PHY_EDGE_ROW_39_Right_39, 175.44, 116.96, 1.79978
PHY_EDGE_ROW_40_Right_40, 175.44, 116.96, 1.79978
input69, 175.44, 116.96, 1.79978
input71, 175.44, 116.96, 1.79978
hold5, 175.44, 116.96, 1.79978
_1197_, 175.44, 111.52, 1.79983
PHY_EDGE_ROW_37_Right_37, 175.44, 111.52, 1.79983
PHY_EDGE_ROW_38_Right_38, 175.44, 111.52, 1.79983
hold6, 175.44, 111.52, 1.79983
FILLER_0_36_365, 175.44, 111.52, 1.79983
PHY_EDGE_ROW_35_Right_35, 175.44, 106.08, 1.79976
PHY_EDGE_ROW_36_Right_36, 175.44, 106.08, 1.79976
output144, 175.44, 106.08, 1.79976
hold278, 175.44, 106.08, 1.79976
_1053_, 175.44, 100.64, 1.79984
PHY_EDGE_ROW_33_Right_33, 175.44, 100.64, 1.79984
PHY_EDGE_ROW_34_Right_34, 175.44, 100.64, 1.79984
input15, 175.44, 100.64, 1.79984
PHY_EDGE_ROW_31_Right_31, 175.44, 95.2, 1.79986
PHY_EDGE_ROW_32_Right_32, 175.44, 95.2, 1.79986
output121, 175.44, 95.2, 1.79986
hold307, 175.44, 95.2, 1.79986
PHY_EDGE_ROW_29_Right_29, 175.44, 89.76, 1.79978
PHY_EDGE_ROW_30_Right_30, 175.44, 89.76, 1.79978
FILLER_0_28_359, 175.44, 89.76, 1.79978
FILLER_0_28_365, 175.44, 89.76, 1.79978
_1063_, 175.44, 84.32, 1.79983
PHY_EDGE_ROW_27_Right_27, 175.44, 84.32, 1.79983
PHY_EDGE_ROW_28_Right_28, 175.44, 84.32, 1.79983
output145, 175.44, 84.32, 1.79983
_1553_, 175.44, 78.88, 1.79972
PHY_EDGE_ROW_25_Right_25, 175.44, 78.88, 1.79972
PHY_EDGE_ROW_26_Right_26, 175.44, 78.88, 1.79972
output79, 175.44, 78.88, 1.79972
ANTENNA_2, 175.44, 78.88, 1.79972
FILLER_0_24_356, 175.44, 78.88, 1.79972
_0910_, 175.44, 73.44, 1.79978
PHY_EDGE_ROW_23_Right_23, 175.44, 73.44, 1.79978
PHY_EDGE_ROW_24_Right_24, 175.44, 73.44, 1.79978
FILLER_0_22_365, 175.44, 73.44, 1.79978
PHY_EDGE_ROW_21_Right_21, 175.44, 68, 1.79975
PHY_EDGE_ROW_22_Right_22, 175.44, 68, 1.79975
output80, 175.44, 68, 1.79975
hold14, 175.44, 68, 1.79975
hold358, 175.44, 68, 1.79975
FILLER_0_21_357, 175.44, 68, 1.79975
_1552_, 175.44, 62.56, 1.79984
PHY_EDGE_ROW_19_Right_19, 175.44, 62.56, 1.79984
PHY_EDGE_ROW_20_Right_20, 175.44, 62.56, 1.79984
input59, 175.44, 62.56, 1.79984
PHY_EDGE_ROW_17_Right_17, 175.44, 57.12, 1.79979
PHY_EDGE_ROW_18_Right_18, 175.44, 57.12, 1.79979
output146, 175.44, 57.12, 1.79979
hold321, 175.44, 57.12, 1.79979
_1538_, 175.44, 51.68, 1.7998
PHY_EDGE_ROW_15_Right_15, 175.44, 51.68, 1.7998
PHY_EDGE_ROW_16_Right_16, 175.44, 51.68, 1.7998
hold24, 175.44, 51.68, 1.7998
FILLER_0_14_365, 175.44, 51.68, 1.7998
_1057_, 175.44, 46.24, 1.79976
PHY_EDGE_ROW_13_Right_13, 175.44, 46.24, 1.79976
PHY_EDGE_ROW_14_Right_14, 175.44, 46.24, 1.79976
output99, 175.44, 46.24, 1.79976
hold23, 175.44, 46.24, 1.79976
PHY_EDGE_ROW_11_Right_11, 175.44, 40.8, 1.79984
PHY_EDGE_ROW_12_Right_12, 175.44, 40.8, 1.79984
input26, 175.44, 40.8, 1.79984
output147, 175.44, 40.8, 1.79984
hold254, 175.44, 40.8, 1.79984
_1566_, 175.44, 35.36, 1.79977
PHY_EDGE_ROW_9_Right_9, 175.44, 35.36, 1.79977
PHY_EDGE_ROW_10_Right_10, 175.44, 35.36, 1.79977
input48, 175.44, 35.36, 1.79977
input74, 175.44, 35.36, 1.79977
_1565_, 175.44, 29.92, 1.79985
PHY_EDGE_ROW_7_Right_7, 175.44, 29.92, 1.79985
PHY_EDGE_ROW_8_Right_8, 175.44, 29.92, 1.79985
input75, 175.44, 29.92, 1.79985
hold2, 175.44, 29.92, 1.79985
FILLER_0_6_365, 175.44, 29.92, 1.79985
PHY_EDGE_ROW_5_Right_5, 175.44, 24.48, 1.79987
PHY_EDGE_ROW_6_Right_6, 175.44, 24.48, 1.79987
output77, 175.44, 24.48, 1.79987
output148, 175.44, 24.48, 1.79987
hold1, 175.44, 24.48, 1.79987
hold146, 175.44, 24.48, 1.79987
PHY_EDGE_ROW_3_Right_3, 175.44, 19.04, 1.7999
PHY_EDGE_ROW_4_Right_4, 175.44, 19.04, 1.7999
FILLER_0_2_357, 175.44, 19.04, 1.7999
FILLER_0_2_365, 175.44, 19.04, 1.7999
FILLER_0_3_361, 175.44, 19.04, 1.7999
PHY_EDGE_ROW_0_Right_0, 175.44, 13.6, 1.79983
PHY_EDGE_ROW_1_Right_1, 175.44, 13.6, 1.79983
PHY_EDGE_ROW_2_Right_2, 175.44, 13.6, 1.79983
FILLER_0_0_361, 175.44, 13.6, 1.79983
FILLER_0_0_365, 175.44, 13.6, 1.79983
FILLER_0_1_361, 175.44, 13.6, 1.79983
_1152_, 21.84, 165.92, 1.79988
FILLER_0_56_29, 21.84, 165.92, 1.79988
_0999_, 21.84, 160.48, 1.79975
_1000_, 21.84, 160.48, 1.79975
_1462_, 21.84, 160.48, 1.79975
hold222, 21.84, 160.48, 1.79975
_1980_, 21.84, 155.04, 1.79979
hold384, 21.84, 155.04, 1.79979
FILLER_0_52_29, 21.84, 155.04, 1.79979
_0994_, 21.84, 149.6, 1.79973
_1700_, 21.84, 149.6, 1.79973
_1710_, 21.84, 149.6, 1.79973
_1712_, 21.84, 149.6, 1.79973
_1833_, 21.84, 149.6, 1.79973
hold68, 21.84, 149.6, 1.79973
hold378, 21.84, 149.6, 1.79973
_0993_, 21.84, 144.16, 1.79977
_1147_, 21.84, 144.16, 1.79977
_1699_, 21.84, 144.16, 1.79977
_2124_, 21.84, 144.16, 1.79977
hold300, 21.84, 144.16, 1.79977
FILLER_0_50_46, 21.84, 144.16, 1.79977
_1146_, 21.84, 138.72, 1.79976
_2121_, 21.84, 138.72, 1.79976
hold79, 21.84, 138.72, 1.79976
hold391, 21.84, 138.72, 1.79976
_0984_, 21.84, 133.28, 1.7996
_1701_, 21.84, 133.28, 1.7996
_1828_, 21.84, 133.28, 1.7996
clkbuf_leaf_5_clk, 21.84, 133.28, 1.7996
hold80, 21.84, 133.28, 1.7996
FILLER_0_46_38, 21.84, 133.28, 1.7996
_0983_, 21.84, 127.84, 1.79983
_1682_, 21.84, 127.84, 1.79983
hold36, 21.84, 127.84, 1.79983
hold224, 21.84, 127.84, 1.79983
FILLER_0_42_29, 21.84, 127.84, 1.79983
FILLER_0_43_29, 21.84, 127.84, 1.79983
_1136_, 21.84, 122.4, 1.79978
_1900_, 21.84, 122.4, 1.79978
_2116_, 21.84, 122.4, 1.79978
hold35, 21.84, 122.4, 1.79978
_1680_, 21.84, 116.96, 1.79973
hold145, 21.84, 116.96, 1.79973
hold360, 21.84, 116.96, 1.79973
FILLER_0_39_27, 21.84, 116.96, 1.79973
_1673_, 21.84, 111.52, 1.79977
_1675_, 21.84, 111.52, 1.79977
_1902_, 21.84, 111.52, 1.79977
_2114_, 21.84, 111.52, 1.79977
FILLER_0_37_31, 21.84, 111.52, 1.79977
FILLER_0_38_42, 21.84, 111.52, 1.79977
_1131_, 21.84, 106.08, 1.79972
_2043_, 21.84, 106.08, 1.79972
clkbuf_leaf_4_clk, 21.84, 106.08, 1.79972
_1444_, 21.84, 100.64, 1.79981
input36, 21.84, 100.64, 1.79981
hold183, 21.84, 100.64, 1.79981
hold205, 21.84, 100.64, 1.79981
hold285, 21.84, 100.64, 1.79981
FILLER_0_33_42, 21.84, 100.64, 1.79981
FILLER_0_34_46, 21.84, 100.64, 1.79981
_1121_, 21.84, 95.2, 1.79981
_1656_, 21.84, 95.2, 1.79981
_1657_, 21.84, 95.2, 1.79981
_2109_, 21.84, 95.2, 1.79981
FILLER_0_32_41, 21.84, 95.2, 1.79981
_1893_, 21.84, 89.76, 1.7997
clkbuf_leaf_0_clk, 21.84, 89.76, 1.7997
FILLER_0_28_29, 21.84, 89.76, 1.7997
FILLER_0_29_46, 21.84, 89.76, 1.7997
_1283_, 21.84, 84.32, 1.79979
_1968_, 21.84, 84.32, 1.79979
_2112_, 21.84, 84.32, 1.79979
hold101, 21.84, 84.32, 1.79979
FILLER_0_27_37, 21.84, 84.32, 1.79979
FILLER_0_28_46, 21.84, 84.32, 1.79979
_1282_, 21.84, 78.88, 1.79971
_1668_, 21.84, 78.88, 1.79971
hold283, 21.84, 78.88, 1.79971
hold288, 21.84, 78.88, 1.79971
_0974_, 21.84, 73.44, 1.79976
_0975_, 21.84, 73.44, 1.79976
_1667_, 21.84, 73.44, 1.79976
_1824_, 21.84, 73.44, 1.79976
_1894_, 21.84, 73.44, 1.79976
FILLER_0_23_37, 21.84, 73.44, 1.79976
FILLER_0_24_37, 21.84, 73.44, 1.79976
_0971_, 21.84, 68, 1.79975
_1123_, 21.84, 68, 1.79975
_1659_, 21.84, 68, 1.79975
_1660_, 21.84, 68, 1.79975
hold201, 21.84, 68, 1.79975
hold294, 21.84, 68, 1.79975
_0970_, 21.84, 62.56, 1.79975
_1822_, 21.84, 62.56, 1.79975
_2110_, 21.84, 62.56, 1.79975
clkbuf_leaf_30_clk, 21.84, 62.56, 1.79975
hold25, 21.84, 57.12, 1.79979
hold26, 21.84, 57.12, 1.79979
FILLER_0_16_29, 21.84, 57.12, 1.79979
FILLER_0_17_42, 21.84, 57.12, 1.79979
FILLER_0_18_45, 21.84, 57.12, 1.79979
_0957_, 21.84, 51.68, 1.79975
_0958_, 21.84, 51.68, 1.79975
_1816_, 21.84, 51.68, 1.79975
_1888_, 21.84, 51.68, 1.79975
hold212, 21.84, 51.68, 1.79975
FILLER_0_14_29, 21.84, 51.68, 1.79975
_1420_, 21.84, 46.24, 1.79978
_2032_, 21.84, 46.24, 1.79978
hold334, 21.84, 46.24, 1.79978
FILLER_0_12_29, 21.84, 46.24, 1.79978
FILLER_0_13_27, 21.84, 46.24, 1.79978
FILLER_0_14_37, 21.84, 46.24, 1.79978
_1421_, 21.84, 40.8, 1.79977
_1960_, 21.84, 40.8, 1.79977
clkbuf_leaf_29_clk, 21.84, 40.8, 1.79977
FILLER_0_12_39, 21.84, 40.8, 1.79977
_0959_, 21.84, 35.36, 1.79975
_0960_, 21.84, 35.36, 1.79975
_1268_, 21.84, 35.36, 1.79975
_1817_, 21.84, 35.36, 1.79975
_1961_, 21.84, 35.36, 1.79975
FILLER_0_9_27, 21.84, 35.36, 1.79975
_1267_, 21.84, 29.92, 1.79982
hold182, 21.84, 29.92, 1.79982
FILLER_0_7_39, 21.84, 29.92, 1.79982
_1422_, 21.84, 24.48, 1.79983
_1640_, 21.84, 24.48, 1.79983
_2033_, 21.84, 24.48, 1.79983
FILLER_0_4_29, 21.84, 24.48, 1.79983
FILLER_0_5_27, 21.84, 24.48, 1.79983
_1423_, 21.84, 19.04, 1.79985
_1889_, 21.84, 19.04, 1.79985
FILLER_0_3_39, 21.84, 19.04, 1.79985
FILLER_0_3_47, 21.84, 19.04, 1.79985
FILLER_0_4_41, 21.84, 19.04, 1.79985
FILLER_0_0_41, 21.84, 13.6, 1.79978
FILLER_0_0_49, 21.84, 13.6, 1.79978
PHY_EDGE_ROW_62_Left_125, 5.52, 182.24, 1.79996
FILLER_0_62_53, 34.64, 182.24, 1.79992
input47, 47.44, 182.24, 1.79988
output112, 47.44, 182.24, 1.79988
input39, 60.24, 182.24, 1.79985
input45, 60.24, 182.24, 1.79985
FILLER_0_62_118, 60.24, 182.24, 1.79985
_1486_, 73.04, 182.24, 1.79983
input51, 73.04, 182.24, 1.79983
hold155, 73.04, 182.24, 1.79983
output124, 85.84, 182.24, 1.79981
output131, 85.84, 182.24, 1.79981
hold123, 98.64, 182.24, 1.79981
hold388, 111.44, 182.24, 1.79982
input50, 124.24, 182.24, 1.79984
hold208, 124.24, 182.24, 1.79984
input61, 137.04, 182.24, 1.79986
input67, 137.04, 182.24, 1.79986
output123, 137.04, 182.24, 1.79986
FILLER_0_62_300, 149.84, 182.24, 1.79989
FILLER_0_62_333, 162.64, 182.24, 1.79993
PHY_EDGE_ROW_60_Left_123, 5.52, 176.8, 1.79986
PHY_EDGE_ROW_61_Left_124, 5.52, 176.8, 1.79986
FILLER_0_61_51, 34.64, 176.8, 1.7997
FILLER_0_62_69, 34.64, 176.8, 1.7997
FILLER_0_62_77, 34.64, 176.8, 1.7997
output114, 47.44, 176.8, 1.79954
output120, 47.44, 176.8, 1.79954
FILLER_0_61_105, 47.44, 176.8, 1.79954
FILLER_0_62_100, 47.44, 176.8, 1.79954
_1847_, 60.24, 176.8, 1.7994
input44, 60.24, 176.8, 1.7994
input56, 60.24, 176.8, 1.7994
input58, 60.24, 176.8, 1.7994
FILLER_0_62_125, 60.24, 176.8, 1.7994
_1022_, 73.04, 176.8, 1.79929
_2063_, 73.04, 176.8, 1.79929
output117, 73.04, 176.8, 1.79929
output118, 73.04, 176.8, 1.79929
hold163, 73.04, 176.8, 1.79929
_1747_, 85.84, 176.8, 1.79922
_1748_, 85.84, 176.8, 1.79922
_2062_, 85.84, 176.8, 1.79922
_2135_, 85.84, 176.8, 1.79922
input1, 85.84, 176.8, 1.79922
input2, 85.84, 176.8, 1.79922
hold181, 85.84, 176.8, 1.79922
_1483_, 98.64, 176.8, 1.7992
_2134_, 98.64, 176.8, 1.7992
input53, 98.64, 176.8, 1.7992
output129, 98.64, 176.8, 1.7992
hold154, 98.64, 176.8, 1.7992
_1745_, 111.44, 176.8, 1.79922
_1841_, 111.44, 176.8, 1.79922
_2057_, 111.44, 176.8, 1.79922
input49, 111.44, 176.8, 1.79922
input57, 111.44, 176.8, 1.79922
output122, 111.44, 176.8, 1.79922
hold134, 111.44, 176.8, 1.79922
_1726_, 124.24, 176.8, 1.7993
_2129_, 124.24, 176.8, 1.7993
output127, 124.24, 176.8, 1.7993
output130, 124.24, 176.8, 1.7993
hold228, 124.24, 176.8, 1.7993
input60, 137.04, 176.8, 1.79942
output125, 137.04, 176.8, 1.79942
output140, 137.04, 176.8, 1.79942
FILLER_0_62_287, 137.04, 176.8, 1.79942
FILLER_0_60_301, 149.84, 176.8, 1.79957
FILLER_0_61_329, 162.64, 176.8, 1.79972
PHY_EDGE_ROW_58_Left_121, 5.52, 171.36, 1.79991
PHY_EDGE_ROW_59_Left_122, 5.52, 171.36, 1.79991
FILLER_0_59_51, 34.64, 171.36, 1.79981
FILLER_0_60_77, 34.64, 171.36, 1.79981
FILLER_0_59_105, 47.44, 171.36, 1.79972
_1023_, 60.24, 171.36, 1.79962
_1685_, 60.24, 171.36, 1.79962
_2117_, 60.24, 171.36, 1.79962
hold356, 60.24, 171.36, 1.79962
FILLER_0_58_109, 60.24, 171.36, 1.79962
FILLER_0_58_117, 60.24, 171.36, 1.79962
FILLER_0_60_121, 60.24, 171.36, 1.79962
_1485_, 73.04, 171.36, 1.79954
_1746_, 73.04, 171.36, 1.79954
_1991_, 73.04, 171.36, 1.79954
FILLER_0_58_135, 73.04, 171.36, 1.79954
FILLER_0_59_140, 73.04, 171.36, 1.79954
FILLER_0_60_160, 73.04, 171.36, 1.79954
_1020_, 85.84, 171.36, 1.79949
_1021_, 85.84, 171.36, 1.79949
_1330_, 85.84, 171.36, 1.79949
_1846_, 85.84, 171.36, 1.79949
hold264, 85.84, 171.36, 1.79949
FILLER_0_59_177, 85.84, 171.36, 1.79949
_1484_, 98.64, 171.36, 1.79947
_1743_, 98.64, 171.36, 1.79947
_1744_, 98.64, 171.36, 1.79947
hold178, 98.64, 171.36, 1.79947
FILLER_0_59_213, 98.64, 171.36, 1.79947
_1010_, 111.44, 171.36, 1.79946
_1011_, 111.44, 171.36, 1.79946
_1319_, 111.44, 171.36, 1.79946
_1473_, 111.44, 171.36, 1.79946
_1474_, 111.44, 171.36, 1.79946
_1725_, 111.44, 171.36, 1.79946
clkbuf_leaf_12_clk, 111.44, 171.36, 1.79946
FILLER_0_58_221, 111.44, 171.36, 1.79946
FILLER_0_59_225, 111.44, 171.36, 1.79946
_1164_, 124.24, 171.36, 1.79954
_1727_, 124.24, 171.36, 1.79954
_1774_, 124.24, 171.36, 1.79954
input52, 124.24, 171.36, 1.79954
input54, 124.24, 171.36, 1.79954
FILLER_0_58_253, 124.24, 171.36, 1.79954
FILLER_0_59_257, 124.24, 171.36, 1.79954
FILLER_0_59_266, 124.24, 171.36, 1.79954
hold148, 137.04, 171.36, 1.79963
hold353, 137.04, 171.36, 1.79963
FILLER_0_59_329, 162.64, 171.36, 1.79981
PHY_EDGE_ROW_56_Left_119, 5.52, 165.92, 1.79988
PHY_EDGE_ROW_57_Left_120, 5.52, 165.92, 1.79988
_1836_, 34.64, 165.92, 1.79973
FILLER_0_57_51, 34.64, 165.92, 1.79973
FILLER_0_58_77, 34.64, 165.92, 1.79973
_1154_, 47.44, 165.92, 1.79959
_1829_, 47.44, 165.92, 1.79959
hold361, 47.44, 165.92, 1.79959
FILLER_0_57_81, 47.44, 165.92, 1.79959
FILLER_0_57_92, 47.44, 165.92, 1.79959
_1139_, 60.24, 165.92, 1.79948
_1684_, 60.24, 165.92, 1.79948
_1686_, 60.24, 165.92, 1.79948
hold122, 60.24, 165.92, 1.79948
hold200, 60.24, 165.92, 1.79948
_1175_, 73.04, 165.92, 1.79938
_1331_, 73.04, 165.92, 1.79938
clkbuf_leaf_8_clk, 73.04, 165.92, 1.79938
hold233, 73.04, 165.92, 1.79938
FILLER_0_56_137, 73.04, 165.92, 1.79938
FILLER_0_57_134, 73.04, 165.92, 1.79938
FILLER_0_57_145, 73.04, 165.92, 1.79938
_1990_, 85.84, 165.92, 1.79936
FILLER_0_56_174, 85.84, 165.92, 1.79936
FILLER_0_57_169, 85.84, 165.92, 1.79936
_1173_, 98.64, 165.92, 1.79936
_1174_, 98.64, 165.92, 1.79936
_1918_, 98.64, 165.92, 1.79936
hold214, 98.64, 165.92, 1.79936
FILLER_0_56_192, 98.64, 165.92, 1.79936
_1318_, 111.44, 165.92, 1.79937
_1913_, 111.44, 165.92, 1.79937
hold244, 111.44, 165.92, 1.79937
FILLER_0_56_230, 111.44, 165.92, 1.79937
FILLER_0_57_219, 111.44, 165.92, 1.79937
_1773_, 124.24, 165.92, 1.79942
_2071_, 124.24, 165.92, 1.79942
_2143_, 124.24, 165.92, 1.79942
hold157, 124.24, 165.92, 1.79942
FILLER_0_57_251, 124.24, 165.92, 1.79942
_2064_, 137.04, 165.92, 1.7995
hold402, 137.04, 165.92, 1.7995
FILLER_0_57_273, 137.04, 165.92, 1.7995
_1183_, 149.84, 165.92, 1.79961
_1922_, 149.84, 165.92, 1.79961
hold336, 149.84, 165.92, 1.79961
FILLER_0_56_301, 149.84, 165.92, 1.79961
FILLER_0_56_309, 149.84, 165.92, 1.79961
FILLER_0_57_310, 149.84, 165.92, 1.79961
hold262, 162.64, 165.92, 1.79974
FILLER_0_56_336, 162.64, 165.92, 1.79974
FILLER_0_57_330, 162.64, 165.92, 1.79974
FILLER_0_57_349, 162.64, 165.92, 1.79974
PHY_EDGE_ROW_54_Left_117, 5.52, 160.48, 1.79974
PHY_EDGE_ROW_55_Left_118, 5.52, 160.48, 1.79974
input46, 5.52, 160.48, 1.79974
_1153_, 13.68, 160.48, 1.79974
_1908_, 13.68, 160.48, 1.79974
FILLER_0_55_18, 13.68, 160.48, 1.79974
_1308_, 34.64, 160.48, 1.79951
_1909_, 34.64, 160.48, 1.79951
hold172, 34.64, 160.48, 1.79951
FILLER_0_56_74, 34.64, 160.48, 1.79951
_0985_, 47.44, 160.48, 1.79929
_0986_, 47.44, 160.48, 1.79929
_1001_, 47.44, 160.48, 1.79929
_1002_, 47.44, 160.48, 1.79929
_1837_, 47.44, 160.48, 1.79929
_1973_, 47.44, 160.48, 1.79929
hold195, 47.44, 160.48, 1.79929
FILLER_0_54_78, 47.44, 160.48, 1.79929
_1138_, 60.24, 160.48, 1.79912
_1901_, 60.24, 160.48, 1.79912
_2045_, 60.24, 160.48, 1.79912
clkbuf_leaf_7_clk, 60.24, 160.48, 1.79912
FILLER_0_55_113, 60.24, 160.48, 1.79912
_1009_, 73.04, 160.48, 1.79904
_1176_, 73.04, 160.48, 1.79904
_1840_, 73.04, 160.48, 1.79904
_1912_, 73.04, 160.48, 1.79904
_1919_, 73.04, 160.48, 1.79904
FILLER_0_54_133, 73.04, 160.48, 1.79904
FILLER_0_55_141, 73.04, 160.48, 1.79904
_1328_, 85.84, 160.48, 1.79901
_1329_, 85.84, 160.48, 1.79901
_1468_, 85.84, 160.48, 1.79901
_1722_, 85.84, 160.48, 1.79901
hold167, 85.84, 160.48, 1.79901
FILLER_0_54_173, 85.84, 160.48, 1.79901
FILLER_0_55_177, 85.84, 160.48, 1.79901
FILLER_0_55_185, 85.84, 160.48, 1.79901
_1158_, 98.64, 160.48, 1.799
_1910_, 98.64, 160.48, 1.799
_1985_, 98.64, 160.48, 1.799
hold297, 98.64, 160.48, 1.799
FILLER_0_55_215, 98.64, 160.48, 1.799
FILLER_0_56_206, 98.64, 160.48, 1.799
_1163_, 111.44, 160.48, 1.79902
_1167_, 111.44, 160.48, 1.79902
_1168_, 111.44, 160.48, 1.79902
_1915_, 111.44, 160.48, 1.79902
hold232, 111.44, 160.48, 1.79902
hold257, 111.44, 160.48, 1.79902
_1192_, 124.24, 160.48, 1.79908
_1502_, 124.24, 160.48, 1.79908
_1503_, 124.24, 160.48, 1.79908
_1772_, 124.24, 160.48, 1.79908
_1927_, 124.24, 160.48, 1.79908
FILLER_0_54_245, 124.24, 160.48, 1.79908
FILLER_0_55_247, 124.24, 160.48, 1.79908
_1179_, 137.04, 160.48, 1.79917
_1193_, 137.04, 160.48, 1.79917
_1489_, 137.04, 160.48, 1.79917
_1920_, 137.04, 160.48, 1.79917
clkbuf_leaf_13_clk, 137.04, 160.48, 1.79917
FILLER_0_54_276, 137.04, 160.48, 1.79917
_1492_, 149.84, 160.48, 1.79934
_1493_, 149.84, 160.48, 1.79934
_1750_, 149.84, 160.48, 1.79934
_2066_, 149.84, 160.48, 1.79934
hold303, 149.84, 160.48, 1.79934
_1195_, 162.64, 160.48, 1.79953
_1504_, 162.64, 160.48, 1.79953
_1505_, 162.64, 160.48, 1.79953
_1928_, 162.64, 160.48, 1.79953
_2072_, 162.64, 160.48, 1.79953
hold240, 162.64, 160.48, 1.79953
PHY_EDGE_ROW_52_Left_115, 5.52, 155.04, 1.79976
PHY_EDGE_ROW_53_Left_116, 5.52, 155.04, 1.79976
output105, 5.52, 155.04, 1.79976
_1463_, 13.68, 155.04, 1.79977
_2052_, 13.68, 155.04, 1.79977
FILLER_0_53_15, 13.68, 155.04, 1.79977
FILLER_0_54_21, 13.68, 155.04, 1.79977
_1155_, 34.64, 155.04, 1.79965
_1307_, 34.64, 155.04, 1.79965
_1711_, 34.64, 155.04, 1.79965
clkbuf_leaf_6_clk, 34.64, 155.04, 1.79965
hold67, 34.64, 155.04, 1.79965
hold193, 34.64, 155.04, 1.79965
FILLER_0_53_50, 34.64, 155.04, 1.79965
_1293_, 47.44, 155.04, 1.79956
_1310_, 47.44, 155.04, 1.79956
_1713_, 47.44, 155.04, 1.79956
hold130, 47.44, 155.04, 1.79956
FILLER_0_52_88, 47.44, 155.04, 1.79956
FILLER_0_53_86, 47.44, 155.04, 1.79956
FILLER_0_54_94, 47.44, 155.04, 1.79956
_0998_, 60.24, 155.04, 1.79949
_1294_, 60.24, 155.04, 1.79949
_1448_, 60.24, 155.04, 1.79949
_1449_, 60.24, 155.04, 1.79949
_1461_, 60.24, 155.04, 1.79949
hold156, 60.24, 155.04, 1.79949
FILLER_0_52_108, 60.24, 155.04, 1.79949
FILLER_0_53_117, 60.24, 155.04, 1.79949
_1008_, 73.04, 155.04, 1.79943
_1161_, 73.04, 155.04, 1.79943
_1162_, 73.04, 155.04, 1.79943
hold151, 73.04, 155.04, 1.79943
hold207, 73.04, 155.04, 1.79943
FILLER_0_52_133, 73.04, 155.04, 1.79943
FILLER_0_53_138, 73.04, 155.04, 1.79943
FILLER_0_53_146, 73.04, 155.04, 1.79943
_1467_, 85.84, 155.04, 1.79939
_2054_, 85.84, 155.04, 1.79939
_2128_, 85.84, 155.04, 1.79939
hold48, 85.84, 155.04, 1.79939
FILLER_0_52_166, 85.84, 155.04, 1.79939
_1157_, 98.64, 155.04, 1.79938
_1716_, 98.64, 155.04, 1.79938
_1718_, 98.64, 155.04, 1.79938
_2059_, 98.64, 155.04, 1.79938
hold305, 98.64, 155.04, 1.79938
_1477_, 111.44, 155.04, 1.79941
_1478_, 111.44, 155.04, 1.79941
_1732_, 111.44, 155.04, 1.79941
_1735_, 111.44, 155.04, 1.79941
hold186, 111.44, 155.04, 1.79941
FILLER_0_52_222, 111.44, 155.04, 1.79941
_1039_, 124.24, 155.04, 1.79945
_1040_, 124.24, 155.04, 1.79945
_1855_, 124.24, 155.04, 1.79945
hold128, 124.24, 155.04, 1.79945
_1178_, 137.04, 155.04, 1.79951
_1488_, 137.04, 155.04, 1.79951
hold256, 137.04, 155.04, 1.79951
FILLER_0_53_272, 137.04, 155.04, 1.79951
_1182_, 149.84, 155.04, 1.79958
_2138_, 149.84, 155.04, 1.79958
hold28, 149.84, 155.04, 1.79958
hold81, 149.84, 155.04, 1.79958
hold82, 149.84, 155.04, 1.79958
FILLER_0_53_309, 149.84, 155.04, 1.79958
FILLER_0_53_317, 149.84, 155.04, 1.79958
_1194_, 162.64, 155.04, 1.79969
_1350_, 162.64, 155.04, 1.79969
_1756_, 162.64, 155.04, 1.79969
_2144_, 162.64, 155.04, 1.79969
hold3, 162.64, 155.04, 1.79969
hold27, 162.64, 155.04, 1.79969
PHY_EDGE_ROW_50_Left_113, 5.52, 149.6, 1.7997
PHY_EDGE_ROW_51_Left_114, 5.52, 149.6, 1.7997
input43, 5.52, 149.6, 1.7997
output119, 5.52, 149.6, 1.7997
FILLER_0_51_6, 5.52, 149.6, 1.7997
_1302_, 13.68, 149.6, 1.79971
_1977_, 13.68, 149.6, 1.79971
FILLER_0_50_9, 13.68, 149.6, 1.79971
FILLER_0_52_21, 13.68, 149.6, 1.79971
_2053_, 34.64, 149.6, 1.79954
hold389, 34.64, 149.6, 1.79954
FILLER_0_51_57, 34.64, 149.6, 1.79954
FILLER_0_52_68, 34.64, 149.6, 1.79954
_1309_, 47.44, 149.6, 1.79938
_1714_, 47.44, 149.6, 1.79938
_1981_, 47.44, 149.6, 1.79938
_2125_, 47.44, 149.6, 1.79938
hold188, 47.44, 149.6, 1.79938
_0997_, 60.24, 149.6, 1.79925
_1835_, 60.24, 149.6, 1.79925
_2051_, 60.24, 149.6, 1.79925
hold43, 60.24, 149.6, 1.79925
FILLER_0_50_106, 60.24, 149.6, 1.79925
FILLER_0_52_121, 60.24, 149.6, 1.79925
_1471_, 73.04, 149.6, 1.79917
_1472_, 73.04, 149.6, 1.79917
_2056_, 73.04, 149.6, 1.79917
hold218, 73.04, 149.6, 1.79917
hold413, 73.04, 149.6, 1.79917
FILLER_0_50_134, 73.04, 149.6, 1.79917
FILLER_0_51_137, 73.04, 149.6, 1.79917
FILLER_0_52_149, 73.04, 149.6, 1.79917
_1312_, 85.84, 149.6, 1.79912
_1724_, 85.84, 149.6, 1.79912
_1982_, 85.84, 149.6, 1.79912
hold47, 85.84, 149.6, 1.79912
hold357, 85.84, 149.6, 1.79912
FILLER_0_50_170, 85.84, 149.6, 1.79912
FILLER_0_51_165, 85.84, 149.6, 1.79912
FILLER_0_51_177, 85.84, 149.6, 1.79912
_1004_, 98.64, 149.6, 1.79911
_1005_, 98.64, 149.6, 1.79911
_2126_, 98.64, 149.6, 1.79911
hold53, 98.64, 149.6, 1.79911
hold54, 98.64, 149.6, 1.79911
hold405, 98.64, 149.6, 1.79911
FILLER_0_50_193, 98.64, 149.6, 1.79911
_2131_, 111.44, 149.6, 1.79912
hold49, 111.44, 149.6, 1.79912
hold50, 111.44, 149.6, 1.79912
FILLER_0_51_218, 111.44, 149.6, 1.79912
FILLER_0_51_225, 111.44, 149.6, 1.79912
_1347_, 124.24, 149.6, 1.79917
_1348_, 124.24, 149.6, 1.79917
_1999_, 124.24, 149.6, 1.79917
hold166, 124.24, 149.6, 1.79917
FILLER_0_50_248, 124.24, 149.6, 1.79917
_1025_, 137.04, 149.6, 1.79924
_1848_, 137.04, 149.6, 1.79924
_2136_, 137.04, 149.6, 1.79924
hold194, 137.04, 149.6, 1.79924
FILLER_0_51_274, 137.04, 149.6, 1.79924
FILLER_0_51_298, 137.04, 149.6, 1.79924
_1337_, 149.84, 149.6, 1.79936
_1338_, 149.84, 149.6, 1.79936
_1752_, 149.84, 149.6, 1.79936
_1757_, 149.84, 149.6, 1.79936
_1758_, 149.84, 149.6, 1.79936
_1994_, 149.84, 149.6, 1.79936
hold261, 149.84, 149.6, 1.79936
_1777_, 162.64, 149.6, 1.7995
_2000_, 162.64, 149.6, 1.7995
input63, 162.64, 149.6, 1.7995
clkbuf_leaf_14_clk, 162.64, 149.6, 1.7995
hold330, 162.64, 149.6, 1.7995
PHY_EDGE_ROW_48_Left_111, 5.52, 144.16, 1.79975
PHY_EDGE_ROW_49_Left_112, 5.52, 144.16, 1.79975
input41, 5.52, 144.16, 1.79975
output116, 5.52, 144.16, 1.79975
_1301_, 13.68, 144.16, 1.79976
FILLER_0_48_15, 13.68, 144.16, 1.79976
FILLER_0_49_18, 13.68, 144.16, 1.79976
FILLER_0_49_26, 13.68, 144.16, 1.79976
_1464_, 34.64, 144.16, 1.79962
_1465_, 34.64, 144.16, 1.79962
_1903_, 34.64, 144.16, 1.79962
hold400, 34.64, 144.16, 1.79962
FILLER_0_49_51, 34.64, 144.16, 1.79962
FILLER_0_49_57, 34.64, 144.16, 1.79962
FILLER_0_49_65, 34.64, 144.16, 1.79962
FILLER_0_49_76, 34.64, 144.16, 1.79962
FILLER_0_50_65, 34.64, 144.16, 1.79962
_0989_, 47.44, 144.16, 1.79949
_1690_, 47.44, 144.16, 1.79949
_1693_, 47.44, 144.16, 1.79949
_1715_, 47.44, 144.16, 1.79949
hold44, 47.44, 144.16, 1.79949
hold277, 47.44, 144.16, 1.79949
FILLER_0_50_94, 47.44, 144.16, 1.79949
_1305_, 60.24, 144.16, 1.79938
_1460_, 60.24, 144.16, 1.79938
_1708_, 60.24, 144.16, 1.79938
hold416, 60.24, 144.16, 1.79938
FILLER_0_49_109, 60.24, 144.16, 1.79938
FILLER_0_49_121, 60.24, 144.16, 1.79938
_1316_, 73.04, 144.16, 1.79927
_1317_, 73.04, 144.16, 1.79927
_1709_, 73.04, 144.16, 1.79927
_1984_, 73.04, 144.16, 1.79927
_2123_, 73.04, 144.16, 1.79927
hold98, 73.04, 144.16, 1.79927
FILLER_0_49_137, 73.04, 144.16, 1.79927
FILLER_0_49_148, 73.04, 144.16, 1.79927
_1313_, 85.84, 144.16, 1.79922
_1723_, 85.84, 144.16, 1.79922
_1838_, 85.84, 144.16, 1.79922
hold407, 85.84, 144.16, 1.79922
FILLER_0_49_165, 85.84, 144.16, 1.79922
FILLER_0_49_182, 85.84, 144.16, 1.79922
_1322_, 98.64, 144.16, 1.79919
_1717_, 98.64, 144.16, 1.79919
_1987_, 98.64, 144.16, 1.79919
hold139, 98.64, 144.16, 1.79919
FILLER_0_49_203, 98.64, 144.16, 1.79919
_1014_, 111.44, 144.16, 1.79919
_1323_, 111.44, 144.16, 1.79919
_1734_, 111.44, 144.16, 1.79919
clkbuf_leaf_11_clk, 111.44, 144.16, 1.79919
hold220, 111.44, 144.16, 1.79919
FILLER_0_48_218, 111.44, 144.16, 1.79919
FILLER_0_49_228, 111.44, 144.16, 1.79919
_1630_, 124.24, 144.16, 1.79926
_1849_, 124.24, 144.16, 1.79926
_1992_, 124.24, 144.16, 1.79926
FILLER_0_48_245, 124.24, 144.16, 1.79926
_1026_, 137.04, 144.16, 1.79937
_1333_, 137.04, 144.16, 1.79937
_1334_, 137.04, 144.16, 1.79937
_1751_, 137.04, 144.16, 1.79937
_1029_, 149.84, 144.16, 1.79948
_1030_, 149.84, 144.16, 1.79948
_1031_, 149.84, 144.16, 1.79948
_1032_, 149.84, 144.16, 1.79948
_1850_, 149.84, 144.16, 1.79948
FILLER_0_48_303, 149.84, 144.16, 1.79948
FILLER_0_49_310, 149.84, 144.16, 1.79948
_1041_, 162.64, 144.16, 1.79962
_1349_, 162.64, 144.16, 1.79962
_1856_, 162.64, 144.16, 1.79962
hold158, 162.64, 144.16, 1.79962
hold160, 162.64, 144.16, 1.79962
FILLER_0_48_337, 162.64, 144.16, 1.79962
FILLER_0_49_337, 162.64, 144.16, 1.79962
FILLER_0_49_349, 162.64, 144.16, 1.79962
_2049_, 5.52, 138.72, 1.79972
PHY_EDGE_ROW_46_Left_109, 5.52, 138.72, 1.79972
PHY_EDGE_ROW_47_Left_110, 5.52, 138.72, 1.79972
input35, 5.52, 138.72, 1.79972
_1457_, 13.68, 138.72, 1.79974
_1905_, 13.68, 138.72, 1.79974
hold398, 13.68, 138.72, 1.79974
_1142_, 34.64, 138.72, 1.79961
_1143_, 34.64, 138.72, 1.79961
_1831_, 34.64, 138.72, 1.79961
_2047_, 34.64, 138.72, 1.79961
hold394, 34.64, 138.72, 1.79961
FILLER_0_46_52, 34.64, 138.72, 1.79961
FILLER_0_47_57, 34.64, 138.72, 1.79961
_0990_, 47.44, 138.72, 1.7995
_1692_, 47.44, 138.72, 1.7995
_2119_, 47.44, 138.72, 1.7995
hold71, 47.44, 138.72, 1.7995
hold72, 47.44, 138.72, 1.7995
FILLER_0_46_80, 47.44, 138.72, 1.7995
FILLER_0_46_85, 47.44, 138.72, 1.7995
FILLER_0_47_84, 47.44, 138.72, 1.7995
_1151_, 60.24, 138.72, 1.79942
_1306_, 60.24, 138.72, 1.79942
_1907_, 60.24, 138.72, 1.79942
FILLER_0_47_107, 60.24, 138.72, 1.79942
FILLER_0_47_116, 60.24, 138.72, 1.79942
FILLER_0_48_125, 60.24, 138.72, 1.79942
_1707_, 73.04, 138.72, 1.79936
_1917_, 73.04, 138.72, 1.79936
hold99, 73.04, 138.72, 1.79936
hold368, 73.04, 138.72, 1.79936
_1171_, 85.84, 138.72, 1.79933
_1740_, 85.84, 138.72, 1.79933
hold105, 85.84, 138.72, 1.79933
hold281, 85.84, 138.72, 1.79933
FILLER_0_48_186, 85.84, 138.72, 1.79933
_1315_, 98.64, 138.72, 1.79931
_1470_, 98.64, 138.72, 1.79931
_1641_, 98.64, 138.72, 1.79931
_2055_, 98.64, 138.72, 1.79931
hold104, 98.64, 138.72, 1.79931
hold347, 98.64, 138.72, 1.79931
hold365, 98.64, 138.72, 1.79931
FILLER_0_47_197, 98.64, 138.72, 1.79931
FILLER_0_47_205, 98.64, 138.72, 1.79931
_1015_, 111.44, 138.72, 1.79933
_1843_, 111.44, 138.72, 1.79933
hold159, 111.44, 138.72, 1.79933
FILLER_0_46_229, 111.44, 138.72, 1.79933
_1027_, 124.24, 138.72, 1.79937
_1028_, 124.24, 138.72, 1.79937
_1490_, 124.24, 138.72, 1.79937
_1753_, 124.24, 138.72, 1.79937
hold138, 124.24, 138.72, 1.79937
_2067_, 137.04, 138.72, 1.79943
_2137_, 137.04, 138.72, 1.79943
hold84, 137.04, 138.72, 1.79943
FILLER_0_47_273, 137.04, 138.72, 1.79943
FILLER_0_48_289, 137.04, 138.72, 1.79943
FILLER_0_48_297, 137.04, 138.72, 1.79943
_1760_, 149.84, 138.72, 1.79953
_1851_, 149.84, 138.72, 1.79953
hold245, 149.84, 138.72, 1.79953
FILLER_0_46_309, 149.84, 138.72, 1.79953
FILLER_0_48_318, 149.84, 138.72, 1.79953
_1038_, 162.64, 138.72, 1.79965
_1345_, 162.64, 138.72, 1.79965
_1346_, 162.64, 138.72, 1.79965
_1854_, 162.64, 138.72, 1.79965
_1998_, 162.64, 138.72, 1.79965
hold252, 162.64, 138.72, 1.79965
FILLER_0_46_332, 162.64, 138.72, 1.79965
FILLER_0_47_329, 162.64, 138.72, 1.79965
PHY_EDGE_ROW_44_Left_107, 5.52, 133.28, 1.79958
PHY_EDGE_ROW_45_Left_108, 5.52, 133.28, 1.79958
input38, 5.52, 133.28, 1.79958
input42, 5.52, 133.28, 1.79958
FILLER_0_46_6, 5.52, 133.28, 1.79958
_1456_, 13.68, 133.28, 1.79958
_1972_, 13.68, 133.28, 1.79958
hold393, 13.68, 133.28, 1.79958
FILLER_0_45_18, 13.68, 133.28, 1.79958
_1298_, 34.64, 133.28, 1.79928
_1452_, 34.64, 133.28, 1.79928
_1453_, 34.64, 133.28, 1.79928
_1975_, 34.64, 133.28, 1.79928
FILLER_0_44_56, 34.64, 133.28, 1.79928
FILLER_0_45_51, 34.64, 133.28, 1.79928
FILLER_0_45_62, 34.64, 133.28, 1.79928
FILLER_0_45_70, 34.64, 133.28, 1.79928
_1297_, 47.44, 133.28, 1.79898
_1979_, 47.44, 133.28, 1.79898
hold376, 47.44, 133.28, 1.79898
FILLER_0_46_96, 47.44, 133.28, 1.79898
_1150_, 60.24, 133.28, 1.7987
_1459_, 60.24, 133.28, 1.7987
hold215, 60.24, 133.28, 1.7987
FILLER_0_45_113, 60.24, 133.28, 1.7987
FILLER_0_45_131, 60.24, 133.28, 1.7987
FILLER_0_46_132, 60.24, 133.28, 1.7987
_1019_, 73.04, 133.28, 1.79843
_1149_, 73.04, 133.28, 1.79843
_1845_, 73.04, 133.28, 1.79843
clkbuf_leaf_9_clk, 73.04, 133.28, 1.79843
clkbuf_2_2__f_clk, 73.04, 133.28, 1.79843
hold408, 73.04, 133.28, 1.79843
FILLER_0_45_148, 73.04, 133.28, 1.79843
_1018_, 85.84, 133.28, 1.79841
_1172_, 85.84, 133.28, 1.79841
_1326_, 85.84, 133.28, 1.79841
_2133_, 85.84, 133.28, 1.79841
hold362, 85.84, 133.28, 1.79841
hold395, 85.84, 133.28, 1.79841
FILLER_0_44_161, 85.84, 133.28, 1.79841
FILLER_0_45_165, 85.84, 133.28, 1.79841
FILLER_0_45_178, 85.84, 133.28, 1.79841
_1006_, 98.64, 133.28, 1.79841
_1314_, 98.64, 133.28, 1.79841
_1469_, 98.64, 133.28, 1.79841
_1983_, 98.64, 133.28, 1.79841
FILLER_0_45_190, 98.64, 133.28, 1.79841
FILLER_0_45_208, 98.64, 133.28, 1.79841
_2065_, 111.44, 133.28, 1.79844
clkbuf_2_3__f_clk, 111.44, 133.28, 1.79844
hold108, 111.44, 133.28, 1.79844
hold109, 111.44, 133.28, 1.79844
hold308, 111.44, 133.28, 1.79844
FILLER_0_44_224, 111.44, 133.28, 1.79844
_1180_, 124.24, 133.28, 1.79862
_1336_, 124.24, 133.28, 1.79862
_1491_, 124.24, 133.28, 1.79862
_1721_, 124.24, 133.28, 1.79862
_1993_, 124.24, 133.28, 1.79862
hold295, 124.24, 133.28, 1.79862
hold355, 124.24, 133.28, 1.79862
_1494_, 137.04, 133.28, 1.79885
_1495_, 137.04, 133.28, 1.79885
_1755_, 137.04, 133.28, 1.79885
hold83, 137.04, 133.28, 1.79885
hold320, 137.04, 133.28, 1.79885
_1184_, 149.84, 133.28, 1.79908
_2139_, 149.84, 133.28, 1.79908
hold18, 149.84, 133.28, 1.79908
hold221, 149.84, 133.28, 1.79908
_1037_, 162.64, 133.28, 1.79935
_1500_, 162.64, 133.28, 1.79935
_1761_, 162.64, 133.28, 1.79935
_1770_, 162.64, 133.28, 1.79935
_1771_, 162.64, 133.28, 1.79935
clkbuf_leaf_15_clk, 162.64, 133.28, 1.79935
hold8, 162.64, 133.28, 1.79935
hold17, 162.64, 133.28, 1.79935
PHY_EDGE_ROW_42_Left_105, 5.52, 127.84, 1.79981
PHY_EDGE_ROW_43_Left_106, 5.52, 127.84, 1.79981
input40, 5.52, 127.84, 1.79981
output115, 5.52, 127.84, 1.79981
FILLER_0_44_6, 5.52, 127.84, 1.79981
_1291_, 13.68, 127.84, 1.79981
_1292_, 13.68, 127.84, 1.79981
FILLER_0_42_11, 13.68, 127.84, 1.79981
FILLER_0_43_9, 13.68, 127.84, 1.79981
_1451_, 34.64, 127.84, 1.79963
_1683_, 34.64, 127.84, 1.79963
_1974_, 34.64, 127.84, 1.79963
_2046_, 34.64, 127.84, 1.79963
hold397, 34.64, 127.84, 1.79963
_1300_, 47.44, 127.84, 1.79948
_1976_, 47.44, 127.84, 1.79948
_2048_, 47.44, 127.84, 1.79948
hold379, 47.44, 127.84, 1.79948
FILLER_0_42_78, 47.44, 127.84, 1.79948
FILLER_0_43_82, 47.44, 127.84, 1.79948
FILLER_0_43_105, 47.44, 127.84, 1.79948
FILLER_0_44_94, 47.44, 127.84, 1.79948
_1299_, 60.24, 127.84, 1.79937
_1458_, 60.24, 127.84, 1.79937
_1696_, 60.24, 127.84, 1.79937
_2050_, 60.24, 127.84, 1.79937
hold132, 60.24, 127.84, 1.79937
hold203, 60.24, 127.84, 1.79937
FILLER_0_44_120, 60.24, 127.84, 1.79937
_1148_, 73.04, 127.84, 1.7993
_1481_, 73.04, 127.84, 1.7993
_1906_, 73.04, 127.84, 1.7993
_1327_, 85.84, 127.84, 1.79924
_1742_, 85.84, 127.84, 1.79924
_1989_, 85.84, 127.84, 1.79924
hold176, 85.84, 127.84, 1.79924
FILLER_0_43_188, 85.84, 127.84, 1.79924
_1007_, 98.64, 127.84, 1.79921
_1159_, 98.64, 127.84, 1.79921
_1839_, 98.64, 127.84, 1.79921
_1911_, 98.64, 127.84, 1.79921
hold387, 98.64, 127.84, 1.79921
FILLER_0_44_208, 98.64, 127.84, 1.79921
_1160_, 111.44, 127.84, 1.79923
_1719_, 111.44, 127.84, 1.79923
_2127_, 111.44, 127.84, 1.79923
hold279, 111.44, 127.84, 1.79923
FILLER_0_42_220, 111.44, 127.84, 1.79923
FILLER_0_43_225, 111.44, 127.84, 1.79923
FILLER_0_43_244, 111.44, 127.84, 1.79923
_1335_, 124.24, 127.84, 1.79927
_1499_, 124.24, 127.84, 1.79927
_1921_, 124.24, 127.84, 1.79927
_2069_, 124.24, 127.84, 1.79927
hold263, 124.24, 127.84, 1.79927
FILLER_0_42_246, 124.24, 127.84, 1.79927
FILLER_0_43_252, 124.24, 127.84, 1.79927
_1181_, 137.04, 127.84, 1.79936
_1754_, 137.04, 127.84, 1.79936
_1767_, 137.04, 127.84, 1.79936
_1995_, 137.04, 127.84, 1.79936
_2141_, 137.04, 127.84, 1.79936
FILLER_0_43_284, 137.04, 127.84, 1.79936
_1339_, 149.84, 127.84, 1.79948
_1340_, 149.84, 127.84, 1.79948
_1759_, 149.84, 127.84, 1.79948
_1923_, 149.84, 127.84, 1.79948
hold306, 149.84, 127.84, 1.79948
FILLER_0_42_305, 149.84, 127.84, 1.79948
_1190_, 162.64, 127.84, 1.79964
_1501_, 162.64, 127.84, 1.79964
_1926_, 162.64, 127.84, 1.79964
_2142_, 162.64, 127.84, 1.79964
hold258, 162.64, 127.84, 1.79964
_2044_, 5.52, 122.4, 1.79974
PHY_EDGE_ROW_40_Left_103, 5.52, 122.4, 1.79974
PHY_EDGE_ROW_41_Left_104, 5.52, 122.4, 1.79974
output111, 5.52, 122.4, 1.79974
_1446_, 13.68, 122.4, 1.79976
_1447_, 13.68, 122.4, 1.79976
hold313, 13.68, 122.4, 1.79976
FILLER_0_40_13, 13.68, 122.4, 1.79976
FILLER_0_41_21, 13.68, 122.4, 1.79976
_0988_, 34.64, 122.4, 1.79962
_1140_, 34.64, 122.4, 1.79962
_1295_, 34.64, 122.4, 1.79962
_1296_, 34.64, 122.4, 1.79962
_1450_, 34.64, 122.4, 1.79962
_1688_, 34.64, 122.4, 1.79962
FILLER_0_40_53, 34.64, 122.4, 1.79962
FILLER_0_41_52, 34.64, 122.4, 1.79962
_1454_, 47.44, 122.4, 1.79947
_1455_, 47.44, 122.4, 1.79947
_1832_, 47.44, 122.4, 1.79947
hold59, 47.44, 122.4, 1.79947
FILLER_0_40_81, 47.44, 122.4, 1.79947
FILLER_0_41_81, 47.44, 122.4, 1.79947
_1695_, 60.24, 122.4, 1.79935
_1703_, 60.24, 122.4, 1.79935
_1834_, 60.24, 122.4, 1.79935
hold126, 60.24, 122.4, 1.79935
hold225, 60.24, 122.4, 1.79935
FILLER_0_41_106, 60.24, 122.4, 1.79935
FILLER_0_42_123, 60.24, 122.4, 1.79935
_0995_, 73.04, 122.4, 1.79925
_1304_, 73.04, 122.4, 1.79925
_1482_, 73.04, 122.4, 1.79925
_1704_, 73.04, 122.4, 1.79925
_1978_, 73.04, 122.4, 1.79925
_2061_, 73.04, 122.4, 1.79925
hold403, 73.04, 122.4, 1.79925
FILLER_0_41_144, 73.04, 122.4, 1.79925
_1290_, 85.84, 122.4, 1.7992
_1311_, 85.84, 122.4, 1.7992
_1681_, 85.84, 122.4, 1.7992
_1691_, 85.84, 122.4, 1.7992
_1741_, 85.84, 122.4, 1.7992
_1986_, 85.84, 122.4, 1.7992
FILLER_0_40_165, 85.84, 122.4, 1.7992
FILLER_0_41_181, 85.84, 122.4, 1.7992
_1166_, 98.64, 122.4, 1.79918
_1320_, 98.64, 122.4, 1.79918
_1720_, 98.64, 122.4, 1.79918
clkbuf_leaf_10_clk, 98.64, 122.4, 1.79918
FILLER_0_41_212, 98.64, 122.4, 1.79918
_1169_, 111.44, 122.4, 1.79923
_1325_, 111.44, 122.4, 1.79923
hold235, 111.44, 122.4, 1.79923
FILLER_0_41_220, 111.44, 122.4, 1.79923
FILLER_0_41_225, 111.44, 122.4, 1.79923
FILLER_0_42_238, 111.44, 122.4, 1.79923
_1170_, 124.24, 122.4, 1.79929
_1498_, 124.24, 122.4, 1.79929
_1766_, 124.24, 122.4, 1.79929
_1925_, 124.24, 122.4, 1.79929
hold249, 124.24, 122.4, 1.79929
FILLER_0_40_247, 124.24, 122.4, 1.79929
FILLER_0_40_253, 124.24, 122.4, 1.79929
FILLER_0_41_251, 124.24, 122.4, 1.79929
_1189_, 137.04, 122.4, 1.79938
_1768_, 137.04, 122.4, 1.79938
hold75, 137.04, 122.4, 1.79938
hold76, 137.04, 122.4, 1.79938
FILLER_0_41_296, 137.04, 122.4, 1.79938
_1185_, 149.84, 122.4, 1.79948
_1187_, 149.84, 122.4, 1.79948
_1763_, 149.84, 122.4, 1.79948
_1924_, 149.84, 122.4, 1.79948
_2070_, 149.84, 122.4, 1.79948
hold311, 149.84, 122.4, 1.79948
hold351, 149.84, 122.4, 1.79948
FILLER_0_41_304, 149.84, 122.4, 1.79948
FILLER_0_42_321, 149.84, 122.4, 1.79948
_1191_, 162.64, 122.4, 1.79963
_1352_, 162.64, 122.4, 1.79963
_2001_, 162.64, 122.4, 1.79963
output138, 162.64, 122.4, 1.79963
hold149, 162.64, 122.4, 1.79963
hold206, 162.64, 122.4, 1.79963
hold226, 162.64, 122.4, 1.79963
PHY_EDGE_ROW_38_Left_101, 5.52, 116.96, 1.79971
PHY_EDGE_ROW_39_Left_102, 5.52, 116.96, 1.79971
input32, 5.52, 116.96, 1.79971
output113, 5.52, 116.96, 1.79971
_1137_, 13.68, 116.96, 1.79972
_1442_, 13.68, 116.96, 1.79972
FILLER_0_38_9, 13.68, 116.96, 1.79972
FILLER_0_39_13, 13.68, 116.96, 1.79972
FILLER_0_39_21, 13.68, 116.96, 1.79972
_1141_, 34.64, 116.96, 1.79949
_1687_, 34.64, 116.96, 1.79949
_1830_, 34.64, 116.96, 1.79949
_2118_, 34.64, 116.96, 1.79949
hold202, 34.64, 116.96, 1.79949
FILLER_0_39_57, 34.64, 116.96, 1.79949
_0991_, 47.44, 116.96, 1.79928
_0992_, 47.44, 116.96, 1.79928
_1904_, 47.44, 116.96, 1.79928
clkbuf_leaf_3_clk, 47.44, 116.96, 1.79928
hold60, 47.44, 116.96, 1.79928
FILLER_0_38_85, 47.44, 116.96, 1.79928
_0996_, 60.24, 116.96, 1.79917
_1697_, 60.24, 116.96, 1.79917
_2120_, 60.24, 116.96, 1.79917
hold93, 60.24, 116.96, 1.79917
hold94, 60.24, 116.96, 1.79917
FILLER_0_39_113, 60.24, 116.96, 1.79917
FILLER_0_40_131, 60.24, 116.96, 1.79917
_0982_, 73.04, 116.96, 1.79908
_1135_, 73.04, 116.96, 1.79908
_1303_, 73.04, 116.96, 1.79908
_1702_, 73.04, 116.96, 1.79908
hold117, 73.04, 116.96, 1.79908
hold339, 73.04, 116.96, 1.79908
FILLER_0_38_141, 73.04, 116.96, 1.79908
_1003_, 85.84, 116.96, 1.79902
_1156_, 85.84, 116.96, 1.79902
_1321_, 85.84, 116.96, 1.79902
_1583_, 85.84, 116.96, 1.79902
_1698_, 85.84, 116.96, 1.79902
_1729_, 85.84, 116.96, 1.79902
_1733_, 85.84, 116.96, 1.79902
_1842_, 85.84, 116.96, 1.79902
FILLER_0_39_181, 85.84, 116.96, 1.79902
FILLER_0_40_183, 85.84, 116.96, 1.79902
_1165_, 98.64, 116.96, 1.79899
_1730_, 98.64, 116.96, 1.79899
_1914_, 98.64, 116.96, 1.79899
_1988_, 98.64, 116.96, 1.79899
hold267, 98.64, 116.96, 1.79899
_1016_, 111.44, 116.96, 1.79901
_1324_, 111.44, 116.96, 1.79901
_1738_, 111.44, 116.96, 1.79901
_1916_, 111.44, 116.96, 1.79901
FILLER_0_39_218, 111.44, 116.96, 1.79901
FILLER_0_39_242, 111.44, 116.96, 1.79901
_1035_, 124.24, 116.96, 1.79905
_1036_, 124.24, 116.96, 1.79905
_1188_, 124.24, 116.96, 1.79905
_1332_, 124.24, 116.96, 1.79905
_1853_, 124.24, 116.96, 1.79905
clkbuf_leaf_17_clk, 124.24, 116.96, 1.79905
FILLER_0_39_263, 124.24, 116.96, 1.79905
_1342_, 137.04, 116.96, 1.79918
_1996_, 137.04, 116.96, 1.79918
_1997_, 137.04, 116.96, 1.79918
hold136, 137.04, 116.96, 1.79918
FILLER_0_40_296, 137.04, 116.96, 1.79918
_1186_, 149.84, 116.96, 1.79935
_1341_, 149.84, 116.96, 1.79935
_2140_, 149.84, 116.96, 1.79935
FILLER_0_38_303, 149.84, 116.96, 1.79935
FILLER_0_39_314, 149.84, 116.96, 1.79935
FILLER_0_40_325, 149.84, 116.96, 1.79935
_1043_, 162.64, 116.96, 1.79955
_1351_, 162.64, 116.96, 1.79955
_1857_, 162.64, 116.96, 1.79955
hold57, 162.64, 116.96, 1.79955
FILLER_0_38_338, 162.64, 116.96, 1.79955
PHY_EDGE_ROW_36_Left_99, 5.52, 111.52, 1.79972
PHY_EDGE_ROW_37_Left_100, 5.52, 111.52, 1.79972
output108, 5.52, 111.52, 1.79972
output109, 5.52, 111.52, 1.79972
_0979_, 13.68, 111.52, 1.79974
_2042_, 13.68, 111.52, 1.79974
hold152, 13.68, 111.52, 1.79974
_0987_, 34.64, 111.52, 1.79962
_1674_, 34.64, 111.52, 1.79962
_1676_, 34.64, 111.52, 1.79962
hold316, 34.64, 111.52, 1.79962
hold335, 34.64, 111.52, 1.79962
hold342, 34.64, 111.52, 1.79962
FILLER_0_37_50, 34.64, 111.52, 1.79962
FILLER_0_38_76, 34.64, 111.52, 1.79962
_1144_, 47.44, 111.52, 1.7995
_1145_, 47.44, 111.52, 1.7995
_1689_, 47.44, 111.52, 1.7995
_1823_, 47.44, 111.52, 1.7995
FILLER_0_36_79, 47.44, 111.52, 1.7995
FILLER_0_36_85, 47.44, 111.52, 1.7995
FILLER_0_37_80, 47.44, 111.52, 1.7995
FILLER_0_37_104, 47.44, 111.52, 1.7995
_0972_, 60.24, 111.52, 1.7994
_1542_, 60.24, 111.52, 1.7994
_1664_, 60.24, 111.52, 1.7994
_1665_, 60.24, 111.52, 1.7994
_1694_, 60.24, 111.52, 1.7994
hold131, 60.24, 111.52, 1.7994
FILLER_0_38_129, 60.24, 111.52, 1.7994
_1445_, 73.04, 111.52, 1.79932
_1666_, 73.04, 111.52, 1.79932
_1705_, 73.04, 111.52, 1.79932
_2111_, 73.04, 111.52, 1.79932
_2122_, 73.04, 111.52, 1.79932
hold42, 73.04, 111.52, 1.79932
FILLER_0_37_133, 73.04, 111.52, 1.79932
_1012_, 85.84, 111.52, 1.79929
_1013_, 85.84, 111.52, 1.79929
_1466_, 85.84, 111.52, 1.79929
_1547_, 85.84, 111.52, 1.79929
_1706_, 85.84, 111.52, 1.79929
hold116, 85.84, 111.52, 1.79929
hold121, 85.84, 111.52, 1.79929
FILLER_0_36_174, 85.84, 111.52, 1.79929
_1017_, 98.64, 111.52, 1.79928
_1516_, 98.64, 111.52, 1.79928
_1844_, 98.64, 111.52, 1.79928
_2130_, 98.64, 111.52, 1.79928
hold250, 98.64, 111.52, 1.79928
FILLER_0_37_189, 98.64, 111.52, 1.79928
FILLER_0_37_203, 98.64, 111.52, 1.79928
FILLER_0_38_206, 98.64, 111.52, 1.79928
_1479_, 111.44, 111.52, 1.79933
_1737_, 111.44, 111.52, 1.79933
_1739_, 111.44, 111.52, 1.79933
hold107, 111.44, 111.52, 1.79933
hold129, 111.44, 111.52, 1.79933
hold314, 111.44, 111.52, 1.79933
FILLER_0_38_244, 111.44, 111.52, 1.79933
_1024_, 124.24, 111.52, 1.79939
_1344_, 124.24, 111.52, 1.79939
_1487_, 124.24, 111.52, 1.79939
_1543_, 124.24, 111.52, 1.79939
hold106, 124.24, 111.52, 1.79939
FILLER_0_36_247, 124.24, 111.52, 1.79939
FILLER_0_37_270, 124.24, 111.52, 1.79939
_1177_, 137.04, 111.52, 1.79947
_1343_, 137.04, 111.52, 1.79947
_1765_, 137.04, 111.52, 1.79947
hold265, 137.04, 111.52, 1.79947
_1033_, 149.84, 111.52, 1.79955
_1852_, 149.84, 111.52, 1.79955
hold58, 149.84, 111.52, 1.79955
hold179, 149.84, 111.52, 1.79955
FILLER_0_37_302, 149.84, 111.52, 1.79955
FILLER_0_38_318, 149.84, 111.52, 1.79955
_1196_, 162.64, 111.52, 1.79967
_1764_, 162.64, 111.52, 1.79967
_1780_, 162.64, 111.52, 1.79967
_2073_, 162.64, 111.52, 1.79967
output142, 162.64, 111.52, 1.79967
hold210, 162.64, 111.52, 1.79967
FILLER_0_38_346, 162.64, 111.52, 1.79967
_1826_, 5.52, 106.08, 1.79969
PHY_EDGE_ROW_34_Left_97, 5.52, 106.08, 1.79969
PHY_EDGE_ROW_35_Left_98, 5.52, 106.08, 1.79969
input3, 5.52, 106.08, 1.79969
FILLER_0_35_7, 5.52, 106.08, 1.79969
_0978_, 13.68, 106.08, 1.7997
_1441_, 13.68, 106.08, 1.7997
FILLER_0_35_22, 13.68, 106.08, 1.7997
_0981_, 34.64, 106.08, 1.79953
_1443_, 34.64, 106.08, 1.79953
_1827_, 34.64, 106.08, 1.79953
_2115_, 34.64, 106.08, 1.79953
hold190, 34.64, 106.08, 1.79953
_0973_, 47.44, 106.08, 1.79939
hold77, 47.44, 106.08, 1.79939
hold78, 47.44, 106.08, 1.79939
FILLER_0_34_81, 47.44, 106.08, 1.79939
FILLER_0_35_102, 47.44, 106.08, 1.79939
_1125_, 60.24, 106.08, 1.79926
_1126_, 60.24, 106.08, 1.79926
_1895_, 60.24, 106.08, 1.79926
hold174, 60.24, 106.08, 1.79926
FILLER_0_34_110, 60.24, 106.08, 1.79926
FILLER_0_36_126, 60.24, 106.08, 1.79926
_1280_, 73.04, 106.08, 1.79916
_1663_, 73.04, 106.08, 1.79916
clkbuf_leaf_2_clk, 73.04, 106.08, 1.79916
hold41, 73.04, 106.08, 1.79916
FILLER_0_35_137, 73.04, 106.08, 1.79916
FILLER_0_35_158, 73.04, 106.08, 1.79916
FILLER_0_36_157, 73.04, 106.08, 1.79916
_0896_, 85.84, 106.08, 1.79911
_1359_, 85.84, 106.08, 1.79911
_1360_, 85.84, 106.08, 1.79911
_1475_, 85.84, 106.08, 1.79911
_1476_, 85.84, 106.08, 1.79911
_1513_, 85.84, 106.08, 1.79911
_1525_, 85.84, 106.08, 1.79911
_2058_, 85.84, 106.08, 1.79911
_0895_, 98.64, 106.08, 1.79909
_1731_, 98.64, 106.08, 1.79909
hold309, 98.64, 106.08, 1.79909
hold310, 98.64, 106.08, 1.79909
FILLER_0_35_198, 98.64, 106.08, 1.79909
_1480_, 111.44, 106.08, 1.79909
_1517_, 111.44, 106.08, 1.79909
_1728_, 111.44, 106.08, 1.79909
_1736_, 111.44, 106.08, 1.79909
_2060_, 111.44, 106.08, 1.79909
_2132_, 111.44, 106.08, 1.79909
FILLER_0_34_230, 111.44, 106.08, 1.79909
_1353_, 124.24, 106.08, 1.79913
_1509_, 124.24, 106.08, 1.79913
_1548_, 124.24, 106.08, 1.79913
_2074_, 124.24, 106.08, 1.79913
hold318, 124.24, 106.08, 1.79913
FILLER_0_35_247, 124.24, 106.08, 1.79913
FILLER_0_36_265, 124.24, 106.08, 1.79913
_1496_, 137.04, 106.08, 1.7992
_1497_, 137.04, 106.08, 1.7992
_1749_, 137.04, 106.08, 1.7992
_1781_, 137.04, 106.08, 1.7992
_2068_, 137.04, 106.08, 1.7992
_2146_, 137.04, 106.08, 1.7992
FILLER_0_35_275, 137.04, 106.08, 1.7992
FILLER_0_35_293, 137.04, 106.08, 1.7992
_1034_, 149.84, 106.08, 1.79932
_1054_, 149.84, 106.08, 1.79932
_1762_, 149.84, 106.08, 1.79932
clkbuf_leaf_16_clk, 149.84, 106.08, 1.79932
hold198, 149.84, 106.08, 1.79932
FILLER_0_34_300, 149.84, 106.08, 1.79932
_1506_, 162.64, 106.08, 1.79951
_1507_, 162.64, 106.08, 1.79951
_1518_, 162.64, 106.08, 1.79951
_1778_, 162.64, 106.08, 1.79951
_1929_, 162.64, 106.08, 1.79951
_2145_, 162.64, 106.08, 1.79951
hold248, 162.64, 106.08, 1.79951
_1970_, 5.52, 100.64, 1.79977
PHY_EDGE_ROW_32_Left_95, 5.52, 100.64, 1.79977
PHY_EDGE_ROW_33_Left_96, 5.52, 100.64, 1.79977
input76, 5.52, 100.64, 1.79977
FILLER_0_33_7, 5.52, 100.64, 1.79977
_1286_, 13.68, 100.64, 1.79978
_1287_, 13.68, 100.64, 1.79978
_1898_, 13.68, 100.64, 1.79978
hold242, 13.68, 100.64, 1.79978
_0980_, 34.64, 100.64, 1.79966
_1971_, 34.64, 100.64, 1.79966
hold289, 34.64, 100.64, 1.79966
FILLER_0_33_53, 34.64, 100.64, 1.79966
FILLER_0_33_57, 34.64, 100.64, 1.79966
FILLER_0_33_65, 34.64, 100.64, 1.79966
FILLER_0_33_76, 34.64, 100.64, 1.79966
FILLER_0_34_73, 34.64, 100.64, 1.79966
_1435_, 47.44, 100.64, 1.79954
_1436_, 47.44, 100.64, 1.79954
_1678_, 47.44, 100.64, 1.79954
_1679_, 47.44, 100.64, 1.79954
_2039_, 47.44, 100.64, 1.79954
FILLER_0_33_92, 47.44, 100.64, 1.79954
_1116_, 60.24, 100.64, 1.79944
_1281_, 60.24, 100.64, 1.79944
_1967_, 60.24, 100.64, 1.79944
hold259, 60.24, 100.64, 1.79944
hold383, 60.24, 100.64, 1.79944
FILLER_0_33_121, 60.24, 100.64, 1.79944
FILLER_0_34_126, 60.24, 100.64, 1.79944
_0967_, 73.04, 100.64, 1.79937
_1205_, 73.04, 100.64, 1.79937
_1512_, 73.04, 100.64, 1.79937
_1613_, 73.04, 100.64, 1.79937
_1820_, 73.04, 100.64, 1.79937
FILLER_0_34_152, 73.04, 100.64, 1.79937
_0894_, 85.84, 100.64, 1.79933
_0897_, 85.84, 100.64, 1.79933
_1049_, 85.84, 100.64, 1.79933
_1204_, 85.84, 100.64, 1.79933
_1524_, 85.84, 100.64, 1.79933
_1662_, 85.84, 100.64, 1.79933
_1677_, 85.84, 100.64, 1.79933
FILLER_0_32_165, 85.84, 100.64, 1.79933
_1050_, 98.64, 100.64, 1.7993
_1358_, 98.64, 100.64, 1.7993
_1521_, 98.64, 100.64, 1.7993
_1522_, 98.64, 100.64, 1.7993
_1532_, 98.64, 100.64, 1.7993
_1602_, 98.64, 100.64, 1.7993
_2075_, 98.64, 100.64, 1.7993
hold338, 98.64, 100.64, 1.7993
FILLER_0_33_195, 98.64, 100.64, 1.7993
FILLER_0_34_209, 98.64, 100.64, 1.7993
_1048_, 111.44, 100.64, 1.79932
_1511_, 111.44, 100.64, 1.79932
_1859_, 111.44, 100.64, 1.79932
_2002_, 111.44, 100.64, 1.79932
hold229, 111.44, 100.64, 1.79932
FILLER_0_33_228, 111.44, 100.64, 1.79932
FILLER_0_33_240, 111.44, 100.64, 1.79932
_1354_, 124.24, 100.64, 1.79937
_1508_, 124.24, 100.64, 1.79937
_1783_, 124.24, 100.64, 1.79937
hold127, 124.24, 100.64, 1.79937
hold352, 124.24, 100.64, 1.79937
FILLER_0_33_248, 124.24, 100.64, 1.79937
FILLER_0_34_271, 124.24, 100.64, 1.79937
_1784_, 137.04, 100.64, 1.79944
_1933_, 137.04, 100.64, 1.79944
hold61, 137.04, 100.64, 1.79944
hold62, 137.04, 100.64, 1.79944
hold268, 137.04, 100.64, 1.79944
FILLER_0_33_289, 137.04, 100.64, 1.79944
_1209_, 149.84, 100.64, 1.79955
_1861_, 149.84, 100.64, 1.79955
hold350, 149.84, 100.64, 1.79955
FILLER_0_32_300, 149.84, 100.64, 1.79955
FILLER_0_33_327, 149.84, 100.64, 1.79955
_1207_, 162.64, 100.64, 1.79968
_1208_, 162.64, 100.64, 1.79968
_1527_, 162.64, 100.64, 1.79968
_1860_, 162.64, 100.64, 1.79968
_1932_, 162.64, 100.64, 1.79968
_0969_, 5.52, 95.2, 1.79977
_1821_, 5.52, 95.2, 1.79977
PHY_EDGE_ROW_30_Left_93, 5.52, 95.2, 1.79977
PHY_EDGE_ROW_31_Left_94, 5.52, 95.2, 1.79977
hold140, 5.52, 95.2, 1.79977
_0968_, 13.68, 95.2, 1.79978
_1132_, 13.68, 95.2, 1.79978
_1276_, 13.68, 95.2, 1.79978
output103, 13.68, 95.2, 1.79978
_1133_, 34.64, 95.2, 1.79963
_1134_, 34.64, 95.2, 1.79963
_1288_, 34.64, 95.2, 1.79963
_1289_, 34.64, 95.2, 1.79963
_1658_, 34.64, 95.2, 1.79963
_1899_, 34.64, 95.2, 1.79963
FILLER_0_31_70, 34.64, 95.2, 1.79963
_2034_, 47.44, 95.2, 1.79948
hold340, 47.44, 95.2, 1.79948
FILLER_0_31_90, 47.44, 95.2, 1.79948
FILLER_0_32_101, 47.44, 95.2, 1.79948
_1115_, 60.24, 95.2, 1.79935
_1646_, 60.24, 95.2, 1.79935
_1647_, 60.24, 95.2, 1.79935
_1890_, 60.24, 95.2, 1.79935
hold381, 60.24, 95.2, 1.79935
FILLER_0_32_127, 60.24, 95.2, 1.79935
_0966_, 73.04, 95.2, 1.79924
_1429_, 73.04, 95.2, 1.79924
_1653_, 73.04, 95.2, 1.79924
hold120, 73.04, 95.2, 1.79924
hold409, 73.04, 95.2, 1.79924
FILLER_0_30_134, 73.04, 95.2, 1.79924
_1202_, 85.84, 95.2, 1.79915
_1357_, 85.84, 95.2, 1.79915
_1533_, 85.84, 95.2, 1.79915
_1557_, 85.84, 95.2, 1.79915
clkbuf_0_clk, 85.84, 95.2, 1.79915
hold168, 85.84, 95.2, 1.79915
FILLER_0_31_165, 85.84, 95.2, 1.79915
FILLER_0_31_169, 85.84, 95.2, 1.79915
FILLER_0_32_187, 85.84, 95.2, 1.79915
_1510_, 98.64, 95.2, 1.79919
_1519_, 98.64, 95.2, 1.79919
_1645_, 98.64, 95.2, 1.79919
FILLER_0_30_197, 98.64, 95.2, 1.79919
FILLER_0_31_204, 98.64, 95.2, 1.79919
_1046_, 111.44, 95.2, 1.79924
_1047_, 111.44, 95.2, 1.79924
_1785_, 111.44, 95.2, 1.79924
_1787_, 111.44, 95.2, 1.79924
_1858_, 111.44, 95.2, 1.79924
FILLER_0_31_234, 111.44, 95.2, 1.79924
_1045_, 124.24, 95.2, 1.79932
_1198_, 124.24, 95.2, 1.79932
_1199_, 124.24, 95.2, 1.79932
_1782_, 124.24, 95.2, 1.79932
_1930_, 124.24, 95.2, 1.79932
_1210_, 137.04, 95.2, 1.79942
_1550_, 137.04, 95.2, 1.79942
_1551_, 137.04, 95.2, 1.79942
_2080_, 137.04, 95.2, 1.79942
hold415, 137.04, 95.2, 1.79942
FILLER_0_30_274, 137.04, 95.2, 1.79942
FILLER_0_31_272, 137.04, 95.2, 1.79942
_0902_, 149.84, 95.2, 1.79955
_1055_, 149.84, 95.2, 1.79955
_1364_, 149.84, 95.2, 1.79955
_1531_, 149.84, 95.2, 1.79955
_1535_, 149.84, 95.2, 1.79955
hold236, 149.84, 95.2, 1.79955
hold241, 149.84, 95.2, 1.79955
FILLER_0_30_300, 149.84, 95.2, 1.79955
FILLER_0_31_305, 149.84, 95.2, 1.79955
FILLER_0_31_316, 149.84, 95.2, 1.79955
_1052_, 162.64, 95.2, 1.7997
_1362_, 162.64, 95.2, 1.7997
_1520_, 162.64, 95.2, 1.7997
_1528_, 162.64, 95.2, 1.7997
input4, 162.64, 95.2, 1.7997
hold115, 162.64, 95.2, 1.7997
_1965_, 5.52, 89.76, 1.79966
PHY_EDGE_ROW_28_Left_91, 5.52, 89.76, 1.79966
PHY_EDGE_ROW_29_Left_92, 5.52, 89.76, 1.79966
hold216, 5.52, 89.76, 1.79966
_1122_, 13.68, 89.76, 1.79967
_1431_, 13.68, 89.76, 1.79967
_1432_, 13.68, 89.76, 1.79967
_2037_, 13.68, 89.76, 1.79967
_0977_, 34.64, 89.76, 1.79949
_1130_, 34.64, 89.76, 1.79949
_1825_, 34.64, 89.76, 1.79949
_1897_, 34.64, 89.76, 1.79949
FILLER_0_29_57, 34.64, 89.76, 1.79949
FILLER_0_29_65, 34.64, 89.76, 1.79949
FILLER_0_30_65, 34.64, 89.76, 1.79949
FILLER_0_30_74, 34.64, 89.76, 1.79949
_1425_, 47.44, 89.76, 1.79931
_1426_, 47.44, 89.76, 1.79931
_1818_, 47.44, 89.76, 1.79931
_2113_, 47.44, 89.76, 1.79931
hold175, 47.44, 89.76, 1.79931
FILLER_0_29_92, 47.44, 89.76, 1.79931
_0962_, 60.24, 89.76, 1.79918
_0963_, 60.24, 89.76, 1.79918
_1270_, 60.24, 89.76, 1.79918
_1644_, 60.24, 89.76, 1.79918
hold177, 60.24, 89.76, 1.79918
FILLER_0_28_112, 60.24, 89.76, 1.79918
FILLER_0_29_122, 60.24, 89.76, 1.79918
_1120_, 73.04, 89.76, 1.79907
_1274_, 73.04, 89.76, 1.79907
_1275_, 73.04, 89.76, 1.79907
_1430_, 73.04, 89.76, 1.79907
_1964_, 73.04, 89.76, 1.79907
_2036_, 73.04, 89.76, 1.79907
FILLER_0_28_141, 73.04, 89.76, 1.79907
_1203_, 85.84, 89.76, 1.79899
_1523_, 85.84, 89.76, 1.79899
_1530_, 85.84, 89.76, 1.79899
_1585_, 85.84, 89.76, 1.79899
_1626_, 85.84, 89.76, 1.79899
_1652_, 85.84, 89.76, 1.79899
FILLER_0_28_164, 85.84, 89.76, 1.79899
FILLER_0_29_187, 85.84, 89.76, 1.79899
FILLER_0_30_178, 85.84, 89.76, 1.79899
FILLER_0_30_187, 85.84, 89.76, 1.79899
_1355_, 98.64, 89.76, 1.79893
_1356_, 98.64, 89.76, 1.79893
_1786_, 98.64, 89.76, 1.79893
_1931_, 98.64, 89.76, 1.79893
_2003_, 98.64, 89.76, 1.79893
hold275, 98.64, 89.76, 1.79893
FILLER_0_28_191, 98.64, 89.76, 1.79893
FILLER_0_30_216, 98.64, 89.76, 1.79893
_1514_, 111.44, 89.76, 1.79892
_2147_, 111.44, 89.76, 1.79892
clkbuf_leaf_18_clk, 111.44, 89.76, 1.79892
hold110, 111.44, 89.76, 1.79892
hold111, 111.44, 89.76, 1.79892
hold349, 111.44, 89.76, 1.79892
_0908_, 124.24, 89.76, 1.79902
_1216_, 124.24, 89.76, 1.79902
_1549_, 124.24, 89.76, 1.79902
_1936_, 124.24, 89.76, 1.79902
hold162, 124.24, 89.76, 1.79902
FILLER_0_29_249, 124.24, 89.76, 1.79902
FILLER_0_29_255, 124.24, 89.76, 1.79902
_1060_, 137.04, 89.76, 1.79915
_1365_, 137.04, 89.76, 1.79915
_1864_, 137.04, 89.76, 1.79915
_2005_, 137.04, 89.76, 1.79915
hold150, 137.04, 89.76, 1.79915
_0901_, 149.84, 89.76, 1.79933
_1061_, 149.84, 89.76, 1.79933
_1534_, 149.84, 89.76, 1.79933
_1789_, 149.84, 89.76, 1.79933
hold284, 149.84, 89.76, 1.79933
FILLER_0_28_309, 149.84, 89.76, 1.79933
_0899_, 162.64, 89.76, 1.79953
_1363_, 162.64, 89.76, 1.79953
_2004_, 162.64, 89.76, 1.79953
_2076_, 162.64, 89.76, 1.79953
hold37, 162.64, 89.76, 1.79953
hold341, 162.64, 89.76, 1.79953
PHY_EDGE_ROW_26_Left_89, 5.52, 84.32, 1.79977
PHY_EDGE_ROW_27_Left_90, 5.52, 84.32, 1.79977
input27, 5.52, 84.32, 1.79977
input30, 5.52, 84.32, 1.79977
output107, 5.52, 84.32, 1.79977
_1277_, 13.68, 84.32, 1.79978
_1437_, 13.68, 84.32, 1.79978
hold189, 13.68, 84.32, 1.79978
_0976_, 34.64, 84.32, 1.79965
_1129_, 34.64, 84.32, 1.79965
_1669_, 34.64, 84.32, 1.79965
hold100, 34.64, 84.32, 1.79965
hold299, 34.64, 84.32, 1.79965
_1285_, 47.44, 84.32, 1.79953
_1672_, 47.44, 84.32, 1.79953
hold87, 47.44, 84.32, 1.79953
hold88, 47.44, 84.32, 1.79953
hold411, 47.44, 84.32, 1.79953
FILLER_0_27_102, 47.44, 84.32, 1.79953
_1271_, 60.24, 84.32, 1.79943
_1962_, 60.24, 84.32, 1.79943
hold374, 60.24, 84.32, 1.79943
FILLER_0_26_112, 60.24, 84.32, 1.79943
FILLER_0_27_131, 60.24, 84.32, 1.79943
_1892_, 73.04, 84.32, 1.79935
_2108_, 73.04, 84.32, 1.79935
hold118, 73.04, 84.32, 1.79935
hold119, 73.04, 84.32, 1.79935
hold125, 73.04, 84.32, 1.79935
FILLER_0_28_147, 73.04, 84.32, 1.79935
_1596_, 85.84, 84.32, 1.79933
_1597_, 85.84, 84.32, 1.79933
_1654_, 85.84, 84.32, 1.79933
_1655_, 85.84, 84.32, 1.79933
_2093_, 85.84, 84.32, 1.79933
hold124, 85.84, 84.32, 1.79933
FILLER_0_27_177, 85.84, 84.32, 1.79933
_1200_, 98.64, 84.32, 1.79934
hold238, 98.64, 84.32, 1.79934
hold419, 98.64, 84.32, 1.79934
FILLER_0_26_197, 98.64, 84.32, 1.79934
FILLER_0_27_200, 98.64, 84.32, 1.79934
_1201_, 111.44, 84.32, 1.79936
_1575_, 111.44, 84.32, 1.79936
_2087_, 111.44, 84.32, 1.79936
hold239, 111.44, 84.32, 1.79936
hold418, 111.44, 84.32, 1.79936
FILLER_0_27_221, 111.44, 84.32, 1.79936
FILLER_0_27_243, 111.44, 84.32, 1.79936
FILLER_0_28_237, 111.44, 84.32, 1.79936
_0907_, 124.24, 84.32, 1.79941
_1215_, 124.24, 84.32, 1.79941
_1792_, 124.24, 84.32, 1.79941
FILLER_0_26_249, 124.24, 84.32, 1.79941
FILLER_0_26_253, 124.24, 84.32, 1.79941
_1370_, 137.04, 84.32, 1.79948
_1578_, 137.04, 84.32, 1.79948
hold169, 137.04, 84.32, 1.79948
hold231, 137.04, 84.32, 1.79948
FILLER_0_27_273, 137.04, 84.32, 1.79948
FILLER_0_27_298, 137.04, 84.32, 1.79948
_0911_, 149.84, 84.32, 1.79956
_1556_, 149.84, 84.32, 1.79956
_1559_, 149.84, 84.32, 1.79956
_2077_, 149.84, 84.32, 1.79956
hold38, 149.84, 84.32, 1.79956
FILLER_0_27_306, 149.84, 84.32, 1.79956
_0900_, 162.64, 84.32, 1.79968
_1788_, 162.64, 84.32, 1.79968
input72, 162.64, 84.32, 1.79968
hold29, 162.64, 84.32, 1.79968
hold114, 162.64, 84.32, 1.79968
hold273, 162.64, 84.32, 1.79968
_1128_, 5.52, 78.88, 1.79969
PHY_EDGE_ROW_24_Left_87, 5.52, 78.88, 1.79969
PHY_EDGE_ROW_25_Left_88, 5.52, 78.88, 1.79969
input29, 5.52, 78.88, 1.79969
input34, 5.52, 78.88, 1.79969
_1127_, 13.68, 78.88, 1.7997
_1896_, 13.68, 78.88, 1.7997
FILLER_0_26_24, 13.68, 78.88, 1.7997
_1284_, 34.64, 78.88, 1.79946
_1439_, 34.64, 78.88, 1.79946
_1670_, 34.64, 78.88, 1.79946
_2041_, 34.64, 78.88, 1.79946
hold191, 34.64, 78.88, 1.79946
FILLER_0_25_53, 34.64, 78.88, 1.79946
FILLER_0_25_57, 34.64, 78.88, 1.79946
FILLER_0_26_64, 34.64, 78.88, 1.79946
_1963_, 47.44, 78.88, 1.79923
clkbuf_leaf_1_clk, 47.44, 78.88, 1.79923
hold399, 47.44, 78.88, 1.79923
FILLER_0_25_86, 47.44, 78.88, 1.79923
FILLER_0_26_93, 47.44, 78.88, 1.79923
_1117_, 60.24, 78.88, 1.79911
_1118_, 60.24, 78.88, 1.79911
_1648_, 60.24, 78.88, 1.79911
_1649_, 60.24, 78.88, 1.79911
_2106_, 60.24, 78.88, 1.79911
hold401, 60.24, 78.88, 1.79911
FILLER_0_25_128, 60.24, 78.88, 1.79911
FILLER_0_26_120, 60.24, 78.88, 1.79911
_1114_, 73.04, 78.88, 1.79902
_1119_, 73.04, 78.88, 1.79902
_1424_, 73.04, 78.88, 1.79902
hold410, 73.04, 78.88, 1.79902
FILLER_0_24_135, 73.04, 78.88, 1.79902
_0935_, 85.84, 78.88, 1.79895
_1398_, 85.84, 78.88, 1.79895
_1595_, 85.84, 78.88, 1.79895
_1805_, 85.84, 78.88, 1.79895
hold173, 85.84, 78.88, 1.79895
FILLER_0_25_165, 85.84, 78.88, 1.79895
FILLER_0_25_172, 85.84, 78.88, 1.79895
FILLER_0_26_178, 85.84, 78.88, 1.79895
_0923_, 98.64, 78.88, 1.79891
_1529_, 98.64, 78.88, 1.79891
_1555_, 98.64, 78.88, 1.79891
_1799_, 98.64, 78.88, 1.79891
_2021_, 98.64, 78.88, 1.79891
hold133, 98.64, 78.88, 1.79891
_1573_, 111.44, 78.88, 1.79891
_1574_, 111.44, 78.88, 1.79891
_1800_, 111.44, 78.88, 1.79891
_2015_, 111.44, 78.88, 1.79891
FILLER_0_26_241, 111.44, 78.88, 1.79891
_0919_, 124.24, 78.88, 1.79896
_0924_, 124.24, 78.88, 1.79896
_1206_, 124.24, 78.88, 1.79896
_1371_, 124.24, 78.88, 1.79896
_2008_, 124.24, 78.88, 1.79896
hold143, 124.24, 78.88, 1.79896
FILLER_0_26_261, 124.24, 78.88, 1.79896
_0898_, 137.04, 78.88, 1.79904
_1361_, 137.04, 78.88, 1.79904
_1866_, 137.04, 78.88, 1.79904
_2088_, 137.04, 78.88, 1.79904
clkbuf_leaf_19_clk, 137.04, 78.88, 1.79904
FILLER_0_26_298, 137.04, 78.88, 1.79904
_0912_, 149.84, 78.88, 1.79922
_1064_, 149.84, 78.88, 1.79922
_1065_, 149.84, 78.88, 1.79922
_1794_, 149.84, 78.88, 1.79922
hold30, 149.84, 78.88, 1.79922
hold199, 149.84, 78.88, 1.79922
hold325, 149.84, 78.88, 1.79922
_1062_, 162.64, 78.88, 1.79945
_1372_, 162.64, 78.88, 1.79945
_1373_, 162.64, 78.88, 1.79945
_1865_, 162.64, 78.88, 1.79945
_2009_, 162.64, 78.88, 1.79945
output88, 162.64, 78.88, 1.79945
FILLER_0_24_336, 162.64, 78.88, 1.79945
_1438_, 5.52, 73.44, 1.79973
_2040_, 5.52, 73.44, 1.79973
PHY_EDGE_ROW_22_Left_85, 5.52, 73.44, 1.79973
PHY_EDGE_ROW_23_Left_86, 5.52, 73.44, 1.79973
input33, 5.52, 73.44, 1.79973
hold301, 13.68, 73.44, 1.79975
hold359, 13.68, 73.44, 1.79975
FILLER_0_23_10, 13.68, 73.44, 1.79975
FILLER_0_23_18, 13.68, 73.44, 1.79975
_1440_, 34.64, 73.44, 1.79959
_1969_, 34.64, 73.44, 1.79959
FILLER_0_22_53, 34.64, 73.44, 1.79959
FILLER_0_22_61, 34.64, 73.44, 1.79959
FILLER_0_23_57, 34.64, 73.44, 1.79959
_1272_, 47.44, 73.44, 1.79944
_1273_, 47.44, 73.44, 1.79944
_1428_, 47.44, 73.44, 1.79944
_1671_, 47.44, 73.44, 1.79944
_1891_, 47.44, 73.44, 1.79944
hold97, 47.44, 73.44, 1.79944
FILLER_0_22_85, 47.44, 73.44, 1.79944
FILLER_0_23_92, 47.44, 73.44, 1.79944
_2107_, 60.24, 73.44, 1.79932
hold317, 60.24, 73.44, 1.79932
hold382, 60.24, 73.44, 1.79932
FILLER_0_22_108, 60.24, 73.44, 1.79932
FILLER_0_23_108, 60.24, 73.44, 1.79932
FILLER_0_23_113, 60.24, 73.44, 1.79932
_0961_, 73.04, 73.44, 1.79922
_1269_, 73.04, 73.44, 1.79922
_1620_, 73.04, 73.44, 1.79922
_1627_, 73.04, 73.44, 1.79922
_2026_, 73.04, 73.44, 1.79922
hold112, 73.04, 73.44, 1.79922
hold274, 73.04, 73.44, 1.79922
FILLER_0_24_159, 73.04, 73.44, 1.79922
_0934_, 85.84, 73.44, 1.79916
_1397_, 85.84, 73.44, 1.79916
_1949_, 85.84, 73.44, 1.79916
clkbuf_leaf_25_clk, 85.84, 73.44, 1.79916
hold164, 85.84, 73.44, 1.79916
FILLER_0_23_165, 85.84, 73.44, 1.79916
FILLER_0_24_179, 85.84, 73.44, 1.79916
_0922_, 98.64, 73.44, 1.7992
_1088_, 98.64, 73.44, 1.7992
hold312, 98.64, 73.44, 1.7992
FILLER_0_23_200, 98.64, 73.44, 1.7992
_1075_, 111.44, 73.44, 1.79924
_1382_, 111.44, 73.44, 1.79924
_1385_, 111.44, 73.44, 1.79924
_1386_, 111.44, 73.44, 1.79924
hold373, 111.44, 73.44, 1.79924
FILLER_0_23_217, 111.44, 73.44, 1.79924
_0925_, 124.24, 73.44, 1.7993
_1077_, 124.24, 73.44, 1.7993
_1576_, 124.24, 73.44, 1.7993
hold348, 124.24, 73.44, 1.7993
FILLER_0_22_253, 124.24, 73.44, 1.7993
FILLER_0_23_250, 124.24, 73.44, 1.7993
_1078_, 137.04, 73.44, 1.79937
_1577_, 137.04, 73.44, 1.79937
hold213, 137.04, 73.44, 1.79937
hold417, 137.04, 73.44, 1.79937
_1374_, 149.84, 73.44, 1.79945
_1375_, 149.84, 73.44, 1.79945
_1558_, 149.84, 73.44, 1.79945
_2082_, 149.84, 73.44, 1.79945
hold292, 149.84, 73.44, 1.79945
hold372, 149.84, 73.44, 1.79945
FILLER_0_22_304, 149.84, 73.44, 1.79945
FILLER_0_23_302, 149.84, 73.44, 1.79945
_2081_, 162.64, 73.44, 1.79956
clkbuf_leaf_20_clk, 162.64, 73.44, 1.79956
hold363, 162.64, 73.44, 1.79956
FILLER_0_23_332, 162.64, 73.44, 1.79956
FILLER_0_23_337, 162.64, 73.44, 1.79956
FILLER_0_23_351, 162.64, 73.44, 1.79956
_2038_, 5.52, 68, 1.7997
PHY_EDGE_ROW_20_Left_83, 5.52, 68, 1.7997
PHY_EDGE_ROW_21_Left_84, 5.52, 68, 1.7997
output101, 5.52, 68, 1.7997
FILLER_0_22_3, 5.52, 68, 1.7997
_1124_, 13.68, 68, 1.79972
_1433_, 13.68, 68, 1.79972
_1434_, 13.68, 68, 1.79972
input28, 13.68, 68, 1.79972
FILLER_0_20_12, 13.68, 68, 1.79972
FILLER_0_21_25, 13.68, 68, 1.79972
FILLER_0_22_22, 13.68, 68, 1.79972
_0954_, 34.64, 68, 1.79952
_1107_, 34.64, 68, 1.79952
_1631_, 34.64, 68, 1.79952
_1814_, 34.64, 68, 1.79952
_1886_, 34.64, 68, 1.79952
_2102_, 34.64, 68, 1.79952
hold147, 34.64, 68, 1.79952
_0965_, 47.44, 68, 1.79935
_1427_, 47.44, 68, 1.79935
_1633_, 47.44, 68, 1.79935
_1819_, 47.44, 68, 1.79935
_0964_, 60.24, 68, 1.79921
_1650_, 60.24, 68, 1.79921
_1651_, 60.24, 68, 1.79921
hold113, 60.24, 68, 1.79921
hold412, 60.24, 68, 1.79921
FILLER_0_20_116, 60.24, 68, 1.79921
FILLER_0_21_130, 60.24, 68, 1.79921
_0940_, 73.04, 68, 1.79908
_1093_, 73.04, 68, 1.79908
_1248_, 73.04, 68, 1.79908
_1403_, 73.04, 68, 1.79908
_1408_, 73.04, 68, 1.79908
hold135, 73.04, 68, 1.79908
FILLER_0_21_140, 73.04, 68, 1.79908
_1087_, 85.84, 68, 1.79897
_1242_, 85.84, 68, 1.79897
_1243_, 85.84, 68, 1.79897
_1409_, 85.84, 68, 1.79897
_1579_, 85.84, 68, 1.79897
_1877_, 85.84, 68, 1.79897
FILLER_0_20_165, 85.84, 68, 1.79897
FILLER_0_21_181, 85.84, 68, 1.79897
_1231_, 98.64, 68, 1.79889
_1526_, 98.64, 68, 1.79889
_1943_, 98.64, 68, 1.79889
hold89, 98.64, 68, 1.79889
FILLER_0_21_195, 98.64, 68, 1.79889
_1076_, 111.44, 68, 1.79883
_1871_, 111.44, 68, 1.79883
_1944_, 111.44, 68, 1.79883
clkbuf_2_1__f_clk, 111.44, 68, 1.79883
hold290, 111.44, 68, 1.79883
FILLER_0_20_219, 111.44, 68, 1.79883
FILLER_0_22_242, 111.44, 68, 1.79883
_1227_, 124.24, 68, 1.79894
_1232_, 124.24, 68, 1.79894
_1387_, 124.24, 68, 1.79894
_1872_, 124.24, 68, 1.79894
_2016_, 124.24, 68, 1.79894
_1051_, 137.04, 68, 1.79909
_1066_, 137.04, 68, 1.79909
_1072_, 137.04, 68, 1.79909
_1515_, 137.04, 68, 1.79909
_2010_, 137.04, 68, 1.79909
FILLER_0_21_275, 137.04, 68, 1.79909
_1219_, 149.84, 68, 1.79926
_1220_, 149.84, 68, 1.79926
_1937_, 149.84, 68, 1.79926
_1938_, 149.84, 68, 1.79926
output132, 149.84, 68, 1.79926
FILLER_0_20_302, 149.84, 68, 1.79926
_0909_, 162.64, 68, 1.79949
_1217_, 162.64, 68, 1.79949
_1218_, 162.64, 68, 1.79949
_1793_, 162.64, 68, 1.79949
hold13, 162.64, 68, 1.79949
hold55, 162.64, 68, 1.79949
PHY_EDGE_ROW_18_Left_81, 5.52, 62.56, 1.79972
PHY_EDGE_ROW_19_Left_82, 5.52, 62.56, 1.79972
input31, 5.52, 62.56, 1.79972
output100, 5.52, 62.56, 1.79972
FILLER_0_19_6, 5.52, 62.56, 1.79972
_1278_, 13.68, 62.56, 1.79973
_1279_, 13.68, 62.56, 1.79973
_1966_, 13.68, 62.56, 1.79973
hold302, 13.68, 62.56, 1.79973
_0953_, 34.64, 62.56, 1.79956
_1106_, 34.64, 62.56, 1.79956
_1661_, 34.64, 62.56, 1.79956
hold253, 34.64, 62.56, 1.79956
hold276, 34.64, 62.56, 1.79956
FILLER_0_18_63, 34.64, 62.56, 1.79956
FILLER_0_20_76, 34.64, 62.56, 1.79956
_1262_, 47.44, 62.56, 1.79939
_2035_, 47.44, 62.56, 1.79939
hold95, 47.44, 62.56, 1.79939
hold96, 47.44, 62.56, 1.79939
FILLER_0_19_84, 47.44, 62.56, 1.79939
_0945_, 60.24, 62.56, 1.79924
_0946_, 60.24, 62.56, 1.79924
_1810_, 60.24, 62.56, 1.79924
hold142, 60.24, 62.56, 1.79924
_1098_, 73.04, 62.56, 1.79912
_1615_, 73.04, 62.56, 1.79912
_1616_, 73.04, 62.56, 1.79912
clkbuf_2_0__f_clk, 73.04, 62.56, 1.79912
hold86, 73.04, 62.56, 1.79912
_1393_, 85.84, 62.56, 1.79914
_1394_, 85.84, 62.56, 1.79914
_1612_, 85.84, 62.56, 1.79914
_1614_, 85.84, 62.56, 1.79914
_2019_, 85.84, 62.56, 1.79914
hold85, 85.84, 62.56, 1.79914
FILLER_0_18_174, 85.84, 62.56, 1.79914
FILLER_0_19_180, 85.84, 62.56, 1.79914
_1230_, 98.64, 62.56, 1.79919
_1541_, 98.64, 62.56, 1.79919
_1588_, 98.64, 62.56, 1.79919
hold90, 98.64, 62.56, 1.79919
FILLER_0_18_191, 98.64, 62.56, 1.79919
FILLER_0_19_210, 98.64, 62.56, 1.79919
FILLER_0_20_205, 98.64, 62.56, 1.79919
_1245_, 111.44, 62.56, 1.79925
hold103, 111.44, 62.56, 1.79925
FILLER_0_18_230, 111.44, 62.56, 1.79925
FILLER_0_19_220, 111.44, 62.56, 1.79925
FILLER_0_19_237, 111.44, 62.56, 1.79925
_1233_, 124.24, 62.56, 1.79932
_1388_, 124.24, 62.56, 1.79932
hold102, 124.24, 62.56, 1.79932
hold247, 124.24, 62.56, 1.79932
FILLER_0_19_270, 124.24, 62.56, 1.79932
_1067_, 137.04, 62.56, 1.7994
_1221_, 137.04, 62.56, 1.7994
_1561_, 137.04, 62.56, 1.7994
_1867_, 137.04, 62.56, 1.7994
hold280, 137.04, 62.56, 1.7994
_1554_, 149.84, 62.56, 1.7995
_1562_, 149.84, 62.56, 1.7995
_2011_, 149.84, 62.56, 1.7995
hold56, 149.84, 62.56, 1.7995
hold324, 149.84, 62.56, 1.7995
hold385, 149.84, 62.56, 1.7995
_0903_, 162.64, 62.56, 1.79964
_0904_, 162.64, 62.56, 1.79964
_1790_, 162.64, 62.56, 1.79964
_2006_, 162.64, 62.56, 1.79964
input7, 162.64, 62.56, 1.79964
input70, 162.64, 62.56, 1.79964
output143, 162.64, 62.56, 1.79964
hold375, 162.64, 62.56, 1.79964
PHY_EDGE_ROW_16_Left_79, 5.52, 57.12, 1.79979
PHY_EDGE_ROW_17_Left_80, 5.52, 57.12, 1.79979
input22, 5.52, 57.12, 1.79979
FILLER_0_18_3, 5.52, 57.12, 1.79979
FILLER_0_18_25, 13.68, 57.12, 1.79979
_1416_, 34.64, 57.12, 1.79957
_1632_, 34.64, 57.12, 1.79957
_1958_, 34.64, 57.12, 1.79957
_2030_, 34.64, 57.12, 1.79957
hold237, 34.64, 57.12, 1.79957
FILLER_0_17_53, 34.64, 57.12, 1.79957
_0949_, 47.44, 57.12, 1.79939
_0950_, 47.44, 57.12, 1.79939
_1413_, 47.44, 57.12, 1.79939
_1812_, 47.44, 57.12, 1.79939
FILLER_0_16_85, 47.44, 57.12, 1.79939
FILLER_0_17_89, 47.44, 57.12, 1.79939
FILLER_0_18_97, 47.44, 57.12, 1.79939
_1412_, 60.24, 57.12, 1.79924
_1622_, 60.24, 57.12, 1.79924
_1623_, 60.24, 57.12, 1.79924
_1884_, 60.24, 57.12, 1.79924
hold337, 60.24, 57.12, 1.79924
_1099_, 73.04, 57.12, 1.79911
_1103_, 73.04, 57.12, 1.79911
_1253_, 73.04, 57.12, 1.79911
_1254_, 73.04, 57.12, 1.79911
_1882_, 73.04, 57.12, 1.79911
_2098_, 73.04, 57.12, 1.79911
hold323, 73.04, 57.12, 1.79911
_0931_, 85.84, 57.12, 1.79903
_1239_, 85.84, 57.12, 1.79903
_1589_, 85.84, 57.12, 1.79903
_1947_, 85.84, 57.12, 1.79903
hold255, 85.84, 57.12, 1.79903
FILLER_0_16_164, 85.84, 57.12, 1.79903
_1590_, 98.64, 57.12, 1.79898
_1591_, 98.64, 57.12, 1.79898
_1950_, 98.64, 57.12, 1.79898
_2091_, 98.64, 57.12, 1.79898
FILLER_0_17_208, 98.64, 57.12, 1.79898
FILLER_0_17_216, 98.64, 57.12, 1.79898
_1244_, 111.44, 57.12, 1.79897
_1599_, 111.44, 57.12, 1.79897
_1600_, 111.44, 57.12, 1.79897
_2094_, 111.44, 57.12, 1.79897
clkbuf_leaf_24_clk, 111.44, 57.12, 1.79897
hold404, 111.44, 57.12, 1.79897
_1598_, 124.24, 57.12, 1.79907
_1601_, 124.24, 57.12, 1.79907
_1791_, 124.24, 57.12, 1.79907
_1939_, 124.24, 57.12, 1.79907
hold137, 124.24, 57.12, 1.79907
FILLER_0_18_261, 124.24, 57.12, 1.79907
_1222_, 137.04, 57.12, 1.79922
_1376_, 137.04, 57.12, 1.79922
_1377_, 137.04, 57.12, 1.79922
hold331, 137.04, 57.12, 1.79922
hold392, 137.04, 57.12, 1.79922
FILLER_0_16_274, 137.04, 57.12, 1.79922
FILLER_0_17_284, 137.04, 57.12, 1.79922
FILLER_0_17_295, 137.04, 57.12, 1.79922
_0913_, 149.84, 57.12, 1.79938
_0914_, 149.84, 57.12, 1.79938
_1560_, 149.84, 57.12, 1.79938
_2083_, 149.84, 57.12, 1.79938
hold165, 149.84, 57.12, 1.79938
FILLER_0_17_326, 149.84, 57.12, 1.79938
_1366_, 162.64, 57.12, 1.79957
_1367_, 162.64, 57.12, 1.79957
_1536_, 162.64, 57.12, 1.79957
_2078_, 162.64, 57.12, 1.79957
hold271, 162.64, 57.12, 1.79957
hold370, 162.64, 57.12, 1.79957
PHY_EDGE_ROW_14_Left_77, 5.52, 51.68, 1.79972
PHY_EDGE_ROW_15_Left_78, 5.52, 51.68, 1.79972
output102, 5.52, 51.68, 1.79972
output104, 5.52, 51.68, 1.79972
FILLER_0_15_21, 13.68, 51.68, 1.79974
FILLER_0_16_21, 13.68, 51.68, 1.79974
_1110_, 34.64, 51.68, 1.79957
_1111_, 34.64, 51.68, 1.79957
_1261_, 34.64, 51.68, 1.79957
_1266_, 34.64, 51.68, 1.79957
_1417_, 34.64, 51.68, 1.79957
_1637_, 34.64, 51.68, 1.79957
_1639_, 34.64, 51.68, 1.79957
hold185, 34.64, 51.68, 1.79957
_1414_, 47.44, 51.68, 1.7994
_2028_, 47.44, 51.68, 1.7994
hold282, 47.44, 51.68, 1.7994
FILLER_0_15_80, 47.44, 51.68, 1.7994
_1102_, 60.24, 51.68, 1.79926
_1257_, 60.24, 51.68, 1.79926
hold73, 60.24, 51.68, 1.79926
hold74, 60.24, 51.68, 1.79926
hold211, 60.24, 51.68, 1.79926
hold390, 60.24, 51.68, 1.79926
_1624_, 73.04, 51.68, 1.79914
_1954_, 73.04, 51.68, 1.79914
clkbuf_leaf_26_clk, 73.04, 51.68, 1.79914
_0930_, 85.84, 51.68, 1.79911
_1083_, 85.84, 51.68, 1.79911
_1238_, 85.84, 51.68, 1.79911
_1539_, 85.84, 51.68, 1.79911
_1803_, 85.84, 51.68, 1.79911
_1875_, 85.84, 51.68, 1.79911
hold377, 85.84, 51.68, 1.79911
FILLER_0_16_185, 85.84, 51.68, 1.79911
_0937_, 98.64, 51.68, 1.79913
_1084_, 98.64, 51.68, 1.79913
_1090_, 98.64, 51.68, 1.79913
_1806_, 98.64, 51.68, 1.79913
FILLER_0_14_193, 98.64, 51.68, 1.79913
FILLER_0_15_204, 98.64, 51.68, 1.79913
FILLER_0_16_205, 98.64, 51.68, 1.79913
_0936_, 111.44, 51.68, 1.79917
_1089_, 111.44, 51.68, 1.79917
_1399_, 111.44, 51.68, 1.79917
_2022_, 111.44, 51.68, 1.79917
FILLER_0_15_219, 111.44, 51.68, 1.79917
_0905_, 124.24, 51.68, 1.79923
_0906_, 124.24, 51.68, 1.79923
_1544_, 124.24, 51.68, 1.79923
_2007_, 124.24, 51.68, 1.79923
hold354, 124.24, 51.68, 1.79923
FILLER_0_14_247, 124.24, 51.68, 1.79923
FILLER_0_14_253, 124.24, 51.68, 1.79923
FILLER_0_15_261, 124.24, 51.68, 1.79923
_1368_, 137.04, 51.68, 1.79932
_1369_, 137.04, 51.68, 1.79932
_1795_, 137.04, 51.68, 1.79932
_2079_, 137.04, 51.68, 1.79932
hold40, 137.04, 51.68, 1.79932
_1225_, 149.84, 51.68, 1.79945
_1934_, 149.84, 51.68, 1.79945
FILLER_0_14_305, 149.84, 51.68, 1.79945
FILLER_0_14_309, 149.84, 51.68, 1.79945
FILLER_0_15_310, 149.84, 51.68, 1.79945
FILLER_0_16_324, 149.84, 51.68, 1.79945
_1211_, 162.64, 51.68, 1.79961
_1226_, 162.64, 51.68, 1.79961
_1537_, 162.64, 51.68, 1.79961
_1563_, 162.64, 51.68, 1.79961
_1862_, 162.64, 51.68, 1.79961
output110, 162.64, 51.68, 1.79961
PHY_EDGE_ROW_12_Left_75, 5.52, 46.24, 1.79976
PHY_EDGE_ROW_13_Left_76, 5.52, 46.24, 1.79976
output106, 5.52, 46.24, 1.79976
FILLER_0_14_21, 13.68, 46.24, 1.79977
_1265_, 34.64, 46.24, 1.79961
_1638_, 34.64, 46.24, 1.79961
_2029_, 34.64, 46.24, 1.79961
hold69, 34.64, 46.24, 1.79961
hold70, 34.64, 46.24, 1.79961
_1415_, 47.44, 46.24, 1.79947
_1628_, 47.44, 46.24, 1.79947
_1957_, 47.44, 46.24, 1.79947
FILLER_0_12_81, 47.44, 46.24, 1.79947
FILLER_0_12_88, 47.44, 46.24, 1.79947
FILLER_0_14_105, 47.44, 46.24, 1.79947
_1258_, 60.24, 46.24, 1.79935
_1260_, 60.24, 46.24, 1.79935
_1629_, 60.24, 46.24, 1.79935
_1956_, 60.24, 46.24, 1.79935
_2100_, 60.24, 46.24, 1.79935
hold269, 60.24, 46.24, 1.79935
_1404_, 73.04, 46.24, 1.79927
_1405_, 73.04, 46.24, 1.79927
_1564_, 73.04, 46.24, 1.79927
_1621_, 73.04, 46.24, 1.79927
_2024_, 73.04, 46.24, 1.79927
hold260, 73.04, 46.24, 1.79927
_1608_, 85.84, 46.24, 1.79923
hold64, 85.84, 46.24, 1.79923
hold141, 85.84, 46.24, 1.79923
FILLER_0_13_188, 85.84, 46.24, 1.79923
_1082_, 98.64, 46.24, 1.7992
_1587_, 98.64, 46.24, 1.7992
_1874_, 98.64, 46.24, 1.7992
_1878_, 98.64, 46.24, 1.7992
hold367, 98.64, 46.24, 1.7992
FILLER_0_13_213, 98.64, 46.24, 1.7992
_1080_, 111.44, 46.24, 1.79921
_1400_, 111.44, 46.24, 1.79921
_1580_, 111.44, 46.24, 1.79921
_1873_, 111.44, 46.24, 1.79921
hold161, 111.44, 46.24, 1.79921
hold414, 111.44, 46.24, 1.79921
FILLER_0_12_222, 111.44, 46.24, 1.79921
FILLER_0_13_221, 111.44, 46.24, 1.79921
FILLER_0_13_225, 111.44, 46.24, 1.79921
_1213_, 124.24, 46.24, 1.79925
_1214_, 124.24, 46.24, 1.79925
_1540_, 124.24, 46.24, 1.79925
_1935_, 124.24, 46.24, 1.79925
hold380, 124.24, 46.24, 1.79925
FILLER_0_12_249, 124.24, 46.24, 1.79925
FILLER_0_12_253, 124.24, 46.24, 1.79925
FILLER_0_13_248, 124.24, 46.24, 1.79925
FILLER_0_14_265, 124.24, 46.24, 1.79925
_1058_, 137.04, 46.24, 1.79932
_1545_, 137.04, 46.24, 1.79932
_1546_, 137.04, 46.24, 1.79932
_2013_, 137.04, 46.24, 1.79932
hold39, 137.04, 46.24, 1.79932
hold270, 137.04, 46.24, 1.79932
FILLER_0_13_277, 137.04, 46.24, 1.79932
_1380_, 149.84, 46.24, 1.79942
_1381_, 149.84, 46.24, 1.79942
_1941_, 149.84, 46.24, 1.79942
hold196, 149.84, 46.24, 1.79942
FILLER_0_12_304, 149.84, 46.24, 1.79942
_1056_, 162.64, 46.24, 1.79955
_1212_, 162.64, 46.24, 1.79955
_1379_, 162.64, 46.24, 1.79955
_2012_, 162.64, 46.24, 1.79955
input73, 162.64, 46.24, 1.79955
clkbuf_leaf_21_clk, 162.64, 46.24, 1.79955
hold298, 162.64, 46.24, 1.79955
PHY_EDGE_ROW_10_Left_73, 5.52, 40.8, 1.79976
PHY_EDGE_ROW_11_Left_74, 5.52, 40.8, 1.79976
input24, 5.52, 40.8, 1.79976
output97, 5.52, 40.8, 1.79976
FILLER_0_12_18, 13.68, 40.8, 1.79977
_1642_, 34.64, 40.8, 1.79965
_1643_, 34.64, 40.8, 1.79965
_2104_, 34.64, 40.8, 1.79965
hold46, 34.64, 40.8, 1.79965
_1105_, 47.44, 40.8, 1.79955
_1259_, 47.44, 40.8, 1.79955
hold66, 47.44, 40.8, 1.79955
hold343, 47.44, 40.8, 1.79955
hold366, 47.44, 40.8, 1.79955
FILLER_0_10_88, 47.44, 40.8, 1.79955
FILLER_0_11_78, 47.44, 40.8, 1.79955
FILLER_0_11_92, 47.44, 40.8, 1.79955
_0941_, 60.24, 40.8, 1.79948
_1880_, 60.24, 40.8, 1.79948
hold65, 60.24, 40.8, 1.79948
FILLER_0_11_106, 60.24, 40.8, 1.79948
FILLER_0_11_121, 60.24, 40.8, 1.79948
_1250_, 73.04, 40.8, 1.79942
_1606_, 73.04, 40.8, 1.79942
_1607_, 73.04, 40.8, 1.79942
_1952_, 73.04, 40.8, 1.79942
hold230, 73.04, 40.8, 1.79942
_2018_, 85.84, 40.8, 1.79939
hold63, 85.84, 40.8, 1.79939
FILLER_0_11_164, 85.84, 40.8, 1.79939
FILLER_0_11_169, 85.84, 40.8, 1.79939
FILLER_0_12_183, 85.84, 40.8, 1.79939
_1081_, 98.64, 40.8, 1.79939
_2090_, 98.64, 40.8, 1.79939
hold51, 98.64, 40.8, 1.79939
hold217, 98.64, 40.8, 1.79939
FILLER_0_10_192, 98.64, 40.8, 1.79939
_1389_, 111.44, 40.8, 1.79941
_2089_, 111.44, 40.8, 1.79941
hold92, 111.44, 40.8, 1.79941
FILLER_0_11_218, 111.44, 40.8, 1.79941
FILLER_0_11_234, 111.44, 40.8, 1.79941
_1228_, 124.24, 40.8, 1.79946
_1229_, 124.24, 40.8, 1.79946
hold91, 124.24, 40.8, 1.79946
FILLER_0_12_271, 124.24, 40.8, 1.79946
_0921_, 137.04, 40.8, 1.79952
_1059_, 137.04, 40.8, 1.79952
_1070_, 137.04, 40.8, 1.79952
_1863_, 137.04, 40.8, 1.79952
hold180, 137.04, 40.8, 1.79952
FILLER_0_10_284, 137.04, 40.8, 1.79952
FILLER_0_12_293, 137.04, 40.8, 1.79952
_1568_, 149.84, 40.8, 1.79961
_1569_, 149.84, 40.8, 1.79961
hold144, 149.84, 40.8, 1.79961
hold209, 149.84, 40.8, 1.79961
hold227, 149.84, 40.8, 1.79961
FILLER_0_12_326, 149.84, 40.8, 1.79961
_1068_, 162.64, 40.8, 1.79971
_1069_, 162.64, 40.8, 1.79971
_1223_, 162.64, 40.8, 1.79971
_1378_, 162.64, 40.8, 1.79971
_1868_, 162.64, 40.8, 1.79971
FILLER_0_11_333, 162.64, 40.8, 1.79971
PHY_EDGE_ROW_8_Left_71, 5.52, 35.36, 1.79973
PHY_EDGE_ROW_9_Left_72, 5.52, 35.36, 1.79973
output95, 5.52, 35.36, 1.79973
FILLER_0_10_21, 13.68, 35.36, 1.79974
_1813_, 34.64, 35.36, 1.79954
_2105_, 34.64, 35.36, 1.79954
hold45, 34.64, 35.36, 1.79954
FILLER_0_9_53, 34.64, 35.36, 1.79954
FILLER_0_9_57, 34.64, 35.36, 1.79954
FILLER_0_10_76, 34.64, 35.36, 1.79954
_0951_, 47.44, 35.36, 1.79936
_1104_, 47.44, 35.36, 1.79936
_1885_, 47.44, 35.36, 1.79936
_2101_, 47.44, 35.36, 1.79936
hold319, 47.44, 35.36, 1.79936
FILLER_0_8_80, 47.44, 35.36, 1.79936
_1094_, 60.24, 35.36, 1.79924
_1095_, 60.24, 35.36, 1.79924
_1251_, 60.24, 35.36, 1.79924
_1609_, 60.24, 35.36, 1.79924
_1808_, 60.24, 35.36, 1.79924
hold371, 60.24, 35.36, 1.79924
FILLER_0_8_110, 60.24, 35.36, 1.79924
_0942_, 73.04, 35.36, 1.79914
_1096_, 73.04, 35.36, 1.79914
_1249_, 73.04, 35.36, 1.79914
_2096_, 73.04, 35.36, 1.79914
hold328, 73.04, 35.36, 1.79914
hold364, 73.04, 35.36, 1.79914
FILLER_0_8_134, 73.04, 35.36, 1.79914
FILLER_0_9_153, 73.04, 35.36, 1.79914
_1391_, 85.84, 35.36, 1.79907
_1392_, 85.84, 35.36, 1.79907
_1946_, 85.84, 35.36, 1.79907
hold326, 85.84, 35.36, 1.79907
FILLER_0_8_172, 85.84, 35.36, 1.79907
FILLER_0_9_169, 85.84, 35.36, 1.79907
FILLER_0_10_176, 85.84, 35.36, 1.79907
_0929_, 98.64, 35.36, 1.79903
_1236_, 98.64, 35.36, 1.79903
_1584_, 98.64, 35.36, 1.79903
_1586_, 98.64, 35.36, 1.79903
_1802_, 98.64, 35.36, 1.79903
_2017_, 98.64, 35.36, 1.79903
hold52, 98.64, 35.36, 1.79903
hold322, 98.64, 35.36, 1.79903
FILLER_0_8_190, 98.64, 35.36, 1.79903
FILLER_0_10_213, 98.64, 35.36, 1.79903
_1079_, 111.44, 35.36, 1.79904
_1390_, 111.44, 35.36, 1.79904
_1581_, 111.44, 35.36, 1.79904
_1945_, 111.44, 35.36, 1.79904
hold333, 111.44, 35.36, 1.79904
hold396, 111.44, 35.36, 1.79904
FILLER_0_9_228, 111.44, 35.36, 1.79904
FILLER_0_9_239, 111.44, 35.36, 1.79904
_0920_, 124.24, 35.36, 1.79908
_1582_, 124.24, 35.36, 1.79908
_1942_, 124.24, 35.36, 1.79908
hold327, 124.24, 35.36, 1.79908
_1071_, 137.04, 35.36, 1.79915
_1570_, 137.04, 35.36, 1.79915
_1797_, 137.04, 35.36, 1.79915
_1869_, 137.04, 35.36, 1.79915
clkbuf_leaf_22_clk, 137.04, 35.36, 1.79915
FILLER_0_9_277, 137.04, 35.36, 1.79915
_0917_, 149.84, 35.36, 1.79932
_0918_, 149.84, 35.36, 1.79932
_2085_, 149.84, 35.36, 1.79932
hold31, 149.84, 35.36, 1.79932
hold32, 149.84, 35.36, 1.79932
_0915_, 162.64, 35.36, 1.79952
_0916_, 162.64, 35.36, 1.79952
_1224_, 162.64, 35.36, 1.79952
_1796_, 162.64, 35.36, 1.79952
_2084_, 162.64, 35.36, 1.79952
hold304, 162.64, 35.36, 1.79952
FILLER_0_9_332, 162.64, 35.36, 1.79952
FILLER_0_10_342, 162.64, 35.36, 1.79952
PHY_EDGE_ROW_6_Left_69, 5.52, 29.92, 1.79982
PHY_EDGE_ROW_7_Left_70, 5.52, 29.92, 1.79982
_0952_, 34.64, 29.92, 1.79961
hold192, 34.64, 29.92, 1.79961
hold243, 34.64, 29.92, 1.79961
hold251, 34.64, 29.92, 1.79961
FILLER_0_7_77, 34.64, 29.92, 1.79961
FILLER_0_8_72, 34.64, 29.92, 1.79961
_1625_, 47.44, 29.92, 1.79942
_1634_, 47.44, 29.92, 1.79942
clkbuf_leaf_28_clk, 47.44, 29.92, 1.79942
hold344, 47.44, 29.92, 1.79942
hold406, 47.44, 29.92, 1.79942
FILLER_0_6_85, 47.44, 29.92, 1.79942
FILLER_0_7_101, 47.44, 29.92, 1.79942
FILLER_0_8_94, 47.44, 29.92, 1.79942
_0943_, 60.24, 29.92, 1.79931
_1809_, 60.24, 29.92, 1.79931
_2025_, 60.24, 29.92, 1.79931
hold204, 60.24, 29.92, 1.79931
FILLER_0_7_113, 60.24, 29.92, 1.79931
FILLER_0_7_128, 60.24, 29.92, 1.79931
FILLER_0_8_122, 60.24, 29.92, 1.79931
_1097_, 73.04, 29.92, 1.79924
_1407_, 73.04, 29.92, 1.79924
_1610_, 73.04, 29.92, 1.79924
_1881_, 73.04, 29.92, 1.79924
_2097_, 73.04, 29.92, 1.79924
FILLER_0_6_141, 73.04, 29.92, 1.79924
FILLER_0_8_151, 73.04, 29.92, 1.79924
_1237_, 85.84, 29.92, 1.79922
_1611_, 85.84, 29.92, 1.79922
hold33, 85.84, 29.92, 1.79922
hold34, 85.84, 29.92, 1.79922
hold266, 85.84, 29.92, 1.79922
FILLER_0_7_177, 85.84, 29.92, 1.79922
FILLER_0_8_182, 85.84, 29.92, 1.79922
_0928_, 98.64, 29.92, 1.79921
_1235_, 98.64, 29.92, 1.79921
hold197, 98.64, 29.92, 1.79921
FILLER_0_6_197, 98.64, 29.92, 1.79921
FILLER_0_7_193, 98.64, 29.92, 1.79921
_0926_, 111.44, 29.92, 1.79921
_1086_, 111.44, 29.92, 1.79921
_1234_, 111.44, 29.92, 1.79921
clkbuf_leaf_23_clk, 111.44, 29.92, 1.79921
hold286, 111.44, 29.92, 1.79921
FILLER_0_7_217, 111.44, 29.92, 1.79921
_0927_, 124.24, 29.92, 1.79929
_1383_, 124.24, 29.92, 1.79929
_1798_, 124.24, 29.92, 1.79929
hold153, 124.24, 29.92, 1.79929
hold315, 124.24, 29.92, 1.79929
FILLER_0_6_253, 124.24, 29.92, 1.79929
FILLER_0_7_257, 124.24, 29.92, 1.79929
FILLER_0_8_260, 124.24, 29.92, 1.79929
_1571_, 137.04, 29.92, 1.79939
_1572_, 137.04, 29.92, 1.79939
_2086_, 137.04, 29.92, 1.79939
hold19, 137.04, 29.92, 1.79939
hold20, 137.04, 29.92, 1.79939
FILLER_0_7_272, 137.04, 29.92, 1.79939
_1567_, 149.84, 29.92, 1.79953
_1940_, 149.84, 29.92, 1.79953
hold293, 162.64, 29.92, 1.79969
FILLER_0_7_328, 162.64, 29.92, 1.79969
PHY_EDGE_ROW_4_Left_67, 5.52, 24.48, 1.79983
PHY_EDGE_ROW_5_Left_68, 5.52, 24.48, 1.79983
_1109_, 34.64, 24.48, 1.79966
_1112_, 34.64, 24.48, 1.79966
_1418_, 34.64, 24.48, 1.79966
_1419_, 34.64, 24.48, 1.79966
_1887_, 34.64, 24.48, 1.79966
FILLER_0_6_70, 34.64, 24.48, 1.79966
_1108_, 47.44, 24.48, 1.79951
_1953_, 47.44, 24.48, 1.79951
_2103_, 47.44, 24.48, 1.79951
FILLER_0_4_81, 47.44, 24.48, 1.79951
FILLER_0_5_88, 47.44, 24.48, 1.79951
_0944_, 60.24, 24.48, 1.7994
_1252_, 60.24, 24.48, 1.7994
hold15, 60.24, 24.48, 1.7994
FILLER_0_4_110, 60.24, 24.48, 1.7994
FILLER_0_6_128, 60.24, 24.48, 1.7994
_1406_, 73.04, 24.48, 1.7993
clkbuf_leaf_27_clk, 73.04, 24.48, 1.7993
FILLER_0_4_141, 73.04, 24.48, 1.7993
FILLER_0_5_146, 73.04, 24.48, 1.7993
_1091_, 85.84, 24.48, 1.79927
_1619_, 85.84, 24.48, 1.79927
_1879_, 85.84, 24.48, 1.79927
_2023_, 85.84, 24.48, 1.79927
hold9, 85.84, 24.48, 1.79927
hold332, 85.84, 24.48, 1.79927
FILLER_0_6_176, 85.84, 24.48, 1.79927
_1092_, 98.64, 24.48, 1.79929
_1396_, 98.64, 24.48, 1.79929
_1603_, 98.64, 24.48, 1.79929
_2020_, 98.64, 24.48, 1.79929
hold272, 98.64, 24.48, 1.79929
FILLER_0_5_197, 98.64, 24.48, 1.79929
FILLER_0_6_208, 98.64, 24.48, 1.79929
_1085_, 111.44, 24.48, 1.79934
_1801_, 111.44, 24.48, 1.79934
_1876_, 111.44, 24.48, 1.79934
FILLER_0_5_241, 111.44, 24.48, 1.79934
FILLER_0_6_231, 111.44, 24.48, 1.79934
_1073_, 124.24, 24.48, 1.79943
_1074_, 124.24, 24.48, 1.79943
_1384_, 124.24, 24.48, 1.79943
_2014_, 124.24, 24.48, 1.79943
FILLER_0_4_257, 124.24, 24.48, 1.79943
FILLER_0_5_270, 124.24, 24.48, 1.79943
hold246, 137.04, 24.48, 1.79954
FILLER_0_4_305, 149.84, 24.48, 1.79965
FILLER_0_5_325, 149.84, 24.48, 1.79965
FILLER_0_5_333, 162.64, 24.48, 1.79976
FILLER_0_5_349, 162.64, 24.48, 1.79976
FILLER_0_6_345, 162.64, 24.48, 1.79976
FILLER_0_6_353, 162.64, 24.48, 1.79976
PHY_EDGE_ROW_2_Left_65, 5.52, 19.04, 1.79985
PHY_EDGE_ROW_3_Left_66, 5.52, 19.04, 1.79985
_1113_, 34.64, 19.04, 1.79971
_2031_, 34.64, 19.04, 1.79971
FILLER_0_3_53, 34.64, 19.04, 1.79971
FILLER_0_3_69, 34.64, 19.04, 1.79971
FILLER_0_3_77, 34.64, 19.04, 1.79971
_1263_, 47.44, 19.04, 1.7996
_1264_, 47.44, 19.04, 1.7996
_1635_, 47.44, 19.04, 1.7996
_1636_, 47.44, 19.04, 1.7996
hold16, 47.44, 19.04, 1.7996
hold296, 47.44, 19.04, 1.7996
hold345, 47.44, 19.04, 1.7996
FILLER_0_3_105, 47.44, 19.04, 1.7996
_0948_, 60.24, 19.04, 1.7995
_0956_, 60.24, 19.04, 1.7995
_1410_, 60.24, 19.04, 1.7995
_1617_, 60.24, 19.04, 1.7995
_1811_, 60.24, 19.04, 1.7995
hold219, 60.24, 19.04, 1.7995
_1100_, 73.04, 19.04, 1.79944
_1101_, 73.04, 19.04, 1.79944
_1618_, 73.04, 19.04, 1.79944
_1883_, 73.04, 19.04, 1.79944
_2099_, 73.04, 19.04, 1.79944
hold10, 73.04, 19.04, 1.79944
FILLER_0_2_133, 73.04, 19.04, 1.79944
_1246_, 85.84, 19.04, 1.79941
_1401_, 85.84, 19.04, 1.79941
_1402_, 85.84, 19.04, 1.79941
_1604_, 85.84, 19.04, 1.79941
_1951_, 85.84, 19.04, 1.79941
hold234, 85.84, 19.04, 1.79941
_1395_, 98.64, 19.04, 1.79942
_1593_, 98.64, 19.04, 1.79942
_1605_, 98.64, 19.04, 1.79942
_2095_, 98.64, 19.04, 1.79942
hold11, 98.64, 19.04, 1.79942
hold12, 98.64, 19.04, 1.79942
FILLER_0_3_192, 98.64, 19.04, 1.79942
FILLER_0_4_204, 98.64, 19.04, 1.79942
FILLER_0_4_216, 98.64, 19.04, 1.79942
_1240_, 111.44, 19.04, 1.79946
_2092_, 111.44, 19.04, 1.79946
hold184, 111.44, 19.04, 1.79946
hold287, 111.44, 19.04, 1.79946
_1870_, 124.24, 19.04, 1.79953
hold21, 124.24, 19.04, 1.79953
FILLER_0_2_247, 124.24, 19.04, 1.79953
FILLER_0_3_269, 124.24, 19.04, 1.79953
FILLER_0_3_277, 137.04, 19.04, 1.79963
FILLER_0_2_301, 149.84, 19.04, 1.79972
FILLER_0_3_329, 162.64, 19.04, 1.79981
FILLER_0_4_345, 162.64, 19.04, 1.79981
FILLER_0_4_353, 162.64, 19.04, 1.79981
PHY_EDGE_ROW_0_Left_63, 5.52, 13.6, 1.79978
PHY_EDGE_ROW_1_Left_64, 5.52, 13.6, 1.79978
input25, 34.64, 13.6, 1.79955
output98, 34.64, 13.6, 1.79955
FILLER_0_0_57, 34.64, 13.6, 1.79955
FILLER_0_0_70, 34.64, 13.6, 1.79955
FILLER_0_1_51, 34.64, 13.6, 1.79955
FILLER_0_1_69, 34.64, 13.6, 1.79955
FILLER_0_2_77, 34.64, 13.6, 1.79955
_0955_, 47.44, 13.6, 1.79933
_1815_, 47.44, 13.6, 1.79933
_1959_, 47.44, 13.6, 1.79933
input21, 47.44, 13.6, 1.79933
input23, 47.44, 13.6, 1.79933
output94, 47.44, 13.6, 1.79933
output96, 47.44, 13.6, 1.79933
hold170, 47.44, 13.6, 1.79933
FILLER_0_0_105, 47.44, 13.6, 1.79933
_0947_, 60.24, 13.6, 1.79918
_1411_, 60.24, 13.6, 1.79918
_2027_, 60.24, 13.6, 1.79918
input16, 60.24, 13.6, 1.79918
input17, 60.24, 13.6, 1.79918
input19, 60.24, 13.6, 1.79918
input20, 60.24, 13.6, 1.79918
hold386, 60.24, 13.6, 1.79918
FILLER_0_1_113, 60.24, 13.6, 1.79918
_1255_, 73.04, 13.6, 1.79907
_1256_, 73.04, 13.6, 1.79907
_1955_, 73.04, 13.6, 1.79907
input18, 73.04, 13.6, 1.79907
output91, 73.04, 13.6, 1.79907
output93, 73.04, 13.6, 1.79907
hold346, 73.04, 13.6, 1.79907
hold369, 73.04, 13.6, 1.79907
FILLER_0_2_158, 73.04, 13.6, 1.79907
_0938_, 85.84, 13.6, 1.79901
_0939_, 85.84, 13.6, 1.79901
_1247_, 85.84, 13.6, 1.79901
_1807_, 85.84, 13.6, 1.79901
input12, 85.84, 13.6, 1.79901
input14, 85.84, 13.6, 1.79901
output89, 85.84, 13.6, 1.79901
output90, 85.84, 13.6, 1.79901
output92, 85.84, 13.6, 1.79901
FILLER_0_0_181, 85.84, 13.6, 1.79901
_0932_, 98.64, 13.6, 1.79901
_0933_, 98.64, 13.6, 1.79901
_1592_, 98.64, 13.6, 1.79901
_1804_, 98.64, 13.6, 1.79901
output85, 98.64, 13.6, 1.79901
output87, 98.64, 13.6, 1.79901
hold187, 98.64, 13.6, 1.79901
_1241_, 111.44, 13.6, 1.79906
_1594_, 111.44, 13.6, 1.79906
_1948_, 111.44, 13.6, 1.79906
input6, 111.44, 13.6, 1.79906
input9, 111.44, 13.6, 1.79906
input10, 111.44, 13.6, 1.79906
input11, 111.44, 13.6, 1.79906
output82, 111.44, 13.6, 1.79906
output83, 111.44, 13.6, 1.79906
hold22, 111.44, 13.6, 1.79906
hold291, 111.44, 13.6, 1.79906
FILLER_0_0_221, 111.44, 13.6, 1.79906
FILLER_0_0_244, 111.44, 13.6, 1.79906
input8, 124.24, 13.6, 1.79918
input13, 124.24, 13.6, 1.79918
output84, 124.24, 13.6, 1.79918
output86, 124.24, 13.6, 1.79918
FILLER_0_0_258, 124.24, 13.6, 1.79918
input5, 137.04, 13.6, 1.79932
input37, 137.04, 13.6, 1.79932
output78, 137.04, 13.6, 1.79932
output81, 137.04, 13.6, 1.79932
FILLER_0_0_286, 137.04, 13.6, 1.79932
FILLER_0_1_272, 137.04, 13.6, 1.79932
FILLER_0_0_303, 149.84, 13.6, 1.79949
FILLER_0_0_333, 162.64, 13.6, 1.79966
FILLER_0_1_329, 162.64, 13.6, 1.79966

