Instance name, X location, Y location, Voltage
FILLER_0_62_53, 25.14, 179.52, 0.000282958
FILLER_0_61_51, 25.14, 174.08, 0.000224021
FILLER_0_59_51, 25.14, 168.64, 0.000288161
_1152_, 25.14, 163.2, 0.000259629
_1836_, 25.14, 163.2, 0.000259629
hold222, 25.14, 163.2, 0.000259629
FILLER_0_57_51, 25.14, 163.2, 0.000259629
_0999_, 25.14, 157.76, 0.000448493
_1000_, 25.14, 157.76, 0.000448493
_1980_, 25.14, 157.76, 0.000448493
hold384, 25.14, 157.76, 0.000448493
_0994_, 25.14, 152.32, 0.000453302
_1700_, 25.14, 152.32, 0.000453302
_1710_, 25.14, 152.32, 0.000453302
_1711_, 25.14, 152.32, 0.000453302
_1712_, 25.14, 152.32, 0.000453302
FILLER_0_53_50, 25.14, 152.32, 0.000453302
_0993_, 25.14, 146.88, 0.000433938
_2124_, 25.14, 146.88, 0.000433938
hold68, 25.14, 146.88, 0.000433938
FILLER_0_50_46, 25.14, 146.88, 0.000433938
_1903_, 25.14, 141.44, 0.000387124
_2121_, 25.14, 141.44, 0.000387124
hold79, 25.14, 141.44, 0.000387124
hold300, 25.14, 141.44, 0.000387124
hold391, 25.14, 141.44, 0.000387124
FILLER_0_49_51, 25.14, 141.44, 0.000387124
_1701_, 25.14, 136, 0.000460287
_2047_, 25.14, 136, 0.000460287
clkbuf_leaf_5_clk, 25.14, 136, 0.000460287
FILLER_0_46_38, 25.14, 136, 0.000460287
FILLER_0_46_52, 25.14, 136, 0.000460287
_0983_, 25.14, 130.56, 0.000548728
_1828_, 25.14, 130.56, 0.000548728
hold80, 25.14, 130.56, 0.000548728
hold224, 25.14, 130.56, 0.000548728
FILLER_0_44_56, 25.14, 130.56, 0.000548728
FILLER_0_45_51, 25.14, 130.56, 0.000548728
_1451_, 25.14, 125.12, 0.000407531
_1682_, 25.14, 125.12, 0.000407531
_2046_, 25.14, 125.12, 0.000407531
_2116_, 25.14, 125.12, 0.000407531
hold35, 25.14, 125.12, 0.000407531
hold36, 25.14, 125.12, 0.000407531
_1140_, 25.14, 119.68, 0.000419347
_1680_, 25.14, 119.68, 0.000419347
hold360, 25.14, 119.68, 0.000419347
FILLER_0_40_53, 25.14, 119.68, 0.000419347
FILLER_0_41_52, 25.14, 119.68, 0.000419347
_1141_, 25.14, 114.24, 0.000467701
_1675_, 25.14, 114.24, 0.000467701
_1902_, 25.14, 114.24, 0.000467701
_2114_, 25.14, 114.24, 0.000467701
FILLER_0_38_42, 25.14, 114.24, 0.000467701
_1674_, 25.14, 108.8, 0.000400871
_2043_, 25.14, 108.8, 0.000400871
FILLER_0_37_50, 25.14, 108.8, 0.000400871
_1443_, 25.14, 103.36, 0.000441277
_1444_, 25.14, 103.36, 0.000441277
hold183, 25.14, 103.36, 0.000441277
FILLER_0_33_42, 25.14, 103.36, 0.000441277
FILLER_0_34_46, 25.14, 103.36, 0.000441277
_1657_, 25.14, 97.92, 0.00031494
_1971_, 25.14, 97.92, 0.00031494
_2109_, 25.14, 97.92, 0.00031494
hold205, 25.14, 97.92, 0.00031494
hold285, 25.14, 97.92, 0.00031494
FILLER_0_32_41, 25.14, 97.92, 0.00031494
FILLER_0_33_53, 25.14, 97.92, 0.00031494
_1658_, 25.14, 92.48, 0.000460164
_1283_, 25.14, 87.04, 0.000569439
_2112_, 25.14, 87.04, 0.000569439
clkbuf_leaf_0_clk, 25.14, 87.04, 0.000569439
hold101, 25.14, 87.04, 0.000569439
FILLER_0_27_37, 25.14, 87.04, 0.000569439
FILLER_0_28_46, 25.14, 87.04, 0.000569439
FILLER_0_29_46, 25.14, 87.04, 0.000569439
_1282_, 25.14, 81.6, 0.000556511
_1668_, 25.14, 81.6, 0.000556511
_0975_, 25.14, 76.16, 0.000542468
_1824_, 25.14, 76.16, 0.000542468
hold288, 25.14, 76.16, 0.000542468
FILLER_0_23_37, 25.14, 76.16, 0.000542468
FILLER_0_24_37, 25.14, 76.16, 0.000542468
FILLER_0_25_53, 25.14, 76.16, 0.000542468
_0971_, 25.14, 70.72, 0.000418915
_0974_, 25.14, 70.72, 0.000418915
_1660_, 25.14, 70.72, 0.000418915
hold294, 25.14, 70.72, 0.000418915
FILLER_0_22_53, 25.14, 70.72, 0.000418915
_1659_, 25.14, 65.28, 0.000507374
_1886_, 25.14, 65.28, 0.000507374
_2110_, 25.14, 65.28, 0.000507374
clkbuf_leaf_30_clk, 25.14, 65.28, 0.000507374
_1661_, 25.14, 59.84, 0.000463008
hold26, 25.14, 59.84, 0.000463008
FILLER_0_17_42, 25.14, 59.84, 0.000463008
FILLER_0_18_45, 25.14, 59.84, 0.000463008
_1888_, 25.14, 54.4, 0.000313011
hold25, 25.14, 54.4, 0.000313011
hold212, 25.14, 54.4, 0.000313011
FILLER_0_17_53, 25.14, 54.4, 0.000313011
_0957_, 25.14, 48.96, 0.000517023
_0958_, 25.14, 48.96, 0.000517023
_1111_, 25.14, 48.96, 0.000517023
_1266_, 25.14, 48.96, 0.000517023
_1420_, 25.14, 48.96, 0.000517023
_2032_, 25.14, 48.96, 0.000517023
FILLER_0_14_37, 25.14, 48.96, 0.000517023
_1421_, 25.14, 43.52, 0.0003625
_1960_, 25.14, 43.52, 0.0003625
hold334, 25.14, 43.52, 0.0003625
FILLER_0_12_39, 25.14, 43.52, 0.0003625
_0959_, 25.14, 38.08, 0.000489184
_1268_, 25.14, 38.08, 0.000489184
_1642_, 25.14, 38.08, 0.000489184
_1961_, 25.14, 38.08, 0.000489184
clkbuf_leaf_29_clk, 25.14, 38.08, 0.000489184
_1267_, 25.14, 32.64, 0.000342547
_2105_, 25.14, 32.64, 0.000342547
FILLER_0_7_39, 25.14, 32.64, 0.000342547
FILLER_0_9_53, 25.14, 32.64, 0.000342547
_1422_, 25.14, 27.2, 0.000358105
_2033_, 25.14, 27.2, 0.000358105
hold182, 25.14, 27.2, 0.000358105
hold243, 25.14, 27.2, 0.000358105
_1423_, 25.14, 21.76, 0.000218725
_1640_, 25.14, 21.76, 0.000218725
_1889_, 25.14, 21.76, 0.000218725
FILLER_0_3_39, 25.14, 21.76, 0.000218725
FILLER_0_4_41, 25.14, 21.76, 0.000218725
_1113_, 25.14, 16.32, 0.000235177
FILLER_0_3_47, 25.14, 16.32, 0.000235177
FILLER_0_3_53, 25.14, 16.32, 0.000235177
input25, 25.14, 10.88, 0.000268981
FILLER_0_0_41, 25.14, 10.88, 0.000268981
FILLER_0_0_49, 25.14, 10.88, 0.000268981
FILLER_0_1_51, 25.14, 10.88, 0.000268981
PHY_EDGE_ROW_61_Left_124, 5.52, 179.52, 0.000282958
PHY_EDGE_ROW_62_Left_125, 5.52, 179.52, 0.000282958
PHY_EDGE_ROW_61_Right_61, 177.1, 179.52, 0.00171695
PHY_EDGE_ROW_62_Right_62, 177.1, 179.52, 0.00171695
FILLER_0_61_361, 177.1, 179.52, 0.00171695
FILLER_0_62_361, 177.1, 179.52, 0.00171695
FILLER_0_62_365, 177.1, 179.52, 0.00171695
input47, 37.803, 179.52, 0.000547699
FILLER_0_62_69, 37.803, 179.52, 0.000547699
FILLER_0_62_77, 37.803, 179.52, 0.000547699
input39, 50.466, 179.52, 0.000811519
output112, 50.466, 179.52, 0.000811519
output114, 50.466, 179.52, 0.000811519
output120, 50.466, 179.52, 0.000811519
FILLER_0_62_100, 50.466, 179.52, 0.000811519
_1486_, 63.13, 179.52, 0.00103918
input44, 63.13, 179.52, 0.00103918
input45, 63.13, 179.52, 0.00103918
input51, 63.13, 179.52, 0.00103918
input56, 63.13, 179.52, 0.00103918
input58, 63.13, 179.52, 0.00103918
FILLER_0_62_118, 63.13, 179.52, 0.00103918
FILLER_0_62_125, 63.13, 179.52, 0.00103918
_2063_, 75.793, 179.52, 0.00125969
output117, 75.793, 179.52, 0.00125969
output118, 75.793, 179.52, 0.00125969
output131, 75.793, 179.52, 0.00125969
hold155, 75.793, 179.52, 0.00125969
_2135_, 88.456, 179.52, 0.00142243
input1, 88.456, 179.52, 0.00142243
output124, 88.456, 179.52, 0.00142243
hold181, 88.456, 179.52, 0.00142243
_2134_, 101.12, 179.52, 0.00154871
input53, 101.12, 179.52, 0.00154871
hold123, 101.12, 179.52, 0.00154871
hold154, 101.12, 179.52, 0.00154871
_2057_, 113.783, 179.52, 0.00164671
input49, 113.783, 179.52, 0.00164671
input50, 113.783, 179.52, 0.00164671
input57, 113.783, 179.52, 0.00164671
output122, 113.783, 179.52, 0.00164671
hold134, 113.783, 179.52, 0.00164671
hold388, 113.783, 179.52, 0.00164671
output123, 126.446, 179.52, 0.00170271
output127, 126.446, 179.52, 0.00170271
output130, 126.446, 179.52, 0.00170271
hold208, 126.446, 179.52, 0.00170271
input60, 139.11, 179.52, 0.00171695
input61, 139.11, 179.52, 0.00171695
input67, 139.11, 179.52, 0.00171695
output140, 139.11, 179.52, 0.00171695
FILLER_0_62_287, 139.11, 179.52, 0.00171695
FILLER_0_62_300, 139.11, 179.52, 0.00171695
FILLER_0_62_333, 164.436, 179.52, 0.00171695
PHY_EDGE_ROW_59_Left_122, 5.52, 174.08, 0.000224021
PHY_EDGE_ROW_60_Left_123, 5.52, 174.08, 0.000224021
PHY_EDGE_ROW_59_Right_59, 177.1, 174.08, 0.00146843
PHY_EDGE_ROW_60_Right_60, 177.1, 174.08, 0.00146843
output126, 177.1, 174.08, 0.00146843
output133, 177.1, 174.08, 0.00146843
ANTENNA_1, 177.1, 174.08, 0.00146843
FILLER_0_59_361, 177.1, 174.08, 0.00146843
FILLER_0_60_77, 37.803, 174.08, 0.000430395
FILLER_0_61_105, 50.466, 174.08, 0.000636769
_1023_, 63.13, 174.08, 0.00084316
_1847_, 63.13, 174.08, 0.00084316
_2117_, 63.13, 174.08, 0.00084316
hold356, 63.13, 174.08, 0.00084316
FILLER_0_60_121, 63.13, 174.08, 0.00084316
_1022_, 75.793, 174.08, 0.00100891
_1485_, 75.793, 174.08, 0.00100891
_1746_, 75.793, 174.08, 0.00100891
_1748_, 75.793, 174.08, 0.00100891
hold163, 75.793, 174.08, 0.00100891
FILLER_0_59_140, 75.793, 174.08, 0.00100891
FILLER_0_60_160, 75.793, 174.08, 0.00100891
_1021_, 88.456, 174.08, 0.00115993
_1747_, 88.456, 174.08, 0.00115993
_1846_, 88.456, 174.08, 0.00115993
_2062_, 88.456, 174.08, 0.00115993
input2, 88.456, 174.08, 0.00115993
output129, 88.456, 174.08, 0.00115993
hold264, 88.456, 174.08, 0.00115993
FILLER_0_59_177, 88.456, 174.08, 0.00115993
_1483_, 101.12, 174.08, 0.00125606
_1744_, 101.12, 174.08, 0.00125606
_1745_, 101.12, 174.08, 0.00125606
_1841_, 101.12, 174.08, 0.00125606
_1010_, 113.783, 174.08, 0.0013289
_1473_, 113.783, 174.08, 0.0013289
_1474_, 113.783, 174.08, 0.0013289
_1725_, 113.783, 174.08, 0.0013289
_2129_, 113.783, 174.08, 0.0013289
FILLER_0_59_225, 113.783, 174.08, 0.0013289
_1726_, 126.446, 174.08, 0.00137317
_1727_, 126.446, 174.08, 0.00137317
input54, 126.446, 174.08, 0.00137317
output125, 126.446, 174.08, 0.00137317
hold228, 126.446, 174.08, 0.00137317
FILLER_0_59_257, 126.446, 174.08, 0.00137317
FILLER_0_60_301, 139.11, 174.08, 0.00139698
FILLER_0_61_329, 151.773, 174.08, 0.0014208
FILLER_0_60_357, 164.436, 174.08, 0.00144462
PHY_EDGE_ROW_57_Left_120, 5.52, 168.64, 0.000288162
PHY_EDGE_ROW_58_Left_121, 5.52, 168.64, 0.000288162
PHY_EDGE_ROW_57_Right_57, 177.1, 168.64, 0.00211979
PHY_EDGE_ROW_58_Right_58, 177.1, 168.64, 0.00211979
input62, 177.1, 168.64, 0.00211979
input68, 177.1, 168.64, 0.00211979
output141, 177.1, 168.64, 0.00211979
FILLER_0_58_77, 37.803, 168.64, 0.00060463
_1829_, 50.466, 168.64, 0.000921099
hold361, 50.466, 168.64, 0.000921099
FILLER_0_57_92, 50.466, 168.64, 0.000921099
FILLER_0_58_109, 50.466, 168.64, 0.000921099
FILLER_0_59_105, 50.466, 168.64, 0.000921099
_1685_, 63.13, 168.64, 0.00121681
_1686_, 63.13, 168.64, 0.00121681
hold122, 63.13, 168.64, 0.00121681
hold200, 63.13, 168.64, 0.00121681
FILLER_0_58_117, 63.13, 168.64, 0.00121681
FILLER_0_58_135, 63.13, 168.64, 0.00121681
_1331_, 75.793, 168.64, 0.00150092
_1991_, 75.793, 168.64, 0.00150092
clkbuf_leaf_8_clk, 75.793, 168.64, 0.00150092
hold233, 75.793, 168.64, 0.00150092
FILLER_0_57_145, 75.793, 168.64, 0.00150092
_1020_, 88.456, 168.64, 0.00169698
_1330_, 88.456, 168.64, 0.00169698
_1484_, 88.456, 168.64, 0.00169698
_1743_, 88.456, 168.64, 0.00169698
_1990_, 88.456, 168.64, 0.00169698
FILLER_0_57_169, 88.456, 168.64, 0.00169698
_1011_, 101.12, 168.64, 0.00186501
_1319_, 101.12, 168.64, 0.00186501
_1918_, 101.12, 168.64, 0.00186501
hold178, 101.12, 168.64, 0.00186501
FILLER_0_58_221, 101.12, 168.64, 0.00186501
FILLER_0_59_213, 101.12, 168.64, 0.00186501
_1164_, 113.783, 168.64, 0.00200904
_1318_, 113.783, 168.64, 0.00200904
_1913_, 113.783, 168.64, 0.00200904
input52, 113.783, 168.64, 0.00200904
clkbuf_leaf_12_clk, 113.783, 168.64, 0.00200904
hold244, 113.783, 168.64, 0.00200904
_1774_, 126.446, 168.64, 0.00205695
_2143_, 126.446, 168.64, 0.00205695
hold148, 126.446, 168.64, 0.00205695
hold157, 126.446, 168.64, 0.00205695
hold353, 126.446, 168.64, 0.00205695
FILLER_0_57_251, 126.446, 168.64, 0.00205695
FILLER_0_58_253, 126.446, 168.64, 0.00205695
FILLER_0_59_266, 126.446, 168.64, 0.00205695
_1183_, 151.773, 168.64, 0.00208984
FILLER_0_57_310, 151.773, 168.64, 0.00208984
FILLER_0_59_329, 151.773, 168.64, 0.00208984
FILLER_0_58_357, 164.436, 168.64, 0.00210482
PHY_EDGE_ROW_55_Left_118, 5.52, 163.2, 0.000259629
PHY_EDGE_ROW_56_Left_119, 5.52, 163.2, 0.000259629
PHY_EDGE_ROW_55_Right_55, 177.1, 163.2, 0.00222487
PHY_EDGE_ROW_56_Right_56, 177.1, 163.2, 0.00222487
output135, 177.1, 163.2, 0.00222487
FILLER_0_55_18, 15.33, 163.2, 0.000259629
FILLER_0_56_29, 15.33, 163.2, 0.000259629
_1308_, 37.803, 163.2, 0.000564847
_1909_, 37.803, 163.2, 0.000564847
hold172, 37.803, 163.2, 0.000564847
FILLER_0_56_74, 37.803, 163.2, 0.000564847
FILLER_0_57_81, 37.803, 163.2, 0.000564847
_0985_, 50.466, 163.2, 0.000846824
_0986_, 50.466, 163.2, 0.000846824
_1154_, 50.466, 163.2, 0.000846824
_1973_, 50.466, 163.2, 0.000846824
hold195, 50.466, 163.2, 0.000846824
_1138_, 63.13, 163.2, 0.00110176
_1139_, 63.13, 163.2, 0.00110176
_1684_, 63.13, 163.2, 0.00110176
_1901_, 63.13, 163.2, 0.00110176
FILLER_0_55_113, 63.13, 163.2, 0.00110176
FILLER_0_56_137, 63.13, 163.2, 0.00110176
FILLER_0_57_134, 63.13, 163.2, 0.00110176
_1009_, 75.793, 163.2, 0.00133059
_1175_, 75.793, 163.2, 0.00133059
_1176_, 75.793, 163.2, 0.00133059
_1840_, 75.793, 163.2, 0.00133059
_1919_, 75.793, 163.2, 0.00133059
FILLER_0_55_141, 75.793, 163.2, 0.00133059
_1174_, 88.456, 163.2, 0.00152012
_1328_, 88.456, 163.2, 0.00152012
_1329_, 88.456, 163.2, 0.00152012
hold167, 88.456, 163.2, 0.00152012
FILLER_0_55_177, 88.456, 163.2, 0.00152012
FILLER_0_56_174, 88.456, 163.2, 0.00152012
FILLER_0_56_192, 88.456, 163.2, 0.00152012
_1158_, 101.12, 163.2, 0.00170084
_1173_, 101.12, 163.2, 0.00170084
_1985_, 101.12, 163.2, 0.00170084
hold214, 101.12, 163.2, 0.00170084
FILLER_0_56_206, 101.12, 163.2, 0.00170084
FILLER_0_57_219, 101.12, 163.2, 0.00170084
_1163_, 113.783, 163.2, 0.00185685
_1167_, 113.783, 163.2, 0.00185685
hold232, 113.783, 163.2, 0.00185685
FILLER_0_56_230, 113.783, 163.2, 0.00185685
_1502_, 126.446, 163.2, 0.00200476
_1503_, 126.446, 163.2, 0.00200476
_1773_, 126.446, 163.2, 0.00200476
_1927_, 126.446, 163.2, 0.00200476
_2071_, 126.446, 163.2, 0.00200476
FILLER_0_57_273, 126.446, 163.2, 0.00200476
_1179_, 139.11, 163.2, 0.00211216
_1489_, 139.11, 163.2, 0.00211216
_1920_, 139.11, 163.2, 0.00211216
_2064_, 139.11, 163.2, 0.00211216
hold336, 139.11, 163.2, 0.00211216
hold402, 139.11, 163.2, 0.00211216
FILLER_0_56_301, 139.11, 163.2, 0.00211216
_1922_, 151.773, 163.2, 0.00217349
hold262, 151.773, 163.2, 0.00217349
FILLER_0_56_309, 151.773, 163.2, 0.00217349
FILLER_0_57_330, 151.773, 163.2, 0.00217349
_1195_, 164.436, 163.2, 0.00221351
_1775_, 164.436, 163.2, 0.00221351
_2072_, 164.436, 163.2, 0.00221351
hold240, 164.436, 163.2, 0.00221351
hold329, 164.436, 163.2, 0.00221351
FILLER_0_56_336, 164.436, 163.2, 0.00221351
FILLER_0_57_349, 164.436, 163.2, 0.00221351
PHY_EDGE_ROW_53_Left_116, 5.52, 157.76, 0.000486824
PHY_EDGE_ROW_54_Left_117, 5.52, 157.76, 0.000486824
input46, 5.52, 157.76, 0.000486824
output105, 5.52, 157.76, 0.000486824
PHY_EDGE_ROW_53_Right_53, 177.1, 157.76, 0.00281561
PHY_EDGE_ROW_54_Right_54, 177.1, 157.76, 0.00281561
FILLER_0_54_365, 177.1, 157.76, 0.00281561
_1153_, 15.33, 157.76, 0.000476359
_1462_, 15.33, 157.76, 0.000476359
_1463_, 15.33, 157.76, 0.000476359
_1908_, 15.33, 157.76, 0.000476359
FILLER_0_53_15, 15.33, 157.76, 0.000476359
FILLER_0_54_21, 15.33, 157.76, 0.000476359
_1002_, 37.803, 157.76, 0.000885066
_1155_, 37.803, 157.76, 0.000885066
_1307_, 37.803, 157.76, 0.000885066
_1837_, 37.803, 157.76, 0.000885066
clkbuf_leaf_6_clk, 37.803, 157.76, 0.000885066
hold193, 37.803, 157.76, 0.000885066
FILLER_0_54_78, 37.803, 157.76, 0.000885066
_1001_, 50.466, 157.76, 0.00124747
_1293_, 50.466, 157.76, 0.00124747
clkbuf_leaf_7_clk, 50.466, 157.76, 0.00124747
hold130, 50.466, 157.76, 0.00124747
FILLER_0_53_86, 50.466, 157.76, 0.00124747
FILLER_0_54_94, 50.466, 157.76, 0.00124747
_1448_, 63.13, 157.76, 0.00154585
_1449_, 63.13, 157.76, 0.00154585
_2045_, 63.13, 157.76, 0.00154585
FILLER_0_53_117, 63.13, 157.76, 0.00154585
FILLER_0_54_133, 63.13, 157.76, 0.00154585
_1008_, 75.793, 157.76, 0.00182372
_1161_, 75.793, 157.76, 0.00182372
_1162_, 75.793, 157.76, 0.00182372
_1722_, 75.793, 157.76, 0.00182372
_1912_, 75.793, 157.76, 0.00182372
FILLER_0_53_146, 75.793, 157.76, 0.00182372
_1468_, 88.456, 157.76, 0.00207696
_2054_, 88.456, 157.76, 0.00207696
_2128_, 88.456, 157.76, 0.00207696
hold297, 88.456, 157.76, 0.00207696
FILLER_0_54_173, 88.456, 157.76, 0.00207696
FILLER_0_55_185, 88.456, 157.76, 0.00207696
_1157_, 101.12, 157.76, 0.00228856
_1910_, 101.12, 157.76, 0.00228856
_2059_, 101.12, 157.76, 0.00228856
hold305, 101.12, 157.76, 0.00228856
FILLER_0_55_215, 101.12, 157.76, 0.00228856
_1168_, 113.783, 157.76, 0.00245965
_1477_, 113.783, 157.76, 0.00245965
_1915_, 113.783, 157.76, 0.00245965
hold186, 113.783, 157.76, 0.00245965
hold257, 113.783, 157.76, 0.00245965
FILLER_0_54_245, 113.783, 157.76, 0.00245965
FILLER_0_55_247, 113.783, 157.76, 0.00245965
_1039_, 126.446, 157.76, 0.00260223
_1192_, 126.446, 157.76, 0.00260223
_1193_, 126.446, 157.76, 0.00260223
_1772_, 126.446, 157.76, 0.00260223
FILLER_0_54_276, 126.446, 157.76, 0.00260223
_1178_, 139.11, 157.76, 0.00273442
_1488_, 139.11, 157.76, 0.00273442
_2066_, 139.11, 157.76, 0.00273442
clkbuf_leaf_13_clk, 139.11, 157.76, 0.00273442
_1182_, 151.773, 157.76, 0.00278308
_1492_, 151.773, 157.76, 0.00278308
_1493_, 151.773, 157.76, 0.00278308
_1750_, 151.773, 157.76, 0.00278308
hold28, 151.773, 157.76, 0.00278308
hold303, 151.773, 157.76, 0.00278308
FILLER_0_53_309, 151.773, 157.76, 0.00278308
FILLER_0_53_317, 151.773, 157.76, 0.00278308
_1194_, 164.436, 157.76, 0.00281561
_1504_, 164.436, 157.76, 0.00281561
_1505_, 164.436, 157.76, 0.00281561
_1928_, 164.436, 157.76, 0.00281561
hold4, 164.436, 157.76, 0.00281561
hold27, 164.436, 157.76, 0.00281561
PHY_EDGE_ROW_51_Left_114, 5.52, 152.32, 0.000499617
PHY_EDGE_ROW_52_Left_115, 5.52, 152.32, 0.000499617
output119, 5.52, 152.32, 0.000499617
_1042_, 177.1, 152.32, 0.00336875
PHY_EDGE_ROW_51_Right_51, 177.1, 152.32, 0.00336875
PHY_EDGE_ROW_52_Right_52, 177.1, 152.32, 0.00336875
output134, 177.1, 152.32, 0.00336875
_1977_, 15.33, 152.32, 0.000489778
_2052_, 15.33, 152.32, 0.000489778
FILLER_0_52_21, 15.33, 152.32, 0.000489778
FILLER_0_52_29, 15.33, 152.32, 0.000489778
_2053_, 37.803, 152.32, 0.000860868
hold67, 37.803, 152.32, 0.000860868
hold389, 37.803, 152.32, 0.000860868
FILLER_0_51_57, 37.803, 152.32, 0.000860868
FILLER_0_52_68, 37.803, 152.32, 0.000860868
_1294_, 50.466, 152.32, 0.00124219
_1310_, 50.466, 152.32, 0.00124219
_1713_, 50.466, 152.32, 0.00124219
_1714_, 50.466, 152.32, 0.00124219
_2125_, 50.466, 152.32, 0.00124219
hold188, 50.466, 152.32, 0.00124219
FILLER_0_52_88, 50.466, 152.32, 0.00124219
FILLER_0_52_108, 50.466, 152.32, 0.00124219
_0997_, 63.13, 152.32, 0.00159441
_0998_, 63.13, 152.32, 0.00159441
_1461_, 63.13, 152.32, 0.00159441
_1835_, 63.13, 152.32, 0.00159441
hold43, 63.13, 152.32, 0.00159441
hold156, 63.13, 152.32, 0.00159441
FILLER_0_52_121, 63.13, 152.32, 0.00159441
FILLER_0_52_133, 63.13, 152.32, 0.00159441
FILLER_0_53_138, 63.13, 152.32, 0.00159441
_2056_, 75.793, 152.32, 0.00191529
hold151, 75.793, 152.32, 0.00191529
hold207, 75.793, 152.32, 0.00191529
hold413, 75.793, 152.32, 0.00191529
FILLER_0_52_149, 75.793, 152.32, 0.00191529
FILLER_0_52_166, 75.793, 152.32, 0.00191529
_1467_, 88.456, 152.32, 0.00220713
_1724_, 88.456, 152.32, 0.00220713
hold47, 88.456, 152.32, 0.00220713
hold48, 88.456, 152.32, 0.00220713
hold357, 88.456, 152.32, 0.00220713
FILLER_0_51_177, 88.456, 152.32, 0.00220713
_1478_, 101.12, 152.32, 0.00248017
_1716_, 101.12, 152.32, 0.00248017
_1718_, 101.12, 152.32, 0.00248017
_2126_, 101.12, 152.32, 0.00248017
hold53, 101.12, 152.32, 0.00248017
hold54, 101.12, 152.32, 0.00248017
_1040_, 113.783, 152.32, 0.00271833
_1732_, 113.783, 152.32, 0.00271833
_1735_, 113.783, 152.32, 0.00271833
_2131_, 113.783, 152.32, 0.00271833
hold49, 113.783, 152.32, 0.00271833
hold50, 113.783, 152.32, 0.00271833
FILLER_0_51_225, 113.783, 152.32, 0.00271833
FILLER_0_52_222, 113.783, 152.32, 0.00271833
_1855_, 126.446, 152.32, 0.00292141
hold128, 126.446, 152.32, 0.00292141
hold166, 126.446, 152.32, 0.00292141
FILLER_0_53_272, 126.446, 152.32, 0.00292141
_1025_, 139.11, 152.32, 0.00309995
_2136_, 139.11, 152.32, 0.00309995
hold82, 139.11, 152.32, 0.00309995
hold194, 139.11, 152.32, 0.00309995
hold256, 139.11, 152.32, 0.00309995
_1337_, 151.773, 152.32, 0.00324411
_1758_, 151.773, 152.32, 0.00324411
_2138_, 151.773, 152.32, 0.00324411
hold81, 151.773, 152.32, 0.00324411
hold261, 151.773, 152.32, 0.00324411
_1350_, 164.436, 152.32, 0.00335581
_1756_, 164.436, 152.32, 0.00335581
_1777_, 164.436, 152.32, 0.00335581
_2144_, 164.436, 152.32, 0.00335581
input63, 164.436, 152.32, 0.00335581
clkbuf_leaf_14_clk, 164.436, 152.32, 0.00335581
hold3, 164.436, 152.32, 0.00335581
hold171, 164.436, 152.32, 0.00335581
PHY_EDGE_ROW_49_Left_112, 5.52, 146.88, 0.000474083
PHY_EDGE_ROW_50_Left_113, 5.52, 146.88, 0.000474083
input43, 5.52, 146.88, 0.000474083
output116, 5.52, 146.88, 0.000474083
FILLER_0_50_9, 5.52, 146.88, 0.000474083
FILLER_0_51_6, 5.52, 146.88, 0.000474083
PHY_EDGE_ROW_49_Right_49, 177.1, 146.88, 0.00281333
PHY_EDGE_ROW_50_Right_50, 177.1, 146.88, 0.00281333
input66, 177.1, 146.88, 0.00281333
output139, 177.1, 146.88, 0.00281333
_1301_, 15.33, 146.88, 0.000463508
_1302_, 15.33, 146.88, 0.000463508
_1833_, 15.33, 146.88, 0.000463508
hold378, 15.33, 146.88, 0.000463508
FILLER_0_49_18, 15.33, 146.88, 0.000463508
_1464_, 37.803, 146.88, 0.000796913
_1465_, 37.803, 146.88, 0.000796913
_1981_, 37.803, 146.88, 0.000796913
hold400, 37.803, 146.88, 0.000796913
FILLER_0_49_57, 37.803, 146.88, 0.000796913
FILLER_0_49_65, 37.803, 146.88, 0.000796913
FILLER_0_50_65, 37.803, 146.88, 0.000796913
_1309_, 50.466, 146.88, 0.00113526
_1693_, 50.466, 146.88, 0.00113526
_2051_, 50.466, 146.88, 0.00113526
hold44, 50.466, 146.88, 0.00113526
hold277, 50.466, 146.88, 0.00113526
FILLER_0_50_94, 50.466, 146.88, 0.00113526
FILLER_0_50_106, 50.466, 146.88, 0.00113526
_1460_, 63.13, 146.88, 0.00144259
_1472_, 63.13, 146.88, 0.00144259
hold416, 63.13, 146.88, 0.00144259
FILLER_0_49_121, 63.13, 146.88, 0.00144259
FILLER_0_50_134, 63.13, 146.88, 0.00144259
FILLER_0_51_137, 63.13, 146.88, 0.00144259
_1317_, 75.793, 146.88, 0.00174231
_1471_, 75.793, 146.88, 0.00174231
_1984_, 75.793, 146.88, 0.00174231
hold98, 75.793, 146.88, 0.00174231
hold218, 75.793, 146.88, 0.00174231
FILLER_0_49_148, 75.793, 146.88, 0.00174231
FILLER_0_51_165, 75.793, 146.88, 0.00174231
_1005_, 88.456, 146.88, 0.00201211
_1312_, 88.456, 146.88, 0.00201211
_1313_, 88.456, 146.88, 0.00201211
_1723_, 88.456, 146.88, 0.00201211
_1982_, 88.456, 146.88, 0.00201211
hold405, 88.456, 146.88, 0.00201211
FILLER_0_50_170, 88.456, 146.88, 0.00201211
FILLER_0_50_193, 88.456, 146.88, 0.00201211
_1004_, 101.12, 146.88, 0.00225433
_1717_, 101.12, 146.88, 0.00225433
_1987_, 101.12, 146.88, 0.00225433
hold139, 101.12, 146.88, 0.00225433
FILLER_0_49_203, 101.12, 146.88, 0.00225433
FILLER_0_51_218, 101.12, 146.88, 0.00225433
_1323_, 113.783, 146.88, 0.00247244
_1734_, 113.783, 146.88, 0.00247244
_1999_, 113.783, 146.88, 0.00247244
clkbuf_leaf_11_clk, 113.783, 146.88, 0.00247244
hold220, 113.783, 146.88, 0.00247244
FILLER_0_49_228, 113.783, 146.88, 0.00247244
FILLER_0_50_248, 113.783, 146.88, 0.00247244
_1347_, 126.446, 146.88, 0.00260005
_1348_, 126.446, 146.88, 0.00260005
_1630_, 126.446, 146.88, 0.00260005
_1992_, 126.446, 146.88, 0.00260005
FILLER_0_51_274, 126.446, 146.88, 0.00260005
_1026_, 139.11, 146.88, 0.00270265
_1333_, 139.11, 146.88, 0.00270265
_1751_, 139.11, 146.88, 0.00270265
_1752_, 139.11, 146.88, 0.00270265
_1848_, 139.11, 146.88, 0.00270265
_1994_, 139.11, 146.88, 0.00270265
FILLER_0_51_298, 139.11, 146.88, 0.00270265
_1030_, 151.773, 146.88, 0.00276253
_1338_, 151.773, 146.88, 0.00276253
_1757_, 151.773, 146.88, 0.00276253
_1850_, 151.773, 146.88, 0.00276253
FILLER_0_49_310, 151.773, 146.88, 0.00276253
_1041_, 164.436, 146.88, 0.00280117
_1349_, 164.436, 146.88, 0.00280117
_1776_, 164.436, 146.88, 0.00280117
_2000_, 164.436, 146.88, 0.00280117
hold330, 164.436, 146.88, 0.00280117
FILLER_0_49_337, 164.436, 146.88, 0.00280117
PHY_EDGE_ROW_47_Left_110, 5.52, 141.44, 0.000394592
PHY_EDGE_ROW_48_Left_111, 5.52, 141.44, 0.000394592
input41, 5.52, 141.44, 0.000394592
PHY_EDGE_ROW_47_Right_47, 177.1, 141.44, 0.00245924
PHY_EDGE_ROW_48_Right_48, 177.1, 141.44, 0.00245924
output136, 177.1, 141.44, 0.00245924
_1147_, 15.33, 141.44, 0.000393707
_1699_, 15.33, 141.44, 0.000393707
hold398, 15.33, 141.44, 0.000393707
FILLER_0_48_15, 15.33, 141.44, 0.000393707
FILLER_0_49_26, 15.33, 141.44, 0.000393707
_1142_, 37.803, 141.44, 0.000712117
_1143_, 37.803, 141.44, 0.000712117
_1690_, 37.803, 141.44, 0.000712117
_1831_, 37.803, 141.44, 0.000712117
FILLER_0_47_57, 37.803, 141.44, 0.000712117
FILLER_0_49_76, 37.803, 141.44, 0.000712117
_0989_, 50.466, 141.44, 0.0010149
_1715_, 50.466, 141.44, 0.0010149
_2119_, 50.466, 141.44, 0.0010149
hold71, 50.466, 141.44, 0.0010149
hold72, 50.466, 141.44, 0.0010149
FILLER_0_47_84, 50.466, 141.44, 0.0010149
FILLER_0_49_109, 50.466, 141.44, 0.0010149
_1151_, 63.13, 141.44, 0.00128369
_1305_, 63.13, 141.44, 0.00128369
_1306_, 63.13, 141.44, 0.00128369
_1708_, 63.13, 141.44, 0.00128369
_1709_, 63.13, 141.44, 0.00128369
_1907_, 63.13, 141.44, 0.00128369
FILLER_0_47_116, 63.13, 141.44, 0.00128369
FILLER_0_48_125, 63.13, 141.44, 0.00128369
FILLER_0_49_137, 63.13, 141.44, 0.00128369
_1316_, 75.793, 141.44, 0.00152621
_1917_, 75.793, 141.44, 0.00152621
_2123_, 75.793, 141.44, 0.00152621
hold99, 75.793, 141.44, 0.00152621
FILLER_0_49_165, 75.793, 141.44, 0.00152621
_1171_, 88.456, 141.44, 0.00172548
_1740_, 88.456, 141.44, 0.00172548
_1838_, 88.456, 141.44, 0.00172548
hold105, 88.456, 141.44, 0.00172548
hold407, 88.456, 141.44, 0.00172548
FILLER_0_48_186, 88.456, 141.44, 0.00172548
FILLER_0_49_182, 88.456, 141.44, 0.00172548
_1315_, 101.12, 141.44, 0.0018952
_1322_, 101.12, 141.44, 0.0018952
_1641_, 101.12, 141.44, 0.0018952
FILLER_0_47_197, 101.12, 141.44, 0.0018952
FILLER_0_47_205, 101.12, 141.44, 0.0018952
FILLER_0_48_218, 101.12, 141.44, 0.0018952
_1014_, 113.783, 141.44, 0.00205658
_1015_, 113.783, 141.44, 0.00205658
_1843_, 113.783, 141.44, 0.00205658
hold159, 113.783, 141.44, 0.00205658
FILLER_0_48_245, 113.783, 141.44, 0.00205658
_1027_, 126.446, 141.44, 0.00219331
_1028_, 126.446, 141.44, 0.00219331
_1334_, 126.446, 141.44, 0.00219331
_1849_, 126.446, 141.44, 0.00219331
hold138, 126.446, 141.44, 0.00219331
_1032_, 139.11, 141.44, 0.00230415
_2067_, 139.11, 141.44, 0.00230415
hold84, 139.11, 141.44, 0.00230415
FILLER_0_48_289, 139.11, 141.44, 0.00230415
FILLER_0_48_297, 139.11, 141.44, 0.00230415
FILLER_0_48_303, 139.11, 141.44, 0.00230415
_1029_, 151.773, 141.44, 0.00239118
_1031_, 151.773, 141.44, 0.00239118
_1760_, 151.773, 141.44, 0.00239118
_1851_, 151.773, 141.44, 0.00239118
hold158, 151.773, 141.44, 0.00239118
hold160, 151.773, 141.44, 0.00239118
FILLER_0_48_318, 151.773, 141.44, 0.00239118
_1038_, 164.436, 141.44, 0.00244802
_1346_, 164.436, 141.44, 0.00244802
_1856_, 164.436, 141.44, 0.00244802
_1998_, 164.436, 141.44, 0.00244802
hold223, 164.436, 141.44, 0.00244802
hold252, 164.436, 141.44, 0.00244802
FILLER_0_48_337, 164.436, 141.44, 0.00244802
FILLER_0_49_349, 164.436, 141.44, 0.00244802
_2049_, 5.52, 136, 0.000507465
PHY_EDGE_ROW_45_Left_108, 5.52, 136, 0.000507465
PHY_EDGE_ROW_46_Left_109, 5.52, 136, 0.000507465
input35, 5.52, 136, 0.000507465
input38, 5.52, 136, 0.000507465
FILLER_0_46_6, 5.52, 136, 0.000507465
PHY_EDGE_ROW_45_Right_45, 177.1, 136, 0.00271844
PHY_EDGE_ROW_46_Right_46, 177.1, 136, 0.00271844
output137, 177.1, 136, 0.00271844
hold7, 177.1, 136, 0.00271844
_1146_, 15.33, 136, 0.000492709
_1456_, 15.33, 136, 0.000492709
_1457_, 15.33, 136, 0.000492709
_1905_, 15.33, 136, 0.000492709
FILLER_0_45_18, 15.33, 136, 0.000492709
_0990_, 37.803, 136, 0.00082713
_1452_, 37.803, 136, 0.00082713
_1453_, 37.803, 136, 0.00082713
hold394, 37.803, 136, 0.00082713
FILLER_0_45_62, 37.803, 136, 0.00082713
FILLER_0_45_70, 37.803, 136, 0.00082713
FILLER_0_46_80, 37.803, 136, 0.00082713
_1692_, 50.466, 136, 0.00118488
_1979_, 50.466, 136, 0.00118488
hold376, 50.466, 136, 0.00118488
FILLER_0_46_85, 50.466, 136, 0.00118488
FILLER_0_46_96, 50.466, 136, 0.00118488
FILLER_0_47_107, 50.466, 136, 0.00118488
_1150_, 63.13, 136, 0.00151989
hold215, 63.13, 136, 0.00151989
hold368, 63.13, 136, 0.00151989
FILLER_0_45_113, 63.13, 136, 0.00151989
FILLER_0_46_132, 63.13, 136, 0.00151989
_1019_, 75.793, 136, 0.00184492
_1149_, 75.793, 136, 0.00184492
_1707_, 75.793, 136, 0.00184492
_1845_, 75.793, 136, 0.00184492
clkbuf_leaf_9_clk, 75.793, 136, 0.00184492
FILLER_0_45_148, 75.793, 136, 0.00184492
_1018_, 88.456, 136, 0.00206366
_1470_, 88.456, 136, 0.00206366
_2133_, 88.456, 136, 0.00206366
hold104, 88.456, 136, 0.00206366
hold281, 88.456, 136, 0.00206366
FILLER_0_45_178, 88.456, 136, 0.00206366
_1469_, 101.12, 136, 0.00225054
_1983_, 101.12, 136, 0.00225054
_2055_, 101.12, 136, 0.00225054
hold347, 101.12, 136, 0.00225054
hold365, 101.12, 136, 0.00225054
_2065_, 113.783, 136, 0.00239262
hold109, 113.783, 136, 0.00239262
hold308, 113.783, 136, 0.00239262
FILLER_0_46_229, 113.783, 136, 0.00239262
_1490_, 126.446, 136, 0.00250877
_1491_, 126.446, 136, 0.00250877
_1753_, 126.446, 136, 0.00250877
_2137_, 126.446, 136, 0.00250877
hold295, 126.446, 136, 0.00250877
hold355, 126.446, 136, 0.00250877
FILLER_0_47_273, 126.446, 136, 0.00250877
_1494_, 139.11, 136, 0.00259132
_1755_, 139.11, 136, 0.00259132
hold83, 139.11, 136, 0.00259132
hold320, 139.11, 136, 0.00259132
_2139_, 151.773, 136, 0.00266005
hold221, 151.773, 136, 0.00266005
hold245, 151.773, 136, 0.00266005
FILLER_0_46_309, 151.773, 136, 0.00266005
FILLER_0_47_329, 151.773, 136, 0.00266005
_1037_, 164.436, 136, 0.00270207
_1345_, 164.436, 136, 0.00270207
_1761_, 164.436, 136, 0.00270207
_1770_, 164.436, 136, 0.00270207
_1854_, 164.436, 136, 0.00270207
FILLER_0_46_332, 164.436, 136, 0.00270207
PHY_EDGE_ROW_43_Left_106, 5.52, 130.56, 0.000573047
PHY_EDGE_ROW_44_Left_107, 5.52, 130.56, 0.000573047
input40, 5.52, 130.56, 0.000573047
input42, 5.52, 130.56, 0.000573047
FILLER_0_44_6, 5.52, 130.56, 0.000573047
_1769_, 177.1, 130.56, 0.00443677
PHY_EDGE_ROW_43_Right_43, 177.1, 130.56, 0.00443677
PHY_EDGE_ROW_44_Right_44, 177.1, 130.56, 0.00443677
input65, 177.1, 130.56, 0.00443677
_0984_, 15.33, 130.56, 0.00057108
_1291_, 15.33, 130.56, 0.00057108
_1292_, 15.33, 130.56, 0.00057108
_1972_, 15.33, 130.56, 0.00057108
hold393, 15.33, 130.56, 0.00057108
_1298_, 37.803, 130.56, 0.00118656
_1683_, 37.803, 130.56, 0.00118656
_1974_, 37.803, 130.56, 0.00118656
_1975_, 37.803, 130.56, 0.00118656
hold397, 37.803, 130.56, 0.00118656
_1297_, 50.466, 130.56, 0.00178071
_1300_, 50.466, 130.56, 0.00178071
_1976_, 50.466, 130.56, 0.00178071
_2048_, 50.466, 130.56, 0.00178071
FILLER_0_44_94, 50.466, 130.56, 0.00178071
_1299_, 63.13, 130.56, 0.00233635
_1459_, 63.13, 130.56, 0.00233635
_2050_, 63.13, 130.56, 0.00233635
hold203, 63.13, 130.56, 0.00233635
hold408, 63.13, 130.56, 0.00233635
FILLER_0_44_120, 63.13, 130.56, 0.00233635
FILLER_0_45_131, 63.13, 130.56, 0.00233635
_1172_, 75.793, 130.56, 0.0028627
_1906_, 75.793, 130.56, 0.0028627
clkbuf_2_2__f_clk, 75.793, 130.56, 0.0028627
hold395, 75.793, 130.56, 0.0028627
FILLER_0_44_161, 75.793, 130.56, 0.0028627
FILLER_0_45_165, 75.793, 130.56, 0.0028627
_1326_, 88.456, 130.56, 0.00323874
_1327_, 88.456, 130.56, 0.00323874
_1742_, 88.456, 130.56, 0.00323874
_1989_, 88.456, 130.56, 0.00323874
hold176, 88.456, 130.56, 0.00323874
hold362, 88.456, 130.56, 0.00323874
FILLER_0_45_190, 88.456, 130.56, 0.00323874
_1006_, 101.12, 130.56, 0.00358271
_1159_, 101.12, 130.56, 0.00358271
_1314_, 101.12, 130.56, 0.00358271
FILLER_0_44_208, 101.12, 130.56, 0.00358271
FILLER_0_45_208, 101.12, 130.56, 0.00358271
_1336_, 113.783, 130.56, 0.00392037
_1721_, 113.783, 130.56, 0.00392037
_2127_, 113.783, 130.56, 0.00392037
clkbuf_2_3__f_clk, 113.783, 130.56, 0.00392037
hold108, 113.783, 130.56, 0.00392037
FILLER_0_43_225, 113.783, 130.56, 0.00392037
FILLER_0_44_224, 113.783, 130.56, 0.00392037
_1180_, 126.446, 130.56, 0.00410191
_1335_, 126.446, 130.56, 0.00410191
_1921_, 126.446, 130.56, 0.00410191
_1993_, 126.446, 130.56, 0.00410191
FILLER_0_43_252, 126.446, 130.56, 0.00410191
_1181_, 139.11, 130.56, 0.00424485
_1495_, 139.11, 130.56, 0.00424485
_1754_, 139.11, 130.56, 0.00424485
FILLER_0_43_284, 139.11, 130.56, 0.00424485
_1184_, 151.773, 130.56, 0.00438351
_1923_, 151.773, 130.56, 0.00438351
clkbuf_leaf_15_clk, 151.773, 130.56, 0.00438351
hold17, 151.773, 130.56, 0.00438351
hold18, 151.773, 130.56, 0.00438351
hold306, 151.773, 130.56, 0.00438351
_1500_, 164.436, 130.56, 0.00443362
_1501_, 164.436, 130.56, 0.00443362
_1771_, 164.436, 130.56, 0.00443362
_1926_, 164.436, 130.56, 0.00443362
_2142_, 164.436, 130.56, 0.00443362
hold8, 164.436, 130.56, 0.00443362
PHY_EDGE_ROW_41_Left_104, 5.52, 125.12, 0.000449988
PHY_EDGE_ROW_42_Left_105, 5.52, 125.12, 0.000449988
output111, 5.52, 125.12, 0.000449988
output115, 5.52, 125.12, 0.000449988
FILLER_0_43_9, 5.52, 125.12, 0.000449988
PHY_EDGE_ROW_41_Right_41, 177.1, 125.12, 0.00288362
PHY_EDGE_ROW_42_Right_42, 177.1, 125.12, 0.00288362
input55, 177.1, 125.12, 0.00288362
input64, 177.1, 125.12, 0.00288362
hold313, 15.33, 125.12, 0.000430279
FILLER_0_41_21, 15.33, 125.12, 0.000430279
FILLER_0_42_11, 15.33, 125.12, 0.000430279
FILLER_0_42_29, 15.33, 125.12, 0.000430279
FILLER_0_43_29, 15.33, 125.12, 0.000430279
_0988_, 37.803, 125.12, 0.00077813
_1295_, 37.803, 125.12, 0.00077813
_1296_, 37.803, 125.12, 0.00077813
_1450_, 37.803, 125.12, 0.00077813
FILLER_0_42_78, 37.803, 125.12, 0.00077813
FILLER_0_43_82, 37.803, 125.12, 0.00077813
_1454_, 50.466, 125.12, 0.00114143
_1455_, 50.466, 125.12, 0.00114143
_1832_, 50.466, 125.12, 0.00114143
hold132, 50.466, 125.12, 0.00114143
hold379, 50.466, 125.12, 0.00114143
FILLER_0_43_105, 50.466, 125.12, 0.00114143
_1458_, 63.13, 125.12, 0.00147644
_1695_, 63.13, 125.12, 0.00147644
_1696_, 63.13, 125.12, 0.00147644
_1703_, 63.13, 125.12, 0.00147644
_1834_, 63.13, 125.12, 0.00147644
hold126, 63.13, 125.12, 0.00147644
FILLER_0_42_123, 63.13, 125.12, 0.00147644
_1148_, 75.793, 125.12, 0.00178499
_1481_, 75.793, 125.12, 0.00178499
_1704_, 75.793, 125.12, 0.00178499
_2061_, 75.793, 125.12, 0.00178499
hold403, 75.793, 125.12, 0.00178499
FILLER_0_41_144, 75.793, 125.12, 0.00178499
_1290_, 88.456, 125.12, 0.0020653
_1681_, 88.456, 125.12, 0.0020653
_1741_, 88.456, 125.12, 0.0020653
_1839_, 88.456, 125.12, 0.0020653
FILLER_0_43_188, 88.456, 125.12, 0.0020653
_1007_, 101.12, 125.12, 0.00232101
_1160_, 101.12, 125.12, 0.00232101
_1720_, 101.12, 125.12, 0.00232101
_1911_, 101.12, 125.12, 0.00232101
clkbuf_leaf_10_clk, 101.12, 125.12, 0.00232101
hold387, 101.12, 125.12, 0.00232101
FILLER_0_42_220, 101.12, 125.12, 0.00232101
_1169_, 113.783, 125.12, 0.00248405
_1499_, 113.783, 125.12, 0.00248405
_1719_, 113.783, 125.12, 0.00248405
hold279, 113.783, 125.12, 0.00248405
FILLER_0_41_225, 113.783, 125.12, 0.00248405
FILLER_0_42_238, 113.783, 125.12, 0.00248405
FILLER_0_42_246, 113.783, 125.12, 0.00248405
FILLER_0_43_244, 113.783, 125.12, 0.00248405
_1498_, 126.446, 125.12, 0.0026374
_1767_, 126.446, 125.12, 0.0026374
_2069_, 126.446, 125.12, 0.0026374
hold249, 126.446, 125.12, 0.0026374
hold263, 126.446, 125.12, 0.0026374
FILLER_0_41_251, 126.446, 125.12, 0.0026374
_1340_, 139.11, 125.12, 0.00276094
_1768_, 139.11, 125.12, 0.00276094
_1995_, 139.11, 125.12, 0.00276094
_2141_, 139.11, 125.12, 0.00276094
hold75, 139.11, 125.12, 0.00276094
hold76, 139.11, 125.12, 0.00276094
_1185_, 151.773, 125.12, 0.00283468
_1339_, 151.773, 125.12, 0.00283468
_1759_, 151.773, 125.12, 0.00283468
_1763_, 151.773, 125.12, 0.00283468
_2070_, 151.773, 125.12, 0.00283468
hold311, 151.773, 125.12, 0.00283468
FILLER_0_42_305, 151.773, 125.12, 0.00283468
FILLER_0_42_321, 151.773, 125.12, 0.00283468
_1190_, 164.436, 125.12, 0.0028803
_1191_, 164.436, 125.12, 0.0028803
output128, 164.436, 125.12, 0.0028803
output138, 164.436, 125.12, 0.0028803
hold206, 164.436, 125.12, 0.0028803
hold226, 164.436, 125.12, 0.0028803
hold258, 164.436, 125.12, 0.0028803
_1447_, 5.52, 119.68, 0.000484826
_2044_, 5.52, 119.68, 0.000484826
PHY_EDGE_ROW_39_Left_102, 5.52, 119.68, 0.000484826
PHY_EDGE_ROW_40_Left_103, 5.52, 119.68, 0.000484826
output113, 5.52, 119.68, 0.000484826
_1044_, 177.1, 119.68, 0.00243765
PHY_EDGE_ROW_39_Right_39, 177.1, 119.68, 0.00243765
PHY_EDGE_ROW_40_Right_40, 177.1, 119.68, 0.00243765
input69, 177.1, 119.68, 0.00243765
_1136_, 15.33, 119.68, 0.000460325
_1446_, 15.33, 119.68, 0.000460325
_1900_, 15.33, 119.68, 0.000460325
FILLER_0_39_13, 15.33, 119.68, 0.000460325
FILLER_0_39_21, 15.33, 119.68, 0.000460325
FILLER_0_40_13, 15.33, 119.68, 0.000460325
_1687_, 37.803, 119.68, 0.000781077
_1688_, 37.803, 119.68, 0.000781077
_1830_, 37.803, 119.68, 0.000781077
hold202, 37.803, 119.68, 0.000781077
FILLER_0_39_57, 37.803, 119.68, 0.000781077
FILLER_0_40_81, 37.803, 119.68, 0.000781077
FILLER_0_41_81, 37.803, 119.68, 0.000781077
_0991_, 50.466, 119.68, 0.00111869
_0992_, 50.466, 119.68, 0.00111869
_1904_, 50.466, 119.68, 0.00111869
clkbuf_leaf_3_clk, 50.466, 119.68, 0.00111869
hold59, 50.466, 119.68, 0.00111869
FILLER_0_41_106, 50.466, 119.68, 0.00111869
_0995_, 63.13, 119.68, 0.00137044
_0996_, 63.13, 119.68, 0.00137044
_1304_, 63.13, 119.68, 0.00137044
_1697_, 63.13, 119.68, 0.00137044
hold94, 63.13, 119.68, 0.00137044
hold225, 63.13, 119.68, 0.00137044
FILLER_0_39_113, 63.13, 119.68, 0.00137044
FILLER_0_40_131, 63.13, 119.68, 0.00137044
_1303_, 75.793, 119.68, 0.00160538
_1311_, 75.793, 119.68, 0.00160538
_1482_, 75.793, 119.68, 0.00160538
_1978_, 75.793, 119.68, 0.00160538
hold117, 75.793, 119.68, 0.00160538
hold339, 75.793, 119.68, 0.00160538
FILLER_0_40_165, 75.793, 119.68, 0.00160538
_1003_, 88.456, 119.68, 0.00180866
_1156_, 88.456, 119.68, 0.00180866
_1166_, 88.456, 119.68, 0.00180866
_1321_, 88.456, 119.68, 0.00180866
_1691_, 88.456, 119.68, 0.00180866
_1733_, 88.456, 119.68, 0.00180866
_1986_, 88.456, 119.68, 0.00180866
FILLER_0_40_183, 88.456, 119.68, 0.00180866
FILLER_0_41_181, 88.456, 119.68, 0.00180866
_1320_, 101.12, 119.68, 0.00197967
_1325_, 101.12, 119.68, 0.00197967
_1730_, 101.12, 119.68, 0.00197967
_1988_, 101.12, 119.68, 0.00197967
FILLER_0_41_212, 101.12, 119.68, 0.00197967
FILLER_0_41_220, 101.12, 119.68, 0.00197967
_1170_, 113.783, 119.68, 0.00212713
_1324_, 113.783, 119.68, 0.00212713
_1738_, 113.783, 119.68, 0.00212713
_1916_, 113.783, 119.68, 0.00212713
hold235, 113.783, 119.68, 0.00212713
FILLER_0_40_247, 113.783, 119.68, 0.00212713
_1035_, 126.446, 119.68, 0.00224696
_1036_, 126.446, 119.68, 0.00224696
_1188_, 126.446, 119.68, 0.00224696
_1332_, 126.446, 119.68, 0.00224696
_1766_, 126.446, 119.68, 0.00224696
_1925_, 126.446, 119.68, 0.00224696
FILLER_0_40_253, 126.446, 119.68, 0.00224696
_1187_, 139.11, 119.68, 0.00234116
_1189_, 139.11, 119.68, 0.00234116
_1342_, 139.11, 119.68, 0.00234116
_1996_, 139.11, 119.68, 0.00234116
hold136, 139.11, 119.68, 0.00234116
FILLER_0_40_296, 139.11, 119.68, 0.00234116
FILLER_0_41_296, 139.11, 119.68, 0.00234116
FILLER_0_41_304, 139.11, 119.68, 0.00234116
_1341_, 151.773, 119.68, 0.00240937
_1352_, 151.773, 119.68, 0.00240937
_1924_, 151.773, 119.68, 0.00240937
_2001_, 151.773, 119.68, 0.00240937
hold351, 151.773, 119.68, 0.00240937
FILLER_0_39_314, 151.773, 119.68, 0.00240937
FILLER_0_40_325, 151.773, 119.68, 0.00240937
_1351_, 164.436, 119.68, 0.00243506
_1857_, 164.436, 119.68, 0.00243506
hold149, 164.436, 119.68, 0.00243506
PHY_EDGE_ROW_37_Left_100, 5.52, 114.24, 0.000513877
PHY_EDGE_ROW_38_Left_101, 5.52, 114.24, 0.000513877
input32, 5.52, 114.24, 0.000513877
output109, 5.52, 114.24, 0.000513877
FILLER_0_38_9, 5.52, 114.24, 0.000513877
PHY_EDGE_ROW_37_Right_37, 177.1, 114.24, 0.00292532
PHY_EDGE_ROW_38_Right_38, 177.1, 114.24, 0.00292532
input71, 177.1, 114.24, 0.00292532
hold6, 177.1, 114.24, 0.00292532
_0979_, 15.33, 114.24, 0.00050225
_1137_, 15.33, 114.24, 0.00050225
_1442_, 15.33, 114.24, 0.00050225
_2042_, 15.33, 114.24, 0.00050225
hold145, 15.33, 114.24, 0.00050225
hold152, 15.33, 114.24, 0.00050225
FILLER_0_39_27, 15.33, 114.24, 0.00050225
_0987_, 37.803, 114.24, 0.000854279
_2118_, 37.803, 114.24, 0.000854279
hold316, 37.803, 114.24, 0.000854279
hold342, 37.803, 114.24, 0.000854279
FILLER_0_38_76, 37.803, 114.24, 0.000854279
_1144_, 50.466, 114.24, 0.00121092
_1145_, 50.466, 114.24, 0.00121092
_1689_, 50.466, 114.24, 0.00121092
hold60, 50.466, 114.24, 0.00121092
FILLER_0_38_85, 50.466, 114.24, 0.00121092
_0982_, 63.13, 114.24, 0.00155627
_1135_, 63.13, 114.24, 0.00155627
_1694_, 63.13, 114.24, 0.00155627
_2120_, 63.13, 114.24, 0.00155627
hold93, 63.13, 114.24, 0.00155627
hold131, 63.13, 114.24, 0.00155627
FILLER_0_38_129, 63.13, 114.24, 0.00155627
_1445_, 75.793, 114.24, 0.00186699
_1583_, 75.793, 114.24, 0.00186699
_1698_, 75.793, 114.24, 0.00186699
_1702_, 75.793, 114.24, 0.00186699
_2122_, 75.793, 114.24, 0.00186699
hold42, 75.793, 114.24, 0.00186699
FILLER_0_38_141, 75.793, 114.24, 0.00186699
_1012_, 88.456, 114.24, 0.00213987
_1013_, 88.456, 114.24, 0.00213987
_1729_, 88.456, 114.24, 0.00213987
_1842_, 88.456, 114.24, 0.00213987
_1914_, 88.456, 114.24, 0.00213987
hold116, 88.456, 114.24, 0.00213987
hold121, 88.456, 114.24, 0.00213987
FILLER_0_39_181, 88.456, 114.24, 0.00213987
_1165_, 101.12, 114.24, 0.00236652
_1844_, 101.12, 114.24, 0.00236652
hold250, 101.12, 114.24, 0.00236652
hold267, 101.12, 114.24, 0.00236652
FILLER_0_37_203, 101.12, 114.24, 0.00236652
FILLER_0_38_206, 101.12, 114.24, 0.00236652
FILLER_0_39_218, 101.12, 114.24, 0.00236652
_1016_, 113.783, 114.24, 0.00256375
_1739_, 113.783, 114.24, 0.00256375
hold129, 113.783, 114.24, 0.00256375
hold314, 113.783, 114.24, 0.00256375
FILLER_0_38_244, 113.783, 114.24, 0.00256375
FILLER_0_39_242, 113.783, 114.24, 0.00256375
_1024_, 126.446, 114.24, 0.00274768
_1344_, 126.446, 114.24, 0.00274768
_1853_, 126.446, 114.24, 0.00274768
_1997_, 126.446, 114.24, 0.00274768
clkbuf_leaf_17_clk, 126.446, 114.24, 0.00274768
hold106, 126.446, 114.24, 0.00274768
FILLER_0_39_263, 126.446, 114.24, 0.00274768
_1343_, 139.11, 114.24, 0.00282049
_1765_, 139.11, 114.24, 0.00282049
hold265, 139.11, 114.24, 0.00282049
FILLER_0_38_303, 139.11, 114.24, 0.00282049
_1033_, 151.773, 114.24, 0.0028864
_1186_, 151.773, 114.24, 0.0028864
_2140_, 151.773, 114.24, 0.0028864
hold57, 151.773, 114.24, 0.0028864
hold58, 151.773, 114.24, 0.0028864
FILLER_0_38_318, 151.773, 114.24, 0.0028864
_1043_, 164.436, 114.24, 0.00291934
_1196_, 164.436, 114.24, 0.00291934
_1779_, 164.436, 114.24, 0.00291934
_1780_, 164.436, 114.24, 0.00291934
output142, 164.436, 114.24, 0.00291934
hold5, 164.436, 114.24, 0.00291934
FILLER_0_38_338, 164.436, 114.24, 0.00291934
FILLER_0_38_346, 164.436, 114.24, 0.00291934
_1826_, 5.52, 108.8, 0.000451539
PHY_EDGE_ROW_35_Left_98, 5.52, 108.8, 0.000451539
PHY_EDGE_ROW_36_Left_99, 5.52, 108.8, 0.000451539
output108, 5.52, 108.8, 0.000451539
_1197_, 177.1, 108.8, 0.0025421
PHY_EDGE_ROW_35_Right_35, 177.1, 108.8, 0.0025421
PHY_EDGE_ROW_36_Right_36, 177.1, 108.8, 0.0025421
FILLER_0_36_365, 177.1, 108.8, 0.0025421
_0978_, 15.33, 108.8, 0.000429618
_1441_, 15.33, 108.8, 0.000429618
_1673_, 15.33, 108.8, 0.000429618
FILLER_0_37_31, 15.33, 108.8, 0.000429618
_0981_, 37.803, 108.8, 0.000743474
_1676_, 37.803, 108.8, 0.000743474
_1827_, 37.803, 108.8, 0.000743474
hold190, 37.803, 108.8, 0.000743474
hold335, 37.803, 108.8, 0.000743474
FILLER_0_36_79, 37.803, 108.8, 0.000743474
FILLER_0_37_80, 37.803, 108.8, 0.000743474
_0972_, 50.466, 108.8, 0.0010578
_1664_, 50.466, 108.8, 0.0010578
_1823_, 50.466, 108.8, 0.0010578
hold78, 50.466, 108.8, 0.0010578
FILLER_0_36_85, 50.466, 108.8, 0.0010578
FILLER_0_37_104, 50.466, 108.8, 0.0010578
_1542_, 63.13, 108.8, 0.00134779
_1665_, 63.13, 108.8, 0.00134779
_1666_, 63.13, 108.8, 0.00134779
_1895_, 63.13, 108.8, 0.00134779
FILLER_0_36_126, 63.13, 108.8, 0.00134779
FILLER_0_37_133, 63.13, 108.8, 0.00134779
_1280_, 75.793, 108.8, 0.00161185
_1466_, 75.793, 108.8, 0.00161185
_1705_, 75.793, 108.8, 0.00161185
_1706_, 75.793, 108.8, 0.00161185
_2111_, 75.793, 108.8, 0.00161185
hold41, 75.793, 108.8, 0.00161185
FILLER_0_36_157, 75.793, 108.8, 0.00161185
_1475_, 88.456, 108.8, 0.00183726
_1476_, 88.456, 108.8, 0.00183726
_1513_, 88.456, 108.8, 0.00183726
_1525_, 88.456, 108.8, 0.00183726
_1547_, 88.456, 108.8, 0.00183726
FILLER_0_36_174, 88.456, 108.8, 0.00183726
FILLER_0_37_189, 88.456, 108.8, 0.00183726
_1017_, 101.12, 108.8, 0.00204733
_1516_, 101.12, 108.8, 0.00204733
_1737_, 101.12, 108.8, 0.00204733
_2130_, 101.12, 108.8, 0.00204733
hold309, 101.12, 108.8, 0.00204733
hold310, 101.12, 108.8, 0.00204733
FILLER_0_35_198, 101.12, 108.8, 0.00204733
_1479_, 113.783, 108.8, 0.00222132
_2060_, 113.783, 108.8, 0.00222132
_2132_, 113.783, 108.8, 0.00222132
hold107, 113.783, 108.8, 0.00222132
FILLER_0_36_247, 113.783, 108.8, 0.00222132
_1177_, 126.446, 108.8, 0.00235092
_1487_, 126.446, 108.8, 0.00235092
_1509_, 126.446, 108.8, 0.00235092
_1543_, 126.446, 108.8, 0.00235092
_1548_, 126.446, 108.8, 0.00235092
_2074_, 126.446, 108.8, 0.00235092
hold318, 126.446, 108.8, 0.00235092
FILLER_0_36_265, 126.446, 108.8, 0.00235092
FILLER_0_37_270, 126.446, 108.8, 0.00235092
_1749_, 139.11, 108.8, 0.00244398
_1781_, 139.11, 108.8, 0.00244398
_2068_, 139.11, 108.8, 0.00244398
FILLER_0_37_302, 139.11, 108.8, 0.00244398
_1762_, 151.773, 108.8, 0.00251579
_1764_, 151.773, 108.8, 0.00251579
_1852_, 151.773, 108.8, 0.00251579
_2073_, 151.773, 108.8, 0.00251579
hold179, 151.773, 108.8, 0.00251579
hold198, 151.773, 108.8, 0.00251579
_1506_, 164.436, 108.8, 0.00254062
_1929_, 164.436, 108.8, 0.00254062
hold210, 164.436, 108.8, 0.00254062
_1970_, 5.52, 103.36, 0.000531381
PHY_EDGE_ROW_33_Left_96, 5.52, 103.36, 0.000531381
PHY_EDGE_ROW_34_Left_97, 5.52, 103.36, 0.000531381
input3, 5.52, 103.36, 0.000531381
FILLER_0_35_7, 5.52, 103.36, 0.000531381
PHY_EDGE_ROW_33_Right_33, 177.1, 103.36, 0.00314602
PHY_EDGE_ROW_34_Right_34, 177.1, 103.36, 0.00314602
output144, 177.1, 103.36, 0.00314602
_1131_, 15.33, 103.36, 0.000516402
_1286_, 15.33, 103.36, 0.000516402
_1287_, 15.33, 103.36, 0.000516402
clkbuf_leaf_4_clk, 15.33, 103.36, 0.000516402
hold242, 15.33, 103.36, 0.000516402
FILLER_0_35_22, 15.33, 103.36, 0.000516402
_0980_, 37.803, 103.36, 0.000826537
_2115_, 37.803, 103.36, 0.000826537
hold289, 37.803, 103.36, 0.000826537
FILLER_0_33_57, 37.803, 103.36, 0.000826537
FILLER_0_33_65, 37.803, 103.36, 0.000826537
FILLER_0_34_73, 37.803, 103.36, 0.000826537
FILLER_0_34_81, 37.803, 103.36, 0.000826537
_0973_, 50.466, 103.36, 0.00118628
_1126_, 50.466, 103.36, 0.00118628
_1679_, 50.466, 103.36, 0.00118628
_2039_, 50.466, 103.36, 0.00118628
hold77, 50.466, 103.36, 0.00118628
FILLER_0_33_92, 50.466, 103.36, 0.00118628
FILLER_0_34_110, 50.466, 103.36, 0.00118628
FILLER_0_35_102, 50.466, 103.36, 0.00118628
_1125_, 63.13, 103.36, 0.00151739
_1281_, 63.13, 103.36, 0.00151739
_1663_, 63.13, 103.36, 0.00151739
hold174, 63.13, 103.36, 0.00151739
hold259, 63.13, 103.36, 0.00151739
FILLER_0_33_121, 63.13, 103.36, 0.00151739
FILLER_0_34_126, 63.13, 103.36, 0.00151739
FILLER_0_35_137, 63.13, 103.36, 0.00151739
_0896_, 75.793, 103.36, 0.00183624
_1205_, 75.793, 103.36, 0.00183624
_1360_, 75.793, 103.36, 0.00183624
_1613_, 75.793, 103.36, 0.00183624
clkbuf_leaf_2_clk, 75.793, 103.36, 0.00183624
FILLER_0_34_152, 75.793, 103.36, 0.00183624
FILLER_0_35_158, 75.793, 103.36, 0.00183624
_0895_, 88.456, 103.36, 0.00209804
_1049_, 88.456, 103.36, 0.00209804
_1204_, 88.456, 103.36, 0.00209804
_1359_, 88.456, 103.36, 0.00209804
_1524_, 88.456, 103.36, 0.00209804
_1662_, 88.456, 103.36, 0.00209804
_2058_, 88.456, 103.36, 0.00209804
_1517_, 101.12, 103.36, 0.0023355
_1521_, 101.12, 103.36, 0.0023355
_1532_, 101.12, 103.36, 0.0023355
_1728_, 101.12, 103.36, 0.0023355
_1731_, 101.12, 103.36, 0.0023355
hold338, 101.12, 103.36, 0.0023355
FILLER_0_33_195, 101.12, 103.36, 0.0023355
FILLER_0_34_209, 101.12, 103.36, 0.0023355
_1048_, 113.783, 103.36, 0.00255505
_1480_, 113.783, 103.36, 0.00255505
_1736_, 113.783, 103.36, 0.00255505
_2002_, 113.783, 103.36, 0.00255505
hold229, 113.783, 103.36, 0.00255505
FILLER_0_33_228, 113.783, 103.36, 0.00255505
FILLER_0_34_230, 113.783, 103.36, 0.00255505
FILLER_0_35_247, 113.783, 103.36, 0.00255505
_1353_, 126.446, 103.36, 0.00274955
_1508_, 126.446, 103.36, 0.00274955
_2146_, 126.446, 103.36, 0.00274955
hold352, 126.446, 103.36, 0.00274955
FILLER_0_34_271, 126.446, 103.36, 0.00274955
FILLER_0_35_275, 126.446, 103.36, 0.00274955
_1496_, 139.11, 103.36, 0.00291692
_1497_, 139.11, 103.36, 0.00291692
hold61, 139.11, 103.36, 0.00291692
hold62, 139.11, 103.36, 0.00291692
FILLER_0_33_289, 139.11, 103.36, 0.00291692
FILLER_0_34_300, 139.11, 103.36, 0.00291692
FILLER_0_35_293, 139.11, 103.36, 0.00291692
_1034_, 151.773, 103.36, 0.00307129
_1054_, 151.773, 103.36, 0.00307129
_1861_, 151.773, 103.36, 0.00307129
clkbuf_leaf_16_clk, 151.773, 103.36, 0.00307129
hold350, 151.773, 103.36, 0.00307129
_1507_, 164.436, 103.36, 0.00313493
_1518_, 164.436, 103.36, 0.00313493
_1527_, 164.436, 103.36, 0.00313493
_1778_, 164.436, 103.36, 0.00313493
_1932_, 164.436, 103.36, 0.00313493
_2145_, 164.436, 103.36, 0.00313493
hold248, 164.436, 103.36, 0.00313493
hold278, 164.436, 103.36, 0.00313493
_1821_, 5.52, 97.92, 0.000361473
PHY_EDGE_ROW_31_Left_94, 5.52, 97.92, 0.000361473
PHY_EDGE_ROW_32_Left_95, 5.52, 97.92, 0.000361473
input76, 5.52, 97.92, 0.000361473
FILLER_0_33_7, 5.52, 97.92, 0.000361473
PHY_EDGE_ROW_31_Right_31, 177.1, 97.92, 0.00224678
PHY_EDGE_ROW_32_Right_32, 177.1, 97.92, 0.00224678
input15, 177.1, 97.92, 0.00224678
hold307, 177.1, 97.92, 0.00224678
_0968_, 15.33, 97.92, 0.000346637
_1132_, 15.33, 97.92, 0.000346637
_1898_, 15.33, 97.92, 0.000346637
input36, 15.33, 97.92, 0.000346637
_1133_, 37.803, 97.92, 0.000627721
_1134_, 37.803, 97.92, 0.000627721
_1288_, 37.803, 97.92, 0.000627721
_1289_, 37.803, 97.92, 0.000627721
FILLER_0_31_70, 37.803, 97.92, 0.000627721
FILLER_0_33_76, 37.803, 97.92, 0.000627721
_1116_, 50.466, 97.92, 0.000933697
_1435_, 50.466, 97.92, 0.000933697
_1436_, 50.466, 97.92, 0.000933697
_1678_, 50.466, 97.92, 0.000933697
_2034_, 50.466, 97.92, 0.000933697
hold340, 50.466, 97.92, 0.000933697
hold383, 50.466, 97.92, 0.000933697
FILLER_0_31_90, 50.466, 97.92, 0.000933697
FILLER_0_32_101, 50.466, 97.92, 0.000933697
_0967_, 63.13, 97.92, 0.00120841
_1647_, 63.13, 97.92, 0.00120841
_1890_, 63.13, 97.92, 0.00120841
_1967_, 63.13, 97.92, 0.00120841
FILLER_0_32_127, 63.13, 97.92, 0.00120841
_0897_, 75.793, 97.92, 0.00144476
_0966_, 75.793, 97.92, 0.00144476
_1512_, 75.793, 97.92, 0.00144476
_1820_, 75.793, 97.92, 0.00144476
hold120, 75.793, 97.92, 0.00144476
hold409, 75.793, 97.92, 0.00144476
FILLER_0_32_165, 75.793, 97.92, 0.00144476
_0894_, 88.456, 97.92, 0.00165171
_1050_, 88.456, 97.92, 0.00165171
_1202_, 88.456, 97.92, 0.00165171
_1357_, 88.456, 97.92, 0.00165171
_1533_, 88.456, 97.92, 0.00165171
_1557_, 88.456, 97.92, 0.00165171
_1602_, 88.456, 97.92, 0.00165171
_1677_, 88.456, 97.92, 0.00165171
FILLER_0_31_169, 88.456, 97.92, 0.00165171
FILLER_0_32_187, 88.456, 97.92, 0.00165171
_1358_, 101.12, 97.92, 0.00183166
_1510_, 101.12, 97.92, 0.00183166
_1511_, 101.12, 97.92, 0.00183166
_1522_, 101.12, 97.92, 0.00183166
_1859_, 101.12, 97.92, 0.00183166
_2075_, 101.12, 97.92, 0.00183166
FILLER_0_31_204, 101.12, 97.92, 0.00183166
_1047_, 113.783, 97.92, 0.0019665
_1354_, 113.783, 97.92, 0.0019665
_1858_, 113.783, 97.92, 0.0019665
FILLER_0_31_234, 113.783, 97.92, 0.0019665
FILLER_0_33_240, 113.783, 97.92, 0.0019665
FILLER_0_33_248, 113.783, 97.92, 0.0019665
_1199_, 126.446, 97.92, 0.00208075
_1782_, 126.446, 97.92, 0.00208075
_1783_, 126.446, 97.92, 0.00208075
_1784_, 126.446, 97.92, 0.00208075
_1930_, 126.446, 97.92, 0.00208075
hold127, 126.446, 97.92, 0.00208075
_1210_, 139.11, 97.92, 0.00216608
_1551_, 139.11, 97.92, 0.00216608
_1933_, 139.11, 97.92, 0.00216608
_2080_, 139.11, 97.92, 0.00216608
hold268, 139.11, 97.92, 0.00216608
FILLER_0_32_300, 139.11, 97.92, 0.00216608
_1055_, 151.773, 97.92, 0.00220853
_1209_, 151.773, 97.92, 0.00220853
_1531_, 151.773, 97.92, 0.00220853
hold241, 151.773, 97.92, 0.00220853
FILLER_0_31_305, 151.773, 97.92, 0.00220853
FILLER_0_31_316, 151.773, 97.92, 0.00220853
FILLER_0_33_327, 151.773, 97.92, 0.00220853
_1052_, 164.436, 97.92, 0.00224183
_1053_, 164.436, 97.92, 0.00224183
_1207_, 164.436, 97.92, 0.00224183
_1208_, 164.436, 97.92, 0.00224183
_1528_, 164.436, 97.92, 0.00224183
_1860_, 164.436, 97.92, 0.00224183
input4, 164.436, 97.92, 0.00224183
_0969_, 5.52, 92.48, 0.000493956
PHY_EDGE_ROW_29_Left_92, 5.52, 92.48, 0.000493956
PHY_EDGE_ROW_30_Left_93, 5.52, 92.48, 0.000493956
hold140, 5.52, 92.48, 0.000493956
hold216, 5.52, 92.48, 0.000493956
PHY_EDGE_ROW_29_Right_29, 177.1, 92.48, 0.00319595
PHY_EDGE_ROW_30_Right_30, 177.1, 92.48, 0.00319595
output121, 177.1, 92.48, 0.00319595
_1121_, 15.33, 92.48, 0.00048693
_1122_, 15.33, 92.48, 0.00048693
_1276_, 15.33, 92.48, 0.00048693
_1431_, 15.33, 92.48, 0.00048693
_1432_, 15.33, 92.48, 0.00048693
_1656_, 15.33, 92.48, 0.00048693
output103, 15.33, 92.48, 0.00048693
_0977_, 37.803, 92.48, 0.000913157
_1130_, 37.803, 92.48, 0.000913157
_1825_, 37.803, 92.48, 0.000913157
_1899_, 37.803, 92.48, 0.000913157
FILLER_0_29_57, 37.803, 92.48, 0.000913157
FILLER_0_29_65, 37.803, 92.48, 0.000913157
FILLER_0_30_65, 37.803, 92.48, 0.000913157
FILLER_0_30_74, 37.803, 92.48, 0.000913157
_1425_, 50.466, 92.48, 0.00132872
_1426_, 50.466, 92.48, 0.00132872
_1818_, 50.466, 92.48, 0.00132872
hold175, 50.466, 92.48, 0.00132872
FILLER_0_29_92, 50.466, 92.48, 0.00132872
_0962_, 63.13, 92.48, 0.0017198
_1115_, 63.13, 92.48, 0.0017198
_1646_, 63.13, 92.48, 0.0017198
hold177, 63.13, 92.48, 0.0017198
hold381, 63.13, 92.48, 0.0017198
FILLER_0_29_122, 63.13, 92.48, 0.0017198
FILLER_0_30_134, 63.13, 92.48, 0.0017198
_1274_, 75.793, 92.48, 0.00209794
_1275_, 75.793, 92.48, 0.00209794
_1429_, 75.793, 92.48, 0.00209794
_1653_, 75.793, 92.48, 0.00209794
_1964_, 75.793, 92.48, 0.00209794
FILLER_0_31_165, 75.793, 92.48, 0.00209794
_1203_, 88.456, 92.48, 0.00245063
_1519_, 88.456, 92.48, 0.00245063
_1523_, 88.456, 92.48, 0.00245063
_1530_, 88.456, 92.48, 0.00245063
clkbuf_0_clk, 88.456, 92.48, 0.00245063
hold168, 88.456, 92.48, 0.00245063
FILLER_0_30_178, 88.456, 92.48, 0.00245063
FILLER_0_30_187, 88.456, 92.48, 0.00245063
_1355_, 101.12, 92.48, 0.00266837
_1645_, 101.12, 92.48, 0.00266837
_1785_, 101.12, 92.48, 0.00266837
hold275, 101.12, 92.48, 0.00266837
FILLER_0_30_197, 101.12, 92.48, 0.00266837
FILLER_0_30_216, 101.12, 92.48, 0.00266837
_1045_, 113.783, 92.48, 0.0028743
_1046_, 113.783, 92.48, 0.0028743
_1514_, 113.783, 92.48, 0.0028743
_1787_, 113.783, 92.48, 0.0028743
_2147_, 113.783, 92.48, 0.0028743
clkbuf_leaf_18_clk, 113.783, 92.48, 0.0028743
_0908_, 126.446, 92.48, 0.00297757
_1198_, 126.446, 92.48, 0.00297757
_1549_, 126.446, 92.48, 0.00297757
hold162, 126.446, 92.48, 0.00297757
FILLER_0_29_255, 126.446, 92.48, 0.00297757
FILLER_0_30_274, 126.446, 92.48, 0.00297757
FILLER_0_31_272, 126.446, 92.48, 0.00297757
_0902_, 139.11, 92.48, 0.00306812
_1060_, 139.11, 92.48, 0.00306812
_1365_, 139.11, 92.48, 0.00306812
_1550_, 139.11, 92.48, 0.00306812
hold150, 139.11, 92.48, 0.00306812
hold415, 139.11, 92.48, 0.00306812
FILLER_0_30_300, 139.11, 92.48, 0.00306812
_1364_, 151.773, 92.48, 0.00314306
_1534_, 151.773, 92.48, 0.00314306
_1535_, 151.773, 92.48, 0.00314306
_1789_, 151.773, 92.48, 0.00314306
hold236, 151.773, 92.48, 0.00314306
hold284, 151.773, 92.48, 0.00314306
_0899_, 164.436, 92.48, 0.00318623
_1362_, 164.436, 92.48, 0.00318623
_1363_, 164.436, 92.48, 0.00318623
_1520_, 164.436, 92.48, 0.00318623
_2004_, 164.436, 92.48, 0.00318623
hold115, 164.436, 92.48, 0.00318623
hold341, 164.436, 92.48, 0.00318623
_1965_, 5.52, 87.04, 0.000655983
_2037_, 5.52, 87.04, 0.000655983
PHY_EDGE_ROW_27_Left_90, 5.52, 87.04, 0.000655983
PHY_EDGE_ROW_28_Left_91, 5.52, 87.04, 0.000655983
output107, 5.52, 87.04, 0.000655983
PHY_EDGE_ROW_27_Right_27, 177.1, 87.04, 0.00313144
PHY_EDGE_ROW_28_Right_28, 177.1, 87.04, 0.00313144
output145, 177.1, 87.04, 0.00313144
FILLER_0_28_365, 177.1, 87.04, 0.00313144
_1893_, 15.33, 87.04, 0.000619439
FILLER_0_28_29, 15.33, 87.04, 0.000619439
_0976_, 37.803, 87.04, 0.000975127
_1129_, 37.803, 87.04, 0.000975127
_1897_, 37.803, 87.04, 0.000975127
hold100, 37.803, 87.04, 0.000975127
_0963_, 50.466, 87.04, 0.00135479
_1672_, 50.466, 87.04, 0.00135479
_2113_, 50.466, 87.04, 0.00135479
hold87, 50.466, 87.04, 0.00135479
hold88, 50.466, 87.04, 0.00135479
_1270_, 63.13, 87.04, 0.00170068
_1430_, 63.13, 87.04, 0.00170068
_1644_, 63.13, 87.04, 0.00170068
_1962_, 63.13, 87.04, 0.00170068
_2036_, 63.13, 87.04, 0.00170068
hold374, 63.13, 87.04, 0.00170068
FILLER_0_28_112, 63.13, 87.04, 0.00170068
_1120_, 75.793, 87.04, 0.00200389
_1652_, 75.793, 87.04, 0.00200389
_2108_, 75.793, 87.04, 0.00200389
hold118, 75.793, 87.04, 0.00200389
hold125, 75.793, 87.04, 0.00200389
FILLER_0_28_141, 75.793, 87.04, 0.00200389
FILLER_0_28_147, 75.793, 87.04, 0.00200389
FILLER_0_28_164, 75.793, 87.04, 0.00200389
_1585_, 88.456, 87.04, 0.0022734
_1597_, 88.456, 87.04, 0.0022734
_1626_, 88.456, 87.04, 0.0022734
_2003_, 88.456, 87.04, 0.0022734
_2093_, 88.456, 87.04, 0.0022734
hold124, 88.456, 87.04, 0.0022734
FILLER_0_27_177, 88.456, 87.04, 0.0022734
FILLER_0_28_191, 88.456, 87.04, 0.0022734
FILLER_0_29_187, 88.456, 87.04, 0.0022734
_1200_, 101.12, 87.04, 0.0024903
_1356_, 101.12, 87.04, 0.0024903
_1786_, 101.12, 87.04, 0.0024903
_1931_, 101.12, 87.04, 0.0024903
hold349, 101.12, 87.04, 0.0024903
FILLER_0_27_200, 101.12, 87.04, 0.0024903
_1216_, 113.783, 87.04, 0.00268121
_1575_, 113.783, 87.04, 0.00268121
_2087_, 113.783, 87.04, 0.00268121
hold110, 113.783, 87.04, 0.00268121
hold111, 113.783, 87.04, 0.00268121
hold418, 113.783, 87.04, 0.00268121
FILLER_0_28_237, 113.783, 87.04, 0.00268121
FILLER_0_29_249, 113.783, 87.04, 0.00268121
_1215_, 126.446, 87.04, 0.00283504
_1936_, 126.446, 87.04, 0.00283504
_1061_, 139.11, 87.04, 0.00296919
_1370_, 139.11, 87.04, 0.00296919
_1864_, 139.11, 87.04, 0.00296919
_2005_, 139.11, 87.04, 0.00296919
hold169, 139.11, 87.04, 0.00296919
hold231, 139.11, 87.04, 0.00296919
_0901_, 151.773, 87.04, 0.00305669
_1556_, 151.773, 87.04, 0.00305669
_1559_, 151.773, 87.04, 0.00305669
_2077_, 151.773, 87.04, 0.00305669
FILLER_0_27_306, 151.773, 87.04, 0.00305669
FILLER_0_28_309, 151.773, 87.04, 0.00305669
_0900_, 164.436, 87.04, 0.00311852
_1788_, 164.436, 87.04, 0.00311852
_2076_, 164.436, 87.04, 0.00311852
hold37, 164.436, 87.04, 0.00311852
hold273, 164.436, 87.04, 0.00311852
FILLER_0_28_359, 164.436, 87.04, 0.00311852
_1277_, 5.52, 81.6, 0.000583789
PHY_EDGE_ROW_25_Left_88, 5.52, 81.6, 0.000583789
PHY_EDGE_ROW_26_Left_89, 5.52, 81.6, 0.000583789
input27, 5.52, 81.6, 0.000583789
input29, 5.52, 81.6, 0.000583789
input30, 5.52, 81.6, 0.000583789
_1063_, 177.1, 81.6, 0.00347133
_1553_, 177.1, 81.6, 0.00347133
PHY_EDGE_ROW_25_Right_25, 177.1, 81.6, 0.00347133
PHY_EDGE_ROW_26_Right_26, 177.1, 81.6, 0.00347133
_1437_, 15.33, 81.6, 0.000579177
_1968_, 15.33, 81.6, 0.000579177
hold189, 15.33, 81.6, 0.000579177
FILLER_0_26_24, 15.33, 81.6, 0.000579177
_1285_, 37.803, 81.6, 0.00104288
_1439_, 37.803, 81.6, 0.00104288
_1669_, 37.803, 81.6, 0.00104288
_1670_, 37.803, 81.6, 0.00104288
_2041_, 37.803, 81.6, 0.00104288
hold299, 37.803, 81.6, 0.00104288
FILLER_0_25_57, 37.803, 81.6, 0.00104288
FILLER_0_26_64, 37.803, 81.6, 0.00104288
_1963_, 50.466, 81.6, 0.00149865
clkbuf_leaf_1_clk, 50.466, 81.6, 0.00149865
hold411, 50.466, 81.6, 0.00149865
FILLER_0_25_86, 50.466, 81.6, 0.00149865
FILLER_0_26_93, 50.466, 81.6, 0.00149865
FILLER_0_27_102, 50.466, 81.6, 0.00149865
_1271_, 63.13, 81.6, 0.00184424
_1649_, 63.13, 81.6, 0.00184424
_2106_, 63.13, 81.6, 0.00184424
hold119, 63.13, 81.6, 0.00184424
hold401, 63.13, 81.6, 0.00184424
FILLER_0_26_112, 63.13, 81.6, 0.00184424
FILLER_0_26_120, 63.13, 81.6, 0.00184424
FILLER_0_27_131, 63.13, 81.6, 0.00184424
_1119_, 75.793, 81.6, 0.00215622
_1655_, 75.793, 81.6, 0.00215622
_1892_, 75.793, 81.6, 0.00215622
hold410, 75.793, 81.6, 0.00215622
_0935_, 88.456, 81.6, 0.00244154
_1398_, 88.456, 81.6, 0.00244154
_1595_, 88.456, 81.6, 0.00244154
_1596_, 88.456, 81.6, 0.00244154
_1654_, 88.456, 81.6, 0.00244154
hold173, 88.456, 81.6, 0.00244154
hold419, 88.456, 81.6, 0.00244154
FILLER_0_25_172, 88.456, 81.6, 0.00244154
FILLER_0_26_178, 88.456, 81.6, 0.00244154
_1201_, 101.12, 81.6, 0.00270787
_1529_, 101.12, 81.6, 0.00270787
_1555_, 101.12, 81.6, 0.00270787
_2021_, 101.12, 81.6, 0.00270787
hold238, 101.12, 81.6, 0.00270787
FILLER_0_26_197, 101.12, 81.6, 0.00270787
FILLER_0_27_221, 101.12, 81.6, 0.00270787
_1574_, 113.783, 81.6, 0.00294115
_1792_, 113.783, 81.6, 0.00294115
_2015_, 113.783, 81.6, 0.00294115
hold239, 113.783, 81.6, 0.00294115
FILLER_0_26_241, 113.783, 81.6, 0.00294115
FILLER_0_26_249, 113.783, 81.6, 0.00294115
FILLER_0_27_243, 113.783, 81.6, 0.00294115
_0907_, 126.446, 81.6, 0.00313415
_1371_, 126.446, 81.6, 0.00313415
_2008_, 126.446, 81.6, 0.00313415
hold143, 126.446, 81.6, 0.00313415
FILLER_0_26_253, 126.446, 81.6, 0.00313415
FILLER_0_26_261, 126.446, 81.6, 0.00313415
FILLER_0_27_273, 126.446, 81.6, 0.00313415
_1578_, 139.11, 81.6, 0.00330244
clkbuf_leaf_19_clk, 139.11, 81.6, 0.00330244
FILLER_0_26_298, 139.11, 81.6, 0.00330244
FILLER_0_27_298, 139.11, 81.6, 0.00330244
_0911_, 151.773, 81.6, 0.00340143
_1794_, 151.773, 81.6, 0.00340143
hold38, 151.773, 81.6, 0.00340143
hold199, 151.773, 81.6, 0.00340143
hold325, 151.773, 81.6, 0.00340143
_1373_, 164.436, 81.6, 0.00346818
_1865_, 164.436, 81.6, 0.00346818
_2009_, 164.436, 81.6, 0.00346818
input72, 164.436, 81.6, 0.00346818
output88, 164.436, 81.6, 0.00346818
hold29, 164.436, 81.6, 0.00346818
hold114, 164.436, 81.6, 0.00346818
_1128_, 5.52, 76.16, 0.000611109
_1896_, 5.52, 76.16, 0.000611109
_2040_, 5.52, 76.16, 0.000611109
PHY_EDGE_ROW_23_Left_86, 5.52, 76.16, 0.000611109
PHY_EDGE_ROW_24_Left_87, 5.52, 76.16, 0.000611109
input34, 5.52, 76.16, 0.000611109
PHY_EDGE_ROW_23_Right_23, 177.1, 76.16, 0.00352571
PHY_EDGE_ROW_24_Right_24, 177.1, 76.16, 0.00352571
output79, 177.1, 76.16, 0.00352571
ANTENNA_2, 177.1, 76.16, 0.00352571
_1127_, 15.33, 76.16, 0.000582174
hold283, 15.33, 76.16, 0.000582174
hold301, 15.33, 76.16, 0.000582174
hold359, 15.33, 76.16, 0.000582174
FILLER_0_23_18, 15.33, 76.16, 0.000582174
_1284_, 37.803, 76.16, 0.000972825
_1440_, 37.803, 76.16, 0.000972825
_1969_, 37.803, 76.16, 0.000972825
hold191, 37.803, 76.16, 0.000972825
FILLER_0_23_57, 37.803, 76.16, 0.000972825
_1118_, 50.466, 76.16, 0.0013785
_1273_, 50.466, 76.16, 0.0013785
_1671_, 50.466, 76.16, 0.0013785
_1891_, 50.466, 76.16, 0.0013785
hold399, 50.466, 76.16, 0.0013785
FILLER_0_23_92, 50.466, 76.16, 0.0013785
_1117_, 63.13, 76.16, 0.00175867
_1424_, 63.13, 76.16, 0.00175867
_1648_, 63.13, 76.16, 0.00175867
_2107_, 63.13, 76.16, 0.00175867
hold382, 63.13, 76.16, 0.00175867
FILLER_0_23_113, 63.13, 76.16, 0.00175867
FILLER_0_24_135, 63.13, 76.16, 0.00175867
FILLER_0_25_128, 63.13, 76.16, 0.00175867
_0961_, 75.793, 76.16, 0.00210663
_1114_, 75.793, 76.16, 0.00210663
_1269_, 75.793, 76.16, 0.00210663
_1805_, 75.793, 76.16, 0.00210663
hold274, 75.793, 76.16, 0.00210663
FILLER_0_24_159, 75.793, 76.16, 0.00210663
FILLER_0_25_165, 75.793, 76.16, 0.00210663
_1397_, 88.456, 76.16, 0.0024272
clkbuf_leaf_25_clk, 88.456, 76.16, 0.0024272
hold164, 88.456, 76.16, 0.0024272
FILLER_0_24_179, 88.456, 76.16, 0.0024272
_0923_, 101.12, 76.16, 0.0026775
_1088_, 101.12, 76.16, 0.0026775
_1573_, 101.12, 76.16, 0.0026775
_1799_, 101.12, 76.16, 0.0026775
hold133, 101.12, 76.16, 0.0026775
FILLER_0_23_200, 101.12, 76.16, 0.0026775
_0919_, 113.783, 76.16, 0.00289902
_1382_, 113.783, 76.16, 0.00289902
_1385_, 113.783, 76.16, 0.00289902
_1800_, 113.783, 76.16, 0.00289902
_0898_, 126.446, 76.16, 0.00309728
_0924_, 126.446, 76.16, 0.00309728
_1206_, 126.446, 76.16, 0.00309728
_1361_, 126.446, 76.16, 0.00309728
_1576_, 126.446, 76.16, 0.00309728
hold348, 126.446, 76.16, 0.00309728
FILLER_0_23_250, 126.446, 76.16, 0.00309728
_1065_, 139.11, 76.16, 0.00327808
_1078_, 139.11, 76.16, 0.00327808
_1577_, 139.11, 76.16, 0.00327808
_1866_, 139.11, 76.16, 0.00327808
_2088_, 139.11, 76.16, 0.00327808
hold417, 139.11, 76.16, 0.00327808
_0912_, 151.773, 76.16, 0.00341286
_1064_, 151.773, 76.16, 0.00341286
_1558_, 151.773, 76.16, 0.00341286
_2082_, 151.773, 76.16, 0.00341286
hold30, 151.773, 76.16, 0.00341286
hold292, 151.773, 76.16, 0.00341286
_1062_, 164.436, 76.16, 0.00351589
_1372_, 164.436, 76.16, 0.00351589
clkbuf_leaf_20_clk, 164.436, 76.16, 0.00351589
hold363, 164.436, 76.16, 0.00351589
FILLER_0_23_332, 164.436, 76.16, 0.00351589
FILLER_0_23_337, 164.436, 76.16, 0.00351589
FILLER_0_24_336, 164.436, 76.16, 0.00351589
FILLER_0_24_356, 164.436, 76.16, 0.00351589
_1438_, 5.52, 70.72, 0.000468594
_2038_, 5.52, 70.72, 0.000468594
PHY_EDGE_ROW_21_Left_84, 5.52, 70.72, 0.000468594
PHY_EDGE_ROW_22_Left_85, 5.52, 70.72, 0.000468594
input33, 5.52, 70.72, 0.000468594
FILLER_0_22_3, 5.52, 70.72, 0.000468594
FILLER_0_23_10, 5.52, 70.72, 0.000468594
_0910_, 177.1, 70.72, 0.00248842
PHY_EDGE_ROW_21_Right_21, 177.1, 70.72, 0.00248842
PHY_EDGE_ROW_22_Right_22, 177.1, 70.72, 0.00248842
hold358, 177.1, 70.72, 0.00248842
FILLER_0_22_365, 177.1, 70.72, 0.00248842
_1124_, 15.33, 70.72, 0.000453098
_1433_, 15.33, 70.72, 0.000453098
_1434_, 15.33, 70.72, 0.000453098
_1667_, 15.33, 70.72, 0.000453098
_1894_, 15.33, 70.72, 0.000453098
FILLER_0_22_22, 15.33, 70.72, 0.000453098
_0954_, 37.803, 70.72, 0.00074747
_1107_, 37.803, 70.72, 0.00074747
_1631_, 37.803, 70.72, 0.00074747
_1814_, 37.803, 70.72, 0.00074747
hold147, 37.803, 70.72, 0.00074747
FILLER_0_22_61, 37.803, 70.72, 0.00074747
_0965_, 50.466, 70.72, 0.00104989
_1272_, 50.466, 70.72, 0.00104989
_1427_, 50.466, 70.72, 0.00104989
_1428_, 50.466, 70.72, 0.00104989
_1819_, 50.466, 70.72, 0.00104989
hold97, 50.466, 70.72, 0.00104989
FILLER_0_22_85, 50.466, 70.72, 0.00104989
FILLER_0_22_108, 50.466, 70.72, 0.00104989
FILLER_0_23_108, 50.466, 70.72, 0.00104989
_0964_, 63.13, 70.72, 0.00132317
_1650_, 63.13, 70.72, 0.00132317
_1651_, 63.13, 70.72, 0.00132317
hold112, 63.13, 70.72, 0.00132317
hold113, 63.13, 70.72, 0.00132317
hold317, 63.13, 70.72, 0.00132317
_1403_, 75.793, 70.72, 0.00157667
_1408_, 75.793, 70.72, 0.00157667
_1620_, 75.793, 70.72, 0.00157667
_1627_, 75.793, 70.72, 0.00157667
_1949_, 75.793, 70.72, 0.00157667
_2026_, 75.793, 70.72, 0.00157667
FILLER_0_21_140, 75.793, 70.72, 0.00157667
FILLER_0_23_165, 75.793, 70.72, 0.00157667
_0934_, 88.456, 70.72, 0.00178325
_1242_, 88.456, 70.72, 0.00178325
_1243_, 88.456, 70.72, 0.00178325
_1877_, 88.456, 70.72, 0.00178325
_0922_, 101.12, 70.72, 0.00196686
_1231_, 101.12, 70.72, 0.00196686
_1386_, 101.12, 70.72, 0.00196686
_1526_, 101.12, 70.72, 0.00196686
_1943_, 101.12, 70.72, 0.00196686
hold312, 101.12, 70.72, 0.00196686
hold373, 101.12, 70.72, 0.00196686
FILLER_0_21_195, 101.12, 70.72, 0.00196686
FILLER_0_23_217, 101.12, 70.72, 0.00196686
_0925_, 113.783, 70.72, 0.00211563
_1075_, 113.783, 70.72, 0.00211563
_1871_, 113.783, 70.72, 0.00211563
hold290, 113.783, 70.72, 0.00211563
FILLER_0_22_242, 113.783, 70.72, 0.00211563
_1077_, 126.446, 70.72, 0.00223971
_1232_, 126.446, 70.72, 0.00223971
_1872_, 126.446, 70.72, 0.00223971
FILLER_0_22_253, 126.446, 70.72, 0.00223971
_1051_, 139.11, 70.72, 0.00234251
_1375_, 139.11, 70.72, 0.00234251
_1515_, 139.11, 70.72, 0.00234251
hold213, 139.11, 70.72, 0.00234251
FILLER_0_22_304, 139.11, 70.72, 0.00234251
FILLER_0_23_302, 139.11, 70.72, 0.00234251
_1219_, 151.773, 70.72, 0.00243417
_1374_, 151.773, 70.72, 0.00243417
_1937_, 151.773, 70.72, 0.00243417
_1938_, 151.773, 70.72, 0.00243417
hold372, 151.773, 70.72, 0.00243417
_0909_, 164.436, 70.72, 0.0024825
_1217_, 164.436, 70.72, 0.0024825
_1218_, 164.436, 70.72, 0.0024825
_1793_, 164.436, 70.72, 0.0024825
_2081_, 164.436, 70.72, 0.0024825
FILLER_0_23_351, 164.436, 70.72, 0.0024825
PHY_EDGE_ROW_19_Left_82, 5.52, 65.28, 0.000558465
PHY_EDGE_ROW_20_Left_83, 5.52, 65.28, 0.000558465
input28, 5.52, 65.28, 0.000558465
output100, 5.52, 65.28, 0.000558465
output101, 5.52, 65.28, 0.000558465
PHY_EDGE_ROW_19_Right_19, 177.1, 65.28, 0.00335419
PHY_EDGE_ROW_20_Right_20, 177.1, 65.28, 0.00335419
output80, 177.1, 65.28, 0.00335419
_1123_, 15.33, 65.28, 0.000537936
_1278_, 15.33, 65.28, 0.000537936
_1279_, 15.33, 65.28, 0.000537936
hold201, 15.33, 65.28, 0.000537936
hold302, 15.33, 65.28, 0.000537936
FILLER_0_20_12, 15.33, 65.28, 0.000537936
FILLER_0_21_25, 15.33, 65.28, 0.000537936
_0953_, 37.803, 65.28, 0.000927101
_1106_, 37.803, 65.28, 0.000927101
_2102_, 37.803, 65.28, 0.000927101
hold276, 37.803, 65.28, 0.000927101
FILLER_0_20_76, 37.803, 65.28, 0.000927101
_1633_, 50.466, 65.28, 0.00131851
_2035_, 50.466, 65.28, 0.00131851
hold96, 50.466, 65.28, 0.00131851
hold412, 50.466, 65.28, 0.00131851
FILLER_0_19_84, 50.466, 65.28, 0.00131851
_0940_, 63.13, 65.28, 0.00168405
_1810_, 63.13, 65.28, 0.00168405
FILLER_0_20_116, 63.13, 65.28, 0.00168405
FILLER_0_21_130, 63.13, 65.28, 0.00168405
_1093_, 75.793, 65.28, 0.00202999
_1248_, 75.793, 65.28, 0.00202999
_1409_, 75.793, 65.28, 0.00202999
_1615_, 75.793, 65.28, 0.00202999
_1616_, 75.793, 65.28, 0.00202999
hold135, 75.793, 65.28, 0.00202999
FILLER_0_20_165, 75.793, 65.28, 0.00202999
_1087_, 88.456, 65.28, 0.0023607
_1394_, 88.456, 65.28, 0.0023607
_1579_, 88.456, 65.28, 0.0023607
_1614_, 88.456, 65.28, 0.0023607
_2019_, 88.456, 65.28, 0.0023607
hold85, 88.456, 65.28, 0.0023607
FILLER_0_19_180, 88.456, 65.28, 0.0023607
FILLER_0_21_181, 88.456, 65.28, 0.0023607
_1076_, 101.12, 65.28, 0.00266204
_1230_, 101.12, 65.28, 0.00266204
_1541_, 101.12, 65.28, 0.00266204
_1588_, 101.12, 65.28, 0.00266204
hold89, 101.12, 65.28, 0.00266204
FILLER_0_20_205, 101.12, 65.28, 0.00266204
FILLER_0_20_219, 101.12, 65.28, 0.00266204
_1227_, 113.783, 65.28, 0.00295029
_1944_, 113.783, 65.28, 0.00295029
clkbuf_2_1__f_clk, 113.783, 65.28, 0.00295029
_1233_, 126.446, 65.28, 0.00309919
_1387_, 126.446, 65.28, 0.00309919
_1388_, 126.446, 65.28, 0.00309919
_2016_, 126.446, 65.28, 0.00309919
hold247, 126.446, 65.28, 0.00309919
FILLER_0_21_275, 126.446, 65.28, 0.00309919
_1066_, 139.11, 65.28, 0.00322188
_1067_, 139.11, 65.28, 0.00322188
_1072_, 139.11, 65.28, 0.00322188
_1867_, 139.11, 65.28, 0.00322188
_2010_, 139.11, 65.28, 0.00322188
hold280, 139.11, 65.28, 0.00322188
FILLER_0_20_302, 139.11, 65.28, 0.00322188
_1220_, 151.773, 65.28, 0.00330069
_1554_, 151.773, 65.28, 0.00330069
_1562_, 151.773, 65.28, 0.00330069
output132, 151.773, 65.28, 0.00330069
hold13, 151.773, 65.28, 0.00330069
hold324, 151.773, 65.28, 0.00330069
hold385, 151.773, 65.28, 0.00330069
_0903_, 164.436, 65.28, 0.00334423
_0904_, 164.436, 65.28, 0.00334423
input7, 164.436, 65.28, 0.00334423
input70, 164.436, 65.28, 0.00334423
output143, 164.436, 65.28, 0.00334423
hold14, 164.436, 65.28, 0.00334423
hold55, 164.436, 65.28, 0.00334423
hold375, 164.436, 65.28, 0.00334423
FILLER_0_21_357, 164.436, 65.28, 0.00334423
_1966_, 5.52, 59.84, 0.000506506
PHY_EDGE_ROW_17_Left_80, 5.52, 59.84, 0.000506506
PHY_EDGE_ROW_18_Left_81, 5.52, 59.84, 0.000506506
input31, 5.52, 59.84, 0.000506506
FILLER_0_18_3, 5.52, 59.84, 0.000506506
FILLER_0_19_6, 5.52, 59.84, 0.000506506
PHY_EDGE_ROW_17_Right_17, 177.1, 59.84, 0.00351375
PHY_EDGE_ROW_18_Right_18, 177.1, 59.84, 0.00351375
input59, 177.1, 59.84, 0.00351375
_0970_, 15.33, 59.84, 0.00049233
_1822_, 15.33, 59.84, 0.00049233
FILLER_0_18_25, 15.33, 59.84, 0.00049233
_1416_, 37.803, 59.84, 0.0010036
_1632_, 37.803, 59.84, 0.0010036
_2030_, 37.803, 59.84, 0.0010036
hold253, 37.803, 59.84, 0.0010036
FILLER_0_18_63, 37.803, 59.84, 0.0010036
_0949_, 50.466, 59.84, 0.0015198
_0950_, 50.466, 59.84, 0.0015198
_1262_, 50.466, 59.84, 0.0015198
_1413_, 50.466, 59.84, 0.0015198
_1812_, 50.466, 59.84, 0.0015198
hold95, 50.466, 59.84, 0.0015198
FILLER_0_17_89, 50.466, 59.84, 0.0015198
FILLER_0_18_97, 50.466, 59.84, 0.0015198
_0945_, 63.13, 59.84, 0.00200772
_0946_, 63.13, 59.84, 0.00200772
_1622_, 63.13, 59.84, 0.00200772
_1623_, 63.13, 59.84, 0.00200772
_1884_, 63.13, 59.84, 0.00200772
clkbuf_2_0__f_clk, 63.13, 59.84, 0.00200772
hold142, 63.13, 59.84, 0.00200772
hold337, 63.13, 59.84, 0.00200772
_1098_, 75.793, 59.84, 0.00233368
_1253_, 75.793, 59.84, 0.00233368
_2098_, 75.793, 59.84, 0.00233368
hold86, 75.793, 59.84, 0.00233368
_1393_, 88.456, 59.84, 0.00263052
_1612_, 88.456, 59.84, 0.00263052
_1947_, 88.456, 59.84, 0.00263052
hold255, 88.456, 59.84, 0.00263052
FILLER_0_18_174, 88.456, 59.84, 0.00263052
FILLER_0_18_191, 88.456, 59.84, 0.00263052
_1245_, 101.12, 59.84, 0.00290317
_1591_, 101.12, 59.84, 0.00290317
_1950_, 101.12, 59.84, 0.00290317
hold90, 101.12, 59.84, 0.00290317
FILLER_0_19_210, 101.12, 59.84, 0.00290317
FILLER_0_19_220, 101.12, 59.84, 0.00290317
_2094_, 113.783, 59.84, 0.00314954
clkbuf_leaf_24_clk, 113.783, 59.84, 0.00314954
hold103, 113.783, 59.84, 0.00314954
FILLER_0_18_230, 113.783, 59.84, 0.00314954
FILLER_0_19_237, 113.783, 59.84, 0.00314954
_1791_, 126.446, 59.84, 0.00328698
_1939_, 126.446, 59.84, 0.00328698
hold102, 126.446, 59.84, 0.00328698
FILLER_0_18_261, 126.446, 59.84, 0.00328698
FILLER_0_19_270, 126.446, 59.84, 0.00328698
_1221_, 139.11, 59.84, 0.00338518
_1222_, 139.11, 59.84, 0.00338518
_1376_, 139.11, 59.84, 0.00338518
_1377_, 139.11, 59.84, 0.00338518
_1561_, 139.11, 59.84, 0.00338518
hold331, 139.11, 59.84, 0.00338518
FILLER_0_17_284, 139.11, 59.84, 0.00338518
_2011_, 151.773, 59.84, 0.00347128
_2083_, 151.773, 59.84, 0.00347128
hold56, 151.773, 59.84, 0.00347128
hold165, 151.773, 59.84, 0.00347128
_1366_, 164.436, 59.84, 0.00351283
_1367_, 164.436, 59.84, 0.00351283
_1552_, 164.436, 59.84, 0.00351283
_1790_, 164.436, 59.84, 0.00351283
_2006_, 164.436, 59.84, 0.00351283
PHY_EDGE_ROW_15_Left_78, 5.52, 54.4, 0.000334383
PHY_EDGE_ROW_16_Left_79, 5.52, 54.4, 0.000334383
input22, 5.52, 54.4, 0.000334383
output104, 5.52, 54.4, 0.000334383
_1538_, 177.1, 54.4, 0.00207591
PHY_EDGE_ROW_15_Right_15, 177.1, 54.4, 0.00207591
PHY_EDGE_ROW_16_Right_16, 177.1, 54.4, 0.00207591
output146, 177.1, 54.4, 0.00207591
FILLER_0_15_21, 15.33, 54.4, 0.000323697
FILLER_0_16_21, 15.33, 54.4, 0.000323697
FILLER_0_16_29, 15.33, 54.4, 0.000323697
_1110_, 37.803, 54.4, 0.000605471
_1261_, 37.803, 54.4, 0.000605471
_1417_, 37.803, 54.4, 0.000605471
_1637_, 37.803, 54.4, 0.000605471
_1958_, 37.803, 54.4, 0.000605471
hold237, 37.803, 54.4, 0.000605471
_1412_, 50.466, 54.4, 0.000870235
_2028_, 50.466, 54.4, 0.000870235
hold282, 50.466, 54.4, 0.000870235
FILLER_0_16_85, 50.466, 54.4, 0.000870235
_1102_, 63.13, 54.4, 0.00111143
_1103_, 63.13, 54.4, 0.00111143
_1882_, 63.13, 54.4, 0.00111143
hold74, 63.13, 54.4, 0.00111143
hold211, 63.13, 54.4, 0.00111143
hold390, 63.13, 54.4, 0.00111143
_1099_, 75.793, 54.4, 0.00131901
_1254_, 75.793, 54.4, 0.00131901
_1954_, 75.793, 54.4, 0.00131901
hold323, 75.793, 54.4, 0.00131901
FILLER_0_16_164, 75.793, 54.4, 0.00131901
_0930_, 88.456, 54.4, 0.00150255
_0931_, 88.456, 54.4, 0.00150255
_1083_, 88.456, 54.4, 0.00150255
_1238_, 88.456, 54.4, 0.00150255
_1239_, 88.456, 54.4, 0.00150255
_1589_, 88.456, 54.4, 0.00150255
_2091_, 88.456, 54.4, 0.00150255
hold377, 88.456, 54.4, 0.00150255
FILLER_0_16_185, 88.456, 54.4, 0.00150255
_1590_, 101.12, 54.4, 0.00165236
_1599_, 101.12, 54.4, 0.00165236
_1806_, 101.12, 54.4, 0.00165236
FILLER_0_15_204, 101.12, 54.4, 0.00165236
FILLER_0_16_205, 101.12, 54.4, 0.00165236
FILLER_0_17_208, 101.12, 54.4, 0.00165236
FILLER_0_17_216, 101.12, 54.4, 0.00165236
_0936_, 113.783, 54.4, 0.00178134
_1244_, 113.783, 54.4, 0.00178134
_1399_, 113.783, 54.4, 0.00178134
_1600_, 113.783, 54.4, 0.00178134
_1601_, 113.783, 54.4, 0.00178134
_2022_, 113.783, 54.4, 0.00178134
hold404, 113.783, 54.4, 0.00178134
_0905_, 126.446, 54.4, 0.00187729
_0906_, 126.446, 54.4, 0.00187729
_1544_, 126.446, 54.4, 0.00187729
_1598_, 126.446, 54.4, 0.00187729
hold137, 126.446, 54.4, 0.00187729
hold354, 126.446, 54.4, 0.00187729
FILLER_0_15_261, 126.446, 54.4, 0.00187729
FILLER_0_16_274, 126.446, 54.4, 0.00187729
_0913_, 139.11, 54.4, 0.00196027
_1368_, 139.11, 54.4, 0.00196027
_1795_, 139.11, 54.4, 0.00196027
hold40, 139.11, 54.4, 0.00196027
hold392, 139.11, 54.4, 0.00196027
FILLER_0_17_295, 139.11, 54.4, 0.00196027
_0914_, 151.773, 54.4, 0.00201348
_1536_, 151.773, 54.4, 0.00201348
_1560_, 151.773, 54.4, 0.00201348
FILLER_0_15_310, 151.773, 54.4, 0.00201348
FILLER_0_16_324, 151.773, 54.4, 0.00201348
FILLER_0_17_326, 151.773, 54.4, 0.00201348
_1211_, 164.436, 54.4, 0.00206137
_1537_, 164.436, 54.4, 0.00206137
_2078_, 164.436, 54.4, 0.00206137
hold271, 164.436, 54.4, 0.00206137
hold321, 164.436, 54.4, 0.00206137
hold370, 164.436, 54.4, 0.00206137
PHY_EDGE_ROW_13_Left_76, 5.52, 48.96, 0.000569781
PHY_EDGE_ROW_14_Left_77, 5.52, 48.96, 0.000569781
output102, 5.52, 48.96, 0.000569781
output106, 5.52, 48.96, 0.000569781
_1057_, 177.1, 48.96, 0.00362798
PHY_EDGE_ROW_13_Right_13, 177.1, 48.96, 0.00362798
PHY_EDGE_ROW_14_Right_14, 177.1, 48.96, 0.00362798
FILLER_0_14_365, 177.1, 48.96, 0.00362798
_1816_, 15.33, 48.96, 0.000550208
FILLER_0_14_21, 15.33, 48.96, 0.000550208
FILLER_0_14_29, 15.33, 48.96, 0.000550208
_1265_, 37.803, 48.96, 0.000994709
_1638_, 37.803, 48.96, 0.000994709
_1639_, 37.803, 48.96, 0.000994709
hold69, 37.803, 48.96, 0.000994709
hold70, 37.803, 48.96, 0.000994709
hold185, 37.803, 48.96, 0.000994709
FILLER_0_15_80, 37.803, 48.96, 0.000994709
_1414_, 50.466, 48.96, 0.00145273
_1628_, 50.466, 48.96, 0.00145273
_1957_, 50.466, 48.96, 0.00145273
FILLER_0_14_105, 50.466, 48.96, 0.00145273
_1257_, 63.13, 48.96, 0.00189022
_1956_, 63.13, 48.96, 0.00189022
_2100_, 63.13, 48.96, 0.00189022
clkbuf_leaf_26_clk, 63.13, 48.96, 0.00189022
hold73, 63.13, 48.96, 0.00189022
_1539_, 75.793, 48.96, 0.0022166
_1564_, 75.793, 48.96, 0.0022166
_1624_, 75.793, 48.96, 0.0022166
_1803_, 75.793, 48.96, 0.0022166
_2024_, 75.793, 48.96, 0.0022166
_1084_, 88.456, 48.96, 0.00249801
_1608_, 88.456, 48.96, 0.00249801
_1875_, 88.456, 48.96, 0.00249801
hold141, 88.456, 48.96, 0.00249801
FILLER_0_14_193, 88.456, 48.96, 0.00249801
_0937_, 101.12, 48.96, 0.00275387
_1090_, 101.12, 48.96, 0.00275387
_1587_, 101.12, 48.96, 0.00275387
_1878_, 101.12, 48.96, 0.00275387
hold367, 101.12, 48.96, 0.00275387
FILLER_0_15_219, 101.12, 48.96, 0.00275387
_1089_, 113.783, 48.96, 0.0029817
_1400_, 113.783, 48.96, 0.0029817
hold161, 113.783, 48.96, 0.0029817
hold414, 113.783, 48.96, 0.0029817
FILLER_0_13_225, 113.783, 48.96, 0.0029817
FILLER_0_14_247, 113.783, 48.96, 0.0029817
_1540_, 126.446, 48.96, 0.00319806
_1935_, 126.446, 48.96, 0.00319806
_2007_, 126.446, 48.96, 0.00319806
hold380, 126.446, 48.96, 0.00319806
FILLER_0_14_253, 126.446, 48.96, 0.00319806
FILLER_0_14_265, 126.446, 48.96, 0.00319806
_1369_, 139.11, 48.96, 0.00337523
_1545_, 139.11, 48.96, 0.00337523
_1546_, 139.11, 48.96, 0.00337523
_2079_, 139.11, 48.96, 0.00337523
hold39, 139.11, 48.96, 0.00337523
FILLER_0_13_277, 139.11, 48.96, 0.00337523
_1225_, 151.773, 48.96, 0.00352177
_1226_, 151.773, 48.96, 0.00352177
_1934_, 151.773, 48.96, 0.00352177
_1941_, 151.773, 48.96, 0.00352177
hold196, 151.773, 48.96, 0.00352177
FILLER_0_14_305, 151.773, 48.96, 0.00352177
FILLER_0_14_309, 151.773, 48.96, 0.00352177
_1056_, 164.436, 48.96, 0.00362616
_1212_, 164.436, 48.96, 0.00362616
_1563_, 164.436, 48.96, 0.00362616
_1862_, 164.436, 48.96, 0.00362616
output110, 164.436, 48.96, 0.00362616
clkbuf_leaf_21_clk, 164.436, 48.96, 0.00362616
hold24, 164.436, 48.96, 0.00362616
PHY_EDGE_ROW_11_Left_74, 5.52, 43.52, 0.000364004
PHY_EDGE_ROW_12_Left_75, 5.52, 43.52, 0.000364004
input24, 5.52, 43.52, 0.000364004
PHY_EDGE_ROW_11_Right_11, 177.1, 43.52, 0.00239474
PHY_EDGE_ROW_12_Right_12, 177.1, 43.52, 0.00239474
input26, 177.1, 43.52, 0.00239474
output99, 177.1, 43.52, 0.00239474
FILLER_0_12_18, 15.33, 43.52, 0.000363252
FILLER_0_12_29, 15.33, 43.52, 0.000363252
FILLER_0_13_27, 15.33, 43.52, 0.000363252
_1643_, 37.803, 43.52, 0.000680055
_2029_, 37.803, 43.52, 0.000680055
_2104_, 37.803, 43.52, 0.000680055
FILLER_0_12_81, 37.803, 43.52, 0.000680055
_1258_, 50.466, 43.52, 0.000957648
_1259_, 50.466, 43.52, 0.000957648
_1260_, 50.466, 43.52, 0.000957648
_1415_, 50.466, 43.52, 0.000957648
_1629_, 50.466, 43.52, 0.000957648
hold343, 50.466, 43.52, 0.000957648
hold366, 50.466, 43.52, 0.000957648
FILLER_0_11_92, 50.466, 43.52, 0.000957648
FILLER_0_12_88, 50.466, 43.52, 0.000957648
_1621_, 63.13, 43.52, 0.00121776
hold65, 63.13, 43.52, 0.00121776
hold269, 63.13, 43.52, 0.00121776
FILLER_0_11_121, 63.13, 43.52, 0.00121776
_1250_, 75.793, 43.52, 0.00146817
_1404_, 75.793, 43.52, 0.00146817
_1405_, 75.793, 43.52, 0.00146817
_1607_, 75.793, 43.52, 0.00146817
_1952_, 75.793, 43.52, 0.00146817
hold64, 75.793, 43.52, 0.00146817
hold230, 75.793, 43.52, 0.00146817
hold260, 75.793, 43.52, 0.00146817
_1082_, 88.456, 43.52, 0.00168278
_2018_, 88.456, 43.52, 0.00168278
hold63, 88.456, 43.52, 0.00168278
FILLER_0_11_169, 88.456, 43.52, 0.00168278
FILLER_0_12_183, 88.456, 43.52, 0.00168278
FILLER_0_13_188, 88.456, 43.52, 0.00168278
_1874_, 101.12, 43.52, 0.00187346
_2090_, 101.12, 43.52, 0.00187346
hold51, 101.12, 43.52, 0.00187346
FILLER_0_13_213, 101.12, 43.52, 0.00187346
FILLER_0_13_221, 101.12, 43.52, 0.00187346
_1080_, 113.783, 43.52, 0.00202209
_1389_, 113.783, 43.52, 0.00202209
_1580_, 113.783, 43.52, 0.00202209
_1873_, 113.783, 43.52, 0.00202209
hold92, 113.783, 43.52, 0.00202209
FILLER_0_11_234, 113.783, 43.52, 0.00202209
FILLER_0_12_222, 113.783, 43.52, 0.00202209
FILLER_0_12_249, 113.783, 43.52, 0.00202209
FILLER_0_13_248, 113.783, 43.52, 0.00202209
_1058_, 126.446, 43.52, 0.0021432
_1213_, 126.446, 43.52, 0.0021432
_1214_, 126.446, 43.52, 0.0021432
hold91, 126.446, 43.52, 0.0021432
FILLER_0_12_253, 126.446, 43.52, 0.0021432
FILLER_0_12_271, 126.446, 43.52, 0.0021432
_1381_, 139.11, 43.52, 0.00225364
_1863_, 139.11, 43.52, 0.00225364
_2013_, 139.11, 43.52, 0.00225364
hold270, 139.11, 43.52, 0.00225364
FILLER_0_12_293, 139.11, 43.52, 0.00225364
FILLER_0_12_304, 139.11, 43.52, 0.00225364
_1379_, 151.773, 43.52, 0.00232409
_1380_, 151.773, 43.52, 0.00232409
input73, 151.773, 43.52, 0.00232409
hold209, 151.773, 43.52, 0.00232409
hold227, 151.773, 43.52, 0.00232409
FILLER_0_12_326, 151.773, 43.52, 0.00232409
_1378_, 164.436, 43.52, 0.00238245
_1868_, 164.436, 43.52, 0.00238245
_2012_, 164.436, 43.52, 0.00238245
hold23, 164.436, 43.52, 0.00238245
hold298, 164.436, 43.52, 0.00238245
FILLER_0_11_333, 164.436, 43.52, 0.00238245
PHY_EDGE_ROW_9_Left_72, 5.52, 38.08, 0.000528538
PHY_EDGE_ROW_10_Left_73, 5.52, 38.08, 0.000528538
output95, 5.52, 38.08, 0.000528538
output97, 5.52, 38.08, 0.000528538
PHY_EDGE_ROW_9_Right_9, 177.1, 38.08, 0.00315815
PHY_EDGE_ROW_10_Right_10, 177.1, 38.08, 0.00315815
input48, 177.1, 38.08, 0.00315815
output147, 177.1, 38.08, 0.00315815
FILLER_0_10_21, 15.33, 38.08, 0.000508861
_1813_, 37.803, 38.08, 0.000892706
hold45, 37.803, 38.08, 0.000892706
hold46, 37.803, 38.08, 0.000892706
FILLER_0_9_57, 37.803, 38.08, 0.000892706
FILLER_0_10_76, 37.803, 38.08, 0.000892706
FILLER_0_11_78, 37.803, 38.08, 0.000892706
_1104_, 50.466, 38.08, 0.00126887
_1105_, 50.466, 38.08, 0.00126887
_1880_, 50.466, 38.08, 0.00126887
_2101_, 50.466, 38.08, 0.00126887
hold66, 50.466, 38.08, 0.00126887
FILLER_0_10_88, 50.466, 38.08, 0.00126887
FILLER_0_11_106, 50.466, 38.08, 0.00126887
_0941_, 63.13, 38.08, 0.00160024
_1094_, 63.13, 38.08, 0.00160024
_1095_, 63.13, 38.08, 0.00160024
_1609_, 63.13, 38.08, 0.00160024
_1808_, 63.13, 38.08, 0.00160024
_0942_, 75.793, 38.08, 0.00190664
_1249_, 75.793, 38.08, 0.00190664
_1606_, 75.793, 38.08, 0.00190664
_2096_, 75.793, 38.08, 0.00190664
hold364, 75.793, 38.08, 0.00190664
FILLER_0_11_164, 75.793, 38.08, 0.00190664
_1081_, 88.456, 38.08, 0.00218394
_1391_, 88.456, 38.08, 0.00218394
_1392_, 88.456, 38.08, 0.00218394
_1946_, 88.456, 38.08, 0.00218394
FILLER_0_9_169, 88.456, 38.08, 0.00218394
FILLER_0_10_176, 88.456, 38.08, 0.00218394
FILLER_0_10_192, 88.456, 38.08, 0.00218394
_2017_, 101.12, 38.08, 0.00243866
hold52, 101.12, 38.08, 0.00243866
hold217, 101.12, 38.08, 0.00243866
hold322, 101.12, 38.08, 0.00243866
FILLER_0_10_213, 101.12, 38.08, 0.00243866
FILLER_0_11_218, 101.12, 38.08, 0.00243866
_1079_, 113.783, 38.08, 0.00266346
_1229_, 113.783, 38.08, 0.00266346
_1390_, 113.783, 38.08, 0.00266346
_2089_, 113.783, 38.08, 0.00266346
hold333, 113.783, 38.08, 0.00266346
hold396, 113.783, 38.08, 0.00266346
FILLER_0_9_228, 113.783, 38.08, 0.00266346
_0921_, 126.446, 38.08, 0.00285584
_1059_, 126.446, 38.08, 0.00285584
_1228_, 126.446, 38.08, 0.00285584
_1942_, 126.446, 38.08, 0.00285584
hold180, 126.446, 38.08, 0.00285584
hold327, 126.446, 38.08, 0.00285584
_1070_, 139.11, 38.08, 0.00301793
_1869_, 139.11, 38.08, 0.00301793
clkbuf_leaf_22_clk, 139.11, 38.08, 0.00301793
FILLER_0_9_277, 139.11, 38.08, 0.00301793
FILLER_0_10_284, 139.11, 38.08, 0.00301793
_1568_, 151.773, 38.08, 0.00309959
_1569_, 151.773, 38.08, 0.00309959
_2085_, 151.773, 38.08, 0.00309959
hold31, 151.773, 38.08, 0.00309959
hold32, 151.773, 38.08, 0.00309959
hold144, 151.773, 38.08, 0.00309959
_0915_, 164.436, 38.08, 0.00314457
_0916_, 164.436, 38.08, 0.00314457
_1068_, 164.436, 38.08, 0.00314457
_1069_, 164.436, 38.08, 0.00314457
_1223_, 164.436, 38.08, 0.00314457
_2084_, 164.436, 38.08, 0.00314457
hold254, 164.436, 38.08, 0.00314457
FILLER_0_9_332, 164.436, 38.08, 0.00314457
FILLER_0_10_342, 164.436, 38.08, 0.00314457
PHY_EDGE_ROW_7_Left_70, 5.52, 32.64, 0.000357136
PHY_EDGE_ROW_8_Left_71, 5.52, 32.64, 0.000357136
PHY_EDGE_ROW_7_Right_7, 177.1, 32.64, 0.00219995
PHY_EDGE_ROW_8_Right_8, 177.1, 32.64, 0.00219995
input74, 177.1, 32.64, 0.00219995
input75, 177.1, 32.64, 0.00219995
_0960_, 15.33, 32.64, 0.000357136
_1817_, 15.33, 32.64, 0.000357136
FILLER_0_9_27, 15.33, 32.64, 0.000357136
_0952_, 37.803, 32.64, 0.000671439
_1885_, 37.803, 32.64, 0.000671439
hold251, 37.803, 32.64, 0.000671439
FILLER_0_8_72, 37.803, 32.64, 0.000671439
FILLER_0_8_80, 37.803, 32.64, 0.000671439
_0951_, 50.466, 32.64, 0.000977346
_1625_, 50.466, 32.64, 0.000977346
clkbuf_leaf_28_clk, 50.466, 32.64, 0.000977346
hold319, 50.466, 32.64, 0.000977346
FILLER_0_8_94, 50.466, 32.64, 0.000977346
FILLER_0_8_110, 50.466, 32.64, 0.000977346
_0943_, 63.13, 32.64, 0.00120202
_1251_, 63.13, 32.64, 0.00120202
hold204, 63.13, 32.64, 0.00120202
hold371, 63.13, 32.64, 0.00120202
FILLER_0_7_113, 63.13, 32.64, 0.00120202
FILLER_0_8_122, 63.13, 32.64, 0.00120202
FILLER_0_8_134, 63.13, 32.64, 0.00120202
_1096_, 75.793, 32.64, 0.00141483
_1097_, 75.793, 32.64, 0.00141483
_1610_, 75.793, 32.64, 0.00141483
_2097_, 75.793, 32.64, 0.00141483
hold326, 75.793, 32.64, 0.00141483
hold328, 75.793, 32.64, 0.00141483
FILLER_0_8_151, 75.793, 32.64, 0.00141483
FILLER_0_9_153, 75.793, 32.64, 0.00141483
_0929_, 88.456, 32.64, 0.00159668
_1236_, 88.456, 32.64, 0.00159668
_1237_, 88.456, 32.64, 0.00159668
hold33, 88.456, 32.64, 0.00159668
FILLER_0_7_177, 88.456, 32.64, 0.00159668
FILLER_0_8_172, 88.456, 32.64, 0.00159668
FILLER_0_8_182, 88.456, 32.64, 0.00159668
FILLER_0_8_190, 88.456, 32.64, 0.00159668
_0928_, 101.12, 32.64, 0.00176864
_1235_, 101.12, 32.64, 0.00176864
_1584_, 101.12, 32.64, 0.00176864
_1586_, 101.12, 32.64, 0.00176864
_1802_, 101.12, 32.64, 0.00176864
_1945_, 101.12, 32.64, 0.00176864
_1234_, 113.783, 32.64, 0.00189936
_1581_, 113.783, 32.64, 0.00189936
hold286, 113.783, 32.64, 0.00189936
FILLER_0_9_239, 113.783, 32.64, 0.00189936
_0920_, 126.446, 32.64, 0.00202297
_0927_, 126.446, 32.64, 0.00202297
_1582_, 126.446, 32.64, 0.00202297
_1798_, 126.446, 32.64, 0.00202297
FILLER_0_7_257, 126.446, 32.64, 0.00202297
FILLER_0_8_260, 126.446, 32.64, 0.00202297
_0918_, 139.11, 32.64, 0.00212216
_1071_, 139.11, 32.64, 0.00212216
_1570_, 139.11, 32.64, 0.00212216
_1797_, 139.11, 32.64, 0.00212216
_2086_, 139.11, 32.64, 0.00212216
hold19, 139.11, 32.64, 0.00212216
hold20, 139.11, 32.64, 0.00212216
_0917_, 151.773, 32.64, 0.00217142
_1224_, 151.773, 32.64, 0.00217142
_1567_, 151.773, 32.64, 0.00217142
_1940_, 151.773, 32.64, 0.00217142
_1566_, 164.436, 32.64, 0.00219799
_1796_, 164.436, 32.64, 0.00219799
hold304, 164.436, 32.64, 0.00219799
PHY_EDGE_ROW_5_Left_68, 5.52, 27.2, 0.000358105
PHY_EDGE_ROW_6_Left_69, 5.52, 27.2, 0.000358105
PHY_EDGE_ROW_5_Right_5, 177.1, 27.2, 0.00256143
PHY_EDGE_ROW_6_Right_6, 177.1, 27.2, 0.00256143
output148, 177.1, 27.2, 0.00256143
FILLER_0_6_365, 177.1, 27.2, 0.00256143
_1109_, 37.803, 27.2, 0.00078432
_1112_, 37.803, 27.2, 0.00078432
_1418_, 37.803, 27.2, 0.00078432
_1419_, 37.803, 27.2, 0.00078432
_1634_, 37.803, 27.2, 0.00078432
hold192, 37.803, 27.2, 0.00078432
FILLER_0_6_70, 37.803, 27.2, 0.00078432
FILLER_0_7_77, 37.803, 27.2, 0.00078432
_1953_, 50.466, 27.2, 0.00119772
_2103_, 50.466, 27.2, 0.00119772
hold344, 50.466, 27.2, 0.00119772
hold406, 50.466, 27.2, 0.00119772
FILLER_0_5_88, 50.466, 27.2, 0.00119772
FILLER_0_6_85, 50.466, 27.2, 0.00119772
FILLER_0_7_101, 50.466, 27.2, 0.00119772
_0944_, 63.13, 27.2, 0.00156735
_1407_, 63.13, 27.2, 0.00156735
_1809_, 63.13, 27.2, 0.00156735
_2025_, 63.13, 27.2, 0.00156735
hold15, 63.13, 27.2, 0.00156735
FILLER_0_6_128, 63.13, 27.2, 0.00156735
FILLER_0_7_128, 63.13, 27.2, 0.00156735
_1881_, 75.793, 27.2, 0.00189419
clkbuf_leaf_27_clk, 75.793, 27.2, 0.00189419
hold34, 75.793, 27.2, 0.00189419
FILLER_0_5_146, 75.793, 27.2, 0.00189419
FILLER_0_6_141, 75.793, 27.2, 0.00189419
_1611_, 88.456, 27.2, 0.00212618
_1879_, 88.456, 27.2, 0.00212618
_2023_, 88.456, 27.2, 0.00212618
hold266, 88.456, 27.2, 0.00212618
FILLER_0_6_176, 88.456, 27.2, 0.00212618
FILLER_0_7_193, 88.456, 27.2, 0.00212618
_1396_, 101.12, 27.2, 0.00231628
_2020_, 101.12, 27.2, 0.00231628
clkbuf_leaf_23_clk, 101.12, 27.2, 0.00231628
hold197, 101.12, 27.2, 0.00231628
FILLER_0_5_197, 101.12, 27.2, 0.00231628
FILLER_0_6_197, 101.12, 27.2, 0.00231628
FILLER_0_6_208, 101.12, 27.2, 0.00231628
FILLER_0_7_217, 101.12, 27.2, 0.00231628
_0926_, 113.783, 27.2, 0.00241522
_1086_, 113.783, 27.2, 0.00241522
_1801_, 113.783, 27.2, 0.00241522
_1876_, 113.783, 27.2, 0.00241522
hold153, 113.783, 27.2, 0.00241522
FILLER_0_6_231, 113.783, 27.2, 0.00241522
_1073_, 126.446, 27.2, 0.00247195
_1383_, 126.446, 27.2, 0.00247195
_1571_, 126.446, 27.2, 0.00247195
_2014_, 126.446, 27.2, 0.00247195
hold315, 126.446, 27.2, 0.00247195
FILLER_0_6_253, 126.446, 27.2, 0.00247195
FILLER_0_7_272, 126.446, 27.2, 0.00247195
_1572_, 139.11, 27.2, 0.00250227
hold246, 139.11, 27.2, 0.00250227
FILLER_0_7_328, 151.773, 27.2, 0.00252545
_1565_, 164.436, 27.2, 0.00254864
hold2, 164.436, 27.2, 0.00254864
hold293, 164.436, 27.2, 0.00254864
FILLER_0_5_333, 164.436, 27.2, 0.00254864
FILLER_0_6_345, 164.436, 27.2, 0.00254864
FILLER_0_6_353, 164.436, 27.2, 0.00254864
PHY_EDGE_ROW_3_Left_66, 5.52, 21.76, 0.000218725
PHY_EDGE_ROW_4_Left_67, 5.52, 21.76, 0.000218725
PHY_EDGE_ROW_3_Right_3, 177.1, 21.76, 0.00127786
PHY_EDGE_ROW_4_Right_4, 177.1, 21.76, 0.00127786
output77, 177.1, 21.76, 0.00127786
FILLER_0_3_361, 177.1, 21.76, 0.00127786
FILLER_0_4_29, 15.33, 21.76, 0.000218725
FILLER_0_5_27, 15.33, 21.76, 0.000218725
_1887_, 37.803, 21.76, 0.00043113
_2031_, 37.803, 21.76, 0.00043113
FILLER_0_3_69, 37.803, 21.76, 0.00043113
FILLER_0_4_81, 37.803, 21.76, 0.00043113
_1108_, 50.466, 21.76, 0.000609159
_1252_, 50.466, 21.76, 0.000609159
_1635_, 50.466, 21.76, 0.000609159
_1636_, 50.466, 21.76, 0.000609159
hold16, 50.466, 21.76, 0.000609159
hold296, 50.466, 21.76, 0.000609159
FILLER_0_4_110, 50.466, 21.76, 0.000609159
_0948_, 63.13, 21.76, 0.000770795
_1406_, 63.13, 21.76, 0.000770795
_1617_, 63.13, 21.76, 0.000770795
_1811_, 63.13, 21.76, 0.000770795
hold219, 63.13, 21.76, 0.000770795
_1618_, 75.793, 21.76, 0.000905898
_1619_, 75.793, 21.76, 0.000905898
_2099_, 75.793, 21.76, 0.000905898
hold9, 75.793, 21.76, 0.000905898
hold10, 75.793, 21.76, 0.000905898
FILLER_0_4_141, 75.793, 21.76, 0.000905898
_1091_, 88.456, 21.76, 0.00100923
_1092_, 88.456, 21.76, 0.00100923
_1246_, 88.456, 21.76, 0.00100923
_1401_, 88.456, 21.76, 0.00100923
_1402_, 88.456, 21.76, 0.00100923
hold234, 88.456, 21.76, 0.00100923
hold332, 88.456, 21.76, 0.00100923
_1395_, 101.12, 21.76, 0.00109571
_1603_, 101.12, 21.76, 0.00109571
hold11, 101.12, 21.76, 0.00109571
hold12, 101.12, 21.76, 0.00109571
hold272, 101.12, 21.76, 0.00109571
FILLER_0_4_204, 101.12, 21.76, 0.00109571
FILLER_0_4_216, 101.12, 21.76, 0.00109571
_1085_, 113.783, 21.76, 0.00116448
_2092_, 113.783, 21.76, 0.00116448
hold184, 113.783, 21.76, 0.00116448
hold287, 113.783, 21.76, 0.00116448
FILLER_0_5_241, 113.783, 21.76, 0.00116448
_1074_, 126.446, 21.76, 0.00120512
_1384_, 126.446, 21.76, 0.00120512
_1870_, 126.446, 21.76, 0.00120512
FILLER_0_4_257, 126.446, 21.76, 0.00120512
FILLER_0_5_270, 126.446, 21.76, 0.00120512
FILLER_0_3_277, 139.11, 21.76, 0.00122563
FILLER_0_4_305, 151.773, 21.76, 0.00124614
FILLER_0_5_325, 151.773, 21.76, 0.00124614
hold1, 164.436, 21.76, 0.00126665
hold146, 164.436, 21.76, 0.00126665
FILLER_0_4_345, 164.436, 21.76, 0.00126665
FILLER_0_4_353, 164.436, 21.76, 0.00126665
FILLER_0_5_349, 164.436, 21.76, 0.00126665
PHY_EDGE_ROW_1_Left_64, 5.52, 16.32, 0.000235177
PHY_EDGE_ROW_2_Left_65, 5.52, 16.32, 0.000235177
PHY_EDGE_ROW_1_Right_1, 177.1, 16.32, 0.00123546
PHY_EDGE_ROW_2_Right_2, 177.1, 16.32, 0.00123546
FILLER_0_1_361, 177.1, 16.32, 0.00123546
FILLER_0_2_365, 177.1, 16.32, 0.00123546
_1264_, 37.803, 16.32, 0.000458602
hold345, 37.803, 16.32, 0.000458602
FILLER_0_1_69, 37.803, 16.32, 0.000458602
FILLER_0_2_77, 37.803, 16.32, 0.000458602
FILLER_0_3_77, 37.803, 16.32, 0.000458602
_0955_, 50.466, 16.32, 0.000676583
_1263_, 50.466, 16.32, 0.000676583
_1815_, 50.466, 16.32, 0.000676583
hold170, 50.466, 16.32, 0.000676583
FILLER_0_3_105, 50.466, 16.32, 0.000676583
_0947_, 63.13, 16.32, 0.000869469
_0956_, 63.13, 16.32, 0.000869469
_1101_, 63.13, 16.32, 0.000869469
_1410_, 63.13, 16.32, 0.000869469
_1883_, 63.13, 16.32, 0.000869469
_2027_, 63.13, 16.32, 0.000869469
FILLER_0_1_113, 63.13, 16.32, 0.000869469
FILLER_0_2_133, 63.13, 16.32, 0.000869469
_1100_, 75.793, 16.32, 0.00102046
_1951_, 75.793, 16.32, 0.00102046
_1955_, 75.793, 16.32, 0.00102046
hold346, 75.793, 16.32, 0.00102046
FILLER_0_2_158, 75.793, 16.32, 0.00102046
_0938_, 88.456, 16.32, 0.00113076
_1247_, 88.456, 16.32, 0.00113076
_1604_, 88.456, 16.32, 0.00113076
_1605_, 88.456, 16.32, 0.00113076
_1807_, 88.456, 16.32, 0.00113076
output90, 88.456, 16.32, 0.00113076
FILLER_0_3_192, 88.456, 16.32, 0.00113076
_0932_, 101.12, 16.32, 0.00120261
_1593_, 101.12, 16.32, 0.00120261
_1804_, 101.12, 16.32, 0.00120261
_2095_, 101.12, 16.32, 0.00120261
_1240_, 113.783, 16.32, 0.00123546
_1948_, 113.783, 16.32, 0.00123546
hold21, 113.783, 16.32, 0.00123546
hold22, 113.783, 16.32, 0.00123546
hold291, 113.783, 16.32, 0.00123546
FILLER_0_2_247, 113.783, 16.32, 0.00123546
FILLER_0_3_269, 126.446, 16.32, 0.00123546
FILLER_0_2_301, 139.11, 16.32, 0.00123546
FILLER_0_3_329, 151.773, 16.32, 0.00123546
FILLER_0_2_357, 164.436, 16.32, 0.00123546
PHY_EDGE_ROW_0_Left_63, 5.52, 10.88, 0.000268981
PHY_EDGE_ROW_0_Right_0, 177.1, 10.88, 0.00151605
FILLER_0_0_361, 177.1, 10.88, 0.00151605
FILLER_0_0_365, 177.1, 10.88, 0.00151605
_1959_, 37.803, 10.88, 0.000520253
input23, 37.803, 10.88, 0.000520253
output98, 37.803, 10.88, 0.000520253
FILLER_0_0_57, 37.803, 10.88, 0.000520253
FILLER_0_0_70, 37.803, 10.88, 0.000520253
input20, 50.466, 10.88, 0.000740811
input21, 50.466, 10.88, 0.000740811
output94, 50.466, 10.88, 0.000740811
output96, 50.466, 10.88, 0.000740811
FILLER_0_0_105, 50.466, 10.88, 0.000740811
_1411_, 63.13, 10.88, 0.000933736
input16, 63.13, 10.88, 0.000933736
input17, 63.13, 10.88, 0.000933736
input18, 63.13, 10.88, 0.000933736
input19, 63.13, 10.88, 0.000933736
output93, 63.13, 10.88, 0.000933736
hold386, 63.13, 10.88, 0.000933736
_1255_, 75.793, 10.88, 0.00110419
_1256_, 75.793, 10.88, 0.00110419
output91, 75.793, 10.88, 0.00110419
output92, 75.793, 10.88, 0.00110419
hold369, 75.793, 10.88, 0.00110419
_0939_, 88.456, 10.88, 0.00124191
input12, 88.456, 10.88, 0.00124191
input14, 88.456, 10.88, 0.00124191
output85, 88.456, 10.88, 0.00124191
output89, 88.456, 10.88, 0.00124191
hold187, 88.456, 10.88, 0.00124191
FILLER_0_0_181, 88.456, 10.88, 0.00124191
_0933_, 101.12, 10.88, 0.00134847
_1241_, 101.12, 10.88, 0.00134847
_1592_, 101.12, 10.88, 0.00134847
input9, 101.12, 10.88, 0.00134847
input10, 101.12, 10.88, 0.00134847
output87, 101.12, 10.88, 0.00134847
FILLER_0_0_221, 101.12, 10.88, 0.00134847
_1594_, 113.783, 10.88, 0.00143503
input6, 113.783, 10.88, 0.00143503
input11, 113.783, 10.88, 0.00143503
input13, 113.783, 10.88, 0.00143503
output82, 113.783, 10.88, 0.00143503
output83, 113.783, 10.88, 0.00143503
FILLER_0_0_244, 113.783, 10.88, 0.00143503
input5, 126.446, 10.88, 0.00148928
input8, 126.446, 10.88, 0.00148928
output84, 126.446, 10.88, 0.00148928
output86, 126.446, 10.88, 0.00148928
FILLER_0_0_258, 126.446, 10.88, 0.00148928
FILLER_0_1_272, 126.446, 10.88, 0.00148928
input37, 139.11, 10.88, 0.00151605
output78, 139.11, 10.88, 0.00151605
output81, 139.11, 10.88, 0.00151605
FILLER_0_0_286, 139.11, 10.88, 0.00151605
FILLER_0_0_303, 139.11, 10.88, 0.00151605
FILLER_0_1_329, 151.773, 10.88, 0.00151605
FILLER_0_0_333, 164.436, 10.88, 0.00151605

