OpenROAD 75f2f325b7a42e56a92404f33af8e96530d9b202 
This program is licensed under the BSD-3 license. See the LICENSE file for details.
Components of this program may be licensed under more restrictive licenses which must be honored.
[INFO]: Reading ODB at '/openlane/designs/dff_ram/runs/first_turn/tmp/20-dff_ram_4x72.odb'…
define_corners Typical
read_liberty -corner Typical /home/arham/.volare/sky130A/libs.ref/sky130_fd_sc_hd/lib/sky130_fd_sc_hd__tt_025C_1v80.lib
Using 1e-12 for capacitance...
Using 1e+03 for resistance...
Using 1e-09 for time...
Using 1e+00 for voltage...
Using 1e-03 for current...
Using 1e-09 for power...
Using 1e-06 for distance...
Reading design constraints file at '/openlane/scripts/base.sdc'…
[INFO]: Setting output delay to: 2.0
[INFO]: Setting input delay to: 2.0
[INFO]: Setting load to: 0.033442
[INFO]: Setting clock uncertainty to: 0.25
[INFO]: Setting clock transition to: 0.15
[INFO]: Setting timing derate to: 5.0 %
[INFO]: Setting signal min routing layer to: met1 and clock min routing layer to met1. 
[INFO]: Setting signal max routing layer to: met5 and clock max routing layer to met5. 
-congestion_iterations 50 -verbose -congestion_report_file /openlane/designs/dff_ram/runs/first_turn/tmp/routing/groute-congestion.rpt
[INFO GRT-0020] Min routing layer: met1
[INFO GRT-0021] Max routing layer: met5
[INFO GRT-0022] Global adjustment: 30%
[INFO GRT-0023] Grid origin: (0, 0)
[INFO GRT-0043] No OR_DEFAULT vias defined.
[INFO GRT-0088] Layer li1     Track-Pitch = 0.4600  line-2-Via Pitch: 0.3400
[INFO GRT-0088] Layer met1    Track-Pitch = 0.3400  line-2-Via Pitch: 0.3400
[INFO GRT-0088] Layer met2    Track-Pitch = 0.4600  line-2-Via Pitch: 0.3500
[INFO GRT-0088] Layer met3    Track-Pitch = 0.6800  line-2-Via Pitch: 0.6150
[INFO GRT-0088] Layer met4    Track-Pitch = 0.9200  line-2-Via Pitch: 1.0400
[INFO GRT-0088] Layer met5    Track-Pitch = 3.4000  line-2-Via Pitch: 3.1100
[INFO GRT-0019] Found 37 clock nets.
[INFO GRT-0001] Minimum degree: 2
[INFO GRT-0002] Maximum degree: 19
[INFO GRT-0003] Macros: 0
[INFO GRT-0004] Blockages: 5282

[INFO GRT-0053] Routing resources analysis:
          Routing      Original      Derated      Resource
Layer     Direction    Resources     Resources    Reduction (%)
---------------------------------------------------------------
li1        Vertical            0             0          0.00%
met1       Horizontal      14546          6908          52.51%
met2       Vertical        11146          7097          36.33%
met3       Horizontal       7260          4838          33.36%
met4       Vertical         4520          2789          38.30%
met5       Horizontal       1452           700          51.79%
---------------------------------------------------------------

[INFO GRT-0197] Via related to pin nodes: 6616
[INFO GRT-0198] Via related Steiner nodes: 220
[INFO GRT-0199] Via filling finished.
[INFO GRT-0111] Final number of vias: 7393
[INFO GRT-0112] Final usage 3D: 27664

[INFO GRT-0096] Final congestion report:
Layer         Resource        Demand        Usage (%)    Max H / Max V / Total Overflow
---------------------------------------------------------------------------------------
li1                  0             0            0.00%             0 /  0 /  0
met1              6908          2526           36.57%             0 /  0 /  0
met2              7097          2765           38.96%             0 /  0 /  0
met3              4838           174            3.60%             0 /  0 /  0
met4              2789            20            0.72%             0 /  0 /  0
met5               700             0            0.00%             0 /  0 /  0
---------------------------------------------------------------------------------------
Total            22332          5485           24.56%             0 /  0 /  0

[INFO GRT-0018] Total wirelength: 63362 um
[INFO GRT-0014] Routed nets: 1934
[INFO GRT-0006] Repairing antennas, iteration 1.
[INFO GRT-0043] No OR_DEFAULT vias defined.
[INFO GRT-0012] Found 1 antenna violations.
[INFO GRT-0015] Inserted 1 diodes.
[INFO GRT-0009] rerouting 1312 nets.
[INFO GRT-0001] Minimum degree: 2
[INFO GRT-0002] Maximum degree: 19
[INFO GRT-0006] Repairing antennas, iteration 2.
[INFO GRT-0043] No OR_DEFAULT vias defined.
[INFO GRT-0012] Found 1 antenna violations.
[INFO GRT-0015] Inserted 1 diodes.
[INFO GRT-0009] rerouting 32 nets.
[INFO GRT-0001] Minimum degree: 2
[INFO GRT-0002] Maximum degree: 11
[INFO GRT-0006] Repairing antennas, iteration 3.
[INFO GRT-0043] No OR_DEFAULT vias defined.
[INFO GRT-0012] Found 0 antenna violations.
Placement Analysis
---------------------------------
total displacement          0.0 u
average displacement        0.0 u
max displacement            0.0 u
original HPWL           32916.4 u
legalized HPWL          32916.4 u
delta HPWL                    0 %

[INFO DPL-0020] Mirrored 725 instances
[INFO DPL-0021] HPWL before           32916.4 u
[INFO DPL-0022] HPWL after            31480.2 u
[INFO DPL-0023] HPWL delta               -4.4 %
[INFO]: Setting signal min routing layer to: met1 and clock min routing layer to met1. 
[INFO]: Setting signal max routing layer to: met5 and clock max routing layer to met5. 
-congestion_iterations 50 -verbose -congestion_report_file /openlane/designs/dff_ram/runs/first_turn/tmp/routing/groute-congestion.rpt
[INFO GRT-0020] Min routing layer: met1
[INFO GRT-0021] Max routing layer: met5
[INFO GRT-0022] Global adjustment: 30%
[INFO GRT-0023] Grid origin: (0, 0)
[INFO GRT-0043] No OR_DEFAULT vias defined.
[INFO GRT-0088] Layer li1     Track-Pitch = 0.4600  line-2-Via Pitch: 0.3400
[INFO GRT-0088] Layer met1    Track-Pitch = 0.3400  line-2-Via Pitch: 0.3400
[INFO GRT-0088] Layer met2    Track-Pitch = 0.4600  line-2-Via Pitch: 0.3500
[INFO GRT-0088] Layer met3    Track-Pitch = 0.6800  line-2-Via Pitch: 0.6150
[INFO GRT-0088] Layer met4    Track-Pitch = 0.9200  line-2-Via Pitch: 1.0400
[INFO GRT-0088] Layer met5    Track-Pitch = 3.4000  line-2-Via Pitch: 3.1100
[INFO GRT-0019] Found 37 clock nets.
[INFO GRT-0001] Minimum degree: 2
[INFO GRT-0002] Maximum degree: 19
[INFO GRT-0003] Macros: 0
[INFO GRT-0004] Blockages: 5282

[INFO GRT-0053] Routing resources analysis:
          Routing      Original      Derated      Resource
Layer     Direction    Resources     Resources    Reduction (%)
---------------------------------------------------------------
li1        Vertical            0             0          0.00%
met1       Horizontal      14546          6908          52.51%
met2       Vertical        11146          7097          36.33%
met3       Horizontal       7260          4836          33.39%
met4       Vertical         4520          2789          38.30%
met5       Horizontal       1452           700          51.79%
---------------------------------------------------------------

[INFO GRT-0197] Via related to pin nodes: 6642
[INFO GRT-0198] Via related Steiner nodes: 222
[INFO GRT-0199] Via filling finished.
[INFO GRT-0111] Final number of vias: 7422
[INFO GRT-0112] Final usage 3D: 27769

[INFO GRT-0096] Final congestion report:
Layer         Resource        Demand        Usage (%)    Max H / Max V / Total Overflow
---------------------------------------------------------------------------------------
li1                  0             0            0.00%             0 /  0 /  0
met1              6908          2528           36.60%             0 /  0 /  0
met2              7097          2775           39.10%             0 /  0 /  0
met3              4836           180            3.72%             0 /  0 /  0
met4              2789            20            0.72%             0 /  0 /  0
met5               700             0            0.00%             0 /  0 /  0
---------------------------------------------------------------------------------------
Total            22330          5503           24.64%             0 /  0 /  0

[INFO GRT-0018] Total wirelength: 63597 um
[INFO GRT-0014] Routed nets: 1934
Setting global connections for newly added cells…
Writing OpenROAD database to '/openlane/designs/dff_ram/runs/first_turn/tmp/routing/22-global.odb'…
Writing layout to '/openlane/designs/dff_ram/runs/first_turn/tmp/routing/22-global.def'…
Writing routing guides to '/openlane/designs/dff_ram/runs/first_turn/tmp/routing/22-global.guide'…
