
===========================================================================
 report_power
============================================================================
======================= Fastest Corner ===================================

Group                  Internal  Switching    Leakage      Total
                          Power      Power      Power      Power (Watts)
----------------------------------------------------------------
Sequential             4.10e-03   3.37e-04   1.04e-08   4.44e-03  48.0%
Combinational          1.97e-03   1.02e-03   3.08e-08   2.99e-03  32.3%
Clock                  7.62e-04   1.05e-03   6.53e-09   1.81e-03  19.6%
Macro                  0.00e+00   0.00e+00   0.00e+00   0.00e+00   0.0%
Pad                    0.00e+00   0.00e+00   0.00e+00   0.00e+00   0.0%
----------------------------------------------------------------
Total                  6.83e-03   2.41e-03   4.77e-08   9.24e-03 100.0%
                          73.9%      26.1%       0.0%

======================= Slowest Corner ===================================

Group                  Internal  Switching    Leakage      Total
                          Power      Power      Power      Power (Watts)
----------------------------------------------------------------
Sequential             2.75e-03   2.16e-04   1.05e-05   2.97e-03  47.5%
Combinational          1.38e-03   6.64e-04   1.64e-05   2.07e-03  33.0%
Clock                  5.57e-04   6.67e-04   7.99e-07   1.22e-03  19.5%
Macro                  0.00e+00   0.00e+00   0.00e+00   0.00e+00   0.0%
Pad                    0.00e+00   0.00e+00   0.00e+00   0.00e+00   0.0%
----------------------------------------------------------------
Total                  4.69e-03   1.55e-03   2.77e-05   6.26e-03 100.0%
                          74.9%      24.7%       0.4%

======================= Typical Corner ===================================

Group                  Internal  Switching    Leakage      Total
                          Power      Power      Power      Power (Watts)
----------------------------------------------------------------
Sequential             3.52e-03   2.79e-04   6.04e-09   3.80e-03  47.9%
Combinational          1.73e-03   8.52e-04   1.09e-08   2.58e-03  32.6%
Clock                  6.72e-04   8.81e-04   4.64e-09   1.55e-03  19.6%
Macro                  0.00e+00   0.00e+00   0.00e+00   0.00e+00   0.0%
Pad                    0.00e+00   0.00e+00   0.00e+00   0.00e+00   0.0%
----------------------------------------------------------------
Total                  5.92e-03   2.01e-03   2.16e-08   7.93e-03 100.0%
                          74.6%      25.4%       0.0%

