
===========================================================================
 report_power
============================================================================
======================= Fastest Corner ===================================

Group                  Internal  Switching    Leakage      Total
                          Power      Power      Power      Power (Watts)
----------------------------------------------------------------
Sequential             2.05e-03   2.03e-04   5.22e-09   2.25e-03  47.0%
Combinational          9.96e-04   5.89e-04   1.51e-08   1.59e-03  33.1%
Clock                  4.11e-04   5.45e-04   3.57e-09   9.56e-04  19.9%
Macro                  0.00e+00   0.00e+00   0.00e+00   0.00e+00   0.0%
Pad                    0.00e+00   0.00e+00   0.00e+00   0.00e+00   0.0%
----------------------------------------------------------------
Total                  3.46e-03   1.34e-03   2.39e-08   4.80e-03 100.0%
                          72.1%      27.9%       0.0%

======================= Slowest Corner ===================================

Group                  Internal  Switching    Leakage      Total
                          Power      Power      Power      Power (Watts)
----------------------------------------------------------------
Sequential             1.37e-03   1.32e-04   5.23e-06   1.51e-03  46.4%
Combinational          7.02e-04   3.86e-04   8.29e-06   1.10e-03  33.7%
Clock                  3.00e-04   3.46e-04   4.31e-07   6.47e-04  19.9%
Macro                  0.00e+00   0.00e+00   0.00e+00   0.00e+00   0.0%
Pad                    0.00e+00   0.00e+00   0.00e+00   0.00e+00   0.0%
----------------------------------------------------------------
Total                  2.38e-03   8.64e-04   1.39e-05   3.25e-03 100.0%
                          73.0%      26.5%       0.4%

======================= Typical Corner ===================================

Group                  Internal  Switching    Leakage      Total
                          Power      Power      Power      Power (Watts)
----------------------------------------------------------------
Sequential             1.76e-03   1.69e-04   3.02e-09   1.93e-03  46.8%
Combinational          8.76e-04   4.94e-04   5.43e-09   1.37e-03  33.3%
Clock                  3.62e-04   4.57e-04   2.55e-09   8.19e-04  19.9%
Macro                  0.00e+00   0.00e+00   0.00e+00   0.00e+00   0.0%
Pad                    0.00e+00   0.00e+00   0.00e+00   0.00e+00   0.0%
----------------------------------------------------------------
Total                  3.00e-03   1.12e-03   1.10e-08   4.12e-03 100.0%
                          72.8%      27.2%       0.0%

