
===========================================================================
report_checks -unconstrained
===========================================================================
======================= Fastest Corner ===================================

Startpoint: address[2] (input port clocked by clk)
Endpoint: rdata[46] (output port clocked by clk)
Path Group: clk
Path Type: max
Corner: Fastest

Fanout     Cap    Slew   Delay    Time   Description
-----------------------------------------------------------------------------
                  0.15    0.00    0.00   clock clk (rise edge)
                          0.00    0.00   clock network delay (ideal)
                          2.00    2.00 ^ input external delay
     1    0.00    0.02    0.01    2.01 ^ address[2] (in)
                                         address[2] (net)
                  0.02    0.00    2.01 ^ input3/A (sky130_fd_sc_hd__dlymetal6s2s_1)
     5    0.03    0.25    0.21    2.22 ^ input3/X (sky130_fd_sc_hd__dlymetal6s2s_1)
                                         net3 (net)
                  0.25    0.00    2.23 ^ _1851_/A (sky130_fd_sc_hd__clkbuf_2)
    10    0.03    0.13    0.17    2.40 ^ _1851_/X (sky130_fd_sc_hd__clkbuf_2)
                                         _0720_ (net)
                  0.13    0.00    2.40 ^ _1852_/A (sky130_fd_sc_hd__buf_4)
    10    0.09    0.19    0.21    2.61 ^ _1852_/X (sky130_fd_sc_hd__buf_4)
                                         _0721_ (net)
                  0.19    0.01    2.62 ^ _1937_/A (sky130_fd_sc_hd__buf_4)
    10    0.08    0.16    0.20    2.82 ^ _1937_/X (sky130_fd_sc_hd__buf_4)
                                         _0766_ (net)
                  0.16    0.01    2.83 ^ _1950_/S (sky130_fd_sc_hd__mux2_1)
     1    0.00    0.04    0.21    3.03 v _1950_/X (sky130_fd_sc_hd__mux2_1)
                                         _0773_ (net)
                  0.04    0.00    3.03 v _1951_/A (sky130_fd_sc_hd__buf_1)
     1    0.02    0.09    0.12    3.16 v _1951_/X (sky130_fd_sc_hd__buf_1)
                                         net117 (net)
                  0.09    0.00    3.16 v output117/A (sky130_fd_sc_hd__clkbuf_4)
     1    0.03    0.06    0.15    3.31 v output117/X (sky130_fd_sc_hd__clkbuf_4)
                                         rdata[46] (net)
                  0.06    0.00    3.31 v rdata[46] (out)
                                  3.31   data arrival time

                  0.15   10.00   10.00   clock clk (rise edge)
                          0.00   10.00   clock network delay (ideal)
                         -0.25    9.75   clock uncertainty
                          0.00    9.75   clock reconvergence pessimism
                         -2.00    7.75   output external delay
                                  7.75   data required time
-----------------------------------------------------------------------------
                                  7.75   data required time
                                 -3.31   data arrival time
-----------------------------------------------------------------------------
                                  4.44   slack (MET)



======================= Slowest Corner ===================================

Startpoint: address[2] (input port clocked by clk)
Endpoint: rdata[46] (output port clocked by clk)
Path Group: clk
Path Type: max
Corner: Slowest

Fanout     Cap    Slew   Delay    Time   Description
-----------------------------------------------------------------------------
                  0.15    0.00    0.00   clock clk (rise edge)
                          0.00    0.00   clock network delay (ideal)
                          2.00    2.00 ^ input external delay
     1    0.00    0.04    0.02    2.02 ^ address[2] (in)
                                         address[2] (net)
                  0.04    0.00    2.02 ^ input3/A (sky130_fd_sc_hd__dlymetal6s2s_1)
     5    0.03    0.49    0.47    2.49 ^ input3/X (sky130_fd_sc_hd__dlymetal6s2s_1)
                                         net3 (net)
                  0.49    0.00    2.49 ^ _1851_/A (sky130_fd_sc_hd__clkbuf_2)
    10    0.03    0.24    0.51    3.00 ^ _1851_/X (sky130_fd_sc_hd__clkbuf_2)
                                         _0720_ (net)
                  0.24    0.00    3.01 ^ _1852_/A (sky130_fd_sc_hd__buf_4)
    10    0.09    0.39    0.55    3.56 ^ _1852_/X (sky130_fd_sc_hd__buf_4)
                                         _0721_ (net)
                  0.39    0.01    3.56 ^ _1937_/A (sky130_fd_sc_hd__buf_4)
    10    0.07    0.33    0.56    4.13 ^ _1937_/X (sky130_fd_sc_hd__buf_4)
                                         _0766_ (net)
                  0.33    0.01    4.13 ^ _1950_/S (sky130_fd_sc_hd__mux2_1)
     1    0.00    0.12    0.84    4.97 v _1950_/X (sky130_fd_sc_hd__mux2_1)
                                         _0773_ (net)
                  0.12    0.00    4.98 v _1951_/A (sky130_fd_sc_hd__buf_1)
     1    0.02    0.25    0.35    5.33 v _1951_/X (sky130_fd_sc_hd__buf_1)
                                         net117 (net)
                  0.25    0.00    5.33 v output117/A (sky130_fd_sc_hd__clkbuf_4)
     1    0.03    0.14    0.43    5.76 v output117/X (sky130_fd_sc_hd__clkbuf_4)
                                         rdata[46] (net)
                  0.14    0.00    5.76 v rdata[46] (out)
                                  5.76   data arrival time

                  0.15   10.00   10.00   clock clk (rise edge)
                          0.00   10.00   clock network delay (ideal)
                         -0.25    9.75   clock uncertainty
                          0.00    9.75   clock reconvergence pessimism
                         -2.00    7.75   output external delay
                                  7.75   data required time
-----------------------------------------------------------------------------
                                  7.75   data required time
                                 -5.76   data arrival time
-----------------------------------------------------------------------------
                                  1.99   slack (MET)



======================= Typical Corner ===================================

Startpoint: address[2] (input port clocked by clk)
Endpoint: rdata[46] (output port clocked by clk)
Path Group: clk
Path Type: max
Corner: Typical

Fanout     Cap    Slew   Delay    Time   Description
-----------------------------------------------------------------------------
                  0.15    0.00    0.00   clock clk (rise edge)
                          0.00    0.00   clock network delay (ideal)
                          2.00    2.00 ^ input external delay
     1    0.00    0.02    0.01    2.01 ^ address[2] (in)
                                         address[2] (net)
                  0.02    0.00    2.01 ^ input3/A (sky130_fd_sc_hd__dlymetal6s2s_1)
     5    0.03    0.32    0.29    2.30 ^ input3/X (sky130_fd_sc_hd__dlymetal6s2s_1)
                                         net3 (net)
                  0.32    0.00    2.30 ^ _1851_/A (sky130_fd_sc_hd__clkbuf_2)
    10    0.03    0.16    0.27    2.58 ^ _1851_/X (sky130_fd_sc_hd__clkbuf_2)
                                         _0720_ (net)
                  0.16    0.00    2.58 ^ _1852_/A (sky130_fd_sc_hd__buf_4)
    10    0.09    0.25    0.31    2.89 ^ _1852_/X (sky130_fd_sc_hd__buf_4)
                                         _0721_ (net)
                  0.25    0.01    2.90 ^ _1937_/A (sky130_fd_sc_hd__buf_4)
    10    0.08    0.21    0.31    3.20 ^ _1937_/X (sky130_fd_sc_hd__buf_4)
                                         _0766_ (net)
                  0.21    0.01    3.21 ^ _1950_/S (sky130_fd_sc_hd__mux2_1)
     1    0.00    0.06    0.37    3.58 v _1950_/X (sky130_fd_sc_hd__mux2_1)
                                         _0773_ (net)
                  0.06    0.00    3.58 v _1951_/A (sky130_fd_sc_hd__buf_1)
     1    0.02    0.13    0.18    3.76 v _1951_/X (sky130_fd_sc_hd__buf_1)
                                         net117 (net)
                  0.13    0.00    3.77 v output117/A (sky130_fd_sc_hd__clkbuf_4)
     1    0.03    0.08    0.23    4.00 v output117/X (sky130_fd_sc_hd__clkbuf_4)
                                         rdata[46] (net)
                  0.08    0.00    4.00 v rdata[46] (out)
                                  4.00   data arrival time

                  0.15   10.00   10.00   clock clk (rise edge)
                          0.00   10.00   clock network delay (ideal)
                         -0.25    9.75   clock uncertainty
                          0.00    9.75   clock reconvergence pessimism
                         -2.00    7.75   output external delay
                                  7.75   data required time
-----------------------------------------------------------------------------
                                  7.75   data required time
                                 -4.00   data arrival time
-----------------------------------------------------------------------------
                                  3.75   slack (MET)




===========================================================================
report_checks --slack_max -0.01
============================================================================
======================= Fastest Corner ===================================

No paths found.

======================= Slowest Corner ===================================

No paths found.

======================= Typical Corner ===================================

No paths found.


===========================================================================
 report_check_types -max_slew -max_cap -max_fanout -violators
============================================================================
======================= Fastest Corner ===================================

max fanout

Pin                                   Limit Fanout  Slack
---------------------------------------------------------
_2302_/X                                 10     11        (VIOLATED)
_2315_/X                                 10     11        (VIOLATED)
_2384_/X                                 10     11        (VIOLATED)
_2474_/X                                 10     11        (VIOLATED)
_2529_/X                                 10     11        (VIOLATED)


max slew violations count Fastest: 0
max fanout violations count Fastest: 5
max cap violations count Fastest: 0
======================= Slowest Corner ===================================

max fanout

Pin                                   Limit Fanout  Slack
---------------------------------------------------------
_2302_/X                                 10     11        (VIOLATED)
_2315_/X                                 10     11        (VIOLATED)
_2384_/X                                 10     11        (VIOLATED)
_2474_/X                                 10     11        (VIOLATED)
_2529_/X                                 10     11        (VIOLATED)


max slew violations count Slowest: 0
max fanout violations count Slowest: 5
max cap violations count Slowest: 0
======================= Typical Corner ===================================

max fanout

Pin                                   Limit Fanout  Slack
---------------------------------------------------------
_2302_/X                                 10     11        (VIOLATED)
_2315_/X                                 10     11        (VIOLATED)
_2384_/X                                 10     11        (VIOLATED)
_2474_/X                                 10     11        (VIOLATED)
_2529_/X                                 10     11        (VIOLATED)


max slew violations count Typical: 0
max fanout violations count Typical: 5
max cap violations count Typical: 0

===========================================================================
report_parasitic_annotation -report_unannotated
============================================================================
Found 0 unannotated drivers.
Found 0 partially unannotated drivers.

===========================================================================
max slew violation count 0
max fanout violation count 5
max cap violation count 0
============================================================================

===========================================================================
check_setup -verbose -unconstrained_endpoints -multiple_clock -no_clock -no_input_delay -loops -generated_clocks
===========================================================================
