
===========================================================================
 report_power
============================================================================
======================= Fastest Corner ===================================

Group                  Internal  Switching    Leakage      Total
                          Power      Power      Power      Power (Watts)
----------------------------------------------------------------
Sequential             4.10e-03   3.63e-04   1.04e-08   4.46e-03  47.3%
Combinational          1.97e-03   1.10e-03   3.08e-08   3.07e-03  32.5%
Clock                  7.64e-04   1.15e-03   6.53e-09   1.91e-03  20.2%
Macro                  0.00e+00   0.00e+00   0.00e+00   0.00e+00   0.0%
Pad                    0.00e+00   0.00e+00   0.00e+00   0.00e+00   0.0%
----------------------------------------------------------------
Total                  6.84e-03   2.61e-03   4.77e-08   9.44e-03 100.0%
                          72.4%      27.6%       0.0%

======================= Slowest Corner ===================================

Group                  Internal  Switching    Leakage      Total
                          Power      Power      Power      Power (Watts)
----------------------------------------------------------------
Sequential             2.75e-03   2.33e-04   1.05e-05   2.99e-03  46.7%
Combinational          1.39e-03   7.17e-04   1.64e-05   2.12e-03  33.1%
Clock                  5.58e-04   7.32e-04   7.99e-07   1.29e-03  20.2%
Macro                  0.00e+00   0.00e+00   0.00e+00   0.00e+00   0.0%
Pad                    0.00e+00   0.00e+00   0.00e+00   0.00e+00   0.0%
----------------------------------------------------------------
Total                  4.69e-03   1.68e-03   2.77e-05   6.40e-03 100.0%
                          73.3%      26.3%       0.4%

======================= Typical Corner ===================================

Group                  Internal  Switching    Leakage      Total
                          Power      Power      Power      Power (Watts)
----------------------------------------------------------------
Sequential             3.52e-03   3.01e-04   6.04e-09   3.82e-03  47.1%
Combinational          1.73e-03   9.19e-04   1.09e-08   2.65e-03  32.7%
Clock                  6.74e-04   9.63e-04   4.64e-09   1.64e-03  20.2%
Macro                  0.00e+00   0.00e+00   0.00e+00   0.00e+00   0.0%
Pad                    0.00e+00   0.00e+00   0.00e+00   0.00e+00   0.0%
----------------------------------------------------------------
Total                  5.93e-03   2.18e-03   2.16e-08   8.11e-03 100.0%
                          73.1%      26.9%       0.0%

