
===========================================================================
 report_power
============================================================================
======================= Fastest Corner ===================================

Group                  Internal  Switching    Leakage      Total
                          Power      Power      Power      Power (Watts)
----------------------------------------------------------------
Sequential             2.05e-03   1.94e-04   5.22e-09   2.25e-03  47.3%
Combinational          9.95e-04   5.75e-04   1.51e-08   1.57e-03  33.1%
Clock                  4.10e-04   5.23e-04   3.57e-09   9.33e-04  19.7%
Macro                  0.00e+00   0.00e+00   0.00e+00   0.00e+00   0.0%
Pad                    0.00e+00   0.00e+00   0.00e+00   0.00e+00   0.0%
----------------------------------------------------------------
Total                  3.46e-03   1.29e-03   2.39e-08   4.75e-03 100.0%
                          72.8%      27.2%       0.0%

======================= Slowest Corner ===================================

Group                  Internal  Switching    Leakage      Total
                          Power      Power      Power      Power (Watts)
----------------------------------------------------------------
Sequential             1.37e-03   1.26e-04   5.23e-06   1.51e-03  46.7%
Combinational          7.02e-04   3.76e-04   8.29e-06   1.09e-03  33.7%
Clock                  3.00e-04   3.31e-04   4.31e-07   6.31e-04  19.6%
Macro                  0.00e+00   0.00e+00   0.00e+00   0.00e+00   0.0%
Pad                    0.00e+00   0.00e+00   0.00e+00   0.00e+00   0.0%
----------------------------------------------------------------
Total                  2.38e-03   8.34e-04   1.39e-05   3.22e-03 100.0%
                          73.7%      25.9%       0.4%

======================= Typical Corner ===================================

Group                  Internal  Switching    Leakage      Total
                          Power      Power      Power      Power (Watts)
----------------------------------------------------------------
Sequential             1.76e-03   1.62e-04   3.02e-09   1.92e-03  47.1%
Combinational          8.76e-04   4.82e-04   5.43e-09   1.36e-03  33.3%
Clock                  3.62e-04   4.38e-04   2.55e-09   8.00e-04  19.6%
Macro                  0.00e+00   0.00e+00   0.00e+00   0.00e+00   0.0%
Pad                    0.00e+00   0.00e+00   0.00e+00   0.00e+00   0.0%
----------------------------------------------------------------
Total                  3.00e-03   1.08e-03   1.10e-08   4.08e-03 100.0%
                          73.5%      26.5%       0.0%

