
62. Printing statistics.

=== dff_ram_8x72 ===

   Number of wires:               2576
   Number of wire bits:           2720
   Number of public wires:         725
   Number of public wire bits:     869
   Number of memories:               0
   Number of memory bits:            0
   Number of processes:              0
   Number of cells:               2643
     sky130_fd_sc_hd__a21o_2        18
     sky130_fd_sc_hd__a221o_2      109
     sky130_fd_sc_hd__a22o_2        99
     sky130_fd_sc_hd__and2_2         6
     sky130_fd_sc_hd__and2b_2        3
     sky130_fd_sc_hd__and3_2        14
     sky130_fd_sc_hd__and3b_2        3
     sky130_fd_sc_hd__and4bb_2       1
     sky130_fd_sc_hd__buf_1        840
     sky130_fd_sc_hd__dfxtp_2      720
     sky130_fd_sc_hd__mux2_2       679
     sky130_fd_sc_hd__mux4_2        31
     sky130_fd_sc_hd__nand2_2        1
     sky130_fd_sc_hd__nor2_2         1
     sky130_fd_sc_hd__o22a_2       109
     sky130_fd_sc_hd__o32a_2         4
     sky130_fd_sc_hd__or2b_2         1
     sky130_fd_sc_hd__or3b_2         2
     sky130_fd_sc_hd__or4_2          1
     sky130_fd_sc_hd__or4b_2         1

   Chip area for module '\dff_ram_8x72': 30600.598400

