OpenROAD 75f2f325b7a42e56a92404f33af8e96530d9b202 
This program is licensed under the BSD-3 license. See the LICENSE file for details.
Components of this program may be licensed under more restrictive licenses which must be honored.
[INFO]: Reading ODB at '/openlane/designs/ram/runs/first_turn/tmp/20-dff_ram_8x72.odb'…
define_corners Typical
read_liberty -corner Typical /home/arham/.volare/sky130A/libs.ref/sky130_fd_sc_hd/lib/sky130_fd_sc_hd__tt_025C_1v80.lib
Using 1e-12 for capacitance...
Using 1e+03 for resistance...
Using 1e-09 for time...
Using 1e+00 for voltage...
Using 1e-03 for current...
Using 1e-09 for power...
Using 1e-06 for distance...
Reading design constraints file at '/openlane/scripts/base.sdc'…
[INFO]: Setting output delay to: 2.0
[INFO]: Setting input delay to: 2.0
[INFO]: Setting load to: 0.033442
[INFO]: Setting clock uncertainty to: 0.25
[INFO]: Setting clock transition to: 0.15
[INFO]: Setting timing derate to: 5.0 %
[INFO]: Setting signal min routing layer to: met1 and clock min routing layer to met1. 
[INFO]: Setting signal max routing layer to: met5 and clock max routing layer to met5. 
-congestion_iterations 50 -verbose -congestion_report_file /openlane/designs/ram/runs/first_turn/tmp/routing/groute-congestion.rpt
[INFO GRT-0020] Min routing layer: met1
[INFO GRT-0021] Max routing layer: met5
[INFO GRT-0022] Global adjustment: 30%
[INFO GRT-0023] Grid origin: (0, 0)
[INFO GRT-0043] No OR_DEFAULT vias defined.
[INFO GRT-0088] Layer li1     Track-Pitch = 0.4600  line-2-Via Pitch: 0.3400
[INFO GRT-0088] Layer met1    Track-Pitch = 0.3400  line-2-Via Pitch: 0.3400
[INFO GRT-0088] Layer met2    Track-Pitch = 0.4600  line-2-Via Pitch: 0.3500
[INFO GRT-0088] Layer met3    Track-Pitch = 0.6800  line-2-Via Pitch: 0.6150
[INFO GRT-0088] Layer met4    Track-Pitch = 0.9200  line-2-Via Pitch: 1.0400
[INFO GRT-0088] Layer met5    Track-Pitch = 3.4000  line-2-Via Pitch: 3.1100
[INFO GRT-0019] Found 68 clock nets.
[INFO GRT-0001] Minimum degree: 2
[INFO GRT-0002] Maximum degree: 18
[INFO GRT-0003] Macros: 0
[INFO GRT-0004] Blockages: 10762

[INFO GRT-0053] Routing resources analysis:
          Routing      Original      Derated      Resource
Layer     Direction    Resources     Resources    Reduction (%)
---------------------------------------------------------------
li1        Vertical            0             0          0.00%
met1       Horizontal      28820         13744          52.31%
met2       Vertical        21909         14138          35.47%
met3       Horizontal      14410          9704          32.66%
met4       Vertical         8826          5486          37.84%
met5       Horizontal       2882          1332          53.78%
---------------------------------------------------------------

[INFO GRT-0197] Via related to pin nodes: 13795
[INFO GRT-0198] Via related Steiner nodes: 544
[INFO GRT-0199] Via filling finished.
[INFO GRT-0111] Final number of vias: 15628
[INFO GRT-0112] Final usage 3D: 59900

[INFO GRT-0096] Final congestion report:
Layer         Resource        Demand        Usage (%)    Max H / Max V / Total Overflow
---------------------------------------------------------------------------------------
li1                  0             0            0.00%             0 /  0 /  0
met1             13744          5918           43.06%             0 /  0 /  0
met2             14138          6301           44.57%             0 /  0 /  0
met3              9704           534            5.50%             0 /  0 /  0
met4              5486           263            4.79%             0 /  0 /  0
met5              1332             0            0.00%             0 /  0 /  0
---------------------------------------------------------------------------------------
Total            44404         13016           29.31%             0 /  0 /  0

[INFO GRT-0018] Total wirelength: 142609 um
[INFO GRT-0014] Routed nets: 3768
[INFO GRT-0006] Repairing antennas, iteration 1.
[INFO GRT-0043] No OR_DEFAULT vias defined.
[INFO GRT-0012] Found 6 antenna violations.
[INFO GRT-0015] Inserted 6 diodes.
[INFO GRT-0009] rerouting 2774 nets.
[INFO GRT-0001] Minimum degree: 2
[INFO GRT-0002] Maximum degree: 18
[INFO GRT-0006] Repairing antennas, iteration 2.
[INFO GRT-0043] No OR_DEFAULT vias defined.
[INFO GRT-0012] Found 3 antenna violations.
[INFO GRT-0015] Inserted 4 diodes.
[INFO GRT-0009] rerouting 25 nets.
[INFO GRT-0001] Minimum degree: 2
[INFO GRT-0002] Maximum degree: 12
[INFO GRT-0006] Repairing antennas, iteration 3.
[INFO GRT-0043] No OR_DEFAULT vias defined.
[INFO GRT-0012] Found 0 antenna violations.
Placement Analysis
---------------------------------
total displacement          0.0 u
average displacement        0.0 u
max displacement            0.0 u
original HPWL           72722.7 u
legalized HPWL          72722.7 u
delta HPWL                    0 %

[INFO DPL-0020] Mirrored 1514 instances
[INFO DPL-0021] HPWL before           72722.7 u
[INFO DPL-0022] HPWL after            69801.9 u
[INFO DPL-0023] HPWL delta               -4.0 %
[INFO]: Setting signal min routing layer to: met1 and clock min routing layer to met1. 
[INFO]: Setting signal max routing layer to: met5 and clock max routing layer to met5. 
-congestion_iterations 50 -verbose -congestion_report_file /openlane/designs/ram/runs/first_turn/tmp/routing/groute-congestion.rpt
[INFO GRT-0020] Min routing layer: met1
[INFO GRT-0021] Max routing layer: met5
[INFO GRT-0022] Global adjustment: 30%
[INFO GRT-0023] Grid origin: (0, 0)
[INFO GRT-0043] No OR_DEFAULT vias defined.
[INFO GRT-0088] Layer li1     Track-Pitch = 0.4600  line-2-Via Pitch: 0.3400
[INFO GRT-0088] Layer met1    Track-Pitch = 0.3400  line-2-Via Pitch: 0.3400
[INFO GRT-0088] Layer met2    Track-Pitch = 0.4600  line-2-Via Pitch: 0.3500
[INFO GRT-0088] Layer met3    Track-Pitch = 0.6800  line-2-Via Pitch: 0.6150
[INFO GRT-0088] Layer met4    Track-Pitch = 0.9200  line-2-Via Pitch: 1.0400
[INFO GRT-0088] Layer met5    Track-Pitch = 3.4000  line-2-Via Pitch: 3.1100
[INFO GRT-0019] Found 68 clock nets.
[INFO GRT-0001] Minimum degree: 2
[INFO GRT-0002] Maximum degree: 18
[INFO GRT-0003] Macros: 0
[INFO GRT-0004] Blockages: 10762

[INFO GRT-0053] Routing resources analysis:
          Routing      Original      Derated      Resource
Layer     Direction    Resources     Resources    Reduction (%)
---------------------------------------------------------------
li1        Vertical            0             0          0.00%
met1       Horizontal      28820         13744          52.31%
met2       Vertical        21909         14132          35.50%
met3       Horizontal      14410          9704          32.66%
met4       Vertical         8826          5486          37.84%
met5       Horizontal       2882          1332          53.78%
---------------------------------------------------------------

[INFO GRT-0197] Via related to pin nodes: 13804
[INFO GRT-0198] Via related Steiner nodes: 550
[INFO GRT-0199] Via filling finished.
[INFO GRT-0111] Final number of vias: 15644
[INFO GRT-0112] Final usage 3D: 59959

[INFO GRT-0096] Final congestion report:
Layer         Resource        Demand        Usage (%)    Max H / Max V / Total Overflow
---------------------------------------------------------------------------------------
li1                  0             0            0.00%             0 /  0 /  0
met1             13744          5924           43.10%             0 /  0 /  0
met2             14132          6314           44.68%             0 /  0 /  0
met3              9704           538            5.54%             0 /  0 /  0
met4              5486           251            4.58%             0 /  0 /  0
met5              1332             0            0.00%             0 /  0 /  0
---------------------------------------------------------------------------------------
Total            44398         13027           29.34%             0 /  0 /  0

[INFO GRT-0018] Total wirelength: 142823 um
[INFO GRT-0014] Routed nets: 3768
Setting global connections for newly added cells…
Writing OpenROAD database to '/openlane/designs/ram/runs/first_turn/tmp/routing/22-global.odb'…
Writing layout to '/openlane/designs/ram/runs/first_turn/tmp/routing/22-global.def'…
Writing routing guides to '/openlane/designs/ram/runs/first_turn/tmp/routing/22-global.guide'…
