OpenROAD 75f2f325b7a42e56a92404f33af8e96530d9b202 
This program is licensed under the BSD-3 license. See the LICENSE file for details.
Components of this program may be licensed under more restrictive licenses which must be honored.
[INFO]: Reading ODB at '/openlane/designs/ram/runs/first_turn/results/routing/dff_ram_8x72.odb'…
define_corners Typical
read_liberty -corner Typical /home/arham/.volare/sky130A/libs.ref/sky130_fd_sc_hd/lib/sky130_fd_sc_hd__tt_025C_1v80.lib
Using 1e-12 for capacitance...
Using 1e+03 for resistance...
Using 1e-09 for time...
Using 1e+00 for voltage...
Using 1e-03 for current...
Using 1e-09 for power...
Using 1e-06 for distance...
Reading design constraints file at '/openlane/scripts/base.sdc'…
[INFO]: Setting output delay to: 2.0
[INFO]: Setting input delay to: 2.0
[INFO]: Setting load to: 0.033442
[INFO]: Setting clock uncertainty to: 0.25
[INFO]: Setting clock transition to: 0.15
[INFO]: Setting timing derate to: 5.0 %
Net: _0952_
  Pin: _2791_/S1 (sky130_fd_sc_hd__mux4_1)
    Layer: met3
      Partial area ratio:   13.60
      Required ratio:    0.00 (Gate area) 
      Partial area ratio:   75.31
      Required ratio: 2956.40 (Side area) 
      Cumulative area ratio:   32.19
      Required ratio:    0.00 (Cumulative area) 
      Cumulative area ratio:  170.97
      Required ratio:    0.00 (Cumulative side area) 

    Layer: met2
      Partial area ratio:   18.59
      Required ratio:    0.00 (Gate area) 
      Partial area ratio:   95.65
      Required ratio:  400.00 (Side area) 
      Cumulative area ratio:   18.59
      Required ratio:    0.00 (Cumulative area) 
      Cumulative area ratio:   95.65
      Required ratio:    0.00 (Cumulative side area) 

    Layer: met1
      Partial area ratio:    0.00
      Required ratio:    0.00 (Gate area) 
      Partial area ratio:    0.00
      Required ratio:  400.00 (Side area) 
      Cumulative area ratio:    0.00
      Required ratio:    0.00 (Cumulative area) 
      Cumulative area ratio:    0.00
      Required ratio:    0.00 (Cumulative side area) 

    Layer: li1
      Partial area ratio:    0.00
      Required ratio:    0.00 (Gate area) 
      Partial area ratio:    0.00
      Required ratio:   75.00 (Side area) 
      Cumulative area ratio:    0.00
      Required ratio:    0.00 (Cumulative area) 
      Cumulative area ratio:    0.00
      Required ratio:    0.00 (Cumulative side area) 

    Via: M2M3_PR
      Partial area ratio:    0.08
      Required ratio:    6.00 (Gate area) 
      Cumulative area ratio:    0.28
      Required ratio:    0.00 (Cumulative area) 

    Via: M1M2_PR
      Partial area ratio:    0.09
      Required ratio:    6.00 (Gate area) 
      Cumulative area ratio:    0.20
      Required ratio:    0.00 (Cumulative area) 

    Via: L1M1_PR_MR
      Partial area ratio:    0.11
      Required ratio:    3.00 (Gate area) 
      Cumulative area ratio:    0.11
      Required ratio:    0.00 (Cumulative area) 

  Pin: _2490_/B (sky130_fd_sc_hd__and3_1)
    Layer: met3
      Partial area ratio:   13.60
      Required ratio:    0.00 (Gate area) 
      Partial area ratio:   75.31
      Required ratio: 2956.40 (Side area) 
      Cumulative area ratio:   36.08
      Required ratio:    0.00 (Cumulative area) 
      Cumulative area ratio:  191.97
      Required ratio:    0.00 (Cumulative side area) 

    Layer: met2
      Partial area ratio:   18.59
      Required ratio:    0.00 (Gate area) 
      Partial area ratio:   95.65
      Required ratio:  400.00 (Side area) 
      Cumulative area ratio:   22.48
      Required ratio:    0.00 (Cumulative area) 
      Cumulative area ratio:  116.65
      Required ratio:    0.00 (Cumulative side area) 

    Layer: met1
      Partial area ratio:    3.89
      Required ratio:    0.00 (Gate area) 
      Partial area ratio:   21.00
      Required ratio:  400.00 (Side area) 
      Cumulative area ratio:    3.89
      Required ratio:    0.00 (Cumulative area) 
      Cumulative area ratio:   21.00
      Required ratio:    0.00 (Cumulative side area) 

    Layer: li1
      Partial area ratio:    0.00
      Required ratio:    0.00 (Gate area) 
      Partial area ratio:    0.00
      Required ratio:   75.00 (Side area) 
      Cumulative area ratio:    0.00
      Required ratio:    0.00 (Cumulative area) 
      Cumulative area ratio:    0.00
      Required ratio:    0.00 (Cumulative side area) 

    Via: M2M3_PR
      Partial area ratio:    0.08
      Required ratio:    6.00 (Gate area) 
      Cumulative area ratio:    0.67
      Required ratio:    0.00 (Cumulative area) 

    Via: M1M2_PR
      Partial area ratio:    0.36
      Required ratio:    6.00 (Gate area) 
      Cumulative area ratio:    0.59
      Required ratio:    0.00 (Cumulative area) 

    Via: L1M1_PR_MR
      Partial area ratio:    0.23
      Required ratio:    3.00 (Gate area) 
      Cumulative area ratio:    0.23
      Required ratio:    0.00 (Cumulative area) 

  Pin: _2459_/B (sky130_fd_sc_hd__and3_1)
    Layer: met3
      Partial area ratio:   13.60
      Required ratio:    0.00 (Gate area) 
      Partial area ratio:   75.31
      Required ratio: 2956.40 (Side area) 
      Cumulative area ratio:   72.05
      Required ratio:    0.00 (Cumulative area) 
      Cumulative area ratio:  374.19
      Required ratio:    0.00 (Cumulative side area) 

    Layer: met2
      Partial area ratio:   18.59
      Required ratio:    0.00 (Gate area) 
      Partial area ratio:   95.65
      Required ratio:  400.00 (Side area) 
      Cumulative area ratio:   58.45
      Required ratio:    0.00 (Cumulative area) 
      Cumulative area ratio:  298.88
      Required ratio:    0.00 (Cumulative side area) 

    Layer: met1
      Partial area ratio:   35.98
      Required ratio:    0.00 (Gate area) 
      Partial area ratio:  182.22
      Required ratio:  400.00 (Side area) 
      Cumulative area ratio:   35.98
      Required ratio:    0.00 (Cumulative area) 
      Cumulative area ratio:  182.22
      Required ratio:    0.00 (Cumulative side area) 

    Layer: li1
      Partial area ratio:    0.00
      Required ratio:    0.00 (Gate area) 
      Partial area ratio:    0.00
      Required ratio:   75.00 (Side area) 
      Cumulative area ratio:    0.00
      Required ratio:    0.00 (Cumulative area) 
      Cumulative area ratio:    0.00
      Required ratio:    0.00 (Cumulative side area) 

    Via: M2M3_PR
      Partial area ratio:    0.08
      Required ratio:    6.00 (Gate area) 
      Cumulative area ratio:    0.84
      Required ratio:    0.00 (Cumulative area) 

    Via: M1M2_PR
      Partial area ratio:    0.18
      Required ratio:    6.00 (Gate area) 
      Cumulative area ratio:    0.41
      Required ratio:    0.00 (Cumulative area) 

    Via: L1M1_PR_MR
      Partial area ratio:    0.23
      Required ratio:    3.00 (Gate area) 
      Cumulative area ratio:    0.23
      Required ratio:    0.00 (Cumulative area) 

  Pin: _2270_/B (sky130_fd_sc_hd__and3_1)
    Layer: met3
      Partial area ratio:   13.60
      Required ratio:    0.00 (Gate area) 
      Partial area ratio:   75.31
      Required ratio: 2956.40 (Side area) 
      Cumulative area ratio:   62.88
      Required ratio:    0.00 (Cumulative area) 
      Cumulative area ratio:  324.04
      Required ratio:    0.00 (Cumulative side area) 

    Layer: met2
      Partial area ratio:   49.28
      Required ratio:    0.00 (Gate area) 
      Partial area ratio:  248.72
      Required ratio:  400.00 (Side area) 
      Cumulative area ratio:   49.28
      Required ratio:    0.00 (Cumulative area) 
      Cumulative area ratio:  248.72
      Required ratio:    0.00 (Cumulative side area) 

    Layer: met1
      Partial area ratio:    0.00
      Required ratio:    0.00 (Gate area) 
      Partial area ratio:    0.00
      Required ratio:  400.00 (Side area) 
      Cumulative area ratio:    0.00
      Required ratio:    0.00 (Cumulative area) 
      Cumulative area ratio:    0.00
      Required ratio:    0.00 (Cumulative side area) 

    Layer: li1
      Partial area ratio:    0.00
      Required ratio:    0.00 (Gate area) 
      Partial area ratio:    0.00
      Required ratio:   75.00 (Side area) 
      Cumulative area ratio:    0.00
      Required ratio:    0.00 (Cumulative area) 
      Cumulative area ratio:    0.00
      Required ratio:    0.00 (Cumulative side area) 

    Via: M2M3_PR
      Partial area ratio:    0.32
      Required ratio:    6.00 (Gate area) 
      Cumulative area ratio:    0.73
      Required ratio:    0.00 (Cumulative area) 

    Via: M1M2_PR
      Partial area ratio:    0.18
      Required ratio:    6.00 (Gate area) 
      Cumulative area ratio:    0.41
      Required ratio:    0.00 (Cumulative area) 

    Via: L1M1_PR_MR
      Partial area ratio:    0.23
      Required ratio:    3.00 (Gate area) 
      Cumulative area ratio:    0.23
      Required ratio:    0.00 (Cumulative area) 

  Pin: _2307_/B (sky130_fd_sc_hd__and3_1)
    Layer: met1
      Partial area ratio:    0.00
      Required ratio:    0.00 (Gate area) 
      Partial area ratio:    0.00
      Required ratio:  400.00 (Side area) 
      Cumulative area ratio:    0.00
      Required ratio:    0.00 (Cumulative area) 
      Cumulative area ratio:    0.00
      Required ratio:    0.00 (Cumulative side area) 

    Layer: li1
      Partial area ratio:    0.00
      Required ratio:    0.00 (Gate area) 
      Partial area ratio:    0.00
      Required ratio:   75.00 (Side area) 
      Cumulative area ratio:    0.00
      Required ratio:    0.00 (Cumulative area) 
      Cumulative area ratio:    0.00
      Required ratio:    0.00 (Cumulative side area) 

    Via: M1M2_PR
      Partial area ratio:    0.18
      Required ratio:    6.00 (Gate area) 
      Cumulative area ratio:    0.41
      Required ratio:    0.00 (Cumulative area) 

    Via: L1M1_PR_MR
      Partial area ratio:    0.23
      Required ratio:    3.00 (Gate area) 
      Cumulative area ratio:    0.23
      Required ratio:    0.00 (Cumulative area) 

  Pin: _2339_/B (sky130_fd_sc_hd__and3_1)
    Layer: met1
      Partial area ratio:    6.67
      Required ratio:    0.00 (Gate area) 
      Partial area ratio:   38.00
      Required ratio:  400.00 (Side area) 
      Cumulative area ratio:    6.67
      Required ratio:    0.00 (Cumulative area) 
      Cumulative area ratio:   38.00
      Required ratio:    0.00 (Cumulative side area) 

    Layer: li1
      Partial area ratio:    0.00
      Required ratio:    0.00 (Gate area) 
      Partial area ratio:    0.00
      Required ratio:   75.00 (Side area) 
      Cumulative area ratio:    0.00
      Required ratio:    0.00 (Cumulative area) 
      Cumulative area ratio:    0.00
      Required ratio:    0.00 (Cumulative side area) 

    Via: M2M3_PR
      Partial area ratio:    0.11
      Required ratio:    6.00 (Gate area) 
      Cumulative area ratio:    0.87
      Required ratio:    0.00 (Cumulative area) 

    Via: M1M2_PR
      Partial area ratio:    0.18
      Required ratio:    6.00 (Gate area) 
      Cumulative area ratio:    0.41
      Required ratio:    0.00 (Cumulative area) 

    Via: L1M1_PR_MR
      Partial area ratio:    0.23
      Required ratio:    3.00 (Gate area) 
      Cumulative area ratio:    0.23
      Required ratio:    0.00 (Cumulative area) 

  Pin: _2325_/B (sky130_fd_sc_hd__and3_1)
    Layer: met1
      Partial area ratio:   19.78
      Required ratio:    0.00 (Gate area) 
      Partial area ratio:  102.00
      Required ratio:  400.00 (Side area) 
      Cumulative area ratio:   19.78
      Required ratio:    0.00 (Cumulative area) 
      Cumulative area ratio:  102.00
      Required ratio:    0.00 (Cumulative side area) 

    Layer: li1
      Partial area ratio:    0.00
      Required ratio:    0.00 (Gate area) 
      Partial area ratio:    0.00
      Required ratio:   75.00 (Side area) 
      Cumulative area ratio:    0.00
      Required ratio:    0.00 (Cumulative area) 
      Cumulative area ratio:    0.00
      Required ratio:    0.00 (Cumulative side area) 

    Via: M2M3_PR
      Partial area ratio:    0.11
      Required ratio:    6.00 (Gate area) 
      Cumulative area ratio:    0.69
      Required ratio:    0.00 (Cumulative area) 

    Via: M1M2_PR
      Partial area ratio:    0.36
      Required ratio:    6.00 (Gate area) 
      Cumulative area ratio:    0.59
      Required ratio:    0.00 (Cumulative area) 

    Via: L1M1_PR_MR
      Partial area ratio:    0.23
      Required ratio:    3.00 (Gate area) 
      Cumulative area ratio:    0.23
      Required ratio:    0.00 (Cumulative area) 

  Pin: _2369_/B (sky130_fd_sc_hd__and3_1)
    Layer: met2
      Partial area ratio:   97.13
      Required ratio:    0.00 (Gate area) 
      Partial area ratio:  492.67
      Required ratio:  400.00 (Side area) (VIOLATED)
      Cumulative area ratio:  104.09
      Required ratio:    0.00 (Cumulative area) 
      Cumulative area ratio:  529.00
      Required ratio:    0.00 (Cumulative side area) 

    Layer: met1
      Partial area ratio:    6.96
      Required ratio:    0.00 (Gate area) 
      Partial area ratio:   36.33
      Required ratio:  400.00 (Side area) 
      Cumulative area ratio:    6.96
      Required ratio:    0.00 (Cumulative area) 
      Cumulative area ratio:   36.33
      Required ratio:    0.00 (Cumulative side area) 

    Layer: li1
      Partial area ratio:    0.00
      Required ratio:    0.00 (Gate area) 
      Partial area ratio:    0.00
      Required ratio:   75.00 (Side area) 
      Cumulative area ratio:    0.00
      Required ratio:    0.00 (Cumulative area) 
      Cumulative area ratio:    0.00
      Required ratio:    0.00 (Cumulative side area) 

    Via: M2M3_PR
      Partial area ratio:    0.63
      Required ratio:    6.00 (Gate area) 
      Cumulative area ratio:    1.22
      Required ratio:    0.00 (Cumulative area) 

    Via: M1M2_PR
      Partial area ratio:    0.36
      Required ratio:    6.00 (Gate area) 
      Cumulative area ratio:    0.59
      Required ratio:    0.00 (Cumulative area) 

    Via: L1M1_PR_MR
      Partial area ratio:    0.23
      Required ratio:    3.00 (Gate area) 
      Cumulative area ratio:    0.23
      Required ratio:    0.00 (Cumulative area) 

  Pin: _2397_/B (sky130_fd_sc_hd__and3_1)
    Layer: met2
      Partial area ratio:    0.34
      Required ratio:    0.00 (Gate area) 
      Partial area ratio:    2.50
      Required ratio:  400.00 (Side area) 
      Cumulative area ratio:    5.10
      Required ratio:    0.00 (Cumulative area) 
      Cumulative area ratio:   27.06
      Required ratio:    0.00 (Cumulative side area) 

    Layer: met1
      Partial area ratio:    4.76
      Required ratio:    0.00 (Gate area) 
      Partial area ratio:   24.56
      Required ratio:  400.00 (Side area) 
      Cumulative area ratio:    4.76
      Required ratio:    0.00 (Cumulative area) 
      Cumulative area ratio:   24.56
      Required ratio:    0.00 (Cumulative side area) 

    Layer: li1
      Partial area ratio:    0.00
      Required ratio:    0.00 (Gate area) 
      Partial area ratio:    0.00
      Required ratio:   75.00 (Side area) 
      Cumulative area ratio:    0.00
      Required ratio:    0.00 (Cumulative area) 
      Cumulative area ratio:    0.00
      Required ratio:    0.00 (Cumulative side area) 

    Via: M2M3_PR
      Partial area ratio:    0.32
      Required ratio:    6.00 (Gate area) 
      Cumulative area ratio:    0.73
      Required ratio:    0.00 (Cumulative area) 

    Via: M1M2_PR
      Partial area ratio:    0.18
      Required ratio:    6.00 (Gate area) 
      Cumulative area ratio:    0.41
      Required ratio:    0.00 (Cumulative area) 

    Via: L1M1_PR_MR
      Partial area ratio:    0.23
      Required ratio:    3.00 (Gate area) 
      Cumulative area ratio:    0.23
      Required ratio:    0.00 (Cumulative area) 

  Pin: _2401_/B (sky130_fd_sc_hd__and3_1)
    Layer: met2
      Partial area ratio:    0.34
      Required ratio:    0.00 (Gate area) 
      Partial area ratio:    2.50
      Required ratio:  400.00 (Side area) 
      Cumulative area ratio:    0.34
      Required ratio:    0.00 (Cumulative area) 
      Cumulative area ratio:    2.50
      Required ratio:    0.00 (Cumulative side area) 

    Layer: met1
      Partial area ratio:    0.00
      Required ratio:    0.00 (Gate area) 
      Partial area ratio:    0.00
      Required ratio:  400.00 (Side area) 
      Cumulative area ratio:    0.00
      Required ratio:    0.00 (Cumulative area) 
      Cumulative area ratio:    0.00
      Required ratio:    0.00 (Cumulative side area) 

    Layer: li1
      Partial area ratio:    0.00
      Required ratio:    0.00 (Gate area) 
      Partial area ratio:    0.00
      Required ratio:   75.00 (Side area) 
      Cumulative area ratio:    0.00
      Required ratio:    0.00 (Cumulative area) 
      Cumulative area ratio:    0.00
      Required ratio:    0.00 (Cumulative side area) 

    Via: M2M3_PR
      Partial area ratio:    0.32
      Required ratio:    6.00 (Gate area) 
      Cumulative area ratio:    0.73
      Required ratio:    0.00 (Cumulative area) 

    Via: M1M2_PR
      Partial area ratio:    0.18
      Required ratio:    6.00 (Gate area) 
      Cumulative area ratio:    0.41
      Required ratio:    0.00 (Cumulative area) 

    Via: L1M1_PR_MR
      Partial area ratio:    0.23
      Required ratio:    3.00 (Gate area) 
      Cumulative area ratio:    0.23
      Required ratio:    0.00 (Cumulative area) 


Net: _1188_
  Pin: _2588_/S (sky130_fd_sc_hd__mux2_1)
    Layer: met2
      Partial area ratio:   21.57
      Required ratio:    0.00 (Gate area) 
      Partial area ratio:  108.82
      Required ratio: 3134.60 (Side area) 
      Cumulative area ratio:  101.72
      Required ratio:    0.00 (Cumulative area) 
      Cumulative area ratio:  516.98
      Required ratio:    0.00 (Cumulative side area) 

    Layer: met1
      Partial area ratio:   80.16
      Required ratio:    0.00 (Gate area) 
      Partial area ratio:  408.17
      Required ratio:  400.00 (Side area) (VIOLATED)
      Cumulative area ratio:   80.16
      Required ratio:    0.00 (Cumulative area) 
      Cumulative area ratio:  408.17
      Required ratio:    0.00 (Cumulative side area) 

    Layer: li1
      Partial area ratio:    0.00
      Required ratio:    0.00 (Gate area) 
      Partial area ratio:    0.00
      Required ratio:   75.00 (Side area) 
      Cumulative area ratio:    0.00
      Required ratio:    0.00 (Cumulative area) 
      Cumulative area ratio:    0.00
      Required ratio:    0.00 (Cumulative side area) 

    Layer: met3
      Partial area ratio:    2.01
      Required ratio:    0.00 (Gate area) 
      Partial area ratio:   10.90
      Required ratio: 3134.60 (Side area) 
      Cumulative area ratio:  103.73
      Required ratio:    0.00 (Cumulative area) 
      Cumulative area ratio:  527.88
      Required ratio:    0.00 (Cumulative side area) 

    Via: M2M3_PR
      Partial area ratio:    0.02
      Required ratio:    6.00 (Gate area) 
      Cumulative area ratio:    0.31
      Required ratio:    0.00 (Cumulative area) 

    Via: M1M2_PR
      Partial area ratio:    0.18
      Required ratio:    6.00 (Gate area) 
      Cumulative area ratio:    0.29
      Required ratio:    0.00 (Cumulative area) 

    Via: L1M1_PR_MR
      Partial area ratio:    0.11
      Required ratio:    3.00 (Gate area) 
      Cumulative area ratio:    0.11
      Required ratio:    0.00 (Cumulative area) 

  Pin: _2604_/S (sky130_fd_sc_hd__mux2_1)
    Layer: met2
      Partial area ratio:   21.57
      Required ratio:    0.00 (Gate area) 
      Partial area ratio:  108.82
      Required ratio: 3134.60 (Side area) 
      Cumulative area ratio:  102.82
      Required ratio:    0.00 (Cumulative area) 
      Cumulative area ratio:  522.87
      Required ratio:    0.00 (Cumulative side area) 

    Layer: met1
      Partial area ratio:    1.10
      Required ratio:    0.00 (Gate area) 
      Partial area ratio:    5.89
      Required ratio:  400.00 (Side area) 
      Cumulative area ratio:    1.10
      Required ratio:    0.00 (Cumulative area) 
      Cumulative area ratio:    5.89
      Required ratio:    0.00 (Cumulative side area) 

    Layer: li1
      Partial area ratio:    0.00
      Required ratio:    0.00 (Gate area) 
      Partial area ratio:    0.00
      Required ratio:   75.00 (Side area) 
      Cumulative area ratio:    0.00
      Required ratio:    0.00 (Cumulative area) 
      Cumulative area ratio:    0.00
      Required ratio:    0.00 (Cumulative side area) 

    Layer: met3
      Partial area ratio:    2.01
      Required ratio:    0.00 (Gate area) 
      Partial area ratio:   10.90
      Required ratio: 3134.60 (Side area) 
      Cumulative area ratio:  104.83
      Required ratio:    0.00 (Cumulative area) 
      Cumulative area ratio:  533.77
      Required ratio:    0.00 (Cumulative side area) 

    Via: M2M3_PR
      Partial area ratio:    0.02
      Required ratio:    6.00 (Gate area) 
      Cumulative area ratio:    0.40
      Required ratio:    0.00 (Cumulative area) 

    Via: M1M2_PR
      Partial area ratio:    0.09
      Required ratio:    6.00 (Gate area) 
      Cumulative area ratio:    0.20
      Required ratio:    0.00 (Cumulative area) 

    Via: L1M1_PR_MR
      Partial area ratio:    0.11
      Required ratio:    3.00 (Gate area) 
      Cumulative area ratio:    0.11
      Required ratio:    0.00 (Cumulative area) 

  Pin: _2608_/S (sky130_fd_sc_hd__mux2_1)
    Layer: met2
      Partial area ratio:   21.57
      Required ratio:    0.00 (Gate area) 
      Partial area ratio:  108.82
      Required ratio: 3134.60 (Side area) 
      Cumulative area ratio:  103.08
      Required ratio:    0.00 (Cumulative area) 
      Cumulative area ratio:  524.15
      Required ratio:    0.00 (Cumulative side area) 

    Layer: met1
      Partial area ratio:    1.36
      Required ratio:    0.00 (Gate area) 
      Partial area ratio:    7.17
      Required ratio:  400.00 (Side area) 
      Cumulative area ratio:    1.36
      Required ratio:    0.00 (Cumulative area) 
      Cumulative area ratio:    7.17
      Required ratio:    0.00 (Cumulative side area) 

    Layer: li1
      Partial area ratio:    0.00
      Required ratio:    0.00 (Gate area) 
      Partial area ratio:    0.00
      Required ratio:   75.00 (Side area) 
      Cumulative area ratio:    0.00
      Required ratio:    0.00 (Cumulative area) 
      Cumulative area ratio:    0.00
      Required ratio:    0.00 (Cumulative side area) 

    Layer: met3
      Partial area ratio:    2.01
      Required ratio:    0.00 (Gate area) 
      Partial area ratio:   10.90
      Required ratio: 3134.60 (Side area) 
      Cumulative area ratio:  105.09
      Required ratio:    0.00 (Cumulative area) 
      Cumulative area ratio:  535.04
      Required ratio:    0.00 (Cumulative side area) 

    Via: M2M3_PR
      Partial area ratio:    0.02
      Required ratio:    6.00 (Gate area) 
      Cumulative area ratio:    0.40
      Required ratio:    0.00 (Cumulative area) 

    Via: M1M2_PR
      Partial area ratio:    0.09
      Required ratio:    6.00 (Gate area) 
      Cumulative area ratio:    0.20
      Required ratio:    0.00 (Cumulative area) 

    Via: L1M1_PR_MR
      Partial area ratio:    0.11
      Required ratio:    3.00 (Gate area) 
      Cumulative area ratio:    0.11
      Required ratio:    0.00 (Cumulative area) 

  Pin: _2653_/S (sky130_fd_sc_hd__mux2_1)
    Layer: met2
      Partial area ratio:   21.57
      Required ratio:    0.00 (Gate area) 
      Partial area ratio:  108.82
      Required ratio: 3134.60 (Side area) 
      Cumulative area ratio:  101.72
      Required ratio:    0.00 (Cumulative area) 
      Cumulative area ratio:  516.98
      Required ratio:    0.00 (Cumulative side area) 

    Layer: met1
      Partial area ratio:    0.00
      Required ratio:    0.00 (Gate area) 
      Partial area ratio:    0.00
      Required ratio:  400.00 (Side area) 
      Cumulative area ratio:    0.00
      Required ratio:    0.00 (Cumulative area) 
      Cumulative area ratio:    0.00
      Required ratio:    0.00 (Cumulative side area) 

    Layer: li1
      Partial area ratio:    0.00
      Required ratio:    0.00 (Gate area) 
      Partial area ratio:    0.00
      Required ratio:   75.00 (Side area) 
      Cumulative area ratio:    0.00
      Required ratio:    0.00 (Cumulative area) 
      Cumulative area ratio:    0.00
      Required ratio:    0.00 (Cumulative side area) 

    Layer: met3
      Partial area ratio:    2.01
      Required ratio:    0.00 (Gate area) 
      Partial area ratio:   10.90
      Required ratio: 3134.60 (Side area) 
      Cumulative area ratio:  103.73
      Required ratio:    0.00 (Cumulative area) 
      Cumulative area ratio:  527.88
      Required ratio:    0.00 (Cumulative side area) 

    Via: M2M3_PR
      Partial area ratio:    0.02
      Required ratio:    6.00 (Gate area) 
      Cumulative area ratio:    0.40
      Required ratio:    0.00 (Cumulative area) 

    Via: M1M2_PR
      Partial area ratio:    0.09
      Required ratio:    6.00 (Gate area) 
      Cumulative area ratio:    0.20
      Required ratio:    0.00 (Cumulative area) 

    Via: L1M1_PR_MR
      Partial area ratio:    0.11
      Required ratio:    3.00 (Gate area) 
      Cumulative area ratio:    0.11
      Required ratio:    0.00 (Cumulative area) 

  Pin: _2662_/S (sky130_fd_sc_hd__mux2_1)
    Layer: met2
      Partial area ratio:   21.57
      Required ratio:    0.00 (Gate area) 
      Partial area ratio:  108.82
      Required ratio: 3134.60 (Side area) 
      Cumulative area ratio:  105.47
      Required ratio:    0.00 (Cumulative area) 
      Cumulative area ratio:  536.87
      Required ratio:    0.00 (Cumulative side area) 

    Layer: met1
      Partial area ratio:    3.74
      Required ratio:    0.00 (Gate area) 
      Partial area ratio:   19.89
      Required ratio:  400.00 (Side area) 
      Cumulative area ratio:    3.74
      Required ratio:    0.00 (Cumulative area) 
      Cumulative area ratio:   19.89
      Required ratio:    0.00 (Cumulative side area) 

    Layer: li1
      Partial area ratio:    0.00
      Required ratio:    0.00 (Gate area) 
      Partial area ratio:    0.00
      Required ratio:   75.00 (Side area) 
      Cumulative area ratio:    0.00
      Required ratio:    0.00 (Cumulative area) 
      Cumulative area ratio:    0.00
      Required ratio:    0.00 (Cumulative side area) 

    Layer: met3
      Partial area ratio:    2.01
      Required ratio:    0.00 (Gate area) 
      Partial area ratio:   10.90
      Required ratio: 3134.60 (Side area) 
      Cumulative area ratio:  107.48
      Required ratio:    0.00 (Cumulative area) 
      Cumulative area ratio:  547.77
      Required ratio:    0.00 (Cumulative side area) 

    Via: M2M3_PR
      Partial area ratio:    0.02
      Required ratio:    6.00 (Gate area) 
      Cumulative area ratio:    0.40
      Required ratio:    0.00 (Cumulative area) 

    Via: M1M2_PR
      Partial area ratio:    0.09
      Required ratio:    6.00 (Gate area) 
      Cumulative area ratio:    0.20
      Required ratio:    0.00 (Cumulative area) 

    Via: L1M1_PR_MR
      Partial area ratio:    0.11
      Required ratio:    3.00 (Gate area) 
      Cumulative area ratio:    0.11
      Required ratio:    0.00 (Cumulative area) 

  Pin: _2618_/S (sky130_fd_sc_hd__mux2_1)
    Layer: met2
      Partial area ratio:   21.57
      Required ratio:    0.00 (Gate area) 
      Partial area ratio:  108.82
      Required ratio: 3134.60 (Side area) 
      Cumulative area ratio:  101.72
      Required ratio:    0.00 (Cumulative area) 
      Cumulative area ratio:  516.98
      Required ratio:    0.00 (Cumulative side area) 

    Layer: met1
      Partial area ratio:    0.00
      Required ratio:    0.00 (Gate area) 
      Partial area ratio:    0.00
      Required ratio:  400.00 (Side area) 
      Cumulative area ratio:    0.00
      Required ratio:    0.00 (Cumulative area) 
      Cumulative area ratio:    0.00
      Required ratio:    0.00 (Cumulative side area) 

    Layer: li1
      Partial area ratio:    0.00
      Required ratio:    0.00 (Gate area) 
      Partial area ratio:    0.00
      Required ratio:   75.00 (Side area) 
      Cumulative area ratio:    0.00
      Required ratio:    0.00 (Cumulative area) 
      Cumulative area ratio:    0.00
      Required ratio:    0.00 (Cumulative side area) 

    Layer: met3
      Partial area ratio:    2.01
      Required ratio:    0.00 (Gate area) 
      Partial area ratio:   10.90
      Required ratio: 3134.60 (Side area) 
      Cumulative area ratio:  103.73
      Required ratio:    0.00 (Cumulative area) 
      Cumulative area ratio:  527.88
      Required ratio:    0.00 (Cumulative side area) 

    Via: M2M3_PR
      Partial area ratio:    0.02
      Required ratio:    6.00 (Gate area) 
      Cumulative area ratio:    0.40
      Required ratio:    0.00 (Cumulative area) 

    Via: M1M2_PR
      Partial area ratio:    0.09
      Required ratio:    6.00 (Gate area) 
      Cumulative area ratio:    0.20
      Required ratio:    0.00 (Cumulative area) 

    Via: L1M1_PR_MR
      Partial area ratio:    0.11
      Required ratio:    3.00 (Gate area) 
      Cumulative area ratio:    0.11
      Required ratio:    0.00 (Cumulative area) 

  Pin: _2736_/S (sky130_fd_sc_hd__mux2_1)
    Layer: met2
      Partial area ratio:   21.57
      Required ratio:    0.00 (Gate area) 
      Partial area ratio:  108.82
      Required ratio: 3134.60 (Side area) 
      Cumulative area ratio:   26.66
      Required ratio:    0.00 (Cumulative area) 
      Cumulative area ratio:  135.43
      Required ratio:    0.00 (Cumulative side area) 

    Layer: met1
      Partial area ratio:    3.48
      Required ratio:    0.00 (Gate area) 
      Partial area ratio:   18.17
      Required ratio:  400.00 (Side area) 
      Cumulative area ratio:    3.48
      Required ratio:    0.00 (Cumulative area) 
      Cumulative area ratio:   18.17
      Required ratio:    0.00 (Cumulative side area) 

    Layer: li1
      Partial area ratio:    0.00
      Required ratio:    0.00 (Gate area) 
      Partial area ratio:    0.00
      Required ratio:   75.00 (Side area) 
      Cumulative area ratio:    0.00
      Required ratio:    0.00 (Cumulative area) 
      Cumulative area ratio:    0.00
      Required ratio:    0.00 (Cumulative side area) 

    Layer: met3
      Partial area ratio:    2.01
      Required ratio:    0.00 (Gate area) 
      Partial area ratio:   10.90
      Required ratio: 3134.60 (Side area) 
      Cumulative area ratio:   28.66
      Required ratio:    0.00 (Cumulative area) 
      Cumulative area ratio:  146.32
      Required ratio:    0.00 (Cumulative side area) 

    Via: M2M3_PR
      Partial area ratio:    0.02
      Required ratio:    6.00 (Gate area) 
      Cumulative area ratio:    0.49
      Required ratio:    0.00 (Cumulative area) 

    Via: M1M2_PR
      Partial area ratio:    0.18
      Required ratio:    6.00 (Gate area) 
      Cumulative area ratio:    0.29
      Required ratio:    0.00 (Cumulative area) 

    Via: L1M1_PR_MR
      Partial area ratio:    0.11
      Required ratio:    3.00 (Gate area) 
      Cumulative area ratio:    0.11
      Required ratio:    0.00 (Cumulative area) 

  Pin: _2715_/S (sky130_fd_sc_hd__mux2_1)
    Layer: met3
      Partial area ratio:    2.01
      Required ratio:    0.00 (Gate area) 
      Partial area ratio:   10.90
      Required ratio: 3134.60 (Side area) 
      Cumulative area ratio:   22.73
      Required ratio:    0.00 (Cumulative area) 
      Cumulative area ratio:  116.63
      Required ratio:    0.00 (Cumulative side area) 

    Layer: met2
      Partial area ratio:    4.70
      Required ratio:    0.00 (Gate area) 
      Partial area ratio:   24.07
      Required ratio:  400.00 (Side area) 
      Cumulative area ratio:   20.72
      Required ratio:    0.00 (Cumulative area) 
      Cumulative area ratio:  105.74
      Required ratio:    0.00 (Cumulative side area) 

    Layer: met1
      Partial area ratio:    1.37
      Required ratio:    0.00 (Gate area) 
      Partial area ratio:    7.61
      Required ratio:  400.00 (Side area) 
      Cumulative area ratio:    1.37
      Required ratio:    0.00 (Cumulative area) 
      Cumulative area ratio:    7.61
      Required ratio:    0.00 (Cumulative side area) 

    Layer: li1
      Partial area ratio:    0.00
      Required ratio:    0.00 (Gate area) 
      Partial area ratio:    0.00
      Required ratio:   75.00 (Side area) 
      Cumulative area ratio:    0.00
      Required ratio:    0.00 (Cumulative area) 
      Cumulative area ratio:    0.00
      Required ratio:    0.00 (Cumulative side area) 

    Via: M2M3_PR
      Partial area ratio:    0.08
      Required ratio:    6.00 (Gate area) 
      Cumulative area ratio:    0.46
      Required ratio:    0.00 (Cumulative area) 

    Via: M1M2_PR
      Partial area ratio:    0.09
      Required ratio:    6.00 (Gate area) 
      Cumulative area ratio:    0.20
      Required ratio:    0.00 (Cumulative area) 

    Via: L1M1_PR_MR
      Partial area ratio:    0.11
      Required ratio:    3.00 (Gate area) 
      Cumulative area ratio:    0.11
      Required ratio:    0.00 (Cumulative area) 

  Pin: _2718_/S (sky130_fd_sc_hd__mux2_1)
    Layer: met3
      Partial area ratio:    2.01
      Required ratio:    0.00 (Gate area) 
      Partial area ratio:   10.90
      Required ratio: 3134.60 (Side area) 
      Cumulative area ratio:   21.36
      Required ratio:    0.00 (Cumulative area) 
      Cumulative area ratio:  109.02
      Required ratio:    0.00 (Cumulative side area) 

    Layer: met2
      Partial area ratio:    4.70
      Required ratio:    0.00 (Gate area) 
      Partial area ratio:   24.07
      Required ratio:  400.00 (Side area) 
      Cumulative area ratio:   19.35
      Required ratio:    0.00 (Cumulative area) 
      Cumulative area ratio:   98.12
      Required ratio:    0.00 (Cumulative side area) 

    Layer: met1
      Partial area ratio:   14.66
      Required ratio:    0.00 (Gate area) 
      Partial area ratio:   74.06
      Required ratio:  400.00 (Side area) 
      Cumulative area ratio:   14.66
      Required ratio:    0.00 (Cumulative area) 
      Cumulative area ratio:   74.06
      Required ratio:    0.00 (Cumulative side area) 

    Layer: li1
      Partial area ratio:    0.00
      Required ratio:    0.00 (Gate area) 
      Partial area ratio:    0.00
      Required ratio:   75.00 (Side area) 
      Cumulative area ratio:    0.00
      Required ratio:    0.00 (Cumulative area) 
      Cumulative area ratio:    0.00
      Required ratio:    0.00 (Cumulative side area) 

    Via: M2M3_PR
      Partial area ratio:    0.08
      Required ratio:    6.00 (Gate area) 
      Cumulative area ratio:    0.37
      Required ratio:    0.00 (Cumulative area) 

    Via: M1M2_PR
      Partial area ratio:    0.18
      Required ratio:    6.00 (Gate area) 
      Cumulative area ratio:    0.29
      Required ratio:    0.00 (Cumulative area) 

    Via: L1M1_PR_MR
      Partial area ratio:    0.11
      Required ratio:    3.00 (Gate area) 
      Cumulative area ratio:    0.11
      Required ratio:    0.00 (Cumulative area) 

  Pin: _2730_/S (sky130_fd_sc_hd__mux2_1)
    Layer: met2
      Partial area ratio:   21.57
      Required ratio:    0.00 (Gate area) 
      Partial area ratio:  108.82
      Required ratio: 3134.60 (Side area) 
      Cumulative area ratio:   23.18
      Required ratio:    0.00 (Cumulative area) 
      Cumulative area ratio:  117.26
      Required ratio:    0.00 (Cumulative side area) 

    Layer: met1
      Partial area ratio:    1.61
      Required ratio:    0.00 (Gate area) 
      Partial area ratio:    8.44
      Required ratio:  400.00 (Side area) 
      Cumulative area ratio:    1.61
      Required ratio:    0.00 (Cumulative area) 
      Cumulative area ratio:    8.44
      Required ratio:    0.00 (Cumulative side area) 

    Layer: met3
      Partial area ratio:    2.01
      Required ratio:    0.00 (Gate area) 
      Partial area ratio:   10.90
      Required ratio: 3134.60 (Side area) 
      Cumulative area ratio:   25.19
      Required ratio:    0.00 (Cumulative area) 
      Cumulative area ratio:  128.16
      Required ratio:    0.00 (Cumulative side area) 

    Layer: li1
      Partial area ratio:    0.00
      Required ratio:    0.00 (Gate area) 
      Partial area ratio:    0.00
      Required ratio:   75.00 (Side area) 
      Cumulative area ratio:    0.00
      Required ratio:    0.00 (Cumulative area) 
      Cumulative area ratio:    0.00
      Required ratio:    0.00 (Cumulative side area) 

    Via: M2M3_PR
      Partial area ratio:    0.02
      Required ratio:    6.00 (Gate area) 
      Cumulative area ratio:    0.31
      Required ratio:    0.00 (Cumulative area) 

    Via: M1M2_PR
      Partial area ratio:    0.18
      Required ratio:    6.00 (Gate area) 
      Cumulative area ratio:    0.29
      Required ratio:    0.00 (Cumulative area) 

    Via: L1M1_PR_MR
      Partial area ratio:    0.11
      Required ratio:    3.00 (Gate area) 
      Cumulative area ratio:    0.11
      Required ratio:    0.00 (Cumulative area) 


Net: _1190_
  Pin: _2723_/A2 (sky130_fd_sc_hd__a22o_1)
    Layer: met2
      Partial area ratio:   27.72
      Required ratio:    0.00 (Gate area) 
      Partial area ratio:  140.98
      Required ratio: 3236.16 (Side area) 
      Cumulative area ratio:   28.06
      Required ratio:    0.00 (Cumulative area) 
      Cumulative area ratio:  143.07
      Required ratio:    0.00 (Cumulative side area) 

    Layer: met1
      Partial area ratio:    0.34
      Required ratio:    0.00 (Gate area) 
      Partial area ratio:    2.09
      Required ratio:  400.00 (Side area) 
      Cumulative area ratio:    0.34
      Required ratio:    0.00 (Cumulative area) 
      Cumulative area ratio:    2.09
      Required ratio:    0.00 (Cumulative side area) 

    Layer: li1
      Partial area ratio:    0.00
      Required ratio:    0.00 (Gate area) 
      Partial area ratio:    0.00
      Required ratio:   75.00 (Side area) 
      Cumulative area ratio:    0.00
      Required ratio:    0.00 (Cumulative area) 
      Cumulative area ratio:    0.00
      Required ratio:    0.00 (Cumulative side area) 

    Layer: met3
      Partial area ratio:   15.72
      Required ratio:    0.00 (Gate area) 
      Partial area ratio:   84.83
      Required ratio: 3236.16 (Side area) 
      Cumulative area ratio:   43.78
      Required ratio:    0.00 (Cumulative area) 
      Cumulative area ratio:  227.90
      Required ratio:    0.00 (Cumulative side area) 

    Layer: met4
      Partial area ratio:   16.30
      Required ratio:    0.00 (Gate area) 
      Partial area ratio:   87.71
      Required ratio: 3236.16 (Side area) 
      Cumulative area ratio:   44.36
      Required ratio:    0.00 (Cumulative area) 
      Cumulative area ratio:  230.78
      Required ratio:    0.00 (Cumulative side area) 

    Via: M2M3_PR
      Partial area ratio:    0.16
      Required ratio:    6.00 (Gate area) 
      Cumulative area ratio:    0.37
      Required ratio:    0.00 (Cumulative area) 

    Via: M1M2_PR
      Partial area ratio:    0.09
      Required ratio:    6.00 (Gate area) 
      Cumulative area ratio:    0.21
      Required ratio:    0.00 (Cumulative area) 

    Via: L1M1_PR_MR
      Partial area ratio:    0.12
      Required ratio:    3.00 (Gate area) 
      Cumulative area ratio:    0.12
      Required ratio:    0.00 (Cumulative area) 

    Via: M3M4_PR
      Partial area ratio:    0.04
      Required ratio:    6.00 (Gate area) 
      Cumulative area ratio:    0.41
      Required ratio:    0.00 (Cumulative area) 

  Pin: _2720_/A2 (sky130_fd_sc_hd__a22o_1)
    Layer: met3
      Partial area ratio:   15.72
      Required ratio:    0.00 (Gate area) 
      Partial area ratio:   84.83
      Required ratio: 3236.16 (Side area) 
      Cumulative area ratio:   23.94
      Required ratio:    0.00 (Cumulative area) 
      Cumulative area ratio:  126.89
      Required ratio:    0.00 (Cumulative side area) 

    Layer: met2
      Partial area ratio:    8.21
      Required ratio:    0.00 (Gate area) 
      Partial area ratio:   42.06
      Required ratio:  400.00 (Side area) 
      Cumulative area ratio:    8.21
      Required ratio:    0.00 (Cumulative area) 
      Cumulative area ratio:   42.06
      Required ratio:    0.00 (Cumulative side area) 

    Layer: met1
      Partial area ratio:    0.00
      Required ratio:    0.00 (Gate area) 
      Partial area ratio:    0.00
      Required ratio:  400.00 (Side area) 
      Cumulative area ratio:    0.00
      Required ratio:    0.00 (Cumulative area) 
      Cumulative area ratio:    0.00
      Required ratio:    0.00 (Cumulative side area) 

    Layer: li1
      Partial area ratio:    0.00
      Required ratio:    0.00 (Gate area) 
      Partial area ratio:    0.00
      Required ratio:   75.00 (Side area) 
      Cumulative area ratio:    0.00
      Required ratio:    0.00 (Cumulative area) 
      Cumulative area ratio:    0.00
      Required ratio:    0.00 (Cumulative side area) 

    Via: M2M3_PR
      Partial area ratio:    0.08
      Required ratio:    6.00 (Gate area) 
      Cumulative area ratio:    0.29
      Required ratio:    0.00 (Cumulative area) 

    Via: M1M2_PR
      Partial area ratio:    0.09
      Required ratio:    6.00 (Gate area) 
      Cumulative area ratio:    0.21
      Required ratio:    0.00 (Cumulative area) 

    Via: L1M1_PR_MR
      Partial area ratio:    0.12
      Required ratio:    3.00 (Gate area) 
      Cumulative area ratio:    0.12
      Required ratio:    0.00 (Cumulative area) 

  Pin: _2707_/A2 (sky130_fd_sc_hd__a22o_1)
    Layer: met3
      Partial area ratio:   15.72
      Required ratio:    0.00 (Gate area) 
      Partial area ratio:   84.83
      Required ratio: 3236.16 (Side area) 
      Cumulative area ratio:   25.26
      Required ratio:    0.00 (Cumulative area) 
      Cumulative area ratio:  134.30
      Required ratio:    0.00 (Cumulative side area) 

    Layer: met2
      Partial area ratio:    8.21
      Required ratio:    0.00 (Gate area) 
      Partial area ratio:   42.06
      Required ratio:  400.00 (Side area) 
      Cumulative area ratio:    9.54
      Required ratio:    0.00 (Cumulative area) 
      Cumulative area ratio:   49.47
      Required ratio:    0.00 (Cumulative side area) 

    Layer: met1
      Partial area ratio:    1.32
      Required ratio:    0.00 (Gate area) 
      Partial area ratio:    7.41
      Required ratio:  400.00 (Side area) 
      Cumulative area ratio:    1.32
      Required ratio:    0.00 (Cumulative area) 
      Cumulative area ratio:    7.41
      Required ratio:    0.00 (Cumulative side area) 

    Layer: li1
      Partial area ratio:    0.00
      Required ratio:    0.00 (Gate area) 
      Partial area ratio:    0.00
      Required ratio:   75.00 (Side area) 
      Cumulative area ratio:    0.00
      Required ratio:    0.00 (Cumulative area) 
      Cumulative area ratio:    0.00
      Required ratio:    0.00 (Cumulative side area) 

    Via: M2M3_PR
      Partial area ratio:    0.08
      Required ratio:    6.00 (Gate area) 
      Cumulative area ratio:    0.29
      Required ratio:    0.00 (Cumulative area) 

    Via: M1M2_PR
      Partial area ratio:    0.09
      Required ratio:    6.00 (Gate area) 
      Cumulative area ratio:    0.21
      Required ratio:    0.00 (Cumulative area) 

    Via: L1M1_PR_MR
      Partial area ratio:    0.12
      Required ratio:    3.00 (Gate area) 
      Cumulative area ratio:    0.12
      Required ratio:    0.00 (Cumulative area) 

  Pin: _2726_/A2 (sky130_fd_sc_hd__a22o_1)
    Layer: met2
      Partial area ratio:   27.72
      Required ratio:    0.00 (Gate area) 
      Partial area ratio:  140.98
      Required ratio: 3236.16 (Side area) 
      Cumulative area ratio:   35.97
      Required ratio:    0.00 (Cumulative area) 
      Cumulative area ratio:  183.80
      Required ratio:    0.00 (Cumulative side area) 

    Layer: met3
      Partial area ratio:   15.72
      Required ratio:    0.00 (Gate area) 
      Partial area ratio:   84.83
      Required ratio: 3236.16 (Side area) 
      Cumulative area ratio:   51.69
      Required ratio:    0.00 (Cumulative area) 
      Cumulative area ratio:  268.63
      Required ratio:    0.00 (Cumulative side area) 

    Layer: met1
      Partial area ratio:    8.25
      Required ratio:    0.00 (Gate area) 
      Partial area ratio:   42.82
      Required ratio:  400.00 (Side area) 
      Cumulative area ratio:    8.25
      Required ratio:    0.00 (Cumulative area) 
      Cumulative area ratio:   42.82
      Required ratio:    0.00 (Cumulative side area) 

    Layer: li1
      Partial area ratio:    0.00
      Required ratio:    0.00 (Gate area) 
      Partial area ratio:    0.00
      Required ratio:   75.00 (Side area) 
      Cumulative area ratio:    0.00
      Required ratio:    0.00 (Cumulative area) 
      Cumulative area ratio:    0.00
      Required ratio:    0.00 (Cumulative side area) 

    Layer: met4
      Partial area ratio:   16.30
      Required ratio:    0.00 (Gate area) 
      Partial area ratio:   87.71
      Required ratio: 3236.16 (Side area) 
      Cumulative area ratio:   52.27
      Required ratio:    0.00 (Cumulative area) 
      Cumulative area ratio:  271.51
      Required ratio:    0.00 (Cumulative side area) 

    Via: M2M3_PR
      Partial area ratio:    0.16
      Required ratio:    6.00 (Gate area) 
      Cumulative area ratio:    0.37
      Required ratio:    0.00 (Cumulative area) 

    Via: M1M2_PR
      Partial area ratio:    0.09
      Required ratio:    6.00 (Gate area) 
      Cumulative area ratio:    0.21
      Required ratio:    0.00 (Cumulative area) 

    Via: L1M1_PR_MR
      Partial area ratio:    0.12
      Required ratio:    3.00 (Gate area) 
      Cumulative area ratio:    0.12
      Required ratio:    0.00 (Cumulative area) 

    Via: M3M4_PR
      Partial area ratio:    0.04
      Required ratio:    6.00 (Gate area) 
      Cumulative area ratio:    0.41
      Required ratio:    0.00 (Cumulative area) 

  Pin: _2596_/A2 (sky130_fd_sc_hd__a22o_1)
    Layer: met4
      Partial area ratio:   16.30
      Required ratio:    0.00 (Gate area) 
      Partial area ratio:   87.71
      Required ratio: 3236.16 (Side area) 
      Cumulative area ratio:  161.42
      Required ratio:    0.00 (Cumulative area) 
      Cumulative area ratio:  867.05
      Required ratio:    0.00 (Cumulative side area) 

    Layer: met3
      Partial area ratio:    3.15
      Required ratio:    0.00 (Gate area) 
      Partial area ratio:   18.75
      Required ratio:  400.00 (Side area) 
      Cumulative area ratio:    7.13
      Required ratio:    0.00 (Cumulative area) 
      Cumulative area ratio:   40.04
      Required ratio:    0.00 (Cumulative side area) 

    Layer: met2
      Partial area ratio:    2.60
      Required ratio:    0.00 (Gate area) 
      Partial area ratio:   14.00
      Required ratio:  400.00 (Side area) 
      Cumulative area ratio:    3.98
      Required ratio:    0.00 (Cumulative area) 
      Cumulative area ratio:   21.30
      Required ratio:    0.00 (Cumulative side area) 

    Layer: met1
      Partial area ratio:    1.38
      Required ratio:    0.00 (Gate area) 
      Partial area ratio:    7.30
      Required ratio:  400.00 (Side area) 
      Cumulative area ratio:    1.38
      Required ratio:    0.00 (Cumulative area) 
      Cumulative area ratio:    7.30
      Required ratio:    0.00 (Cumulative side area) 

    Layer: li1
      Partial area ratio:    0.00
      Required ratio:    0.00 (Gate area) 
      Partial area ratio:    0.00
      Required ratio:   75.00 (Side area) 
      Cumulative area ratio:    0.00
      Required ratio:    0.00 (Cumulative area) 
      Cumulative area ratio:    0.00
      Required ratio:    0.00 (Cumulative side area) 

    Via: M3M4_PR
      Partial area ratio:    0.16
      Required ratio:    6.00 (Gate area) 
      Cumulative area ratio:    0.53
      Required ratio:    0.00 (Cumulative area) 

    Via: M2M3_PR
      Partial area ratio:    0.16
      Required ratio:    6.00 (Gate area) 
      Cumulative area ratio:    0.37
      Required ratio:    0.00 (Cumulative area) 

    Via: M1M2_PR
      Partial area ratio:    0.09
      Required ratio:    6.00 (Gate area) 
      Cumulative area ratio:    0.21
      Required ratio:    0.00 (Cumulative area) 

    Via: L1M1_PR_MR
      Partial area ratio:    0.12
      Required ratio:    3.00 (Gate area) 
      Cumulative area ratio:    0.12
      Required ratio:    0.00 (Cumulative area) 

  Pin: _2600_/A2 (sky130_fd_sc_hd__a22o_1)
    Layer: met4
      Partial area ratio:   16.30
      Required ratio:    0.00 (Gate area) 
      Partial area ratio:   87.71
      Required ratio: 3236.16 (Side area) 
      Cumulative area ratio:  160.04
      Required ratio:    0.00 (Cumulative area) 
      Cumulative area ratio:  859.75
      Required ratio:    0.00 (Cumulative side area) 

    Layer: met3
      Partial area ratio:    3.15
      Required ratio:    0.00 (Gate area) 
      Partial area ratio:   18.75
      Required ratio:  400.00 (Side area) 
      Cumulative area ratio:    5.75
      Required ratio:    0.00 (Cumulative area) 
      Cumulative area ratio:   32.75
      Required ratio:    0.00 (Cumulative side area) 

    Layer: met2
      Partial area ratio:    2.60
      Required ratio:    0.00 (Gate area) 
      Partial area ratio:   14.00
      Required ratio:  400.00 (Side area) 
      Cumulative area ratio:    2.60
      Required ratio:    0.00 (Cumulative area) 
      Cumulative area ratio:   14.00
      Required ratio:    0.00 (Cumulative side area) 

    Layer: met1
      Partial area ratio:    0.00
      Required ratio:    0.00 (Gate area) 
      Partial area ratio:    0.00
      Required ratio:  400.00 (Side area) 
      Cumulative area ratio:    0.00
      Required ratio:    0.00 (Cumulative area) 
      Cumulative area ratio:    0.00
      Required ratio:    0.00 (Cumulative side area) 

    Layer: li1
      Partial area ratio:    0.00
      Required ratio:    0.00 (Gate area) 
      Partial area ratio:    0.00
      Required ratio:   75.00 (Side area) 
      Cumulative area ratio:    0.00
      Required ratio:    0.00 (Cumulative area) 
      Cumulative area ratio:    0.00
      Required ratio:    0.00 (Cumulative side area) 

    Via: M3M4_PR
      Partial area ratio:    0.16
      Required ratio:    6.00 (Gate area) 
      Cumulative area ratio:    0.53
      Required ratio:    0.00 (Cumulative area) 

    Via: M2M3_PR
      Partial area ratio:    0.16
      Required ratio:    6.00 (Gate area) 
      Cumulative area ratio:    0.37
      Required ratio:    0.00 (Cumulative area) 

    Via: M1M2_PR
      Partial area ratio:    0.09
      Required ratio:    6.00 (Gate area) 
      Cumulative area ratio:    0.21
      Required ratio:    0.00 (Cumulative area) 

    Via: L1M1_PR_MR
      Partial area ratio:    0.12
      Required ratio:    3.00 (Gate area) 
      Cumulative area ratio:    0.12
      Required ratio:    0.00 (Cumulative area) 

  Pin: _2627_/A2 (sky130_fd_sc_hd__a22o_1)
    Layer: met4
      Partial area ratio:   16.30
      Required ratio:    0.00 (Gate area) 
      Partial area ratio:   87.71
      Required ratio: 3236.16 (Side area) 
      Cumulative area ratio:  165.15
      Required ratio:    0.00 (Cumulative area) 
      Cumulative area ratio:  889.02
      Required ratio:    0.00 (Cumulative side area) 

    Layer: met3
      Partial area ratio:    1.76
      Required ratio:    0.00 (Gate area) 
      Partial area ratio:   11.31
      Required ratio:  400.00 (Side area) 
      Cumulative area ratio:    5.11
      Required ratio:    0.00 (Cumulative area) 
      Cumulative area ratio:   29.27
      Required ratio:    0.00 (Cumulative side area) 

    Layer: met2
      Partial area ratio:    2.48
      Required ratio:    0.00 (Gate area) 
      Partial area ratio:   12.81
      Required ratio:  400.00 (Side area) 
      Cumulative area ratio:    3.35
      Required ratio:    0.00 (Cumulative area) 
      Cumulative area ratio:   17.96
      Required ratio:    0.00 (Cumulative side area) 

    Layer: met1
      Partial area ratio:    0.87
      Required ratio:    0.00 (Gate area) 
      Partial area ratio:    5.15
      Required ratio:  400.00 (Side area) 
      Cumulative area ratio:    0.87
      Required ratio:    0.00 (Cumulative area) 
      Cumulative area ratio:    5.15
      Required ratio:    0.00 (Cumulative side area) 

    Layer: li1
      Partial area ratio:    0.00
      Required ratio:    0.00 (Gate area) 
      Partial area ratio:    0.00
      Required ratio:   75.00 (Side area) 
      Cumulative area ratio:    0.00
      Required ratio:    0.00 (Cumulative area) 
      Cumulative area ratio:    0.00
      Required ratio:    0.00 (Cumulative side area) 

    Via: M3M4_PR
      Partial area ratio:    0.16
      Required ratio:    6.00 (Gate area) 
      Cumulative area ratio:    0.53
      Required ratio:    0.00 (Cumulative area) 

    Via: M2M3_PR
      Partial area ratio:    0.16
      Required ratio:    6.00 (Gate area) 
      Cumulative area ratio:    0.37
      Required ratio:    0.00 (Cumulative area) 

    Via: M1M2_PR
      Partial area ratio:    0.09
      Required ratio:    6.00 (Gate area) 
      Cumulative area ratio:    0.21
      Required ratio:    0.00 (Cumulative area) 

    Via: L1M1_PR_MR
      Partial area ratio:    0.12
      Required ratio:    3.00 (Gate area) 
      Cumulative area ratio:    0.12
      Required ratio:    0.00 (Cumulative area) 

  Pin: _2649_/A2 (sky130_fd_sc_hd__a22o_1)
    Layer: met4
      Partial area ratio:   16.30
      Required ratio:    0.00 (Gate area) 
      Partial area ratio:   87.71
      Required ratio: 3236.16 (Side area) 
      Cumulative area ratio:  172.43
      Required ratio:    0.00 (Cumulative area) 
      Cumulative area ratio:  924.71
      Required ratio:    0.00 (Cumulative side area) 

    Layer: met3
      Partial area ratio:    2.55
      Required ratio:    0.00 (Gate area) 
      Partial area ratio:   14.58
      Required ratio:  400.00 (Side area) 
      Cumulative area ratio:   12.39
      Required ratio:    0.00 (Cumulative area) 
      Cumulative area ratio:   64.96
      Required ratio:    0.00 (Cumulative side area) 

    Layer: met2
      Partial area ratio:    7.15
      Required ratio:    0.00 (Gate area) 
      Partial area ratio:   36.13
      Required ratio:  400.00 (Side area) 
      Cumulative area ratio:    9.84
      Required ratio:    0.00 (Cumulative area) 
      Cumulative area ratio:   50.39
      Required ratio:    0.00 (Cumulative side area) 

    Layer: met1
      Partial area ratio:    2.69
      Required ratio:    0.00 (Gate area) 
      Partial area ratio:   14.25
      Required ratio:  400.00 (Side area) 
      Cumulative area ratio:    2.69
      Required ratio:    0.00 (Cumulative area) 
      Cumulative area ratio:   14.25
      Required ratio:    0.00 (Cumulative side area) 

    Layer: li1
      Partial area ratio:    0.00
      Required ratio:    0.00 (Gate area) 
      Partial area ratio:    0.00
      Required ratio:   75.00 (Side area) 
      Cumulative area ratio:    0.00
      Required ratio:    0.00 (Cumulative area) 
      Cumulative area ratio:    0.00
      Required ratio:    0.00 (Cumulative side area) 

    Via: M3M4_PR
      Partial area ratio:    0.08
      Required ratio:    6.00 (Gate area) 
      Cumulative area ratio:    0.37
      Required ratio:    0.00 (Cumulative area) 

    Via: M2M3_PR
      Partial area ratio:    0.08
      Required ratio:    6.00 (Gate area) 
      Cumulative area ratio:    0.29
      Required ratio:    0.00 (Cumulative area) 

    Via: M1M2_PR
      Partial area ratio:    0.09
      Required ratio:    6.00 (Gate area) 
      Cumulative area ratio:    0.21
      Required ratio:    0.00 (Cumulative area) 

    Via: L1M1_PR_MR
      Partial area ratio:    0.12
      Required ratio:    3.00 (Gate area) 
      Cumulative area ratio:    0.12
      Required ratio:    0.00 (Cumulative area) 

  Pin: _2664_/A2 (sky130_fd_sc_hd__a22o_1)
    Layer: met4
      Partial area ratio:   16.30
      Required ratio:    0.00 (Gate area) 
      Partial area ratio:   87.71
      Required ratio: 3236.16 (Side area) 
      Cumulative area ratio:  169.74
      Required ratio:    0.00 (Cumulative area) 
      Cumulative area ratio:  910.46
      Required ratio:    0.00 (Cumulative side area) 

    Layer: met3
      Partial area ratio:    2.55
      Required ratio:    0.00 (Gate area) 
      Partial area ratio:   14.58
      Required ratio:  400.00 (Side area) 
      Cumulative area ratio:    9.70
      Required ratio:    0.00 (Cumulative area) 
      Cumulative area ratio:   50.71
      Required ratio:    0.00 (Cumulative side area) 

    Layer: met2
      Partial area ratio:    7.15
      Required ratio:    0.00 (Gate area) 
      Partial area ratio:   36.13
      Required ratio:  400.00 (Side area) 
      Cumulative area ratio:    7.15
      Required ratio:    0.00 (Cumulative area) 
      Cumulative area ratio:   36.13
      Required ratio:    0.00 (Cumulative side area) 

    Layer: met1
      Partial area ratio:    0.00
      Required ratio:    0.00 (Gate area) 
      Partial area ratio:    0.00
      Required ratio:  400.00 (Side area) 
      Cumulative area ratio:    0.00
      Required ratio:    0.00 (Cumulative area) 
      Cumulative area ratio:    0.00
      Required ratio:    0.00 (Cumulative side area) 

    Layer: li1
      Partial area ratio:    0.00
      Required ratio:    0.00 (Gate area) 
      Partial area ratio:    0.00
      Required ratio:   75.00 (Side area) 
      Cumulative area ratio:    0.00
      Required ratio:    0.00 (Cumulative area) 
      Cumulative area ratio:    0.00
      Required ratio:    0.00 (Cumulative side area) 

    Via: M3M4_PR
      Partial area ratio:    0.08
      Required ratio:    6.00 (Gate area) 
      Cumulative area ratio:    0.37
      Required ratio:    0.00 (Cumulative area) 

    Via: M2M3_PR
      Partial area ratio:    0.08
      Required ratio:    6.00 (Gate area) 
      Cumulative area ratio:    0.29
      Required ratio:    0.00 (Cumulative area) 

    Via: M1M2_PR
      Partial area ratio:    0.09
      Required ratio:    6.00 (Gate area) 
      Cumulative area ratio:    0.21
      Required ratio:    0.00 (Cumulative area) 

    Via: L1M1_PR_MR
      Partial area ratio:    0.12
      Required ratio:    3.00 (Gate area) 
      Cumulative area ratio:    0.12
      Required ratio:    0.00 (Cumulative area) 

  Pin: _2591_/A2 (sky130_fd_sc_hd__a22o_1)
    Layer: met4
      Partial area ratio:   16.30
      Required ratio:    0.00 (Gate area) 
      Partial area ratio:   87.71
      Required ratio: 3236.16 (Side area) 
      Cumulative area ratio:  154.29
      Required ratio:    0.00 (Cumulative area) 
      Cumulative area ratio:  827.00
      Required ratio:    0.00 (Cumulative side area) 

    Layer: met3
      Partial area ratio:  132.87
      Required ratio:    0.00 (Gate area) 
      Partial area ratio:  712.53
      Required ratio:  400.00 (Side area) (VIOLATED)
      Cumulative area ratio:  137.99
      Required ratio:    0.00 (Cumulative area) 
      Cumulative area ratio:  739.29
      Required ratio:    0.00 (Cumulative side area) 

    Layer: met2
      Partial area ratio:    5.11
      Required ratio:    0.00 (Gate area) 
      Partial area ratio:   26.76
      Required ratio:  400.00 (Side area) 
      Cumulative area ratio:    5.11
      Required ratio:    0.00 (Cumulative area) 
      Cumulative area ratio:   26.76
      Required ratio:    0.00 (Cumulative side area) 

    Layer: met1
      Partial area ratio:    0.00
      Required ratio:    0.00 (Gate area) 
      Partial area ratio:    0.00
      Required ratio:  400.00 (Side area) 
      Cumulative area ratio:    0.00
      Required ratio:    0.00 (Cumulative area) 
      Cumulative area ratio:    0.00
      Required ratio:    0.00 (Cumulative side area) 

    Layer: li1
      Partial area ratio:    0.00
      Required ratio:    0.00 (Gate area) 
      Partial area ratio:    0.00
      Required ratio:   75.00 (Side area) 
      Cumulative area ratio:    0.00
      Required ratio:    0.00 (Cumulative area) 
      Cumulative area ratio:    0.00
      Required ratio:    0.00 (Cumulative side area) 

    Via: M3M4_PR
      Partial area ratio:    0.32
      Required ratio:    6.00 (Gate area) 
      Cumulative area ratio:    0.85
      Required ratio:    0.00 (Cumulative area) 

    Via: M2M3_PR
      Partial area ratio:    0.32
      Required ratio:    6.00 (Gate area) 
      Cumulative area ratio:    0.53
      Required ratio:    0.00 (Cumulative area) 

    Via: M1M2_PR
      Partial area ratio:    0.09
      Required ratio:    6.00 (Gate area) 
      Cumulative area ratio:    0.21
      Required ratio:    0.00 (Cumulative area) 

    Via: L1M1_PR_MR
      Partial area ratio:    0.12
      Required ratio:    3.00 (Gate area) 
      Cumulative area ratio:    0.12
      Required ratio:    0.00 (Cumulative area) 


[INFO ANT-0002] Found 3 net violations.
[INFO ANT-0001] Found 3 pin violations.
