OpenROAD 75f2f325b7a42e56a92404f33af8e96530d9b202 
This program is licensed under the BSD-3 license. See the LICENSE file for details.
Components of this program may be licensed under more restrictive licenses which must be honored.
[INFO]: Reading ODB at '/openlane/designs/dff_ram/runs/first_turn/results/floorplan/dff_ram_4x72.odb'…
define_corners Typical
read_liberty -corner Typical /home/arham/.volare/sky130A/libs.ref/sky130_fd_sc_hd/lib/sky130_fd_sc_hd__tt_025C_1v80.lib
Using 1e-12 for capacitance...
Using 1e+03 for resistance...
Using 1e-09 for time...
Using 1e+00 for voltage...
Using 1e-03 for current...
Using 1e-09 for power...
Using 1e-06 for distance...
Reading design constraints file at '/openlane/scripts/base.sdc'…
[INFO]: Setting output delay to: 2.0
[INFO]: Setting input delay to: 2.0
[INFO]: Setting load to: 0.033442
[INFO]: Setting clock uncertainty to: 0.25
[INFO]: Setting clock transition to: 0.15
[INFO]: Setting timing derate to: 5.0 %
[INFO]: Setting RC values...
[INFO]: Setting signal min routing layer to: met1 and clock min routing layer to met1. 
[INFO]: Setting signal max routing layer to: met5 and clock max routing layer to met5. 
[WARNING GPL-0150] -skip_io will disable timing driven mode.
[WARNING GPL-0151] -skip_io will disable routability driven mode.
[INFO GPL-0002] DBU: 1000
[INFO GPL-0003] SiteSize: 460 2720
[INFO GPL-0004] CoreAreaLxLy: 5520 10880
[INFO GPL-0005] CoreAreaUxUy: 177100 182240
[INFO GPL-0006] NumInstances: 1802
[INFO GPL-0007] NumPlaceInstances: 1254
[INFO GPL-0008] NumFixedInstances: 548
[INFO GPL-0009] NumDummyInstances: 0
[INFO GPL-0010] NumNets: 1331
[INFO GPL-0011] NumPins: 4161
[INFO GPL-0012] DieAreaLxLy: 0 0
[INFO GPL-0013] DieAreaUxUy: 182915 193635
[INFO GPL-0014] CoreAreaLxLy: 5520 10880
[INFO GPL-0015] CoreAreaUxUy: 177100 182240
[INFO GPL-0016] CoreArea: 29401948800
[INFO GPL-0017] NonPlaceInstsArea: 1000960000
[INFO GPL-0018] PlaceInstsArea: 14770416000
[INFO GPL-0019] Util(%): 52.01
[INFO GPL-0020] StdInstsArea: 14770416000
[INFO GPL-0021] MacroInstsArea: 0
[INFO GPL-0031] FillerInit: NumGCells: 1448
[INFO GPL-0032] FillerInit: NumGNets: 1331
[INFO GPL-0033] FillerInit: NumGPins: 4161
[INFO GPL-0023] TargetDensity: 0.60
[INFO GPL-0024] AveragePlaceInstArea: 11778641
[INFO GPL-0025] IdealBinArea: 19631068
[INFO GPL-0026] IdealBinCnt: 1497
[INFO GPL-0027] TotalBinArea: 29401948800
[INFO GPL-0028] BinCnt: 32 32
[INFO GPL-0029] BinSize: 5362 5355
[INFO GPL-0030] NumBins: 1024
[NesterovSolve] Iter: 1 overflow: 0.99522 HPWL: 3157629
[NesterovSolve] Iter: 10 overflow: 0.99066 HPWL: 2093342
[NesterovSolve] Iter: 20 overflow: 0.99066 HPWL: 2087803
[NesterovSolve] Iter: 30 overflow: 0.99066 HPWL: 2087780
[NesterovSolve] Iter: 40 overflow: 0.99066 HPWL: 2087530
[NesterovSolve] Iter: 50 overflow: 0.99066 HPWL: 2087460
[NesterovSolve] Iter: 60 overflow: 0.99066 HPWL: 2087589
[NesterovSolve] Iter: 70 overflow: 0.99066 HPWL: 2088223
[NesterovSolve] Iter: 80 overflow: 0.99066 HPWL: 2089163
[NesterovSolve] Iter: 90 overflow: 0.99066 HPWL: 2091108
[NesterovSolve] Iter: 100 overflow: 0.99066 HPWL: 2095788
[NesterovSolve] Iter: 110 overflow: 0.99066 HPWL: 2108620
[NesterovSolve] Iter: 120 overflow: 0.99066 HPWL: 2148613
[NesterovSolve] Iter: 130 overflow: 0.9901 HPWL: 2275315
[NesterovSolve] Iter: 140 overflow: 0.981179 HPWL: 2843513
[NesterovSolve] Iter: 150 overflow: 0.950658 HPWL: 4160045
[NesterovSolve] Iter: 160 overflow: 0.935709 HPWL: 4751684
[NesterovSolve] Iter: 170 overflow: 0.927636 HPWL: 4957771
[NesterovSolve] Iter: 180 overflow: 0.897691 HPWL: 5933026
[NesterovSolve] Iter: 190 overflow: 0.869899 HPWL: 6707547
[NesterovSolve] Iter: 200 overflow: 0.842735 HPWL: 7469767
[NesterovSolve] Iter: 210 overflow: 0.80213 HPWL: 8414820
[NesterovSolve] Iter: 220 overflow: 0.764584 HPWL: 9173758
[NesterovSolve] Iter: 230 overflow: 0.719467 HPWL: 10039681
[NesterovSolve] Iter: 240 overflow: 0.678432 HPWL: 10871039
[NesterovSolve] Iter: 250 overflow: 0.625907 HPWL: 11614600
[NesterovSolve] Iter: 260 overflow: 0.581813 HPWL: 12338642
[NesterovSolve] Iter: 270 overflow: 0.535562 HPWL: 12875892
[NesterovSolve] Iter: 280 overflow: 0.489278 HPWL: 13222224
[NesterovSolve] Iter: 290 overflow: 0.453444 HPWL: 13454016
[NesterovSolve] Iter: 300 overflow: 0.417661 HPWL: 13665789
[NesterovSolve] Iter: 310 overflow: 0.379314 HPWL: 13813157
[NesterovSolve] Iter: 320 overflow: 0.343891 HPWL: 13971770
[NesterovSolve] Iter: 330 overflow: 0.317557 HPWL: 14129277
[NesterovSolve] Iter: 340 overflow: 0.28284 HPWL: 14297363
[NesterovSolve] Iter: 350 overflow: 0.253229 HPWL: 14438224
[NesterovSolve] Iter: 360 overflow: 0.219256 HPWL: 14598623
[NesterovSolve] Iter: 370 overflow: 0.184765 HPWL: 14717330
[NesterovSolve] Iter: 380 overflow: 0.157307 HPWL: 14887801
[NesterovSolve] Iter: 390 overflow: 0.128055 HPWL: 15008415
[NesterovSolve] Iter: 400 overflow: 0.105358 HPWL: 15141107
[NesterovSolve] Finished with Overflow: 0.098424
Setting global connections for newly added cells…
Writing OpenROAD database to '/openlane/designs/dff_ram/runs/first_turn/tmp/placement/7-global_skip_io.odb'…
Writing netlist to '/openlane/designs/dff_ram/runs/first_turn/tmp/placement/7-global_skip_io.nl.v'…
Writing powered netlist to '/openlane/designs/dff_ram/runs/first_turn/tmp/placement/7-global_skip_io.pnl.v'…
Writing layout to '/openlane/designs/dff_ram/runs/first_turn/tmp/placement/7-global_skip_io.def'…
